

================================================================
== Vitis HLS Report for 'KeccakF1600_StatePermute'
================================================================
* Date:           Wed Aug  6 15:28:51 2025

* Version:        2024.2 (Build 5238294 on Nov  8 2024)
* Project:        sha3_hls_solution
* Solution:       hls (Vivado IP Flow Target)
* Product family: zynq
* Target device:  xc7z020-clg400-1


================================================================
== Performance Estimates
================================================================
+ Timing: 
    * Summary: 
    +--------+----------+----------+------------+
    |  Clock |  Target  | Estimated| Uncertainty|
    +--------+----------+----------+------------+
    |ap_clk  |  10.00 ns|  7.214 ns|     2.70 ns|
    +--------+----------+----------+------------+

+ Latency: 
    * Summary: 
    +---------+---------+----------+----------+-----+-----+---------+
    |  Latency (cycles) |  Latency (absolute) |  Interval | Pipeline|
    |   min   |   max   |    min   |    max   | min | max |   Type  |
    +---------+---------+----------+----------+-----+-----+---------+
    |       42|       42|  0.420 us|  0.420 us|   42|   42|       no|
    +---------+---------+----------+----------+-----+-----+---------+

    + Detail: 
        * Instance: 
        +------------------------------------------------------------+-------------------------------------------------+---------+---------+----------+----------+-----+-----+------------------------------------------------+
        |                                                            |                                                 |  Latency (cycles) |  Latency (absolute) |  Interval |                    Pipeline                    |
        |                          Instance                          |                      Module                     |   min   |   max   |    min   |    max   | min | max |                      Type                      |
        +------------------------------------------------------------+-------------------------------------------------+---------+---------+----------+----------+-----+-----+------------------------------------------------+
        |grp_KeccakF1600_StatePermute_Pipeline_state_permute_fu_390  |KeccakF1600_StatePermute_Pipeline_state_permute  |       15|       15|  0.150 us|  0.150 us|   13|   13|  loop auto-rewind stp (delay=0 clock cycles(s))|
        +------------------------------------------------------------+-------------------------------------------------+---------+---------+----------+----------+-----+-----+------------------------------------------------+

        * Loop: 
        N/A



================================================================
== Utilization Estimates
================================================================
* Summary: 
+-----------------+---------+-----+--------+-------+-----+
|       Name      | BRAM_18K| DSP |   FF   |  LUT  | URAM|
+-----------------+---------+-----+--------+-------+-----+
|DSP              |        -|    -|       -|      -|    -|
|Expression       |        -|    -|       -|      -|    -|
|FIFO             |        -|    -|       -|      -|    -|
|Instance         |        2|    -|    3275|  16642|    -|
|Memory           |        -|    -|       -|      -|    -|
|Multiplexer      |        -|    -|       0|    494|    -|
|Register         |        -|    -|    1629|      -|    -|
+-----------------+---------+-----+--------+-------+-----+
|Total            |        2|    0|    4904|  17136|    0|
+-----------------+---------+-----+--------+-------+-----+
|Available        |      280|  220|  106400|  53200|    0|
+-----------------+---------+-----+--------+-------+-----+
|Utilization (%)  |       ~0|    0|       4|     32|    0|
+-----------------+---------+-----+--------+-------+-----+

+ Detail: 
    * Instance: 
    +------------------------------------------------------------+-------------------------------------------------+---------+----+------+-------+-----+
    |                          Instance                          |                      Module                     | BRAM_18K| DSP|  FF  |  LUT  | URAM|
    +------------------------------------------------------------+-------------------------------------------------+---------+----+------+-------+-----+
    |grp_KeccakF1600_StatePermute_Pipeline_state_permute_fu_390  |KeccakF1600_StatePermute_Pipeline_state_permute  |        2|   0|  3275|  16642|    0|
    +------------------------------------------------------------+-------------------------------------------------+---------+----+------+-------+-----+
    |Total                                                       |                                                 |        2|   0|  3275|  16642|    0|
    +------------------------------------------------------------+-------------------------------------------------+---------+----+------+-------+-----+

    * DSP: 
    N/A

    * Memory: 
    N/A

    * FIFO: 
    N/A

    * Expression: 
    N/A

    * Multiplexer: 
    +----------------------+-----+-----------+-----+-----------+
    |         Name         | LUT | Input Size| Bits| Total Bits|
    +----------------------+-----+-----------+-----+-----------+
    |ap_NS_fsm             |  130|         29|    1|         29|
    |state_address0_local  |  117|         26|    5|        130|
    |state_address1_local  |  117|         26|    5|        130|
    |state_d0_local        |   65|         13|   64|        832|
    |state_d1_local        |   65|         14|   64|        896|
    +----------------------+-----+-----------+-----+-----------+
    |Total                 |  494|        108|  139|       2017|
    +----------------------+-----+-----------+-----+-----------+

    * Register: 
    +-------------------------------------------------------------------------+----+----+-----+-----------+
    |                                   Name                                  | FF | LUT| Bits| Const Bits|
    +-------------------------------------------------------------------------+----+----+-----+-----------+
    |Aba_reg_703                                                              |  64|   0|   64|          0|
    |Abe_reg_718                                                              |  64|   0|   64|          0|
    |Abi_reg_723                                                              |  64|   0|   64|          0|
    |Abo_reg_740                                                              |  64|   0|   64|          0|
    |Abu_reg_745                                                              |  64|   0|   64|          0|
    |Aga_reg_762                                                              |  64|   0|   64|          0|
    |Age_reg_767                                                              |  64|   0|   64|          0|
    |Agi_reg_784                                                              |  64|   0|   64|          0|
    |Ago_reg_789                                                              |  64|   0|   64|          0|
    |Agu_reg_806                                                              |  64|   0|   64|          0|
    |Aka_reg_811                                                              |  64|   0|   64|          0|
    |Ake_reg_828                                                              |  64|   0|   64|          0|
    |Aki_reg_833                                                              |  64|   0|   64|          0|
    |Ako_reg_850                                                              |  64|   0|   64|          0|
    |Aku_reg_855                                                              |  64|   0|   64|          0|
    |Ama_reg_872                                                              |  64|   0|   64|          0|
    |Ame_reg_877                                                              |  64|   0|   64|          0|
    |Ami_reg_894                                                              |  64|   0|   64|          0|
    |Amo_reg_899                                                              |  64|   0|   64|          0|
    |Amu_reg_916                                                              |  64|   0|   64|          0|
    |Asa_reg_921                                                              |  64|   0|   64|          0|
    |Ase_reg_938                                                              |  64|   0|   64|          0|
    |Asi_reg_943                                                              |  64|   0|   64|          0|
    |Aso_reg_959                                                              |  64|   0|   64|          0|
    |Asu_reg_964                                                              |  64|   0|   64|          0|
    |ap_CS_fsm                                                                |  28|   0|   28|          0|
    |grp_KeccakF1600_StatePermute_Pipeline_state_permute_fu_390_ap_start_reg  |   1|   0|    1|          0|
    +-------------------------------------------------------------------------+----+----+-----+-----------+
    |Total                                                                    |1629|   0| 1629|          0|
    +-------------------------------------------------------------------------+----+----+-----+-----------+



================================================================
== Interface
================================================================
* Summary: 
+----------------+-----+-----+------------+--------------------------+--------------+
|    RTL Ports   | Dir | Bits|  Protocol  |       Source Object      |    C Type    |
+----------------+-----+-----+------------+--------------------------+--------------+
|ap_clk          |   in|    1|  ap_ctrl_hs|  KeccakF1600_StatePermute|  return value|
|ap_rst          |   in|    1|  ap_ctrl_hs|  KeccakF1600_StatePermute|  return value|
|ap_start        |   in|    1|  ap_ctrl_hs|  KeccakF1600_StatePermute|  return value|
|ap_done         |  out|    1|  ap_ctrl_hs|  KeccakF1600_StatePermute|  return value|
|ap_idle         |  out|    1|  ap_ctrl_hs|  KeccakF1600_StatePermute|  return value|
|ap_ready        |  out|    1|  ap_ctrl_hs|  KeccakF1600_StatePermute|  return value|
|state_address0  |  out|    5|   ap_memory|                     state|         array|
|state_ce0       |  out|    1|   ap_memory|                     state|         array|
|state_we0       |  out|    1|   ap_memory|                     state|         array|
|state_d0        |  out|   64|   ap_memory|                     state|         array|
|state_q0        |   in|   64|   ap_memory|                     state|         array|
|state_address1  |  out|    5|   ap_memory|                     state|         array|
|state_ce1       |  out|    1|   ap_memory|                     state|         array|
|state_we1       |  out|    1|   ap_memory|                     state|         array|
|state_d1        |  out|   64|   ap_memory|                     state|         array|
|state_q1        |   in|   64|   ap_memory|                     state|         array|
+----------------+-----+-----+------------+--------------------------+--------------+

