

================================================================
== Vitis HLS Report for 'sha3_256_hw'
================================================================
* Date:           Wed Aug  6 15:28:52 2025

* Version:        2024.2 (Build 5238294 on Nov  8 2024)
* Project:        sha3_hls_solution
* Solution:       hls (Vivado IP Flow Target)
* Product family: zynq
* Target device:  xc7z020-clg400-1


================================================================
== Performance Estimates
================================================================
+ Timing: 
    * Summary: 
    +--------+----------+----------+------------+
    |  Clock |  Target  | Estimated| Uncertainty|
    +--------+----------+----------+------------+
    |ap_clk  |  10.00 ns|  7.300 ns|     2.70 ns|
    +--------+----------+----------+------------+

+ Latency: 
    * Summary: 
    +---------+---------+----------+----------+-----+-------+---------+
    |  Latency (cycles) |  Latency (absolute) |   Interval  | Pipeline|
    |   min   |   max   |    min   |    max   | min |  max  |   Type  |
    +---------+---------+----------+----------+-----+-------+---------+
    |      205|    37274|  2.050 us|  0.373 ms|  206|  37275|       no|
    +---------+---------+----------+----------+-----+-------+---------+

    + Detail: 
        * Instance: 
        +-------------------------------------+--------------------------+---------+---------+----------+----------+-----+-------+---------+
        |                                     |                          |  Latency (cycles) |  Latency (absolute) |   Interval  | Pipeline|
        |               Instance              |          Module          |   min   |   max   |    min   |    max   | min |  max  |   Type  |
        +-------------------------------------+--------------------------+---------+---------+----------+----------+-----+-------+---------+
        |grp_keccak_absorb_once_1_fu_183      |keccak_absorb_once_1      |      119|    37188|  1.190 us|  0.372 ms|  119|  37188|       no|
        |grp_KeccakF1600_StatePermute_fu_194  |KeccakF1600_StatePermute  |       42|       42|  0.420 us|  0.420 us|   42|     42|       no|
        +-------------------------------------+--------------------------+---------+---------+----------+----------+-----+-------+---------+

        * Loop: 
        +------------------------------------+---------+---------+----------+-----------+-----------+------+----------+
        |                                    |  Latency (cycles) | Iteration|  Initiation Interval  | Trip |          |
        |              Loop Name             |   min   |   max   |  Latency |  achieved |   target  | Count| Pipelined|
        +------------------------------------+---------+---------+----------+-----------+-----------+------+----------+
        |- VITIS_LOOP_790_1_VITIS_LOOP_44_1  |       34|       34|         4|          1|          1|    32|       yes|
        +------------------------------------+---------+---------+----------+-----------+-----------+------+----------+



================================================================
== Utilization Estimates
================================================================
* Summary: 
+-----------------+---------+-----+--------+-------+-----+
|       Name      | BRAM_18K| DSP |   FF   |  LUT  | URAM|
+-----------------+---------+-----+--------+-------+-----+
|DSP              |        -|    -|       -|      -|    -|
|Expression       |        -|    -|       0|    269|    -|
|FIFO             |        -|    -|       -|      -|    -|
|Instance         |        9|    -|   13511|  38523|    0|
|Memory           |        4|    -|       0|      0|    0|
|Multiplexer      |        -|    -|       0|    285|    -|
|Register         |        -|    -|     274|      -|    -|
+-----------------+---------+-----+--------+-------+-----+
|Total            |       13|    0|   13785|  39077|    0|
+-----------------+---------+-----+--------+-------+-----+
|Available        |      280|  220|  106400|  53200|    0|
+-----------------+---------+-----+--------+-------+-----+
|Utilization (%)  |        4|    0|      12|     73|    0|
+-----------------+---------+-----+--------+-------+-----+

+ Detail: 
    * Instance: 
    +-------------------------------------+--------------------------+---------+----+------+-------+-----+
    |               Instance              |          Module          | BRAM_18K| DSP|  FF  |  LUT  | URAM|
    +-------------------------------------+--------------------------+---------+----+------+-------+-----+
    |grp_KeccakF1600_StatePermute_fu_194  |KeccakF1600_StatePermute  |        2|   0|  4904|  17136|    0|
    |control_r_s_axi_U                    |control_r_s_axi           |        0|   0|   170|    296|    0|
    |control_s_axi_U                      |control_s_axi             |        0|   0|    74|    104|    0|
    |gmem_m_axi_U                         |gmem_m_axi                |        3|   0|   864|    851|    0|
    |grp_keccak_absorb_once_1_fu_183      |keccak_absorb_once_1      |        4|   0|  7499|  20136|    0|
    +-------------------------------------+--------------------------+---------+----+------+-------+-----+
    |Total                                |                          |        9|   0| 13511|  38523|    0|
    +-------------------------------------+--------------------------+---------+----+------+-------+-----+

    * DSP: 
    N/A

    * Memory: 
    +-------+-----------------+---------+---+----+-----+------+-----+------+-------------+
    | Memory|      Module     | BRAM_18K| FF| LUT| URAM| Words| Bits| Banks| W*Bits*Banks|
    +-------+-----------------+---------+---+----+-----+------+-----+------+-------------+
    |s_U    |s_RAM_AUTO_1R1W  |        4|  0|   0|    0|    25|   64|     1|         1600|
    +-------+-----------------+---------+---+----+-----+------+-----+------+-------------+
    |Total  |                 |        4|  0|   0|    0|    25|   64|     1|         1600|
    +-------+-----------------+---------+---+----+-----+------+-----+------+-------------+

    * FIFO: 
    N/A

    * Expression: 
    +---------------------------+----------+----+---+-----+------------+------------+
    |       Variable Name       | Operation| DSP| FF| LUT | Bitwidth P0| Bitwidth P1|
    +---------------------------+----------+----+---+-----+------------+------------+
    |add_ln790_1_fu_266_p2      |         +|   0|  0|   13|           5|           1|
    |add_ln790_fu_288_p2        |         +|   0|  0|   11|           3|           1|
    |i_1_fu_276_p2              |         +|   0|  0|   13|           4|           1|
    |ap_block_pp0_stage0_11001  |       and|   0|  0|    2|           1|           1|
    |first_iter_0_fu_255_p2     |      icmp|   0|  0|   13|           4|           1|
    |icmp_ln44_fu_282_p2        |      icmp|   0|  0|   13|           4|           5|
    |icmp_ln790_fu_294_p2       |      icmp|   0|  0|   13|           5|           2|
    |lshr_ln46_fu_339_p2        |      lshr|   0|  0|  182|          64|          64|
    |i_fu_247_p3                |    select|   0|  0|    3|           1|           3|
    |select_ln791_fu_239_p3     |    select|   0|  0|    4|           1|           1|
    |ap_enable_pp0              |       xor|   0|  0|    2|           1|           2|
    +---------------------------+----------+----+---+-----+------------+------------+
    |Total                      |          |   0|  0|  269|          93|          82|
    +---------------------------+----------+----+---+-----+------------+------------+

    * Multiplexer: 
    +-------------------------------------+----+-----------+-----+-----------+
    |                 Name                | LUT| Input Size| Bits| Total Bits|
    +-------------------------------------+----+-----------+-----+-----------+
    |add_ln7909_fu_114                    |   9|          2|    3|          6|
    |ap_NS_fsm                            |  65|         12|    1|         12|
    |ap_enable_reg_pp0_iter3              |   9|          2|    1|          2|
    |ap_phi_mux_icmp_ln448_phi_fu_176_p4  |   9|          2|    1|          2|
    |gmem_0_ARVALID                       |   9|          2|    1|          2|
    |gmem_0_RREADY                        |   9|          2|    1|          2|
    |gmem_blk_n_AW                        |   9|          2|    1|          2|
    |gmem_blk_n_B                         |   9|          2|    1|          2|
    |gmem_blk_n_W                         |   9|          2|    1|          2|
    |i5_fu_106                            |   9|          2|    3|          6|
    |i_17_fu_110                          |   9|          2|    4|          8|
    |icmp_ln448_reg_172                   |   9|          2|    1|          2|
    |indvar_flatten4_fu_102               |   9|          2|    5|         10|
    |s_address0                           |  14|          3|    5|         15|
    |s_address1                           |  14|          3|    5|         15|
    |s_ce0                                |  14|          3|    1|          3|
    |s_ce1                                |  14|          3|    1|          3|
    |s_d0                                 |  14|          3|   64|        192|
    |s_d1                                 |  14|          3|   64|        192|
    |s_we0                                |  14|          3|    1|          3|
    |s_we1                                |  14|          3|    1|          3|
    +-------------------------------------+----+-----------+-----+-----------+
    |Total                                | 285|         60|  166|        484|
    +-------------------------------------+----+-----------+-----+-----------+

    * Register: 
    +--------------------------------------------------+----+----+-----+-----------+
    |                       Name                       | FF | LUT| Bits| Const Bits|
    +--------------------------------------------------+----+----+-----+-----------+
    |add_ln7909_fu_114                                 |   3|   0|    3|          0|
    |ap_CS_fsm                                         |  11|   0|   11|          0|
    |ap_enable_reg_pp0_iter0                           |   1|   0|    1|          0|
    |ap_enable_reg_pp0_iter1                           |   1|   0|    1|          0|
    |ap_enable_reg_pp0_iter2                           |   1|   0|    1|          0|
    |ap_enable_reg_pp0_iter3                           |   1|   0|    1|          0|
    |first_iter_0_reg_399                              |   1|   0|    1|          0|
    |gmem_addr_reg_393                                 |  64|   0|   64|          0|
    |grp_KeccakF1600_StatePermute_fu_194_ap_start_reg  |   1|   0|    1|          0|
    |grp_keccak_absorb_once_1_fu_183_ap_start_reg      |   1|   0|    1|          0|
    |i5_fu_106                                         |   3|   0|    3|          0|
    |i_17_fu_110                                       |   4|   0|    4|          0|
    |icmp_ln448_reg_172                                |   1|   0|    1|          0|
    |icmp_ln44_reg_413                                 |   1|   0|    1|          0|
    |icmp_ln790_reg_418                                |   1|   0|    1|          0|
    |in_r_read_reg_388                                 |  64|   0|   64|          0|
    |indvar_flatten4_fu_102                            |   5|   0|    5|          0|
    |inlen_read_reg_383                                |  32|   0|   32|          0|
    |trunc_ln46_1_reg_422                              |   8|   0|    8|          0|
    |trunc_ln46_reg_408                                |   3|   0|    3|          0|
    |trunc_ln46_reg_408_pp0_iter1_reg                  |   3|   0|    3|          0|
    |u_assign16_fu_118                                 |  64|   0|   64|          0|
    +--------------------------------------------------+----+----+-----+-----------+
    |Total                                             | 274|   0|  274|          0|
    +--------------------------------------------------+----+----+-----+-----------+



================================================================
== Interface
================================================================
* Summary: 
+-------------------------+-----+-----+------------+--------------+--------------+
|        RTL Ports        | Dir | Bits|  Protocol  | Source Object|    C Type    |
+-------------------------+-----+-----+------------+--------------+--------------+
|s_axi_control_AWVALID    |   in|    1|       s_axi|       control|        scalar|
|s_axi_control_AWREADY    |  out|    1|       s_axi|       control|        scalar|
|s_axi_control_AWADDR     |   in|    5|       s_axi|       control|        scalar|
|s_axi_control_WVALID     |   in|    1|       s_axi|       control|        scalar|
|s_axi_control_WREADY     |  out|    1|       s_axi|       control|        scalar|
|s_axi_control_WDATA      |   in|   32|       s_axi|       control|        scalar|
|s_axi_control_WSTRB      |   in|    4|       s_axi|       control|        scalar|
|s_axi_control_ARVALID    |   in|    1|       s_axi|       control|        scalar|
|s_axi_control_ARREADY    |  out|    1|       s_axi|       control|        scalar|
|s_axi_control_ARADDR     |   in|    5|       s_axi|       control|        scalar|
|s_axi_control_RVALID     |  out|    1|       s_axi|       control|        scalar|
|s_axi_control_RREADY     |   in|    1|       s_axi|       control|        scalar|
|s_axi_control_RDATA      |  out|   32|       s_axi|       control|        scalar|
|s_axi_control_RRESP      |  out|    2|       s_axi|       control|        scalar|
|s_axi_control_BVALID     |  out|    1|       s_axi|       control|        scalar|
|s_axi_control_BREADY     |   in|    1|       s_axi|       control|        scalar|
|s_axi_control_BRESP      |  out|    2|       s_axi|       control|        scalar|
|s_axi_control_r_AWVALID  |   in|    1|       s_axi|     control_r|        scalar|
|s_axi_control_r_AWREADY  |  out|    1|       s_axi|     control_r|        scalar|
|s_axi_control_r_AWADDR   |   in|    6|       s_axi|     control_r|        scalar|
|s_axi_control_r_WVALID   |   in|    1|       s_axi|     control_r|        scalar|
|s_axi_control_r_WREADY   |  out|    1|       s_axi|     control_r|        scalar|
|s_axi_control_r_WDATA    |   in|   32|       s_axi|     control_r|        scalar|
|s_axi_control_r_WSTRB    |   in|    4|       s_axi|     control_r|        scalar|
|s_axi_control_r_ARVALID  |   in|    1|       s_axi|     control_r|        scalar|
|s_axi_control_r_ARREADY  |  out|    1|       s_axi|     control_r|        scalar|
|s_axi_control_r_ARADDR   |   in|    6|       s_axi|     control_r|        scalar|
|s_axi_control_r_RVALID   |  out|    1|       s_axi|     control_r|        scalar|
|s_axi_control_r_RREADY   |   in|    1|       s_axi|     control_r|        scalar|
|s_axi_control_r_RDATA    |  out|   32|       s_axi|     control_r|        scalar|
|s_axi_control_r_RRESP    |  out|    2|       s_axi|     control_r|        scalar|
|s_axi_control_r_BVALID   |  out|    1|       s_axi|     control_r|        scalar|
|s_axi_control_r_BREADY   |   in|    1|       s_axi|     control_r|        scalar|
|s_axi_control_r_BRESP    |  out|    2|       s_axi|     control_r|        scalar|
|ap_clk                   |   in|    1|  ap_ctrl_hs|   sha3_256_hw|  return value|
|ap_rst_n                 |   in|    1|  ap_ctrl_hs|   sha3_256_hw|  return value|
|interrupt                |  out|    1|  ap_ctrl_hs|   sha3_256_hw|  return value|
|m_axi_gmem_AWVALID       |  out|    1|       m_axi|          gmem|       pointer|
|m_axi_gmem_AWREADY       |   in|    1|       m_axi|          gmem|       pointer|
|m_axi_gmem_AWADDR        |  out|   64|       m_axi|          gmem|       pointer|
|m_axi_gmem_AWID          |  out|    1|       m_axi|          gmem|       pointer|
|m_axi_gmem_AWLEN         |  out|    8|       m_axi|          gmem|       pointer|
|m_axi_gmem_AWSIZE        |  out|    3|       m_axi|          gmem|       pointer|
|m_axi_gmem_AWBURST       |  out|    2|       m_axi|          gmem|       pointer|
|m_axi_gmem_AWLOCK        |  out|    2|       m_axi|          gmem|       pointer|
|m_axi_gmem_AWCACHE       |  out|    4|       m_axi|          gmem|       pointer|
|m_axi_gmem_AWPROT        |  out|    3|       m_axi|          gmem|       pointer|
|m_axi_gmem_AWQOS         |  out|    4|       m_axi|          gmem|       pointer|
|m_axi_gmem_AWREGION      |  out|    4|       m_axi|          gmem|       pointer|
|m_axi_gmem_AWUSER        |  out|    1|       m_axi|          gmem|       pointer|
|m_axi_gmem_WVALID        |  out|    1|       m_axi|          gmem|       pointer|
|m_axi_gmem_WREADY        |   in|    1|       m_axi|          gmem|       pointer|
|m_axi_gmem_WDATA         |  out|   32|       m_axi|          gmem|       pointer|
|m_axi_gmem_WSTRB         |  out|    4|       m_axi|          gmem|       pointer|
|m_axi_gmem_WLAST         |  out|    1|       m_axi|          gmem|       pointer|
|m_axi_gmem_WID           |  out|    1|       m_axi|          gmem|       pointer|
|m_axi_gmem_WUSER         |  out|    1|       m_axi|          gmem|       pointer|
|m_axi_gmem_ARVALID       |  out|    1|       m_axi|          gmem|       pointer|
|m_axi_gmem_ARREADY       |   in|    1|       m_axi|          gmem|       pointer|
|m_axi_gmem_ARADDR        |  out|   64|       m_axi|          gmem|       pointer|
|m_axi_gmem_ARID          |  out|    1|       m_axi|          gmem|       pointer|
|m_axi_gmem_ARLEN         |  out|    8|       m_axi|          gmem|       pointer|
|m_axi_gmem_ARSIZE        |  out|    3|       m_axi|          gmem|       pointer|
|m_axi_gmem_ARBURST       |  out|    2|       m_axi|          gmem|       pointer|
|m_axi_gmem_ARLOCK        |  out|    2|       m_axi|          gmem|       pointer|
|m_axi_gmem_ARCACHE       |  out|    4|       m_axi|          gmem|       pointer|
|m_axi_gmem_ARPROT        |  out|    3|       m_axi|          gmem|       pointer|
|m_axi_gmem_ARQOS         |  out|    4|       m_axi|          gmem|       pointer|
|m_axi_gmem_ARREGION      |  out|    4|       m_axi|          gmem|       pointer|
|m_axi_gmem_ARUSER        |  out|    1|       m_axi|          gmem|       pointer|
|m_axi_gmem_RVALID        |   in|    1|       m_axi|          gmem|       pointer|
|m_axi_gmem_RREADY        |  out|    1|       m_axi|          gmem|       pointer|
|m_axi_gmem_RDATA         |   in|   32|       m_axi|          gmem|       pointer|
|m_axi_gmem_RLAST         |   in|    1|       m_axi|          gmem|       pointer|
|m_axi_gmem_RID           |   in|    1|       m_axi|          gmem|       pointer|
|m_axi_gmem_RUSER         |   in|    1|       m_axi|          gmem|       pointer|
|m_axi_gmem_RRESP         |   in|    2|       m_axi|          gmem|       pointer|
|m_axi_gmem_BVALID        |   in|    1|       m_axi|          gmem|       pointer|
|m_axi_gmem_BREADY        |  out|    1|       m_axi|          gmem|       pointer|
|m_axi_gmem_BRESP         |   in|    2|       m_axi|          gmem|       pointer|
|m_axi_gmem_BID           |   in|    1|       m_axi|          gmem|       pointer|
|m_axi_gmem_BUSER         |   in|    1|       m_axi|          gmem|       pointer|
+-------------------------+-----+-----+------------+--------------+--------------+

