  **** HLS Build v2024.2 5238294
INFO: [HLS 200-2005] Using work_dir /home/hyeon/workspace/dct/dct_hls 
INFO: [HLS 200-1505] Using default flow_target 'vivado'
Resolution: For help on HLS 200-1505 see docs.xilinx.com/access/sources/dita/topic?Doc_Version=2024.2%20English&url=ug1448-hls-guidance&resourceid=200-1505.html
INFO: [HLS 200-1465] Applying ini 'syn.file=/home/hyeon/workspace/dct/dct.cpp' from /home/hyeon/workspace/dct/dct_hls/hls_config.cfg(3)
INFO: [HLS 200-10] Adding design file '/home/hyeon/workspace/dct/dct.cpp' to the project
INFO: [HLS 200-1465] Applying ini 'syn.file=/home/hyeon/workspace/dct/dct.h' from /home/hyeon/workspace/dct/dct_hls/hls_config.cfg(4)
INFO: [HLS 200-10] Adding design file '/home/hyeon/workspace/dct/dct.h' to the project
INFO: [HLS 200-1465] Applying ini 'syn.file=/home/hyeon/workspace/dct/dct_coeff_table.txt' from /home/hyeon/workspace/dct/dct_hls/hls_config.cfg(5)
INFO: [HLS 200-10] Adding design file '/home/hyeon/workspace/dct/dct_coeff_table.txt' to the project
INFO: [HLS 200-1465] Applying ini 'syn.file=/home/hyeon/workspace/dct/in.dat' from /home/hyeon/workspace/dct/dct_hls/hls_config.cfg(6)
INFO: [HLS 200-10] Adding design file '/home/hyeon/workspace/dct/in.dat' to the project
INFO: [HLS 200-1465] Applying ini 'syn.file=/home/hyeon/workspace/dct/out.golden.dat' from /home/hyeon/workspace/dct/dct_hls/hls_config.cfg(7)
INFO: [HLS 200-10] Adding design file '/home/hyeon/workspace/dct/out.golden.dat' to the project
INFO: [HLS 200-1465] Applying ini 'tb.file=/home/hyeon/workspace/dct/dct_test.cpp' from /home/hyeon/workspace/dct/dct_hls/hls_config.cfg(8)
INFO: [HLS 200-10] Adding test bench file '/home/hyeon/workspace/dct/dct_test.cpp' to the project
INFO: [HLS 200-1465] Applying ini 'flow_target=vivado' from /home/hyeon/workspace/dct/dct_hls/hls_config.cfg(2)
INFO: [HLS 200-1505] Using flow_target 'vivado'
Resolution: For help on HLS 200-1505 see docs.xilinx.com/access/sources/dita/topic?Doc_Version=2024.2%20English&url=ug1448-hls-guidance&resourceid=200-1505.html
INFO: [HLS 200-1465] Applying ini 'cosim.wave_debug=1' from /home/hyeon/workspace/dct/dct_hls/hls_config.cfg(9)
INFO: [HLS 200-1465] Applying ini 'csim.code_analyzer=1' from /home/hyeon/workspace/dct/dct_hls/hls_config.cfg(10)
INFO: [SIM 211-200] Executing Code Analyzer instead of classic HLS C simulation
slxcmd:0:0: error: No top-level hardware function has been defined
ERROR: [SIM 211-200] Code Analyzer execution failed. Consider running the classic C simulation instead by disabling the hls.csim.code_analyzer option in the config file.
ERROR: Problem running csim: child process exited abnormally
INFO: [HLS 200-112] Total CPU user time: 5.42 seconds. Total CPU system time: 0.49 seconds. Total elapsed time: 6.07 seconds; peak allocated memory: 126.070 MB.
