  **** HLS Build v2024.2 5238294
INFO: [HLS 200-2005] Using work_dir /home/hyeon/workspace/dct/dct_hls 
INFO: [HLS 200-1505] Using default flow_target 'vivado'
Resolution: For help on HLS 200-1505 see docs.xilinx.com/access/sources/dita/topic?Doc_Version=2024.2%20English&url=ug1448-hls-guidance&resourceid=200-1505.html
INFO: [HLS 200-1465] Applying ini 'syn.file=/home/hyeon/workspace/dct/dct.cpp' from /home/hyeon/workspace/dct/dct_hls/hls_config.cfg(6)
INFO: [HLS 200-10] Adding design file '/home/hyeon/workspace/dct/dct.cpp' to the project
INFO: [HLS 200-1465] Applying ini 'syn.file=/home/hyeon/workspace/dct/dct.h' from /home/hyeon/workspace/dct/dct_hls/hls_config.cfg(7)
INFO: [HLS 200-10] Adding design file '/home/hyeon/workspace/dct/dct.h' to the project
INFO: [HLS 200-1465] Applying ini 'syn.file=/home/hyeon/workspace/dct/dct_coeff_table.txt' from /home/hyeon/workspace/dct/dct_hls/hls_config.cfg(8)
INFO: [HLS 200-10] Adding design file '/home/hyeon/workspace/dct/dct_coeff_table.txt' to the project
INFO: [HLS 200-1465] Applying ini 'syn.file=/home/hyeon/workspace/dct/in.dat' from /home/hyeon/workspace/dct/dct_hls/hls_config.cfg(9)
INFO: [HLS 200-10] Adding design file '/home/hyeon/workspace/dct/in.dat' to the project
INFO: [HLS 200-1465] Applying ini 'syn.file=/home/hyeon/workspace/dct/out.golden.dat' from /home/hyeon/workspace/dct/dct_hls/hls_config.cfg(10)
INFO: [HLS 200-10] Adding design file '/home/hyeon/workspace/dct/out.golden.dat' to the project
INFO: [HLS 200-1465] Applying ini 'tb.file=/home/hyeon/workspace/dct/dct_test.cpp' from /home/hyeon/workspace/dct/dct_hls/hls_config.cfg(3)
INFO: [HLS 200-10] Adding test bench file '/home/hyeon/workspace/dct/dct_test.cpp' to the project
INFO: [HLS 200-1465] Applying ini 'syn.top=dct' from /home/hyeon/workspace/dct/dct_hls/hls_config.cfg(11)
INFO: [HLS 200-1465] Applying ini 'flow_target=vivado' from /home/hyeon/workspace/dct/dct_hls/hls_config.cfg(2)
INFO: [HLS 200-1505] Using flow_target 'vivado'
Resolution: For help on HLS 200-1505 see docs.xilinx.com/access/sources/dita/topic?Doc_Version=2024.2%20English&url=ug1448-hls-guidance&resourceid=200-1505.html
INFO: [HLS 200-1465] Applying ini 'cosim.wave_debug=1' from /home/hyeon/workspace/dct/dct_hls/hls_config.cfg(4)
INFO: [HLS 200-1465] Applying ini 'csim.code_analyzer=1' from /home/hyeon/workspace/dct/dct_hls/hls_config.cfg(5)
INFO: [SIM 211-200] Executing Code Analyzer instead of classic HLS C simulation
INFO: [HLS 211-200] Compiling source code ../dct.cpp as hardware code with instrumentation
INFO: [HLS 211-200] Compiling source code ../dct.cpp as test bench code with instrumentation
INFO: [HLS 211-200] Linking hardware code
INFO: [HLS 211-200] Transforming hardware bitcode
INFO: [HLS 211-200] Linking executable
INFO: [HLS 211-200] Computing HLS IR Information
INFO: [HLS 211-200] Determining source code dependencies
INFO: [SIM 211-200] Running executable
Checkpoint: i = 0
Checkpoint: j = 0; Checkpoint: j = 1; Checkpoint: j = 2; Checkpoint: j = 3; Checkpoint: j = 4; Checkpoint: j = 5; Checkpoint: j = 6; Checkpoint: j = 7; Checkpoint: j = 8; Checkpoint: j = 9; Checkpoint: j = 10; Checkpoint: j = 11; Checkpoint: j = 12; Checkpoint: j = 13; Checkpoint: j = 14; Checkpoint: j = 15; Checkpoint: j = 16; Checkpoint: j = 17; Checkpoint: j = 18; Checkpoint: j = 19; Checkpoint: j = 20; Checkpoint: j = 21; Checkpoint: j = 22; Checkpoint: j = 23; Checkpoint: j = 24; Checkpoint: j = 25; Checkpoint: j = 26; Checkpoint: j = 27; Checkpoint: j = 28; Checkpoint: j = 29; Checkpoint: j = 30; Checkpoint: j = 31; Checkpoint: j = 32; Checkpoint: j = 33; Checkpoint: j = 34; Checkpoint: j = 35; Checkpoint: j = 36; Checkpoint: j = 37; Checkpoint: j = 38; Checkpoint: j = 39; Checkpoint: j = 40; Checkpoint: j = 41; Checkpoint: j = 42; Checkpoint: j = 43; Checkpoint: j = 44; Checkpoint: j = 45; Checkpoint: j = 46; Checkpoint: j = 47; Checkpoint: j = 48; Checkpoint: j = 49; Checkpoint: j = 50; Checkpoint: j = 51; Checkpoint: j = 52; Checkpoint: j = 53; Checkpoint: j = 54; Checkpoint: j = 55; Checkpoint: j = 56; Checkpoint: j = 57; Checkpoint: j = 58; Checkpoint: j = 59; Checkpoint: j = 60; Checkpoint: j = 61; Checkpoint: j = 62; Checkpoint: j = 63; 
Copying array b to b_prime
Checkpoint: i = 1
Checkpoint: j = 0; Checkpoint: j = 1; Checkpoint: j = 2; Checkpoint: j = 3; Checkpoint: j = 4; Checkpoint: j = 5; Checkpoint: j = 6; Checkpoint: j = 7; Checkpoint: j = 8; Checkpoint: j = 9; Checkpoint: j = 10; Checkpoint: j = 11; Checkpoint: j = 12; Checkpoint: j = 13; Checkpoint: j = 14; Checkpoint: j = 15; Checkpoint: j = 16; Checkpoint: j = 17; Checkpoint: j = 18; Checkpoint: j = 19; Checkpoint: j = 20; Checkpoint: j = 21; Checkpoint: j = 22; Checkpoint: j = 23; Checkpoint: j = 24; Checkpoint: j = 25; Checkpoint: j = 26; Checkpoint: j = 27; Checkpoint: j = 28; Checkpoint: j = 29; Checkpoint: j = 30; Checkpoint: j = 31; Checkpoint: j = 32; Checkpoint: j = 33; Checkpoint: j = 34; Checkpoint: j = 35; Checkpoint: j = 36; Checkpoint: j = 37; Checkpoint: j = 38; Checkpoint: j = 39; Checkpoint: j = 40; Checkpoint: j = 41; Checkpoint: j = 42; Checkpoint: j = 43; Checkpoint: j = 44; Checkpoint: j = 45; Checkpoint: j = 46; Checkpoint: j = 47; Checkpoint: j = 48; Checkpoint: j = 49; Checkpoint: j = 50; Checkpoint: j = 51; Checkpoint: j = 52; Checkpoint: j = 53; Checkpoint: j = 54; Checkpoint: j = 55; Checkpoint: j = 56; Checkpoint: j = 57; Checkpoint: j = 58; Checkpoint: j = 59; Checkpoint: j = 60; Checkpoint: j = 61; Checkpoint: j = 62; Checkpoint: j = 63; 
Checkpoint: i = 2
Checkpoint: j = 0; Checkpoint: j = 1; Checkpoint: j = 2; Checkpoint: j = 3; Checkpoint: j = 4; Checkpoint: j = 5; Checkpoint: j = 6; Checkpoint: j = 7; Checkpoint: j = 8; Checkpoint: j = 9; Checkpoint: j = 10; Checkpoint: j = 11; Checkpoint: j = 12; Checkpoint: j = 13; Checkpoint: j = 14; Checkpoint: j = 15; Checkpoint: j = 16; Checkpoint: j = 17; Checkpoint: j = 18; Checkpoint: j = 19; Checkpoint: j = 20; Checkpoint: j = 21; Checkpoint: j = 22; Checkpoint: j = 23; Checkpoint: j = 24; Checkpoint: j = 25; Checkpoint: j = 26; Checkpoint: j = 27; Checkpoint: j = 28; Checkpoint: j = 29; Checkpoint: j = 30; Checkpoint: j = 31; Checkpoint: j = 32; Checkpoint: j = 33; Checkpoint: j = 34; Checkpoint: j = 35; Checkpoint: j = 36; Checkpoint: j = 37; Checkpoint: j = 38; Checkpoint: j = 39; Checkpoint: j = 40; Checkpoint: j = 41; Checkpoint: j = 42; Checkpoint: j = 43; Checkpoint: j = 44; Checkpoint: j = 45; Checkpoint: j = 46; Checkpoint: j = 47; Checkpoint: j = 48; Checkpoint: j = 49; Checkpoint: j = 50; Checkpoint: j = 51; Checkpoint: j = 52; Checkpoint: j = 53; Checkpoint: j = 54; Checkpoint: j = 55; Checkpoint: j = 56; Checkpoint: j = 57; Checkpoint: j = 58; Checkpoint: j = 59; Checkpoint: j = 60; Checkpoint: j = 61; Checkpoint: j = 62; Checkpoint: j = 63; 
Checkpoint: i = 3
Checkpoint: j = 0; Checkpoint: j = 1; Checkpoint: j = 2; Checkpoint: j = 3; Checkpoint: j = 4; Checkpoint: j = 5; Checkpoint: j = 6; Checkpoint: j = 7; Checkpoint: j = 8; Checkpoint: j = 9; Checkpoint: j = 10; Checkpoint: j = 11; Checkpoint: j = 12; Checkpoint: j = 13; Checkpoint: j = 14; Checkpoint: j = 15; Checkpoint: j = 16; Checkpoint: j = 17; Checkpoint: j = 18; Checkpoint: j = 19; Checkpoint: j = 20; Checkpoint: j = 21; Checkpoint: j = 22; Checkpoint: j = 23; Checkpoint: j = 24; Checkpoint: j = 25; Checkpoint: j = 26; Checkpoint: j = 27; Checkpoint: j = 28; Checkpoint: j = 29; Checkpoint: j = 30; Checkpoint: j = 31; Checkpoint: j = 32; Checkpoint: j = 33; Checkpoint: j = 34; Checkpoint: j = 35; Checkpoint: j = 36; Checkpoint: j = 37; Checkpoint: j = 38; Checkpoint: j = 39; Checkpoint: j = 40; Checkpoint: j = 41; Checkpoint: j = 42; Checkpoint: j = 43; Checkpoint: j = 44; Checkpoint: j = 45; Checkpoint: j = 46; Checkpoint: j = 47; Checkpoint: j = 48; Checkpoint: j = 49; Checkpoint: j = 50; Checkpoint: j = 51; Checkpoint: j = 52; Checkpoint: j = 53; Checkpoint: j = 54; Checkpoint: j = 55; Checkpoint: j = 56; Checkpoint: j = 57; Checkpoint: j = 58; Checkpoint: j = 59; Checkpoint: j = 60; Checkpoint: j = 61; Checkpoint: j = 62; Checkpoint: j = 63; 
Checkpoint: i = 4
Checkpoint: j = 0; Checkpoint: j = 1; Checkpoint: j = 2; Checkpoint: j = 3; Checkpoint: j = 4; Checkpoint: j = 5; Checkpoint: j = 6; Checkpoint: j = 7; Checkpoint: j = 8; Checkpoint: j = 9; Checkpoint: j = 10; Checkpoint: j = 11; Checkpoint: j = 12; Checkpoint: j = 13; Checkpoint: j = 14; Checkpoint: j = 15; Checkpoint: j = 16; Checkpoint: j = 17; Checkpoint: j = 18; Checkpoint: j = 19; Checkpoint: j = 20; Checkpoint: j = 21; Checkpoint: j = 22; Checkpoint: j = 23; Checkpoint: j = 24; Checkpoint: j = 25; Checkpoint: j = 26; Checkpoint: j = 27; Checkpoint: j = 28; Checkpoint: j = 29; Checkpoint: j = 30; Checkpoint: j = 31; Checkpoint: j = 32; Checkpoint: j = 33; Checkpoint: j = 34; Checkpoint: j = 35; Checkpoint: j = 36; Checkpoint: j = 37; Checkpoint: j = 38; Checkpoint: j = 39; Checkpoint: j = 40; Checkpoint: j = 41; Checkpoint: j = 42; Checkpoint: j = 43; Checkpoint: j = 44; Checkpoint: j = 45; Checkpoint: j = 46; Checkpoint: j = 47; Checkpoint: j = 48; Checkpoint: j = 49; Checkpoint: j = 50; Checkpoint: j = 51; Checkpoint: j = 52; Checkpoint: j = 53; Checkpoint: j = 54; Checkpoint: j = 55; Checkpoint: j = 56; Checkpoint: j = 57; Checkpoint: j = 58; Checkpoint: j = 59; Checkpoint: j = 60; Checkpoint: j = 61; Checkpoint: j = 62; Checkpoint: j = 63; 
Checkpoint: i = 5
Checkpoint: j = 0; Checkpoint: j = 1; Checkpoint: j = 2; Checkpoint: j = 3; Checkpoint: j = 4; Checkpoint: j = 5; Checkpoint: j = 6; Checkpoint: j = 7; Checkpoint: j = 8; Checkpoint: j = 9; Checkpoint: j = 10; Checkpoint: j = 11; Checkpoint: j = 12; Checkpoint: j = 13; Checkpoint: j = 14; Checkpoint: j = 15; Checkpoint: j = 16; Checkpoint: j = 17; Checkpoint: j = 18; Checkpoint: j = 19; Checkpoint: j = 20; Checkpoint: j = 21; Checkpoint: j = 22; Checkpoint: j = 23; Checkpoint: j = 24; Checkpoint: j = 25; Checkpoint: j = 26; Checkpoint: j = 27; Checkpoint: j = 28; Checkpoint: j = 29; Checkpoint: j = 30; Checkpoint: j = 31; Checkpoint: j = 32; Checkpoint: j = 33; Checkpoint: j = 34; Checkpoint: j = 35; Checkpoint: j = 36; Checkpoint: j = 37; Checkpoint: j = 38; Checkpoint: j = 39; Checkpoint: j = 40; Checkpoint: j = 41; Checkpoint: j = 42; Checkpoint: j = 43; Checkpoint: j = 44; Checkpoint: j = 45; Checkpoint: j = 46; Checkpoint: j = 47; Checkpoint: j = 48; Checkpoint: j = 49; Checkpoint: j = 50; Checkpoint: j = 51; Checkpoint: j = 52; Checkpoint: j = 53; Checkpoint: j = 54; Checkpoint: j = 55; Checkpoint: j = 56; Checkpoint: j = 57; Checkpoint: j = 58; Checkpoint: j = 59; Checkpoint: j = 60; Checkpoint: j = 61; Checkpoint: j = 62; Checkpoint: j = 63; 
Checkpoint: i = 6
Checkpoint: j = 0; Checkpoint: j = 1; Checkpoint: j = 2; Checkpoint: j = 3; Checkpoint: j = 4; Checkpoint: j = 5; Checkpoint: j = 6; Checkpoint: j = 7; Checkpoint: j = 8; Checkpoint: j = 9; Checkpoint: j = 10; Checkpoint: j = 11; Checkpoint: j = 12; Checkpoint: j = 13; Checkpoint: j = 14; Checkpoint: j = 15; Checkpoint: j = 16; Checkpoint: j = 17; Checkpoint: j = 18; Checkpoint: j = 19; Checkpoint: j = 20; Checkpoint: j = 21; Checkpoint: j = 22; Checkpoint: j = 23; Checkpoint: j = 24; Checkpoint: j = 25; Checkpoint: j = 26; Checkpoint: j = 27; Checkpoint: j = 28; Checkpoint: j = 29; Checkpoint: j = 30; Checkpoint: j = 31; Checkpoint: j = 32; Checkpoint: j = 33; Checkpoint: j = 34; Checkpoint: j = 35; Checkpoint: j = 36; Checkpoint: j = 37; Checkpoint: j = 38; Checkpoint: j = 39; Checkpoint: j = 40; Checkpoint: j = 41; Checkpoint: j = 42; Checkpoint: j = 43; Checkpoint: j = 44; Checkpoint: j = 45; Checkpoint: j = 46; Checkpoint: j = 47; Checkpoint: j = 48; Checkpoint: j = 49; Checkpoint: j = 50; Checkpoint: j = 51; Checkpoint: j = 52; Checkpoint: j = 53; Checkpoint: j = 54; Checkpoint: j = 55; Checkpoint: j = 56; Checkpoint: j = 57; Checkpoint: j = 58; Checkpoint: j = 59; Checkpoint: j = 60; Checkpoint: j = 61; Checkpoint: j = 62; Checkpoint: j = 63; 
Checkpoint: i = 7
Checkpoint: j = 0; Checkpoint: j = 1; Checkpoint: j = 2; Checkpoint: j = 3; Checkpoint: j = 4; Checkpoint: j = 5; Checkpoint: j = 6; Checkpoint: j = 7; Checkpoint: j = 8; Checkpoint: j = 9; Checkpoint: j = 10; Checkpoint: j = 11; Checkpoint: j = 12; Checkpoint: j = 13; Checkpoint: j = 14; Checkpoint: j = 15; Checkpoint: j = 16; Checkpoint: j = 17; Checkpoint: j = 18; Checkpoint: j = 19; Checkpoint: j = 20; Checkpoint: j = 21; Checkpoint: j = 22; Checkpoint: j = 23; Checkpoint: j = 24; Checkpoint: j = 25; Checkpoint: j = 26; Checkpoint: j = 27; Checkpoint: j = 28; Checkpoint: j = 29; Checkpoint: j = 30; Checkpoint: j = 31; Checkpoint: j = 32; Checkpoint: j = 33; Checkpoint: j = 34; Checkpoint: j = 35; Checkpoint: j = 36; Checkpoint: j = 37; Checkpoint: j = 38; Checkpoint: j = 39; Checkpoint: j = 40; Checkpoint: j = 41; Checkpoint: j = 42; Checkpoint: j = 43; Checkpoint: j = 44; Checkpoint: j = 45; Checkpoint: j = 46; Checkpoint: j = 47; Checkpoint: j = 48; Checkpoint: j = 49; Checkpoint: j = 50; Checkpoint: j = 51; Checkpoint: j = 52; Checkpoint: j = 53; Checkpoint: j = 54; Checkpoint: j = 55; Checkpoint: j = 56; Checkpoint: j = 57; Checkpoint: j = 58; Checkpoint: j = 59; Checkpoint: j = 60; Checkpoint: j = 61; Checkpoint: j = 62; Checkpoint: j = 63; 
Checkpoint: i = 8
Checkpoint: j = 0; Checkpoint: j = 1; Checkpoint: j = 2; Checkpoint: j = 3; Checkpoint: j = 4; Checkpoint: j = 5; Checkpoint: j = 6; Checkpoint: j = 7; Checkpoint: j = 8; Checkpoint: j = 9; Checkpoint: j = 10; Checkpoint: j = 11; Checkpoint: j = 12; Checkpoint: j = 13; Checkpoint: j = 14; Checkpoint: j = 15; Checkpoint: j = 16; Checkpoint: j = 17; Checkpoint: j = 18; Checkpoint: j = 19; Checkpoint: j = 20; Checkpoint: j = 21; Checkpoint: j = 22; Checkpoint: j = 23; Checkpoint: j = 24; Checkpoint: j = 25; Checkpoint: j = 26; Checkpoint: j = 27; Checkpoint: j = 28; Checkpoint: j = 29; Checkpoint: j = 30; Checkpoint: j = 31; Checkpoint: j = 32; Checkpoint: j = 33; Checkpoint: j = 34; Checkpoint: j = 35; Checkpoint: j = 36; Checkpoint: j = 37; Checkpoint: j = 38; Checkpoint: j = 39; Checkpoint: j = 40; Checkpoint: j = 41; Checkpoint: j = 42; Checkpoint: j = 43; Checkpoint: j = 44; Checkpoint: j = 45; Checkpoint: j = 46; Checkpoint: j = 47; Checkpoint: j = 48; Checkpoint: j = 49; Checkpoint: j = 50; Checkpoint: j = 51; Checkpoint: j = 52; Checkpoint: j = 53; Checkpoint: j = 54; Checkpoint: j = 55; Checkpoint: j = 56; Checkpoint: j = 57; Checkpoint: j = 58; Checkpoint: j = 59; Checkpoint: j = 60; Checkpoint: j = 61; Checkpoint: j = 62; Checkpoint: j = 63; 
Checkpoint: i = 9
Checkpoint: j = 0; Checkpoint: j = 1; Checkpoint: j = 2; Checkpoint: j = 3; Checkpoint: j = 4; Checkpoint: j = 5; Checkpoint: j = 6; Checkpoint: j = 7; Checkpoint: j = 8; Checkpoint: j = 9; Checkpoint: j = 10; Checkpoint: j = 11; Checkpoint: j = 12; Checkpoint: j = 13; Checkpoint: j = 14; Checkpoint: j = 15; Checkpoint: j = 16; Checkpoint: j = 17; Checkpoint: j = 18; Checkpoint: j = 19; Checkpoint: j = 20; Checkpoint: j = 21; Checkpoint: j = 22; Checkpoint: j = 23; Checkpoint: j = 24; Checkpoint: j = 25; Checkpoint: j = 26; Checkpoint: j = 27; Checkpoint: j = 28; Checkpoint: j = 29; Checkpoint: j = 30; Checkpoint: j = 31; Checkpoint: j = 32; Checkpoint: j = 33; Checkpoint: j = 34; Checkpoint: j = 35; Checkpoint: j = 36; Checkpoint: j = 37; Checkpoint: j = 38; Checkpoint: j = 39; Checkpoint: j = 40; Checkpoint: j = 41; Checkpoint: j = 42; Checkpoint: j = 43; Checkpoint: j = 44; Checkpoint: j = 45; Checkpoint: j = 46; Checkpoint: j = 47; Checkpoint: j = 48; Checkpoint: j = 49; Checkpoint: j = 50; Checkpoint: j = 51; Checkpoint: j = 52; Checkpoint: j = 53; Checkpoint: j = 54; Checkpoint: j = 55; Checkpoint: j = 56; Checkpoint: j = 57; Checkpoint: j = 58; Checkpoint: j = 59; Checkpoint: j = 60; Checkpoint: j = 61; Checkpoint: j = 62; Checkpoint: j = 63; 
Test passed !
INFO: [SIM 211-200] Analyzing trace data
slxcmd:0:0: error: The FPGA part name is missing or it is empty.
ERROR: [SIM 211-200] Code Analyzer execution failed. Consider running the classic C simulation instead by disabling the hls.csim.code_analyzer option in the config file.
ERROR: Problem running csim: child process exited abnormally
INFO: [HLS 200-112] Total CPU user time: 7.01 seconds. Total CPU system time: 1.19 seconds. Total elapsed time: 7.7 seconds; peak allocated memory: 126.172 MB.
