/home/hyeon/vitis_hls/workspace/sha3/sha3_hls_solution/hls/.autopilot/db/fips202.pp.0.c:443:3: warning: Added loop label VITIS_LOOP_26_1:   [xilinx-label-all-loops]
  for(i=0;i<8;i++)
  ^~~
  VITIS_LOOP_26_1: 
/home/hyeon/vitis_hls/workspace/sha3/sha3_hls_solution/hls/.autopilot/db/fips202.pp.0.c:443:3: note: FIX-IT applied suggested code changes
/home/hyeon/vitis_hls/workspace/sha3/sha3_hls_solution/hls/.autopilot/db/fips202.pp.0.c:453:3: warning: Added loop label VITIS_LOOP_44_1:   [xilinx-label-all-loops]
  for(i=0;i<8;i++)
  ^~~
  VITIS_LOOP_44_1: 
/home/hyeon/vitis_hls/workspace/sha3/sha3_hls_solution/hls/.autopilot/db/fips202.pp.0.c:453:3: note: FIX-IT applied suggested code changes
/home/hyeon/vitis_hls/workspace/sha3/sha3_hls_solution/hls/.autopilot/db/fips202.pp.0.c:763:3: warning: Added loop label VITIS_LOOP_476_1:   [xilinx-label-all-loops]
  for(i=0;i<25;i++)
  ^~~
  VITIS_LOOP_476_1: 
/home/hyeon/vitis_hls/workspace/sha3/sha3_hls_solution/hls/.autopilot/db/fips202.pp.0.c:763:3: note: FIX-IT applied suggested code changes
/home/hyeon/vitis_hls/workspace/sha3/sha3_hls_solution/hls/.autopilot/db/fips202.pp.0.c:767:4: warning: Added loop label VITIS_LOOP_480_2:   [xilinx-label-all-loops]
   while(inlen >= r){
   ^~~~~
   VITIS_LOOP_480_2: 
/home/hyeon/vitis_hls/workspace/sha3/sha3_hls_solution/hls/.autopilot/db/fips202.pp.0.c:767:4: note: FIX-IT applied suggested code changes
/home/hyeon/vitis_hls/workspace/sha3/sha3_hls_solution/hls/.autopilot/db/fips202.pp.0.c:793:3: warning: Added loop label VITIS_LOOP_764_1:   [xilinx-label-all-loops]
  for(i=0;i<4;i++)
  ^~~
  VITIS_LOOP_764_1: 
/home/hyeon/vitis_hls/workspace/sha3/sha3_hls_solution/hls/.autopilot/db/fips202.pp.0.c:793:3: note: FIX-IT applied suggested code changes
