================================================================
== Design Size Report
================================================================

* Total Instructions per Compilation Phase
+---------------+-----------------------------+--------------+----------------------------------------------------------------------------------------+
| Phase         | Step                        | Instructions | Description                                                                            |
+---------------+-----------------------------+--------------+----------------------------------------------------------------------------------------+
| Compile/Link  |                             | 250          | After all functions are compiled and linked into a single design                       |
|               |                             |              |                                                                                        |
| Unroll/Inline |                             |              | After user unroll and inline pragmas are applied                                       |
|               | (1) unroll                  | 830          | user unroll pragmas are applied                                                        |
|               | (2) simplification          | 466          | simplification of applied user unroll pragmas                                          |
|               | (3) inline                  | 460          | user inline pragmas are applied                                                        |
|               | (4) simplification          | 456          | simplification of applied user inline pragmas                                          |
|               |                             |              |                                                                                        |
| Array/Struct  |                             |              | After user array partition and struct aggregate/disaggregate pragmas are applied       |
|               | (1) array partition         | 521          | user array partition pragmas are applied                                               |
|               | (2) simplification          | 521          | simplification of applied user array partition & struct aggregate/disaggregate pragmas |
|               | (3) aggregate/disaggregate  | 521          | user struct aggregate/disaggregate pragmas are applied                                 |
|               | (4) array reshape           | 521          | apply array reshape pragmas                                                            |
|               | (5) access patterns         | 521          | array access pattern optmizations                                                      |
|               |                             |              |                                                                                        |
| Performance   |                             |              | After transformations are applied to meet performance pragma targets                   |
|               | (1) loop simplification     | 521          | loop and instruction simplification                                                    |
|               | (2) parallelization         | 521          | loops are unrolled or pipelined to meet performance targets                            |
|               | (3) array partition         | 521          | arrays are partitioned to meet performance targets                                     |
|               | (4) simplification          | 521          | simplification of design after performance transformations                             |
|               |                             |              |                                                                                        |
| HW Transforms |                             |              | After hardware transfomations                                                          |
|               | (1) lowering                | 525          | initial conversion to HW specific instructions                                         |
|               | (2) optimizations           | 553          | high level synthesis optimizations                                                     |
+---------------+-----------------------------+--------------+----------------------------------------------------------------------------------------+

* Instructions per Function for each Compilation Phase
+---------------+------------+---------------+---------------+---------------+---------------+---------------+
| Function      | Location   | Compile/Link  | Unroll/Inline | Array/Struct  | Performance   | HW Transforms |
+---------------+------------+---------------+---------------+---------------+---------------+---------------+
| + dct         | dct.cpp:92 | 250           | 456           | 521           | 521           | 553           |
|    read_data  | dct.cpp:64 |  28           |               |               |               |               |
|  + dct_2d     | dct.cpp:30 | 174           |               |               |               |               |
|     dct_1d    | dct.cpp:8  |  76 (2 calls) |               |               |               |               |
|    write_data | dct.cpp:79 |  27           |               |               |               |               |
|    dct_1d     | dct.cpp:8  |               | 360 (2 calls) | 354 (2 calls) | 346 (2 calls) | 346 (2 calls) |
+---------------+------------+---------------+---------------+---------------+---------------+---------------+

* Design Size Message Settings
+---------------------------------------------+--------+------------------------------------------------------------------+
| Message Setting                             | Value  | Description                                                      |
+---------------------------------------------+--------+------------------------------------------------------------------+
| config_compile -design_size_maximum_warning | 100000 | Show a warning when total design instructions exceeds this value |
+---------------------------------------------+--------+------------------------------------------------------------------+


