

================================================================
== Vitis HLS Report for 'sha3_256_hls_Pipeline_extract_output'
================================================================
* Date:           Tue Aug  5 17:14:39 2025

* Version:        2024.2 (Build 5238294 on Nov  8 2024)
* Project:        sha3_256_hls
* Solution:       hls (Vivado IP Flow Target)
* Product family: azynq
* Target device:  xa7z010-clg400-1I


================================================================
== Performance Estimates
================================================================
+ Timing: 
    * Summary: 
    +--------+----------+----------+------------+
    |  Clock |  Target  | Estimated| Uncertainty|
    +--------+----------+----------+------------+
    |ap_clk  |  10.00 ns|  4.741 ns|     2.70 ns|
    +--------+----------+----------+------------+

+ Latency: 
    * Summary: 
    +---------+---------+-----------+-----------+-----+-----+------------------------------------------------+
    |  Latency (cycles) |   Latency (absolute)  |  Interval |                    Pipeline                    |
    |   min   |   max   |    min    |    max    | min | max |                      Type                      |
    +---------+---------+-----------+-----------+-----+-----+------------------------------------------------+
    |        5|        5|  50.000 ns|  50.000 ns|    4|    4|  loop auto-rewind stp (delay=0 clock cycles(s))|
    +---------+---------+-----------+-----------+-----+-----+------------------------------------------------+

    + Detail: 
        * Instance: 
        N/A

        * Loop: 
        +------------------+---------+---------+----------+-----------+-----------+------+----------+
        |                  |  Latency (cycles) | Iteration|  Initiation Interval  | Trip |          |
        |     Loop Name    |   min   |   max   |  Latency |  achieved |   target  | Count| Pipelined|
        +------------------+---------+---------+----------+-----------+-----------+------+----------+
        |- extract_output  |        3|        3|         1|          1|          1|     4|       yes|
        +------------------+---------+---------+----------+-----------+-----------+------+----------+



================================================================
== Utilization Estimates
================================================================
* Summary: 
+-----------------+---------+----+-------+-------+-----+
|       Name      | BRAM_18K| DSP|   FF  |  LUT  | URAM|
+-----------------+---------+----+-------+-------+-----+
|DSP              |        -|   -|      -|      -|    -|
|Expression       |        -|   -|      0|     20|    -|
|FIFO             |        -|   -|      -|      -|    -|
|Instance         |        -|   -|      0|     20|    -|
|Memory           |        -|   -|      -|      -|    -|
|Multiplexer      |        -|   -|      0|     27|    -|
|Register         |        -|   -|      4|      -|    -|
+-----------------+---------+----+-------+-------+-----+
|Total            |        0|   0|      4|     67|    0|
+-----------------+---------+----+-------+-------+-----+
|Available        |      120|  80|  35200|  17600|    0|
+-----------------+---------+----+-------+-------+-----+
|Utilization (%)  |        0|   0|     ~0|     ~0|    0|
+-----------------+---------+----+-------+-------+-----+

+ Detail: 
    * Instance: 
    +---------------------------+----------------------+---------+----+---+----+-----+
    |          Instance         |        Module        | BRAM_18K| DSP| FF| LUT| URAM|
    +---------------------------+----------------------+---------+----+---+----+-----+
    |sparsemux_9_2_64_1_1_U101  |sparsemux_9_2_64_1_1  |        0|   0|  0|  20|    0|
    +---------------------------+----------------------+---------+----+---+----+-----+
    |Total                      |                      |        0|   0|  0|  20|    0|
    +---------------------------+----------------------+---------+----+---+----+-----+

    * DSP: 
    N/A

    * Memory: 
    N/A

    * FIFO: 
    N/A

    * Expression: 
    +----------------------+----------+----+---+----+------------+------------+
    |     Variable Name    | Operation| DSP| FF| LUT| Bitwidth P0| Bitwidth P1|
    +----------------------+----------+----+---+----+------------+------------+
    |i_fu_524_p2           |         +|   0|  0|  10|           2|           1|
    |icmp_ln325_fu_530_p2  |      icmp|   0|  0|  10|           2|           2|
    +----------------------+----------+----+---+----+------------+------------+
    |Total                 |          |   0|  0|  20|           4|           3|
    +----------------------+----------+----+---+----+------------+------------+

    * Multiplexer: 
    +--------------------------+----+-----------+-----+-----------+
    |           Name           | LUT| Input Size| Bits| Total Bits|
    +--------------------------+----+-----------+-----+-----------+
    |ap_done_int               |   9|          2|    1|          2|
    |ap_sig_allocacmp_i1_load  |   9|          2|    2|          4|
    |i1_fu_134                 |   9|          2|    2|          4|
    +--------------------------+----+-----------+-----+-----------+
    |Total                     |  27|          6|    5|         10|
    +--------------------------+----+-----------+-----+-----------+

    * Register: 
    +-------------+---+----+-----+-----------+
    |     Name    | FF| LUT| Bits| Const Bits|
    +-------------+---+----+-----+-----------+
    |ap_CS_fsm    |  1|   0|    1|          0|
    |ap_done_reg  |  1|   0|    1|          0|
    |i1_fu_134    |  2|   0|    2|          0|
    +-------------+---+----+-----+-----------+
    |Total        |  4|   0|    4|          0|
    +-------------+---+----+-----+-----------+



================================================================
== Interface
================================================================
* Summary: 
+-------------+-----+-----+------------+--------------------------------------+--------------+
|  RTL Ports  | Dir | Bits|  Protocol  |             Source Object            |    C Type    |
+-------------+-----+-----+------------+--------------------------------------+--------------+
|ap_clk       |   in|    1|  ap_ctrl_hs|  sha3_256_hls_Pipeline_extract_output|  return value|
|ap_rst       |   in|    1|  ap_ctrl_hs|  sha3_256_hls_Pipeline_extract_output|  return value|
|ap_start     |   in|    1|  ap_ctrl_hs|  sha3_256_hls_Pipeline_extract_output|  return value|
|ap_done      |  out|    1|  ap_ctrl_hs|  sha3_256_hls_Pipeline_extract_output|  return value|
|ap_idle      |  out|    1|  ap_ctrl_hs|  sha3_256_hls_Pipeline_extract_output|  return value|
|ap_ready     |  out|    1|  ap_ctrl_hs|  sha3_256_hls_Pipeline_extract_output|  return value|
|h_31         |  out|    8|      ap_vld|                                  h_31|       pointer|
|h_31_ap_vld  |  out|    1|      ap_vld|                                  h_31|       pointer|
|h_30         |  out|    8|      ap_vld|                                  h_30|       pointer|
|h_30_ap_vld  |  out|    1|      ap_vld|                                  h_30|       pointer|
|h_29         |  out|    8|      ap_vld|                                  h_29|       pointer|
|h_29_ap_vld  |  out|    1|      ap_vld|                                  h_29|       pointer|
|h_28         |  out|    8|      ap_vld|                                  h_28|       pointer|
|h_28_ap_vld  |  out|    1|      ap_vld|                                  h_28|       pointer|
|h_27         |  out|    8|      ap_vld|                                  h_27|       pointer|
|h_27_ap_vld  |  out|    1|      ap_vld|                                  h_27|       pointer|
|h_26         |  out|    8|      ap_vld|                                  h_26|       pointer|
|h_26_ap_vld  |  out|    1|      ap_vld|                                  h_26|       pointer|
|h_25         |  out|    8|      ap_vld|                                  h_25|       pointer|
|h_25_ap_vld  |  out|    1|      ap_vld|                                  h_25|       pointer|
|h_24         |  out|    8|      ap_vld|                                  h_24|       pointer|
|h_24_ap_vld  |  out|    1|      ap_vld|                                  h_24|       pointer|
|h_23         |  out|    8|      ap_vld|                                  h_23|       pointer|
|h_23_ap_vld  |  out|    1|      ap_vld|                                  h_23|       pointer|
|h_22         |  out|    8|      ap_vld|                                  h_22|       pointer|
|h_22_ap_vld  |  out|    1|      ap_vld|                                  h_22|       pointer|
|h_21         |  out|    8|      ap_vld|                                  h_21|       pointer|
|h_21_ap_vld  |  out|    1|      ap_vld|                                  h_21|       pointer|
|h_20         |  out|    8|      ap_vld|                                  h_20|       pointer|
|h_20_ap_vld  |  out|    1|      ap_vld|                                  h_20|       pointer|
|h_19         |  out|    8|      ap_vld|                                  h_19|       pointer|
|h_19_ap_vld  |  out|    1|      ap_vld|                                  h_19|       pointer|
|h_18         |  out|    8|      ap_vld|                                  h_18|       pointer|
|h_18_ap_vld  |  out|    1|      ap_vld|                                  h_18|       pointer|
|h_17         |  out|    8|      ap_vld|                                  h_17|       pointer|
|h_17_ap_vld  |  out|    1|      ap_vld|                                  h_17|       pointer|
|h_16         |  out|    8|      ap_vld|                                  h_16|       pointer|
|h_16_ap_vld  |  out|    1|      ap_vld|                                  h_16|       pointer|
|h_15         |  out|    8|      ap_vld|                                  h_15|       pointer|
|h_15_ap_vld  |  out|    1|      ap_vld|                                  h_15|       pointer|
|h_14         |  out|    8|      ap_vld|                                  h_14|       pointer|
|h_14_ap_vld  |  out|    1|      ap_vld|                                  h_14|       pointer|
|h_13         |  out|    8|      ap_vld|                                  h_13|       pointer|
|h_13_ap_vld  |  out|    1|      ap_vld|                                  h_13|       pointer|
|h_12         |  out|    8|      ap_vld|                                  h_12|       pointer|
|h_12_ap_vld  |  out|    1|      ap_vld|                                  h_12|       pointer|
|h_11         |  out|    8|      ap_vld|                                  h_11|       pointer|
|h_11_ap_vld  |  out|    1|      ap_vld|                                  h_11|       pointer|
|h_10         |  out|    8|      ap_vld|                                  h_10|       pointer|
|h_10_ap_vld  |  out|    1|      ap_vld|                                  h_10|       pointer|
|h_9          |  out|    8|      ap_vld|                                   h_9|       pointer|
|h_9_ap_vld   |  out|    1|      ap_vld|                                   h_9|       pointer|
|h_8          |  out|    8|      ap_vld|                                   h_8|       pointer|
|h_8_ap_vld   |  out|    1|      ap_vld|                                   h_8|       pointer|
|h_7          |  out|    8|      ap_vld|                                   h_7|       pointer|
|h_7_ap_vld   |  out|    1|      ap_vld|                                   h_7|       pointer|
|h_6          |  out|    8|      ap_vld|                                   h_6|       pointer|
|h_6_ap_vld   |  out|    1|      ap_vld|                                   h_6|       pointer|
|h_5          |  out|    8|      ap_vld|                                   h_5|       pointer|
|h_5_ap_vld   |  out|    1|      ap_vld|                                   h_5|       pointer|
|h_4          |  out|    8|      ap_vld|                                   h_4|       pointer|
|h_4_ap_vld   |  out|    1|      ap_vld|                                   h_4|       pointer|
|h_3          |  out|    8|      ap_vld|                                   h_3|       pointer|
|h_3_ap_vld   |  out|    1|      ap_vld|                                   h_3|       pointer|
|h_2          |  out|    8|      ap_vld|                                   h_2|       pointer|
|h_2_ap_vld   |  out|    1|      ap_vld|                                   h_2|       pointer|
|h_1          |  out|    8|      ap_vld|                                   h_1|       pointer|
|h_1_ap_vld   |  out|    1|      ap_vld|                                   h_1|       pointer|
|h_0          |  out|    8|      ap_vld|                                   h_0|       pointer|
|h_0_ap_vld   |  out|    1|      ap_vld|                                   h_0|       pointer|
|s_load       |   in|   64|     ap_none|                                s_load|        scalar|
|s_1_load     |   in|   64|     ap_none|                              s_1_load|        scalar|
|s_2_load     |   in|   64|     ap_none|                              s_2_load|        scalar|
|s_3_load     |   in|   64|     ap_none|                              s_3_load|        scalar|
+-------------+-----+-----+------------+--------------------------------------+--------------+

============================================================
+ Verbose Summary: Synthesis Manager
============================================================
InlineROM: 1
ExposeGlobal: 0
============================================================
+ Verbose Summary: CDFG Model
============================================================
IsTopModel: 0
ResetActiveHigh: 1
IsCombinational: 2
IsDatapathOnly: 2
HasWiredReturn: 1
HasMFsm: 2
HasVarLatency: 1
IsPipeline: 0
IsRtlPipelined: 0
IsInstanceOverlapped: 0
IsDontTouch: 0
HasImplIP: 0
IsGatedGlobalClock: 0

+ Individual pipeline summary: 
  * Pipeline-0: initiation interval (II) = 1, depth = 1


============================================================
+ Verbose Summary: Schedule
============================================================
* Number of FSM states : 1
* Pipeline : 1
  Pipeline-0 : II = 1, D = 1, States = { 1 }
* Dataflow Pipeline: 0

* FSM state transitions: 
1 --> 

* FSM state operations: 

State 1 <SV = 0> <Delay = 4.74>
ST_1 : Operation 4 [1/1] (0.00ns)   --->   "%i1 = alloca i32 1"   --->   Operation 4 'alloca' 'i1' <Predicate = true> <Delay = 0.00>
ST_1 : Operation 5 [1/1] (0.00ns)   --->   "%s_3_load_read = read i64 @_ssdm_op_Read.ap_auto.i64, i64 %s_3_load"   --->   Operation 5 'read' 's_3_load_read' <Predicate = true> <Delay = 0.00>
ST_1 : Operation 6 [1/1] (0.00ns)   --->   "%s_2_load_read = read i64 @_ssdm_op_Read.ap_auto.i64, i64 %s_2_load"   --->   Operation 6 'read' 's_2_load_read' <Predicate = true> <Delay = 0.00>
ST_1 : Operation 7 [1/1] (0.00ns)   --->   "%s_1_load_read = read i64 @_ssdm_op_Read.ap_auto.i64, i64 %s_1_load"   --->   Operation 7 'read' 's_1_load_read' <Predicate = true> <Delay = 0.00>
ST_1 : Operation 8 [1/1] (0.00ns)   --->   "%s_load_read = read i64 @_ssdm_op_Read.ap_auto.i64, i64 %s_load"   --->   Operation 8 'read' 's_load_read' <Predicate = true> <Delay = 0.00>
ST_1 : Operation 9 [1/1] (1.58ns)   --->   "%store_ln0 = store i2 0, i2 %i1"   --->   Operation 9 'store' 'store_ln0' <Predicate = true> <Delay = 1.58>
ST_1 : Operation 10 [1/1] (0.00ns)   --->   "%br_ln0 = br void %for.body.split"   --->   Operation 10 'br' 'br_ln0' <Predicate = true> <Delay = 0.00>
ST_1 : Operation 11 [1/1] (0.00ns)   --->   "%i1_load = load i2 %i1" [../fips202.c:325]   --->   Operation 11 'load' 'i1_load' <Predicate = true> <Delay = 0.00>
ST_1 : Operation 12 [1/1] (0.00ns)   --->   "%specpipeline_ln326 = specpipeline void @_ssdm_op_SpecPipeline, i32 1, i32 0, i32 0, i32 0, void @empty_0" [../fips202.c:326]   --->   Operation 12 'specpipeline' 'specpipeline_ln326' <Predicate = true> <Delay = 0.00>
ST_1 : Operation 13 [1/1] (0.00ns)   --->   "%speclooptripcount_ln325 = speclooptripcount void @_ssdm_op_SpecLoopTripCount, i64 4, i64 4, i64 4" [../fips202.c:325]   --->   Operation 13 'speclooptripcount' 'speclooptripcount_ln325' <Predicate = true> <Delay = 0.00>
ST_1 : Operation 14 [1/1] (0.00ns)   --->   "%specloopname_ln325 = specloopname void @_ssdm_op_SpecLoopName, void @empty_10" [../fips202.c:325]   --->   Operation 14 'specloopname' 'specloopname_ln325' <Predicate = true> <Delay = 0.00>
ST_1 : Operation 15 [1/1] (1.82ns)   --->   "%u_assign = sparsemux i64 @_ssdm_op_SparseMux.ap_auto.4i64.i64.i2, i2 0, i64 %s_load_read, i2 1, i64 %s_1_load_read, i2 2, i64 %s_2_load_read, i2 3, i64 %s_3_load_read, i64 0, i2 %i1_load" [../fips202.c:327]   --->   Operation 15 'sparsemux' 'u_assign' <Predicate = true> <Delay = 1.82> <CoreInst = "BinarySparseMux_DontCare">   --->   Core 137 'BinarySparseMux_DontCare' <Latency = 0> <II = 1> <Delay = 1.82> <FuncUnit> <Opcode : 'sparsemux'> <InPorts = 2> <OutPorts = 1>
ST_1 : Operation 16 [1/1] (0.00ns)   --->   "%trunc_ln47 = trunc i64 %u_assign" [../fips202.c:47->../fips202.c:327]   --->   Operation 16 'trunc' 'trunc_ln47' <Predicate = true> <Delay = 0.00>
ST_1 : Operation 17 [1/1] (0.00ns)   --->   "%trunc_ln47_1 = partselect i8 @_ssdm_op_PartSelect.i8.i64.i32.i32, i64 %u_assign, i32 8, i32 15" [../fips202.c:47->../fips202.c:327]   --->   Operation 17 'partselect' 'trunc_ln47_1' <Predicate = true> <Delay = 0.00>
ST_1 : Operation 18 [1/1] (0.00ns)   --->   "%trunc_ln47_2 = partselect i8 @_ssdm_op_PartSelect.i8.i64.i32.i32, i64 %u_assign, i32 16, i32 23" [../fips202.c:47->../fips202.c:327]   --->   Operation 18 'partselect' 'trunc_ln47_2' <Predicate = true> <Delay = 0.00>
ST_1 : Operation 19 [1/1] (0.00ns)   --->   "%trunc_ln47_3 = partselect i8 @_ssdm_op_PartSelect.i8.i64.i32.i32, i64 %u_assign, i32 24, i32 31" [../fips202.c:47->../fips202.c:327]   --->   Operation 19 'partselect' 'trunc_ln47_3' <Predicate = true> <Delay = 0.00>
ST_1 : Operation 20 [1/1] (0.00ns)   --->   "%trunc_ln47_4 = partselect i8 @_ssdm_op_PartSelect.i8.i64.i32.i32, i64 %u_assign, i32 32, i32 39" [../fips202.c:47->../fips202.c:327]   --->   Operation 20 'partselect' 'trunc_ln47_4' <Predicate = true> <Delay = 0.00>
ST_1 : Operation 21 [1/1] (0.00ns)   --->   "%trunc_ln47_5 = partselect i8 @_ssdm_op_PartSelect.i8.i64.i32.i32, i64 %u_assign, i32 40, i32 47" [../fips202.c:47->../fips202.c:327]   --->   Operation 21 'partselect' 'trunc_ln47_5' <Predicate = true> <Delay = 0.00>
ST_1 : Operation 22 [1/1] (0.00ns)   --->   "%trunc_ln47_6 = partselect i8 @_ssdm_op_PartSelect.i8.i64.i32.i32, i64 %u_assign, i32 48, i32 55" [../fips202.c:47->../fips202.c:327]   --->   Operation 22 'partselect' 'trunc_ln47_6' <Predicate = true> <Delay = 0.00>
ST_1 : Operation 23 [1/1] (0.00ns)   --->   "%trunc_ln47_7 = partselect i8 @_ssdm_op_PartSelect.i8.i64.i32.i32, i64 %u_assign, i32 56, i32 63" [../fips202.c:47->../fips202.c:327]   --->   Operation 23 'partselect' 'trunc_ln47_7' <Predicate = true> <Delay = 0.00>
ST_1 : Operation 24 [1/1] (1.56ns)   --->   "%i = add i2 %i1_load, i2 1" [../fips202.c:325]   --->   Operation 24 'add' 'i' <Predicate = true> <Delay = 1.56> <CoreInst = "Adder">   --->   Core 1 'Adder' <Latency = 0> <II = 1> <Delay = 1.56> <FuncUnit> <Opcode : 'add' 'sub'> <InPorts = 2> <OutPorts = 1>
ST_1 : Operation 25 [1/1] (1.56ns)   --->   "%switch_ln47 = switch i2 %i1_load, void %arrayidx.i1.78.case.31, i2 0, void %arrayidx.i1.78.case.7, i2 1, void %arrayidx.i1.78.case.15, i2 2, void %arrayidx.i1.78.case.23" [../fips202.c:47->../fips202.c:327]   --->   Operation 25 'switch' 'switch_ln47' <Predicate = true> <Delay = 1.56>
ST_1 : Operation 26 [1/1] (0.00ns)   --->   "%write_ln47 = write void @_ssdm_op_Write.ap_auto.i8P0A, i8 %h_16, i8 %trunc_ln47" [../fips202.c:47->../fips202.c:327]   --->   Operation 26 'write' 'write_ln47' <Predicate = (i1_load == 2)> <Delay = 0.00>
ST_1 : Operation 27 [1/1] (0.00ns)   --->   "%write_ln47 = write void @_ssdm_op_Write.ap_auto.i8P0A, i8 %h_17, i8 %trunc_ln47_1" [../fips202.c:47->../fips202.c:327]   --->   Operation 27 'write' 'write_ln47' <Predicate = (i1_load == 2)> <Delay = 0.00>
ST_1 : Operation 28 [1/1] (0.00ns)   --->   "%write_ln47 = write void @_ssdm_op_Write.ap_auto.i8P0A, i8 %h_18, i8 %trunc_ln47_2" [../fips202.c:47->../fips202.c:327]   --->   Operation 28 'write' 'write_ln47' <Predicate = (i1_load == 2)> <Delay = 0.00>
ST_1 : Operation 29 [1/1] (0.00ns)   --->   "%write_ln47 = write void @_ssdm_op_Write.ap_auto.i8P0A, i8 %h_19, i8 %trunc_ln47_3" [../fips202.c:47->../fips202.c:327]   --->   Operation 29 'write' 'write_ln47' <Predicate = (i1_load == 2)> <Delay = 0.00>
ST_1 : Operation 30 [1/1] (0.00ns)   --->   "%write_ln47 = write void @_ssdm_op_Write.ap_auto.i8P0A, i8 %h_20, i8 %trunc_ln47_4" [../fips202.c:47->../fips202.c:327]   --->   Operation 30 'write' 'write_ln47' <Predicate = (i1_load == 2)> <Delay = 0.00>
ST_1 : Operation 31 [1/1] (0.00ns)   --->   "%write_ln47 = write void @_ssdm_op_Write.ap_auto.i8P0A, i8 %h_21, i8 %trunc_ln47_5" [../fips202.c:47->../fips202.c:327]   --->   Operation 31 'write' 'write_ln47' <Predicate = (i1_load == 2)> <Delay = 0.00>
ST_1 : Operation 32 [1/1] (0.00ns)   --->   "%write_ln47 = write void @_ssdm_op_Write.ap_auto.i8P0A, i8 %h_22, i8 %trunc_ln47_6" [../fips202.c:47->../fips202.c:327]   --->   Operation 32 'write' 'write_ln47' <Predicate = (i1_load == 2)> <Delay = 0.00>
ST_1 : Operation 33 [1/1] (0.00ns)   --->   "%write_ln47 = write void @_ssdm_op_Write.ap_auto.i8P0A, i8 %h_23, i8 %trunc_ln47_7" [../fips202.c:47->../fips202.c:327]   --->   Operation 33 'write' 'write_ln47' <Predicate = (i1_load == 2)> <Delay = 0.00>
ST_1 : Operation 34 [1/1] (0.00ns)   --->   "%br_ln47 = br void %arrayidx.i1.78.exit" [../fips202.c:47->../fips202.c:327]   --->   Operation 34 'br' 'br_ln47' <Predicate = (i1_load == 2)> <Delay = 0.00>
ST_1 : Operation 35 [1/1] (0.00ns)   --->   "%write_ln47 = write void @_ssdm_op_Write.ap_auto.i8P0A, i8 %h_8, i8 %trunc_ln47" [../fips202.c:47->../fips202.c:327]   --->   Operation 35 'write' 'write_ln47' <Predicate = (i1_load == 1)> <Delay = 0.00>
ST_1 : Operation 36 [1/1] (0.00ns)   --->   "%write_ln47 = write void @_ssdm_op_Write.ap_auto.i8P0A, i8 %h_9, i8 %trunc_ln47_1" [../fips202.c:47->../fips202.c:327]   --->   Operation 36 'write' 'write_ln47' <Predicate = (i1_load == 1)> <Delay = 0.00>
ST_1 : Operation 37 [1/1] (0.00ns)   --->   "%write_ln47 = write void @_ssdm_op_Write.ap_auto.i8P0A, i8 %h_10, i8 %trunc_ln47_2" [../fips202.c:47->../fips202.c:327]   --->   Operation 37 'write' 'write_ln47' <Predicate = (i1_load == 1)> <Delay = 0.00>
ST_1 : Operation 38 [1/1] (0.00ns)   --->   "%write_ln47 = write void @_ssdm_op_Write.ap_auto.i8P0A, i8 %h_11, i8 %trunc_ln47_3" [../fips202.c:47->../fips202.c:327]   --->   Operation 38 'write' 'write_ln47' <Predicate = (i1_load == 1)> <Delay = 0.00>
ST_1 : Operation 39 [1/1] (0.00ns)   --->   "%write_ln47 = write void @_ssdm_op_Write.ap_auto.i8P0A, i8 %h_12, i8 %trunc_ln47_4" [../fips202.c:47->../fips202.c:327]   --->   Operation 39 'write' 'write_ln47' <Predicate = (i1_load == 1)> <Delay = 0.00>
ST_1 : Operation 40 [1/1] (0.00ns)   --->   "%write_ln47 = write void @_ssdm_op_Write.ap_auto.i8P0A, i8 %h_13, i8 %trunc_ln47_5" [../fips202.c:47->../fips202.c:327]   --->   Operation 40 'write' 'write_ln47' <Predicate = (i1_load == 1)> <Delay = 0.00>
ST_1 : Operation 41 [1/1] (0.00ns)   --->   "%write_ln47 = write void @_ssdm_op_Write.ap_auto.i8P0A, i8 %h_14, i8 %trunc_ln47_6" [../fips202.c:47->../fips202.c:327]   --->   Operation 41 'write' 'write_ln47' <Predicate = (i1_load == 1)> <Delay = 0.00>
ST_1 : Operation 42 [1/1] (0.00ns)   --->   "%write_ln47 = write void @_ssdm_op_Write.ap_auto.i8P0A, i8 %h_15, i8 %trunc_ln47_7" [../fips202.c:47->../fips202.c:327]   --->   Operation 42 'write' 'write_ln47' <Predicate = (i1_load == 1)> <Delay = 0.00>
ST_1 : Operation 43 [1/1] (0.00ns)   --->   "%br_ln47 = br void %arrayidx.i1.78.exit" [../fips202.c:47->../fips202.c:327]   --->   Operation 43 'br' 'br_ln47' <Predicate = (i1_load == 1)> <Delay = 0.00>
ST_1 : Operation 44 [1/1] (0.00ns)   --->   "%write_ln47 = write void @_ssdm_op_Write.ap_auto.i8P0A, i8 %h_0, i8 %trunc_ln47" [../fips202.c:47->../fips202.c:327]   --->   Operation 44 'write' 'write_ln47' <Predicate = (i1_load == 0)> <Delay = 0.00>
ST_1 : Operation 45 [1/1] (0.00ns)   --->   "%write_ln47 = write void @_ssdm_op_Write.ap_auto.i8P0A, i8 %h_1, i8 %trunc_ln47_1" [../fips202.c:47->../fips202.c:327]   --->   Operation 45 'write' 'write_ln47' <Predicate = (i1_load == 0)> <Delay = 0.00>
ST_1 : Operation 46 [1/1] (0.00ns)   --->   "%write_ln47 = write void @_ssdm_op_Write.ap_auto.i8P0A, i8 %h_2, i8 %trunc_ln47_2" [../fips202.c:47->../fips202.c:327]   --->   Operation 46 'write' 'write_ln47' <Predicate = (i1_load == 0)> <Delay = 0.00>
ST_1 : Operation 47 [1/1] (0.00ns)   --->   "%write_ln47 = write void @_ssdm_op_Write.ap_auto.i8P0A, i8 %h_3, i8 %trunc_ln47_3" [../fips202.c:47->../fips202.c:327]   --->   Operation 47 'write' 'write_ln47' <Predicate = (i1_load == 0)> <Delay = 0.00>
ST_1 : Operation 48 [1/1] (0.00ns)   --->   "%write_ln47 = write void @_ssdm_op_Write.ap_auto.i8P0A, i8 %h_4, i8 %trunc_ln47_4" [../fips202.c:47->../fips202.c:327]   --->   Operation 48 'write' 'write_ln47' <Predicate = (i1_load == 0)> <Delay = 0.00>
ST_1 : Operation 49 [1/1] (0.00ns)   --->   "%write_ln47 = write void @_ssdm_op_Write.ap_auto.i8P0A, i8 %h_5, i8 %trunc_ln47_5" [../fips202.c:47->../fips202.c:327]   --->   Operation 49 'write' 'write_ln47' <Predicate = (i1_load == 0)> <Delay = 0.00>
ST_1 : Operation 50 [1/1] (0.00ns)   --->   "%write_ln47 = write void @_ssdm_op_Write.ap_auto.i8P0A, i8 %h_6, i8 %trunc_ln47_6" [../fips202.c:47->../fips202.c:327]   --->   Operation 50 'write' 'write_ln47' <Predicate = (i1_load == 0)> <Delay = 0.00>
ST_1 : Operation 51 [1/1] (0.00ns)   --->   "%write_ln47 = write void @_ssdm_op_Write.ap_auto.i8P0A, i8 %h_7, i8 %trunc_ln47_7" [../fips202.c:47->../fips202.c:327]   --->   Operation 51 'write' 'write_ln47' <Predicate = (i1_load == 0)> <Delay = 0.00>
ST_1 : Operation 52 [1/1] (0.00ns)   --->   "%br_ln47 = br void %arrayidx.i1.78.exit" [../fips202.c:47->../fips202.c:327]   --->   Operation 52 'br' 'br_ln47' <Predicate = (i1_load == 0)> <Delay = 0.00>
ST_1 : Operation 53 [1/1] (0.00ns)   --->   "%write_ln47 = write void @_ssdm_op_Write.ap_auto.i8P0A, i8 %h_24, i8 %trunc_ln47" [../fips202.c:47->../fips202.c:327]   --->   Operation 53 'write' 'write_ln47' <Predicate = (i1_load == 3)> <Delay = 0.00>
ST_1 : Operation 54 [1/1] (0.00ns)   --->   "%write_ln47 = write void @_ssdm_op_Write.ap_auto.i8P0A, i8 %h_25, i8 %trunc_ln47_1" [../fips202.c:47->../fips202.c:327]   --->   Operation 54 'write' 'write_ln47' <Predicate = (i1_load == 3)> <Delay = 0.00>
ST_1 : Operation 55 [1/1] (0.00ns)   --->   "%write_ln47 = write void @_ssdm_op_Write.ap_auto.i8P0A, i8 %h_26, i8 %trunc_ln47_2" [../fips202.c:47->../fips202.c:327]   --->   Operation 55 'write' 'write_ln47' <Predicate = (i1_load == 3)> <Delay = 0.00>
ST_1 : Operation 56 [1/1] (0.00ns)   --->   "%write_ln47 = write void @_ssdm_op_Write.ap_auto.i8P0A, i8 %h_27, i8 %trunc_ln47_3" [../fips202.c:47->../fips202.c:327]   --->   Operation 56 'write' 'write_ln47' <Predicate = (i1_load == 3)> <Delay = 0.00>
ST_1 : Operation 57 [1/1] (0.00ns)   --->   "%write_ln47 = write void @_ssdm_op_Write.ap_auto.i8P0A, i8 %h_28, i8 %trunc_ln47_4" [../fips202.c:47->../fips202.c:327]   --->   Operation 57 'write' 'write_ln47' <Predicate = (i1_load == 3)> <Delay = 0.00>
ST_1 : Operation 58 [1/1] (0.00ns)   --->   "%write_ln47 = write void @_ssdm_op_Write.ap_auto.i8P0A, i8 %h_29, i8 %trunc_ln47_5" [../fips202.c:47->../fips202.c:327]   --->   Operation 58 'write' 'write_ln47' <Predicate = (i1_load == 3)> <Delay = 0.00>
ST_1 : Operation 59 [1/1] (0.00ns)   --->   "%write_ln47 = write void @_ssdm_op_Write.ap_auto.i8P0A, i8 %h_30, i8 %trunc_ln47_6" [../fips202.c:47->../fips202.c:327]   --->   Operation 59 'write' 'write_ln47' <Predicate = (i1_load == 3)> <Delay = 0.00>
ST_1 : Operation 60 [1/1] (0.00ns)   --->   "%write_ln47 = write void @_ssdm_op_Write.ap_auto.i8P0A, i8 %h_31, i8 %trunc_ln47_7" [../fips202.c:47->../fips202.c:327]   --->   Operation 60 'write' 'write_ln47' <Predicate = (i1_load == 3)> <Delay = 0.00>
ST_1 : Operation 61 [1/1] (0.00ns)   --->   "%br_ln47 = br void %arrayidx.i1.78.exit" [../fips202.c:47->../fips202.c:327]   --->   Operation 61 'br' 'br_ln47' <Predicate = (i1_load == 3)> <Delay = 0.00>
ST_1 : Operation 62 [1/1] (1.56ns)   --->   "%icmp_ln325 = icmp_eq  i2 %i1_load, i2 3" [../fips202.c:325]   --->   Operation 62 'icmp' 'icmp_ln325' <Predicate = true> <Delay = 1.56> <CoreInst = "Cmp">   --->   Core 9 'Cmp' <Latency = 0> <II = 1> <Delay = 1.56> <FuncUnit> <Opcode : 'seteq' 'setne' 'setle' 'setge' 'setlt' 'setgt'> <InPorts = 2> <OutPorts = 1>
ST_1 : Operation 63 [1/1] (1.58ns)   --->   "%store_ln325 = store i2 %i, i2 %i1" [../fips202.c:325]   --->   Operation 63 'store' 'store_ln325' <Predicate = true> <Delay = 1.58>
ST_1 : Operation 64 [1/1] (0.00ns)   --->   "%br_ln325 = br i1 %icmp_ln325, void %for.body.split, void %for.end.exitStub" [../fips202.c:325]   --->   Operation 64 'br' 'br_ln325' <Predicate = true> <Delay = 0.00>
ST_1 : Operation 65 [1/1] (1.58ns)   --->   "%ret_ln0 = ret"   --->   Operation 65 'ret' 'ret_ln0' <Predicate = (icmp_ln325)> <Delay = 1.58>


============================================================
+ Verbose Summary: Binding
============================================================
STG Binding: 
---------------- STG Properties BEGIN ----------------
- Is combinational: 0
- Is one-state seq: 0
- Is datapath-only: 0
- Is pipelined: 0
- Is top level: 0
Port [ Return ] is wired: 1; IO mode=ap_ctrl_hs:ce=0
Port [ h_31]:  wired=1; compound=0; hidden=0; nouse=0; global=0; static=0; extern=0; dir=1; type=0; pingpong=0; private_global=0; IO mode=ap_vld:ce=0
Port [ h_30]:  wired=1; compound=0; hidden=0; nouse=0; global=0; static=0; extern=0; dir=1; type=0; pingpong=0; private_global=0; IO mode=ap_vld:ce=0
Port [ h_29]:  wired=1; compound=0; hidden=0; nouse=0; global=0; static=0; extern=0; dir=1; type=0; pingpong=0; private_global=0; IO mode=ap_vld:ce=0
Port [ h_28]:  wired=1; compound=0; hidden=0; nouse=0; global=0; static=0; extern=0; dir=1; type=0; pingpong=0; private_global=0; IO mode=ap_vld:ce=0
Port [ h_27]:  wired=1; compound=0; hidden=0; nouse=0; global=0; static=0; extern=0; dir=1; type=0; pingpong=0; private_global=0; IO mode=ap_vld:ce=0
Port [ h_26]:  wired=1; compound=0; hidden=0; nouse=0; global=0; static=0; extern=0; dir=1; type=0; pingpong=0; private_global=0; IO mode=ap_vld:ce=0
Port [ h_25]:  wired=1; compound=0; hidden=0; nouse=0; global=0; static=0; extern=0; dir=1; type=0; pingpong=0; private_global=0; IO mode=ap_vld:ce=0
Port [ h_24]:  wired=1; compound=0; hidden=0; nouse=0; global=0; static=0; extern=0; dir=1; type=0; pingpong=0; private_global=0; IO mode=ap_vld:ce=0
Port [ h_23]:  wired=1; compound=0; hidden=0; nouse=0; global=0; static=0; extern=0; dir=1; type=0; pingpong=0; private_global=0; IO mode=ap_vld:ce=0
Port [ h_22]:  wired=1; compound=0; hidden=0; nouse=0; global=0; static=0; extern=0; dir=1; type=0; pingpong=0; private_global=0; IO mode=ap_vld:ce=0
Port [ h_21]:  wired=1; compound=0; hidden=0; nouse=0; global=0; static=0; extern=0; dir=1; type=0; pingpong=0; private_global=0; IO mode=ap_vld:ce=0
Port [ h_20]:  wired=1; compound=0; hidden=0; nouse=0; global=0; static=0; extern=0; dir=1; type=0; pingpong=0; private_global=0; IO mode=ap_vld:ce=0
Port [ h_19]:  wired=1; compound=0; hidden=0; nouse=0; global=0; static=0; extern=0; dir=1; type=0; pingpong=0; private_global=0; IO mode=ap_vld:ce=0
Port [ h_18]:  wired=1; compound=0; hidden=0; nouse=0; global=0; static=0; extern=0; dir=1; type=0; pingpong=0; private_global=0; IO mode=ap_vld:ce=0
Port [ h_17]:  wired=1; compound=0; hidden=0; nouse=0; global=0; static=0; extern=0; dir=1; type=0; pingpong=0; private_global=0; IO mode=ap_vld:ce=0
Port [ h_16]:  wired=1; compound=0; hidden=0; nouse=0; global=0; static=0; extern=0; dir=1; type=0; pingpong=0; private_global=0; IO mode=ap_vld:ce=0
Port [ h_15]:  wired=1; compound=0; hidden=0; nouse=0; global=0; static=0; extern=0; dir=1; type=0; pingpong=0; private_global=0; IO mode=ap_vld:ce=0
Port [ h_14]:  wired=1; compound=0; hidden=0; nouse=0; global=0; static=0; extern=0; dir=1; type=0; pingpong=0; private_global=0; IO mode=ap_vld:ce=0
Port [ h_13]:  wired=1; compound=0; hidden=0; nouse=0; global=0; static=0; extern=0; dir=1; type=0; pingpong=0; private_global=0; IO mode=ap_vld:ce=0
Port [ h_12]:  wired=1; compound=0; hidden=0; nouse=0; global=0; static=0; extern=0; dir=1; type=0; pingpong=0; private_global=0; IO mode=ap_vld:ce=0
Port [ h_11]:  wired=1; compound=0; hidden=0; nouse=0; global=0; static=0; extern=0; dir=1; type=0; pingpong=0; private_global=0; IO mode=ap_vld:ce=0
Port [ h_10]:  wired=1; compound=0; hidden=0; nouse=0; global=0; static=0; extern=0; dir=1; type=0; pingpong=0; private_global=0; IO mode=ap_vld:ce=0
Port [ h_9]:  wired=1; compound=0; hidden=0; nouse=0; global=0; static=0; extern=0; dir=1; type=0; pingpong=0; private_global=0; IO mode=ap_vld:ce=0
Port [ h_8]:  wired=1; compound=0; hidden=0; nouse=0; global=0; static=0; extern=0; dir=1; type=0; pingpong=0; private_global=0; IO mode=ap_vld:ce=0
Port [ h_7]:  wired=1; compound=0; hidden=0; nouse=0; global=0; static=0; extern=0; dir=1; type=0; pingpong=0; private_global=0; IO mode=ap_vld:ce=0
Port [ h_6]:  wired=1; compound=0; hidden=0; nouse=0; global=0; static=0; extern=0; dir=1; type=0; pingpong=0; private_global=0; IO mode=ap_vld:ce=0
Port [ h_5]:  wired=1; compound=0; hidden=0; nouse=0; global=0; static=0; extern=0; dir=1; type=0; pingpong=0; private_global=0; IO mode=ap_vld:ce=0
Port [ h_4]:  wired=1; compound=0; hidden=0; nouse=0; global=0; static=0; extern=0; dir=1; type=0; pingpong=0; private_global=0; IO mode=ap_vld:ce=0
Port [ h_3]:  wired=1; compound=0; hidden=0; nouse=0; global=0; static=0; extern=0; dir=1; type=0; pingpong=0; private_global=0; IO mode=ap_vld:ce=0
Port [ h_2]:  wired=1; compound=0; hidden=0; nouse=0; global=0; static=0; extern=0; dir=1; type=0; pingpong=0; private_global=0; IO mode=ap_vld:ce=0
Port [ h_1]:  wired=1; compound=0; hidden=0; nouse=0; global=0; static=0; extern=0; dir=1; type=0; pingpong=0; private_global=0; IO mode=ap_vld:ce=0
Port [ h_0]:  wired=1; compound=0; hidden=0; nouse=0; global=0; static=0; extern=0; dir=1; type=0; pingpong=0; private_global=0; IO mode=ap_vld:ce=0
Port [ s_load]:  wired=1; compound=0; hidden=0; nouse=0; global=0; static=0; extern=0; dir=0; type=0; pingpong=0; private_global=0; IO mode=ap_none:ce=0
Port [ s_1_load]:  wired=1; compound=0; hidden=0; nouse=0; global=0; static=0; extern=0; dir=0; type=0; pingpong=0; private_global=0; IO mode=ap_none:ce=0
Port [ s_2_load]:  wired=1; compound=0; hidden=0; nouse=0; global=0; static=0; extern=0; dir=0; type=0; pingpong=0; private_global=0; IO mode=ap_none:ce=0
Port [ s_3_load]:  wired=1; compound=0; hidden=0; nouse=0; global=0; static=0; extern=0; dir=0; type=0; pingpong=0; private_global=0; IO mode=ap_none:ce=0
---------------- STG Properties END ------------------

---------------- Datapath Model BEGIN ----------------

<LifeTime>
<method=bitvector/>
i1                      (alloca           ) [ 01]
s_3_load_read           (read             ) [ 00]
s_2_load_read           (read             ) [ 00]
s_1_load_read           (read             ) [ 00]
s_load_read             (read             ) [ 00]
store_ln0               (store            ) [ 00]
br_ln0                  (br               ) [ 00]
i1_load                 (load             ) [ 01]
specpipeline_ln326      (specpipeline     ) [ 00]
speclooptripcount_ln325 (speclooptripcount) [ 00]
specloopname_ln325      (specloopname     ) [ 00]
u_assign                (sparsemux        ) [ 00]
trunc_ln47              (trunc            ) [ 00]
trunc_ln47_1            (partselect       ) [ 00]
trunc_ln47_2            (partselect       ) [ 00]
trunc_ln47_3            (partselect       ) [ 00]
trunc_ln47_4            (partselect       ) [ 00]
trunc_ln47_5            (partselect       ) [ 00]
trunc_ln47_6            (partselect       ) [ 00]
trunc_ln47_7            (partselect       ) [ 00]
i                       (add              ) [ 00]
switch_ln47             (switch           ) [ 00]
write_ln47              (write            ) [ 00]
write_ln47              (write            ) [ 00]
write_ln47              (write            ) [ 00]
write_ln47              (write            ) [ 00]
write_ln47              (write            ) [ 00]
write_ln47              (write            ) [ 00]
write_ln47              (write            ) [ 00]
write_ln47              (write            ) [ 00]
br_ln47                 (br               ) [ 00]
write_ln47              (write            ) [ 00]
write_ln47              (write            ) [ 00]
write_ln47              (write            ) [ 00]
write_ln47              (write            ) [ 00]
write_ln47              (write            ) [ 00]
write_ln47              (write            ) [ 00]
write_ln47              (write            ) [ 00]
write_ln47              (write            ) [ 00]
br_ln47                 (br               ) [ 00]
write_ln47              (write            ) [ 00]
write_ln47              (write            ) [ 00]
write_ln47              (write            ) [ 00]
write_ln47              (write            ) [ 00]
write_ln47              (write            ) [ 00]
write_ln47              (write            ) [ 00]
write_ln47              (write            ) [ 00]
write_ln47              (write            ) [ 00]
br_ln47                 (br               ) [ 00]
write_ln47              (write            ) [ 00]
write_ln47              (write            ) [ 00]
write_ln47              (write            ) [ 00]
write_ln47              (write            ) [ 00]
write_ln47              (write            ) [ 00]
write_ln47              (write            ) [ 00]
write_ln47              (write            ) [ 00]
write_ln47              (write            ) [ 00]
br_ln47                 (br               ) [ 00]
icmp_ln325              (icmp             ) [ 01]
store_ln325             (store            ) [ 00]
br_ln325                (br               ) [ 00]
ret_ln0                 (ret              ) [ 00]
</LifeTime>

<model>

<comp_list>
<comp id="0" class="1000" name="h_31">
<pin_list>
<pin id="1" dir="1" index="0" bw="1" slack="0"/>
</pin_list>
<bind>
<StgValue><ssdm name="h_31"/></StgValue>
</bind>
</comp>

<comp id="2" class="1000" name="h_30">
<pin_list>
<pin id="3" dir="1" index="0" bw="1" slack="0"/>
</pin_list>
<bind>
<StgValue><ssdm name="h_30"/></StgValue>
</bind>
</comp>

<comp id="4" class="1000" name="h_29">
<pin_list>
<pin id="5" dir="1" index="0" bw="1" slack="0"/>
</pin_list>
<bind>
<StgValue><ssdm name="h_29"/></StgValue>
</bind>
</comp>

<comp id="6" class="1000" name="h_28">
<pin_list>
<pin id="7" dir="1" index="0" bw="1" slack="0"/>
</pin_list>
<bind>
<StgValue><ssdm name="h_28"/></StgValue>
</bind>
</comp>

<comp id="8" class="1000" name="h_27">
<pin_list>
<pin id="9" dir="1" index="0" bw="1" slack="0"/>
</pin_list>
<bind>
<StgValue><ssdm name="h_27"/></StgValue>
</bind>
</comp>

<comp id="10" class="1000" name="h_26">
<pin_list>
<pin id="11" dir="1" index="0" bw="1" slack="0"/>
</pin_list>
<bind>
<StgValue><ssdm name="h_26"/></StgValue>
</bind>
</comp>

<comp id="12" class="1000" name="h_25">
<pin_list>
<pin id="13" dir="1" index="0" bw="1" slack="0"/>
</pin_list>
<bind>
<StgValue><ssdm name="h_25"/></StgValue>
</bind>
</comp>

<comp id="14" class="1000" name="h_24">
<pin_list>
<pin id="15" dir="1" index="0" bw="1" slack="0"/>
</pin_list>
<bind>
<StgValue><ssdm name="h_24"/></StgValue>
</bind>
</comp>

<comp id="16" class="1000" name="h_23">
<pin_list>
<pin id="17" dir="1" index="0" bw="1" slack="0"/>
</pin_list>
<bind>
<StgValue><ssdm name="h_23"/></StgValue>
</bind>
</comp>

<comp id="18" class="1000" name="h_22">
<pin_list>
<pin id="19" dir="1" index="0" bw="1" slack="0"/>
</pin_list>
<bind>
<StgValue><ssdm name="h_22"/></StgValue>
</bind>
</comp>

<comp id="20" class="1000" name="h_21">
<pin_list>
<pin id="21" dir="1" index="0" bw="1" slack="0"/>
</pin_list>
<bind>
<StgValue><ssdm name="h_21"/></StgValue>
</bind>
</comp>

<comp id="22" class="1000" name="h_20">
<pin_list>
<pin id="23" dir="1" index="0" bw="1" slack="0"/>
</pin_list>
<bind>
<StgValue><ssdm name="h_20"/></StgValue>
</bind>
</comp>

<comp id="24" class="1000" name="h_19">
<pin_list>
<pin id="25" dir="1" index="0" bw="1" slack="0"/>
</pin_list>
<bind>
<StgValue><ssdm name="h_19"/></StgValue>
</bind>
</comp>

<comp id="26" class="1000" name="h_18">
<pin_list>
<pin id="27" dir="1" index="0" bw="1" slack="0"/>
</pin_list>
<bind>
<StgValue><ssdm name="h_18"/></StgValue>
</bind>
</comp>

<comp id="28" class="1000" name="h_17">
<pin_list>
<pin id="29" dir="1" index="0" bw="1" slack="0"/>
</pin_list>
<bind>
<StgValue><ssdm name="h_17"/></StgValue>
</bind>
</comp>

<comp id="30" class="1000" name="h_16">
<pin_list>
<pin id="31" dir="1" index="0" bw="1" slack="0"/>
</pin_list>
<bind>
<StgValue><ssdm name="h_16"/></StgValue>
</bind>
</comp>

<comp id="32" class="1000" name="h_15">
<pin_list>
<pin id="33" dir="1" index="0" bw="1" slack="0"/>
</pin_list>
<bind>
<StgValue><ssdm name="h_15"/></StgValue>
</bind>
</comp>

<comp id="34" class="1000" name="h_14">
<pin_list>
<pin id="35" dir="1" index="0" bw="1" slack="0"/>
</pin_list>
<bind>
<StgValue><ssdm name="h_14"/></StgValue>
</bind>
</comp>

<comp id="36" class="1000" name="h_13">
<pin_list>
<pin id="37" dir="1" index="0" bw="1" slack="0"/>
</pin_list>
<bind>
<StgValue><ssdm name="h_13"/></StgValue>
</bind>
</comp>

<comp id="38" class="1000" name="h_12">
<pin_list>
<pin id="39" dir="1" index="0" bw="1" slack="0"/>
</pin_list>
<bind>
<StgValue><ssdm name="h_12"/></StgValue>
</bind>
</comp>

<comp id="40" class="1000" name="h_11">
<pin_list>
<pin id="41" dir="1" index="0" bw="1" slack="0"/>
</pin_list>
<bind>
<StgValue><ssdm name="h_11"/></StgValue>
</bind>
</comp>

<comp id="42" class="1000" name="h_10">
<pin_list>
<pin id="43" dir="1" index="0" bw="1" slack="0"/>
</pin_list>
<bind>
<StgValue><ssdm name="h_10"/></StgValue>
</bind>
</comp>

<comp id="44" class="1000" name="h_9">
<pin_list>
<pin id="45" dir="1" index="0" bw="1" slack="0"/>
</pin_list>
<bind>
<StgValue><ssdm name="h_9"/></StgValue>
</bind>
</comp>

<comp id="46" class="1000" name="h_8">
<pin_list>
<pin id="47" dir="1" index="0" bw="1" slack="0"/>
</pin_list>
<bind>
<StgValue><ssdm name="h_8"/></StgValue>
</bind>
</comp>

<comp id="48" class="1000" name="h_7">
<pin_list>
<pin id="49" dir="1" index="0" bw="1" slack="0"/>
</pin_list>
<bind>
<StgValue><ssdm name="h_7"/></StgValue>
</bind>
</comp>

<comp id="50" class="1000" name="h_6">
<pin_list>
<pin id="51" dir="1" index="0" bw="1" slack="0"/>
</pin_list>
<bind>
<StgValue><ssdm name="h_6"/></StgValue>
</bind>
</comp>

<comp id="52" class="1000" name="h_5">
<pin_list>
<pin id="53" dir="1" index="0" bw="1" slack="0"/>
</pin_list>
<bind>
<StgValue><ssdm name="h_5"/></StgValue>
</bind>
</comp>

<comp id="54" class="1000" name="h_4">
<pin_list>
<pin id="55" dir="1" index="0" bw="1" slack="0"/>
</pin_list>
<bind>
<StgValue><ssdm name="h_4"/></StgValue>
</bind>
</comp>

<comp id="56" class="1000" name="h_3">
<pin_list>
<pin id="57" dir="1" index="0" bw="1" slack="0"/>
</pin_list>
<bind>
<StgValue><ssdm name="h_3"/></StgValue>
</bind>
</comp>

<comp id="58" class="1000" name="h_2">
<pin_list>
<pin id="59" dir="1" index="0" bw="1" slack="0"/>
</pin_list>
<bind>
<StgValue><ssdm name="h_2"/></StgValue>
</bind>
</comp>

<comp id="60" class="1000" name="h_1">
<pin_list>
<pin id="61" dir="1" index="0" bw="1" slack="0"/>
</pin_list>
<bind>
<StgValue><ssdm name="h_1"/></StgValue>
</bind>
</comp>

<comp id="62" class="1000" name="h_0">
<pin_list>
<pin id="63" dir="1" index="0" bw="1" slack="0"/>
</pin_list>
<bind>
<StgValue><ssdm name="h_0"/></StgValue>
</bind>
</comp>

<comp id="64" class="1000" name="s_load">
<pin_list>
<pin id="65" dir="1" index="0" bw="1" slack="0"/>
</pin_list>
<bind>
<StgValue><ssdm name="s_load"/></StgValue>
</bind>
</comp>

<comp id="66" class="1000" name="s_1_load">
<pin_list>
<pin id="67" dir="1" index="0" bw="1" slack="0"/>
</pin_list>
<bind>
<StgValue><ssdm name="s_1_load"/></StgValue>
</bind>
</comp>

<comp id="68" class="1000" name="s_2_load">
<pin_list>
<pin id="69" dir="1" index="0" bw="1" slack="0"/>
</pin_list>
<bind>
<StgValue><ssdm name="s_2_load"/></StgValue>
</bind>
</comp>

<comp id="70" class="1000" name="s_3_load">
<pin_list>
<pin id="71" dir="1" index="0" bw="1" slack="0"/>
</pin_list>
<bind>
<StgValue><ssdm name="s_3_load"/></StgValue>
</bind>
</comp>

<comp id="72" class="1001" name="const_72">
<pin_list>
<pin id="73" dir="1" index="0" bw="1" slack="0"/>
</pin_list>
<bind>
<StgValue><ssdm name=""/></StgValue>
</bind>
</comp>

<comp id="74" class="1001" name="const_74">
<pin_list>
<pin id="75" dir="1" index="0" bw="1" slack="0"/>
</pin_list>
<bind>
<StgValue><ssdm name="_ssdm_op_Read.ap_auto.i64"/></StgValue>
</bind>
</comp>

<comp id="76" class="1001" name="const_76">
<pin_list>
<pin id="77" dir="1" index="0" bw="1" slack="0"/>
</pin_list>
<bind>
<StgValue><ssdm name=""/></StgValue>
</bind>
</comp>

<comp id="78" class="1001" name="const_78">
<pin_list>
<pin id="79" dir="1" index="0" bw="1" slack="2147483647"/>
</pin_list>
<bind>
<StgValue><ssdm name="_ssdm_op_SpecPipeline"/></StgValue>
</bind>
</comp>

<comp id="80" class="1001" name="const_80">
<pin_list>
<pin id="81" dir="1" index="0" bw="1" slack="2147483647"/>
</pin_list>
<bind>
<StgValue><ssdm name=""/></StgValue>
</bind>
</comp>

<comp id="82" class="1001" name="const_82">
<pin_list>
<pin id="83" dir="1" index="0" bw="1" slack="2147483647"/>
</pin_list>
<bind>
<StgValue><ssdm name="empty_0"/></StgValue>
</bind>
</comp>

<comp id="84" class="1001" name="const_84">
<pin_list>
<pin id="85" dir="1" index="0" bw="1" slack="2147483647"/>
</pin_list>
<bind>
<StgValue><ssdm name="_ssdm_op_SpecLoopTripCount"/></StgValue>
</bind>
</comp>

<comp id="86" class="1001" name="const_86">
<pin_list>
<pin id="87" dir="1" index="0" bw="1" slack="2147483647"/>
</pin_list>
<bind>
<StgValue><ssdm name=""/></StgValue>
</bind>
</comp>

<comp id="88" class="1001" name="const_88">
<pin_list>
<pin id="89" dir="1" index="0" bw="1" slack="2147483647"/>
</pin_list>
<bind>
<StgValue><ssdm name="_ssdm_op_SpecLoopName"/></StgValue>
</bind>
</comp>

<comp id="90" class="1001" name="const_90">
<pin_list>
<pin id="91" dir="1" index="0" bw="1" slack="2147483647"/>
</pin_list>
<bind>
<StgValue><ssdm name="empty_10"/></StgValue>
</bind>
</comp>

<comp id="92" class="1001" name="const_92">
<pin_list>
<pin id="93" dir="1" index="0" bw="1" slack="0"/>
</pin_list>
<bind>
<StgValue><ssdm name="_ssdm_op_SparseMux.ap_auto.4i64.i64.i2"/></StgValue>
</bind>
</comp>

<comp id="94" class="1001" name="const_94">
<pin_list>
<pin id="95" dir="1" index="0" bw="1" slack="0"/>
</pin_list>
<bind>
<StgValue><ssdm name=""/></StgValue>
</bind>
</comp>

<comp id="96" class="1001" name="const_96">
<pin_list>
<pin id="97" dir="1" index="0" bw="1" slack="0"/>
</pin_list>
<bind>
<StgValue><ssdm name=""/></StgValue>
</bind>
</comp>

<comp id="98" class="1001" name="const_98">
<pin_list>
<pin id="99" dir="1" index="0" bw="1" slack="0"/>
</pin_list>
<bind>
<StgValue><ssdm name=""/></StgValue>
</bind>
</comp>

<comp id="100" class="1001" name="const_100">
<pin_list>
<pin id="101" dir="1" index="0" bw="1" slack="0"/>
</pin_list>
<bind>
<StgValue><ssdm name=""/></StgValue>
</bind>
</comp>

<comp id="102" class="1001" name="const_102">
<pin_list>
<pin id="103" dir="1" index="0" bw="1" slack="0"/>
</pin_list>
<bind>
<StgValue><ssdm name="_ssdm_op_PartSelect.i8.i64.i32.i32"/></StgValue>
</bind>
</comp>

<comp id="104" class="1001" name="const_104">
<pin_list>
<pin id="105" dir="1" index="0" bw="1" slack="0"/>
</pin_list>
<bind>
<StgValue><ssdm name=""/></StgValue>
</bind>
</comp>

<comp id="106" class="1001" name="const_106">
<pin_list>
<pin id="107" dir="1" index="0" bw="1" slack="0"/>
</pin_list>
<bind>
<StgValue><ssdm name=""/></StgValue>
</bind>
</comp>

<comp id="108" class="1001" name="const_108">
<pin_list>
<pin id="109" dir="1" index="0" bw="1" slack="0"/>
</pin_list>
<bind>
<StgValue><ssdm name=""/></StgValue>
</bind>
</comp>

<comp id="110" class="1001" name="const_110">
<pin_list>
<pin id="111" dir="1" index="0" bw="1" slack="0"/>
</pin_list>
<bind>
<StgValue><ssdm name=""/></StgValue>
</bind>
</comp>

<comp id="112" class="1001" name="const_112">
<pin_list>
<pin id="113" dir="1" index="0" bw="1" slack="0"/>
</pin_list>
<bind>
<StgValue><ssdm name=""/></StgValue>
</bind>
</comp>

<comp id="114" class="1001" name="const_114">
<pin_list>
<pin id="115" dir="1" index="0" bw="1" slack="0"/>
</pin_list>
<bind>
<StgValue><ssdm name=""/></StgValue>
</bind>
</comp>

<comp id="116" class="1001" name="const_116">
<pin_list>
<pin id="117" dir="1" index="0" bw="1" slack="0"/>
</pin_list>
<bind>
<StgValue><ssdm name=""/></StgValue>
</bind>
</comp>

<comp id="118" class="1001" name="const_118">
<pin_list>
<pin id="119" dir="1" index="0" bw="1" slack="0"/>
</pin_list>
<bind>
<StgValue><ssdm name=""/></StgValue>
</bind>
</comp>

<comp id="120" class="1001" name="const_120">
<pin_list>
<pin id="121" dir="1" index="0" bw="1" slack="0"/>
</pin_list>
<bind>
<StgValue><ssdm name=""/></StgValue>
</bind>
</comp>

<comp id="122" class="1001" name="const_122">
<pin_list>
<pin id="123" dir="1" index="0" bw="1" slack="0"/>
</pin_list>
<bind>
<StgValue><ssdm name=""/></StgValue>
</bind>
</comp>

<comp id="124" class="1001" name="const_124">
<pin_list>
<pin id="125" dir="1" index="0" bw="1" slack="0"/>
</pin_list>
<bind>
<StgValue><ssdm name=""/></StgValue>
</bind>
</comp>

<comp id="126" class="1001" name="const_126">
<pin_list>
<pin id="127" dir="1" index="0" bw="1" slack="0"/>
</pin_list>
<bind>
<StgValue><ssdm name=""/></StgValue>
</bind>
</comp>

<comp id="128" class="1001" name="const_128">
<pin_list>
<pin id="129" dir="1" index="0" bw="1" slack="0"/>
</pin_list>
<bind>
<StgValue><ssdm name=""/></StgValue>
</bind>
</comp>

<comp id="130" class="1001" name="const_130">
<pin_list>
<pin id="131" dir="1" index="0" bw="1" slack="0"/>
</pin_list>
<bind>
<StgValue><ssdm name=""/></StgValue>
</bind>
</comp>

<comp id="132" class="1001" name="const_132">
<pin_list>
<pin id="133" dir="1" index="0" bw="1" slack="0"/>
</pin_list>
<bind>
<StgValue><ssdm name="_ssdm_op_Write.ap_auto.i8P0A"/></StgValue>
</bind>
</comp>

<comp id="134" class="1004" name="i1_fu_134">
<pin_list>
<pin id="135" dir="0" index="0" bw="1" slack="0"/>
<pin id="136" dir="1" index="1" bw="2" slack="0"/>
</pin_list>
<bind>
<opcode="alloca(26) " fcode="alloca"/>
<opset="i1/1 "/>
</bind>
</comp>

<comp id="138" class="1004" name="s_3_load_read_read_fu_138">
<pin_list>
<pin id="139" dir="0" index="0" bw="64" slack="0"/>
<pin id="140" dir="0" index="1" bw="64" slack="0"/>
<pin id="141" dir="1" index="2" bw="64" slack="0"/>
</pin_list>
<bind>
<opcode="read(1150) " fcode="read"/>
<opset="s_3_load_read/1 "/>
</bind>
</comp>

<comp id="144" class="1004" name="s_2_load_read_read_fu_144">
<pin_list>
<pin id="145" dir="0" index="0" bw="64" slack="0"/>
<pin id="146" dir="0" index="1" bw="64" slack="0"/>
<pin id="147" dir="1" index="2" bw="64" slack="0"/>
</pin_list>
<bind>
<opcode="read(1150) " fcode="read"/>
<opset="s_2_load_read/1 "/>
</bind>
</comp>

<comp id="150" class="1004" name="s_1_load_read_read_fu_150">
<pin_list>
<pin id="151" dir="0" index="0" bw="64" slack="0"/>
<pin id="152" dir="0" index="1" bw="64" slack="0"/>
<pin id="153" dir="1" index="2" bw="64" slack="0"/>
</pin_list>
<bind>
<opcode="read(1150) " fcode="read"/>
<opset="s_1_load_read/1 "/>
</bind>
</comp>

<comp id="156" class="1004" name="s_load_read_read_fu_156">
<pin_list>
<pin id="157" dir="0" index="0" bw="64" slack="0"/>
<pin id="158" dir="0" index="1" bw="64" slack="0"/>
<pin id="159" dir="1" index="2" bw="64" slack="0"/>
</pin_list>
<bind>
<opcode="read(1150) " fcode="read"/>
<opset="s_load_read/1 "/>
</bind>
</comp>

<comp id="162" class="1004" name="write_ln47_write_fu_162">
<pin_list>
<pin id="163" dir="0" index="0" bw="0" slack="0"/>
<pin id="164" dir="0" index="1" bw="8" slack="0"/>
<pin id="165" dir="0" index="2" bw="8" slack="0"/>
<pin id="166" dir="1" index="3" bw="0" slack="2147483647"/>
</pin_list>
<bind>
<opcode="write(1151) " fcode="write"/>
<opset="write_ln47/1 "/>
</bind>
</comp>

<comp id="169" class="1004" name="write_ln47_write_fu_169">
<pin_list>
<pin id="170" dir="0" index="0" bw="0" slack="0"/>
<pin id="171" dir="0" index="1" bw="8" slack="0"/>
<pin id="172" dir="0" index="2" bw="8" slack="0"/>
<pin id="173" dir="1" index="3" bw="0" slack="2147483647"/>
</pin_list>
<bind>
<opcode="write(1151) " fcode="write"/>
<opset="write_ln47/1 "/>
</bind>
</comp>

<comp id="176" class="1004" name="write_ln47_write_fu_176">
<pin_list>
<pin id="177" dir="0" index="0" bw="0" slack="0"/>
<pin id="178" dir="0" index="1" bw="8" slack="0"/>
<pin id="179" dir="0" index="2" bw="8" slack="0"/>
<pin id="180" dir="1" index="3" bw="0" slack="2147483647"/>
</pin_list>
<bind>
<opcode="write(1151) " fcode="write"/>
<opset="write_ln47/1 "/>
</bind>
</comp>

<comp id="183" class="1004" name="write_ln47_write_fu_183">
<pin_list>
<pin id="184" dir="0" index="0" bw="0" slack="0"/>
<pin id="185" dir="0" index="1" bw="8" slack="0"/>
<pin id="186" dir="0" index="2" bw="8" slack="0"/>
<pin id="187" dir="1" index="3" bw="0" slack="2147483647"/>
</pin_list>
<bind>
<opcode="write(1151) " fcode="write"/>
<opset="write_ln47/1 "/>
</bind>
</comp>

<comp id="190" class="1004" name="write_ln47_write_fu_190">
<pin_list>
<pin id="191" dir="0" index="0" bw="0" slack="0"/>
<pin id="192" dir="0" index="1" bw="8" slack="0"/>
<pin id="193" dir="0" index="2" bw="8" slack="0"/>
<pin id="194" dir="1" index="3" bw="0" slack="2147483647"/>
</pin_list>
<bind>
<opcode="write(1151) " fcode="write"/>
<opset="write_ln47/1 "/>
</bind>
</comp>

<comp id="197" class="1004" name="write_ln47_write_fu_197">
<pin_list>
<pin id="198" dir="0" index="0" bw="0" slack="0"/>
<pin id="199" dir="0" index="1" bw="8" slack="0"/>
<pin id="200" dir="0" index="2" bw="8" slack="0"/>
<pin id="201" dir="1" index="3" bw="0" slack="2147483647"/>
</pin_list>
<bind>
<opcode="write(1151) " fcode="write"/>
<opset="write_ln47/1 "/>
</bind>
</comp>

<comp id="204" class="1004" name="write_ln47_write_fu_204">
<pin_list>
<pin id="205" dir="0" index="0" bw="0" slack="0"/>
<pin id="206" dir="0" index="1" bw="8" slack="0"/>
<pin id="207" dir="0" index="2" bw="8" slack="0"/>
<pin id="208" dir="1" index="3" bw="0" slack="2147483647"/>
</pin_list>
<bind>
<opcode="write(1151) " fcode="write"/>
<opset="write_ln47/1 "/>
</bind>
</comp>

<comp id="211" class="1004" name="write_ln47_write_fu_211">
<pin_list>
<pin id="212" dir="0" index="0" bw="0" slack="0"/>
<pin id="213" dir="0" index="1" bw="8" slack="0"/>
<pin id="214" dir="0" index="2" bw="8" slack="0"/>
<pin id="215" dir="1" index="3" bw="0" slack="2147483647"/>
</pin_list>
<bind>
<opcode="write(1151) " fcode="write"/>
<opset="write_ln47/1 "/>
</bind>
</comp>

<comp id="218" class="1004" name="write_ln47_write_fu_218">
<pin_list>
<pin id="219" dir="0" index="0" bw="0" slack="0"/>
<pin id="220" dir="0" index="1" bw="8" slack="0"/>
<pin id="221" dir="0" index="2" bw="8" slack="0"/>
<pin id="222" dir="1" index="3" bw="0" slack="2147483647"/>
</pin_list>
<bind>
<opcode="write(1151) " fcode="write"/>
<opset="write_ln47/1 "/>
</bind>
</comp>

<comp id="225" class="1004" name="write_ln47_write_fu_225">
<pin_list>
<pin id="226" dir="0" index="0" bw="0" slack="0"/>
<pin id="227" dir="0" index="1" bw="8" slack="0"/>
<pin id="228" dir="0" index="2" bw="8" slack="0"/>
<pin id="229" dir="1" index="3" bw="0" slack="2147483647"/>
</pin_list>
<bind>
<opcode="write(1151) " fcode="write"/>
<opset="write_ln47/1 "/>
</bind>
</comp>

<comp id="232" class="1004" name="write_ln47_write_fu_232">
<pin_list>
<pin id="233" dir="0" index="0" bw="0" slack="0"/>
<pin id="234" dir="0" index="1" bw="8" slack="0"/>
<pin id="235" dir="0" index="2" bw="8" slack="0"/>
<pin id="236" dir="1" index="3" bw="0" slack="2147483647"/>
</pin_list>
<bind>
<opcode="write(1151) " fcode="write"/>
<opset="write_ln47/1 "/>
</bind>
</comp>

<comp id="239" class="1004" name="write_ln47_write_fu_239">
<pin_list>
<pin id="240" dir="0" index="0" bw="0" slack="0"/>
<pin id="241" dir="0" index="1" bw="8" slack="0"/>
<pin id="242" dir="0" index="2" bw="8" slack="0"/>
<pin id="243" dir="1" index="3" bw="0" slack="2147483647"/>
</pin_list>
<bind>
<opcode="write(1151) " fcode="write"/>
<opset="write_ln47/1 "/>
</bind>
</comp>

<comp id="246" class="1004" name="write_ln47_write_fu_246">
<pin_list>
<pin id="247" dir="0" index="0" bw="0" slack="0"/>
<pin id="248" dir="0" index="1" bw="8" slack="0"/>
<pin id="249" dir="0" index="2" bw="8" slack="0"/>
<pin id="250" dir="1" index="3" bw="0" slack="2147483647"/>
</pin_list>
<bind>
<opcode="write(1151) " fcode="write"/>
<opset="write_ln47/1 "/>
</bind>
</comp>

<comp id="253" class="1004" name="write_ln47_write_fu_253">
<pin_list>
<pin id="254" dir="0" index="0" bw="0" slack="0"/>
<pin id="255" dir="0" index="1" bw="8" slack="0"/>
<pin id="256" dir="0" index="2" bw="8" slack="0"/>
<pin id="257" dir="1" index="3" bw="0" slack="2147483647"/>
</pin_list>
<bind>
<opcode="write(1151) " fcode="write"/>
<opset="write_ln47/1 "/>
</bind>
</comp>

<comp id="260" class="1004" name="write_ln47_write_fu_260">
<pin_list>
<pin id="261" dir="0" index="0" bw="0" slack="0"/>
<pin id="262" dir="0" index="1" bw="8" slack="0"/>
<pin id="263" dir="0" index="2" bw="8" slack="0"/>
<pin id="264" dir="1" index="3" bw="0" slack="2147483647"/>
</pin_list>
<bind>
<opcode="write(1151) " fcode="write"/>
<opset="write_ln47/1 "/>
</bind>
</comp>

<comp id="267" class="1004" name="write_ln47_write_fu_267">
<pin_list>
<pin id="268" dir="0" index="0" bw="0" slack="0"/>
<pin id="269" dir="0" index="1" bw="8" slack="0"/>
<pin id="270" dir="0" index="2" bw="8" slack="0"/>
<pin id="271" dir="1" index="3" bw="0" slack="2147483647"/>
</pin_list>
<bind>
<opcode="write(1151) " fcode="write"/>
<opset="write_ln47/1 "/>
</bind>
</comp>

<comp id="274" class="1004" name="write_ln47_write_fu_274">
<pin_list>
<pin id="275" dir="0" index="0" bw="0" slack="0"/>
<pin id="276" dir="0" index="1" bw="8" slack="0"/>
<pin id="277" dir="0" index="2" bw="8" slack="0"/>
<pin id="278" dir="1" index="3" bw="0" slack="2147483647"/>
</pin_list>
<bind>
<opcode="write(1151) " fcode="write"/>
<opset="write_ln47/1 "/>
</bind>
</comp>

<comp id="281" class="1004" name="write_ln47_write_fu_281">
<pin_list>
<pin id="282" dir="0" index="0" bw="0" slack="0"/>
<pin id="283" dir="0" index="1" bw="8" slack="0"/>
<pin id="284" dir="0" index="2" bw="8" slack="0"/>
<pin id="285" dir="1" index="3" bw="0" slack="2147483647"/>
</pin_list>
<bind>
<opcode="write(1151) " fcode="write"/>
<opset="write_ln47/1 "/>
</bind>
</comp>

<comp id="288" class="1004" name="write_ln47_write_fu_288">
<pin_list>
<pin id="289" dir="0" index="0" bw="0" slack="0"/>
<pin id="290" dir="0" index="1" bw="8" slack="0"/>
<pin id="291" dir="0" index="2" bw="8" slack="0"/>
<pin id="292" dir="1" index="3" bw="0" slack="2147483647"/>
</pin_list>
<bind>
<opcode="write(1151) " fcode="write"/>
<opset="write_ln47/1 "/>
</bind>
</comp>

<comp id="295" class="1004" name="write_ln47_write_fu_295">
<pin_list>
<pin id="296" dir="0" index="0" bw="0" slack="0"/>
<pin id="297" dir="0" index="1" bw="8" slack="0"/>
<pin id="298" dir="0" index="2" bw="8" slack="0"/>
<pin id="299" dir="1" index="3" bw="0" slack="2147483647"/>
</pin_list>
<bind>
<opcode="write(1151) " fcode="write"/>
<opset="write_ln47/1 "/>
</bind>
</comp>

<comp id="302" class="1004" name="write_ln47_write_fu_302">
<pin_list>
<pin id="303" dir="0" index="0" bw="0" slack="0"/>
<pin id="304" dir="0" index="1" bw="8" slack="0"/>
<pin id="305" dir="0" index="2" bw="8" slack="0"/>
<pin id="306" dir="1" index="3" bw="0" slack="2147483647"/>
</pin_list>
<bind>
<opcode="write(1151) " fcode="write"/>
<opset="write_ln47/1 "/>
</bind>
</comp>

<comp id="309" class="1004" name="write_ln47_write_fu_309">
<pin_list>
<pin id="310" dir="0" index="0" bw="0" slack="0"/>
<pin id="311" dir="0" index="1" bw="8" slack="0"/>
<pin id="312" dir="0" index="2" bw="8" slack="0"/>
<pin id="313" dir="1" index="3" bw="0" slack="2147483647"/>
</pin_list>
<bind>
<opcode="write(1151) " fcode="write"/>
<opset="write_ln47/1 "/>
</bind>
</comp>

<comp id="316" class="1004" name="write_ln47_write_fu_316">
<pin_list>
<pin id="317" dir="0" index="0" bw="0" slack="0"/>
<pin id="318" dir="0" index="1" bw="8" slack="0"/>
<pin id="319" dir="0" index="2" bw="8" slack="0"/>
<pin id="320" dir="1" index="3" bw="0" slack="2147483647"/>
</pin_list>
<bind>
<opcode="write(1151) " fcode="write"/>
<opset="write_ln47/1 "/>
</bind>
</comp>

<comp id="323" class="1004" name="write_ln47_write_fu_323">
<pin_list>
<pin id="324" dir="0" index="0" bw="0" slack="0"/>
<pin id="325" dir="0" index="1" bw="8" slack="0"/>
<pin id="326" dir="0" index="2" bw="8" slack="0"/>
<pin id="327" dir="1" index="3" bw="0" slack="2147483647"/>
</pin_list>
<bind>
<opcode="write(1151) " fcode="write"/>
<opset="write_ln47/1 "/>
</bind>
</comp>

<comp id="330" class="1004" name="write_ln47_write_fu_330">
<pin_list>
<pin id="331" dir="0" index="0" bw="0" slack="0"/>
<pin id="332" dir="0" index="1" bw="8" slack="0"/>
<pin id="333" dir="0" index="2" bw="8" slack="0"/>
<pin id="334" dir="1" index="3" bw="0" slack="2147483647"/>
</pin_list>
<bind>
<opcode="write(1151) " fcode="write"/>
<opset="write_ln47/1 "/>
</bind>
</comp>

<comp id="337" class="1004" name="write_ln47_write_fu_337">
<pin_list>
<pin id="338" dir="0" index="0" bw="0" slack="0"/>
<pin id="339" dir="0" index="1" bw="8" slack="0"/>
<pin id="340" dir="0" index="2" bw="8" slack="0"/>
<pin id="341" dir="1" index="3" bw="0" slack="2147483647"/>
</pin_list>
<bind>
<opcode="write(1151) " fcode="write"/>
<opset="write_ln47/1 "/>
</bind>
</comp>

<comp id="344" class="1004" name="write_ln47_write_fu_344">
<pin_list>
<pin id="345" dir="0" index="0" bw="0" slack="0"/>
<pin id="346" dir="0" index="1" bw="8" slack="0"/>
<pin id="347" dir="0" index="2" bw="8" slack="0"/>
<pin id="348" dir="1" index="3" bw="0" slack="2147483647"/>
</pin_list>
<bind>
<opcode="write(1151) " fcode="write"/>
<opset="write_ln47/1 "/>
</bind>
</comp>

<comp id="351" class="1004" name="write_ln47_write_fu_351">
<pin_list>
<pin id="352" dir="0" index="0" bw="0" slack="0"/>
<pin id="353" dir="0" index="1" bw="8" slack="0"/>
<pin id="354" dir="0" index="2" bw="8" slack="0"/>
<pin id="355" dir="1" index="3" bw="0" slack="2147483647"/>
</pin_list>
<bind>
<opcode="write(1151) " fcode="write"/>
<opset="write_ln47/1 "/>
</bind>
</comp>

<comp id="358" class="1004" name="write_ln47_write_fu_358">
<pin_list>
<pin id="359" dir="0" index="0" bw="0" slack="0"/>
<pin id="360" dir="0" index="1" bw="8" slack="0"/>
<pin id="361" dir="0" index="2" bw="8" slack="0"/>
<pin id="362" dir="1" index="3" bw="0" slack="2147483647"/>
</pin_list>
<bind>
<opcode="write(1151) " fcode="write"/>
<opset="write_ln47/1 "/>
</bind>
</comp>

<comp id="365" class="1004" name="write_ln47_write_fu_365">
<pin_list>
<pin id="366" dir="0" index="0" bw="0" slack="0"/>
<pin id="367" dir="0" index="1" bw="8" slack="0"/>
<pin id="368" dir="0" index="2" bw="8" slack="0"/>
<pin id="369" dir="1" index="3" bw="0" slack="2147483647"/>
</pin_list>
<bind>
<opcode="write(1151) " fcode="write"/>
<opset="write_ln47/1 "/>
</bind>
</comp>

<comp id="372" class="1004" name="write_ln47_write_fu_372">
<pin_list>
<pin id="373" dir="0" index="0" bw="0" slack="0"/>
<pin id="374" dir="0" index="1" bw="8" slack="0"/>
<pin id="375" dir="0" index="2" bw="8" slack="0"/>
<pin id="376" dir="1" index="3" bw="0" slack="2147483647"/>
</pin_list>
<bind>
<opcode="write(1151) " fcode="write"/>
<opset="write_ln47/1 "/>
</bind>
</comp>

<comp id="379" class="1004" name="write_ln47_write_fu_379">
<pin_list>
<pin id="380" dir="0" index="0" bw="0" slack="0"/>
<pin id="381" dir="0" index="1" bw="8" slack="0"/>
<pin id="382" dir="0" index="2" bw="8" slack="0"/>
<pin id="383" dir="1" index="3" bw="0" slack="2147483647"/>
</pin_list>
<bind>
<opcode="write(1151) " fcode="write"/>
<opset="write_ln47/1 "/>
</bind>
</comp>

<comp id="386" class="1004" name="store_ln0_store_fu_386">
<pin_list>
<pin id="387" dir="0" index="0" bw="1" slack="0"/>
<pin id="388" dir="0" index="1" bw="2" slack="0"/>
<pin id="389" dir="1" index="2" bw="0" slack="2147483647"/>
</pin_list>
<bind>
<opcode="store(28) " fcode="store"/>
<opset="store_ln0/1 "/>
</bind>
</comp>

<comp id="391" class="1004" name="i1_load_load_fu_391">
<pin_list>
<pin id="392" dir="0" index="0" bw="2" slack="0"/>
<pin id="393" dir="1" index="1" bw="2" slack="0"/>
</pin_list>
<bind>
<opcode="load(27) " fcode="load"/>
<opset="i1_load/1 "/>
</bind>
</comp>

<comp id="394" class="1004" name="u_assign_fu_394">
<pin_list>
<pin id="395" dir="0" index="0" bw="64" slack="0"/>
<pin id="396" dir="0" index="1" bw="2" slack="0"/>
<pin id="397" dir="0" index="2" bw="64" slack="0"/>
<pin id="398" dir="0" index="3" bw="2" slack="0"/>
<pin id="399" dir="0" index="4" bw="64" slack="0"/>
<pin id="400" dir="0" index="5" bw="2" slack="0"/>
<pin id="401" dir="0" index="6" bw="64" slack="0"/>
<pin id="402" dir="0" index="7" bw="2" slack="0"/>
<pin id="403" dir="0" index="8" bw="64" slack="0"/>
<pin id="404" dir="0" index="9" bw="64" slack="0"/>
<pin id="405" dir="0" index="10" bw="2" slack="0"/>
<pin id="406" dir="1" index="11" bw="64" slack="0"/>
</pin_list>
<bind>
<opcode="sparsemux(1197) " fcode="sparsemux"/>
<opset="u_assign/1 "/>
</bind>
</comp>

<comp id="418" class="1004" name="trunc_ln47_fu_418">
<pin_list>
<pin id="419" dir="0" index="0" bw="64" slack="0"/>
<pin id="420" dir="1" index="1" bw="8" slack="0"/>
</pin_list>
<bind>
<opcode="trunc(33) " fcode="trunc"/>
<opset="trunc_ln47/1 "/>
</bind>
</comp>

<comp id="426" class="1004" name="trunc_ln47_1_fu_426">
<pin_list>
<pin id="427" dir="0" index="0" bw="8" slack="0"/>
<pin id="428" dir="0" index="1" bw="64" slack="0"/>
<pin id="429" dir="0" index="2" bw="5" slack="0"/>
<pin id="430" dir="0" index="3" bw="5" slack="0"/>
<pin id="431" dir="1" index="4" bw="8" slack="0"/>
</pin_list>
<bind>
<opcode="partselect(1002) " fcode="partselect"/>
<opset="trunc_ln47_1/1 "/>
</bind>
</comp>

<comp id="440" class="1004" name="trunc_ln47_2_fu_440">
<pin_list>
<pin id="441" dir="0" index="0" bw="8" slack="0"/>
<pin id="442" dir="0" index="1" bw="64" slack="0"/>
<pin id="443" dir="0" index="2" bw="6" slack="0"/>
<pin id="444" dir="0" index="3" bw="6" slack="0"/>
<pin id="445" dir="1" index="4" bw="8" slack="0"/>
</pin_list>
<bind>
<opcode="partselect(1002) " fcode="partselect"/>
<opset="trunc_ln47_2/1 "/>
</bind>
</comp>

<comp id="454" class="1004" name="trunc_ln47_3_fu_454">
<pin_list>
<pin id="455" dir="0" index="0" bw="8" slack="0"/>
<pin id="456" dir="0" index="1" bw="64" slack="0"/>
<pin id="457" dir="0" index="2" bw="6" slack="0"/>
<pin id="458" dir="0" index="3" bw="6" slack="0"/>
<pin id="459" dir="1" index="4" bw="8" slack="0"/>
</pin_list>
<bind>
<opcode="partselect(1002) " fcode="partselect"/>
<opset="trunc_ln47_3/1 "/>
</bind>
</comp>

<comp id="468" class="1004" name="trunc_ln47_4_fu_468">
<pin_list>
<pin id="469" dir="0" index="0" bw="8" slack="0"/>
<pin id="470" dir="0" index="1" bw="64" slack="0"/>
<pin id="471" dir="0" index="2" bw="7" slack="0"/>
<pin id="472" dir="0" index="3" bw="7" slack="0"/>
<pin id="473" dir="1" index="4" bw="8" slack="0"/>
</pin_list>
<bind>
<opcode="partselect(1002) " fcode="partselect"/>
<opset="trunc_ln47_4/1 "/>
</bind>
</comp>

<comp id="482" class="1004" name="trunc_ln47_5_fu_482">
<pin_list>
<pin id="483" dir="0" index="0" bw="8" slack="0"/>
<pin id="484" dir="0" index="1" bw="64" slack="0"/>
<pin id="485" dir="0" index="2" bw="7" slack="0"/>
<pin id="486" dir="0" index="3" bw="7" slack="0"/>
<pin id="487" dir="1" index="4" bw="8" slack="0"/>
</pin_list>
<bind>
<opcode="partselect(1002) " fcode="partselect"/>
<opset="trunc_ln47_5/1 "/>
</bind>
</comp>

<comp id="496" class="1004" name="trunc_ln47_6_fu_496">
<pin_list>
<pin id="497" dir="0" index="0" bw="8" slack="0"/>
<pin id="498" dir="0" index="1" bw="64" slack="0"/>
<pin id="499" dir="0" index="2" bw="7" slack="0"/>
<pin id="500" dir="0" index="3" bw="7" slack="0"/>
<pin id="501" dir="1" index="4" bw="8" slack="0"/>
</pin_list>
<bind>
<opcode="partselect(1002) " fcode="partselect"/>
<opset="trunc_ln47_6/1 "/>
</bind>
</comp>

<comp id="510" class="1004" name="trunc_ln47_7_fu_510">
<pin_list>
<pin id="511" dir="0" index="0" bw="8" slack="0"/>
<pin id="512" dir="0" index="1" bw="64" slack="0"/>
<pin id="513" dir="0" index="2" bw="7" slack="0"/>
<pin id="514" dir="0" index="3" bw="7" slack="0"/>
<pin id="515" dir="1" index="4" bw="8" slack="0"/>
</pin_list>
<bind>
<opcode="partselect(1002) " fcode="partselect"/>
<opset="trunc_ln47_7/1 "/>
</bind>
</comp>

<comp id="524" class="1004" name="i_fu_524">
<pin_list>
<pin id="525" dir="0" index="0" bw="2" slack="0"/>
<pin id="526" dir="0" index="1" bw="1" slack="0"/>
<pin id="527" dir="1" index="2" bw="2" slack="0"/>
</pin_list>
<bind>
<opcode="add(8) " fcode="add"/>
<opset="i/1 "/>
</bind>
</comp>

<comp id="530" class="1004" name="icmp_ln325_fu_530">
<pin_list>
<pin id="531" dir="0" index="0" bw="2" slack="0"/>
<pin id="532" dir="0" index="1" bw="2" slack="0"/>
<pin id="533" dir="1" index="2" bw="1" slack="2147483647"/>
</pin_list>
<bind>
<opcode="icmp(45) " fcode="icmp"/>
<opset="icmp_ln325/1 "/>
</bind>
</comp>

<comp id="536" class="1004" name="store_ln325_store_fu_536">
<pin_list>
<pin id="537" dir="0" index="0" bw="2" slack="0"/>
<pin id="538" dir="0" index="1" bw="2" slack="0"/>
<pin id="539" dir="1" index="2" bw="0" slack="2147483647"/>
</pin_list>
<bind>
<opcode="store(28) " fcode="store"/>
<opset="store_ln325/1 "/>
</bind>
</comp>

<comp id="541" class="1005" name="i1_reg_541">
<pin_list>
<pin id="542" dir="0" index="0" bw="2" slack="0"/>
<pin id="543" dir="1" index="1" bw="2" slack="0"/>
</pin_list>
<bind>
<opset="i1 "/>
</bind>
</comp>

</comp_list>

<net_list>
<net id="137"><net_src comp="72" pin="0"/><net_sink comp="134" pin=0"/></net>

<net id="142"><net_src comp="74" pin="0"/><net_sink comp="138" pin=0"/></net>

<net id="143"><net_src comp="70" pin="0"/><net_sink comp="138" pin=1"/></net>

<net id="148"><net_src comp="74" pin="0"/><net_sink comp="144" pin=0"/></net>

<net id="149"><net_src comp="68" pin="0"/><net_sink comp="144" pin=1"/></net>

<net id="154"><net_src comp="74" pin="0"/><net_sink comp="150" pin=0"/></net>

<net id="155"><net_src comp="66" pin="0"/><net_sink comp="150" pin=1"/></net>

<net id="160"><net_src comp="74" pin="0"/><net_sink comp="156" pin=0"/></net>

<net id="161"><net_src comp="64" pin="0"/><net_sink comp="156" pin=1"/></net>

<net id="167"><net_src comp="132" pin="0"/><net_sink comp="162" pin=0"/></net>

<net id="168"><net_src comp="30" pin="0"/><net_sink comp="162" pin=1"/></net>

<net id="174"><net_src comp="132" pin="0"/><net_sink comp="169" pin=0"/></net>

<net id="175"><net_src comp="28" pin="0"/><net_sink comp="169" pin=1"/></net>

<net id="181"><net_src comp="132" pin="0"/><net_sink comp="176" pin=0"/></net>

<net id="182"><net_src comp="26" pin="0"/><net_sink comp="176" pin=1"/></net>

<net id="188"><net_src comp="132" pin="0"/><net_sink comp="183" pin=0"/></net>

<net id="189"><net_src comp="24" pin="0"/><net_sink comp="183" pin=1"/></net>

<net id="195"><net_src comp="132" pin="0"/><net_sink comp="190" pin=0"/></net>

<net id="196"><net_src comp="22" pin="0"/><net_sink comp="190" pin=1"/></net>

<net id="202"><net_src comp="132" pin="0"/><net_sink comp="197" pin=0"/></net>

<net id="203"><net_src comp="20" pin="0"/><net_sink comp="197" pin=1"/></net>

<net id="209"><net_src comp="132" pin="0"/><net_sink comp="204" pin=0"/></net>

<net id="210"><net_src comp="18" pin="0"/><net_sink comp="204" pin=1"/></net>

<net id="216"><net_src comp="132" pin="0"/><net_sink comp="211" pin=0"/></net>

<net id="217"><net_src comp="16" pin="0"/><net_sink comp="211" pin=1"/></net>

<net id="223"><net_src comp="132" pin="0"/><net_sink comp="218" pin=0"/></net>

<net id="224"><net_src comp="46" pin="0"/><net_sink comp="218" pin=1"/></net>

<net id="230"><net_src comp="132" pin="0"/><net_sink comp="225" pin=0"/></net>

<net id="231"><net_src comp="44" pin="0"/><net_sink comp="225" pin=1"/></net>

<net id="237"><net_src comp="132" pin="0"/><net_sink comp="232" pin=0"/></net>

<net id="238"><net_src comp="42" pin="0"/><net_sink comp="232" pin=1"/></net>

<net id="244"><net_src comp="132" pin="0"/><net_sink comp="239" pin=0"/></net>

<net id="245"><net_src comp="40" pin="0"/><net_sink comp="239" pin=1"/></net>

<net id="251"><net_src comp="132" pin="0"/><net_sink comp="246" pin=0"/></net>

<net id="252"><net_src comp="38" pin="0"/><net_sink comp="246" pin=1"/></net>

<net id="258"><net_src comp="132" pin="0"/><net_sink comp="253" pin=0"/></net>

<net id="259"><net_src comp="36" pin="0"/><net_sink comp="253" pin=1"/></net>

<net id="265"><net_src comp="132" pin="0"/><net_sink comp="260" pin=0"/></net>

<net id="266"><net_src comp="34" pin="0"/><net_sink comp="260" pin=1"/></net>

<net id="272"><net_src comp="132" pin="0"/><net_sink comp="267" pin=0"/></net>

<net id="273"><net_src comp="32" pin="0"/><net_sink comp="267" pin=1"/></net>

<net id="279"><net_src comp="132" pin="0"/><net_sink comp="274" pin=0"/></net>

<net id="280"><net_src comp="62" pin="0"/><net_sink comp="274" pin=1"/></net>

<net id="286"><net_src comp="132" pin="0"/><net_sink comp="281" pin=0"/></net>

<net id="287"><net_src comp="60" pin="0"/><net_sink comp="281" pin=1"/></net>

<net id="293"><net_src comp="132" pin="0"/><net_sink comp="288" pin=0"/></net>

<net id="294"><net_src comp="58" pin="0"/><net_sink comp="288" pin=1"/></net>

<net id="300"><net_src comp="132" pin="0"/><net_sink comp="295" pin=0"/></net>

<net id="301"><net_src comp="56" pin="0"/><net_sink comp="295" pin=1"/></net>

<net id="307"><net_src comp="132" pin="0"/><net_sink comp="302" pin=0"/></net>

<net id="308"><net_src comp="54" pin="0"/><net_sink comp="302" pin=1"/></net>

<net id="314"><net_src comp="132" pin="0"/><net_sink comp="309" pin=0"/></net>

<net id="315"><net_src comp="52" pin="0"/><net_sink comp="309" pin=1"/></net>

<net id="321"><net_src comp="132" pin="0"/><net_sink comp="316" pin=0"/></net>

<net id="322"><net_src comp="50" pin="0"/><net_sink comp="316" pin=1"/></net>

<net id="328"><net_src comp="132" pin="0"/><net_sink comp="323" pin=0"/></net>

<net id="329"><net_src comp="48" pin="0"/><net_sink comp="323" pin=1"/></net>

<net id="335"><net_src comp="132" pin="0"/><net_sink comp="330" pin=0"/></net>

<net id="336"><net_src comp="14" pin="0"/><net_sink comp="330" pin=1"/></net>

<net id="342"><net_src comp="132" pin="0"/><net_sink comp="337" pin=0"/></net>

<net id="343"><net_src comp="12" pin="0"/><net_sink comp="337" pin=1"/></net>

<net id="349"><net_src comp="132" pin="0"/><net_sink comp="344" pin=0"/></net>

<net id="350"><net_src comp="10" pin="0"/><net_sink comp="344" pin=1"/></net>

<net id="356"><net_src comp="132" pin="0"/><net_sink comp="351" pin=0"/></net>

<net id="357"><net_src comp="8" pin="0"/><net_sink comp="351" pin=1"/></net>

<net id="363"><net_src comp="132" pin="0"/><net_sink comp="358" pin=0"/></net>

<net id="364"><net_src comp="6" pin="0"/><net_sink comp="358" pin=1"/></net>

<net id="370"><net_src comp="132" pin="0"/><net_sink comp="365" pin=0"/></net>

<net id="371"><net_src comp="4" pin="0"/><net_sink comp="365" pin=1"/></net>

<net id="377"><net_src comp="132" pin="0"/><net_sink comp="372" pin=0"/></net>

<net id="378"><net_src comp="2" pin="0"/><net_sink comp="372" pin=1"/></net>

<net id="384"><net_src comp="132" pin="0"/><net_sink comp="379" pin=0"/></net>

<net id="385"><net_src comp="0" pin="0"/><net_sink comp="379" pin=1"/></net>

<net id="390"><net_src comp="76" pin="0"/><net_sink comp="386" pin=0"/></net>

<net id="407"><net_src comp="92" pin="0"/><net_sink comp="394" pin=0"/></net>

<net id="408"><net_src comp="76" pin="0"/><net_sink comp="394" pin=1"/></net>

<net id="409"><net_src comp="156" pin="2"/><net_sink comp="394" pin=2"/></net>

<net id="410"><net_src comp="94" pin="0"/><net_sink comp="394" pin=3"/></net>

<net id="411"><net_src comp="150" pin="2"/><net_sink comp="394" pin=4"/></net>

<net id="412"><net_src comp="96" pin="0"/><net_sink comp="394" pin=5"/></net>

<net id="413"><net_src comp="144" pin="2"/><net_sink comp="394" pin=6"/></net>

<net id="414"><net_src comp="98" pin="0"/><net_sink comp="394" pin=7"/></net>

<net id="415"><net_src comp="138" pin="2"/><net_sink comp="394" pin=8"/></net>

<net id="416"><net_src comp="100" pin="0"/><net_sink comp="394" pin=9"/></net>

<net id="417"><net_src comp="391" pin="1"/><net_sink comp="394" pin=10"/></net>

<net id="421"><net_src comp="394" pin="11"/><net_sink comp="418" pin=0"/></net>

<net id="422"><net_src comp="418" pin="1"/><net_sink comp="162" pin=2"/></net>

<net id="423"><net_src comp="418" pin="1"/><net_sink comp="218" pin=2"/></net>

<net id="424"><net_src comp="418" pin="1"/><net_sink comp="274" pin=2"/></net>

<net id="425"><net_src comp="418" pin="1"/><net_sink comp="330" pin=2"/></net>

<net id="432"><net_src comp="102" pin="0"/><net_sink comp="426" pin=0"/></net>

<net id="433"><net_src comp="394" pin="11"/><net_sink comp="426" pin=1"/></net>

<net id="434"><net_src comp="104" pin="0"/><net_sink comp="426" pin=2"/></net>

<net id="435"><net_src comp="106" pin="0"/><net_sink comp="426" pin=3"/></net>

<net id="436"><net_src comp="426" pin="4"/><net_sink comp="169" pin=2"/></net>

<net id="437"><net_src comp="426" pin="4"/><net_sink comp="225" pin=2"/></net>

<net id="438"><net_src comp="426" pin="4"/><net_sink comp="281" pin=2"/></net>

<net id="439"><net_src comp="426" pin="4"/><net_sink comp="337" pin=2"/></net>

<net id="446"><net_src comp="102" pin="0"/><net_sink comp="440" pin=0"/></net>

<net id="447"><net_src comp="394" pin="11"/><net_sink comp="440" pin=1"/></net>

<net id="448"><net_src comp="108" pin="0"/><net_sink comp="440" pin=2"/></net>

<net id="449"><net_src comp="110" pin="0"/><net_sink comp="440" pin=3"/></net>

<net id="450"><net_src comp="440" pin="4"/><net_sink comp="176" pin=2"/></net>

<net id="451"><net_src comp="440" pin="4"/><net_sink comp="232" pin=2"/></net>

<net id="452"><net_src comp="440" pin="4"/><net_sink comp="288" pin=2"/></net>

<net id="453"><net_src comp="440" pin="4"/><net_sink comp="344" pin=2"/></net>

<net id="460"><net_src comp="102" pin="0"/><net_sink comp="454" pin=0"/></net>

<net id="461"><net_src comp="394" pin="11"/><net_sink comp="454" pin=1"/></net>

<net id="462"><net_src comp="112" pin="0"/><net_sink comp="454" pin=2"/></net>

<net id="463"><net_src comp="114" pin="0"/><net_sink comp="454" pin=3"/></net>

<net id="464"><net_src comp="454" pin="4"/><net_sink comp="183" pin=2"/></net>

<net id="465"><net_src comp="454" pin="4"/><net_sink comp="239" pin=2"/></net>

<net id="466"><net_src comp="454" pin="4"/><net_sink comp="295" pin=2"/></net>

<net id="467"><net_src comp="454" pin="4"/><net_sink comp="351" pin=2"/></net>

<net id="474"><net_src comp="102" pin="0"/><net_sink comp="468" pin=0"/></net>

<net id="475"><net_src comp="394" pin="11"/><net_sink comp="468" pin=1"/></net>

<net id="476"><net_src comp="116" pin="0"/><net_sink comp="468" pin=2"/></net>

<net id="477"><net_src comp="118" pin="0"/><net_sink comp="468" pin=3"/></net>

<net id="478"><net_src comp="468" pin="4"/><net_sink comp="190" pin=2"/></net>

<net id="479"><net_src comp="468" pin="4"/><net_sink comp="246" pin=2"/></net>

<net id="480"><net_src comp="468" pin="4"/><net_sink comp="302" pin=2"/></net>

<net id="481"><net_src comp="468" pin="4"/><net_sink comp="358" pin=2"/></net>

<net id="488"><net_src comp="102" pin="0"/><net_sink comp="482" pin=0"/></net>

<net id="489"><net_src comp="394" pin="11"/><net_sink comp="482" pin=1"/></net>

<net id="490"><net_src comp="120" pin="0"/><net_sink comp="482" pin=2"/></net>

<net id="491"><net_src comp="122" pin="0"/><net_sink comp="482" pin=3"/></net>

<net id="492"><net_src comp="482" pin="4"/><net_sink comp="197" pin=2"/></net>

<net id="493"><net_src comp="482" pin="4"/><net_sink comp="253" pin=2"/></net>

<net id="494"><net_src comp="482" pin="4"/><net_sink comp="309" pin=2"/></net>

<net id="495"><net_src comp="482" pin="4"/><net_sink comp="365" pin=2"/></net>

<net id="502"><net_src comp="102" pin="0"/><net_sink comp="496" pin=0"/></net>

<net id="503"><net_src comp="394" pin="11"/><net_sink comp="496" pin=1"/></net>

<net id="504"><net_src comp="124" pin="0"/><net_sink comp="496" pin=2"/></net>

<net id="505"><net_src comp="126" pin="0"/><net_sink comp="496" pin=3"/></net>

<net id="506"><net_src comp="496" pin="4"/><net_sink comp="204" pin=2"/></net>

<net id="507"><net_src comp="496" pin="4"/><net_sink comp="260" pin=2"/></net>

<net id="508"><net_src comp="496" pin="4"/><net_sink comp="316" pin=2"/></net>

<net id="509"><net_src comp="496" pin="4"/><net_sink comp="372" pin=2"/></net>

<net id="516"><net_src comp="102" pin="0"/><net_sink comp="510" pin=0"/></net>

<net id="517"><net_src comp="394" pin="11"/><net_sink comp="510" pin=1"/></net>

<net id="518"><net_src comp="128" pin="0"/><net_sink comp="510" pin=2"/></net>

<net id="519"><net_src comp="130" pin="0"/><net_sink comp="510" pin=3"/></net>

<net id="520"><net_src comp="510" pin="4"/><net_sink comp="211" pin=2"/></net>

<net id="521"><net_src comp="510" pin="4"/><net_sink comp="267" pin=2"/></net>

<net id="522"><net_src comp="510" pin="4"/><net_sink comp="323" pin=2"/></net>

<net id="523"><net_src comp="510" pin="4"/><net_sink comp="379" pin=2"/></net>

<net id="528"><net_src comp="391" pin="1"/><net_sink comp="524" pin=0"/></net>

<net id="529"><net_src comp="94" pin="0"/><net_sink comp="524" pin=1"/></net>

<net id="534"><net_src comp="391" pin="1"/><net_sink comp="530" pin=0"/></net>

<net id="535"><net_src comp="98" pin="0"/><net_sink comp="530" pin=1"/></net>

<net id="540"><net_src comp="524" pin="2"/><net_sink comp="536" pin=0"/></net>

<net id="544"><net_src comp="134" pin="1"/><net_sink comp="541" pin=0"/></net>

<net id="545"><net_src comp="541" pin="1"/><net_sink comp="386" pin=1"/></net>

<net id="546"><net_src comp="541" pin="1"/><net_sink comp="391" pin=0"/></net>

<net id="547"><net_src comp="541" pin="1"/><net_sink comp="536" pin=1"/></net>

</net_list>

</model> 
---------------- Datapath Model END ------------------

* FSMD analyzer results:
  - Output states:
	Port: h_31 | {1 }
	Port: h_30 | {1 }
	Port: h_29 | {1 }
	Port: h_28 | {1 }
	Port: h_27 | {1 }
	Port: h_26 | {1 }
	Port: h_25 | {1 }
	Port: h_24 | {1 }
	Port: h_23 | {1 }
	Port: h_22 | {1 }
	Port: h_21 | {1 }
	Port: h_20 | {1 }
	Port: h_19 | {1 }
	Port: h_18 | {1 }
	Port: h_17 | {1 }
	Port: h_16 | {1 }
	Port: h_15 | {1 }
	Port: h_14 | {1 }
	Port: h_13 | {1 }
	Port: h_12 | {1 }
	Port: h_11 | {1 }
	Port: h_10 | {1 }
	Port: h_9 | {1 }
	Port: h_8 | {1 }
	Port: h_7 | {1 }
	Port: h_6 | {1 }
	Port: h_5 | {1 }
	Port: h_4 | {1 }
	Port: h_3 | {1 }
	Port: h_2 | {1 }
	Port: h_1 | {1 }
	Port: h_0 | {1 }
 - Input state : 
	Port: sha3_256_hls_Pipeline_extract_output : h_31 | {}
	Port: sha3_256_hls_Pipeline_extract_output : h_30 | {}
	Port: sha3_256_hls_Pipeline_extract_output : h_29 | {}
	Port: sha3_256_hls_Pipeline_extract_output : h_28 | {}
	Port: sha3_256_hls_Pipeline_extract_output : h_27 | {}
	Port: sha3_256_hls_Pipeline_extract_output : h_26 | {}
	Port: sha3_256_hls_Pipeline_extract_output : h_25 | {}
	Port: sha3_256_hls_Pipeline_extract_output : h_24 | {}
	Port: sha3_256_hls_Pipeline_extract_output : h_23 | {}
	Port: sha3_256_hls_Pipeline_extract_output : h_22 | {}
	Port: sha3_256_hls_Pipeline_extract_output : h_21 | {}
	Port: sha3_256_hls_Pipeline_extract_output : h_20 | {}
	Port: sha3_256_hls_Pipeline_extract_output : h_19 | {}
	Port: sha3_256_hls_Pipeline_extract_output : h_18 | {}
	Port: sha3_256_hls_Pipeline_extract_output : h_17 | {}
	Port: sha3_256_hls_Pipeline_extract_output : h_16 | {}
	Port: sha3_256_hls_Pipeline_extract_output : h_15 | {}
	Port: sha3_256_hls_Pipeline_extract_output : h_14 | {}
	Port: sha3_256_hls_Pipeline_extract_output : h_13 | {}
	Port: sha3_256_hls_Pipeline_extract_output : h_12 | {}
	Port: sha3_256_hls_Pipeline_extract_output : h_11 | {}
	Port: sha3_256_hls_Pipeline_extract_output : h_10 | {}
	Port: sha3_256_hls_Pipeline_extract_output : h_9 | {}
	Port: sha3_256_hls_Pipeline_extract_output : h_8 | {}
	Port: sha3_256_hls_Pipeline_extract_output : h_7 | {}
	Port: sha3_256_hls_Pipeline_extract_output : h_6 | {}
	Port: sha3_256_hls_Pipeline_extract_output : h_5 | {}
	Port: sha3_256_hls_Pipeline_extract_output : h_4 | {}
	Port: sha3_256_hls_Pipeline_extract_output : h_3 | {}
	Port: sha3_256_hls_Pipeline_extract_output : h_2 | {}
	Port: sha3_256_hls_Pipeline_extract_output : h_1 | {}
	Port: sha3_256_hls_Pipeline_extract_output : h_0 | {}
	Port: sha3_256_hls_Pipeline_extract_output : s_load | {1 }
	Port: sha3_256_hls_Pipeline_extract_output : s_1_load | {1 }
	Port: sha3_256_hls_Pipeline_extract_output : s_2_load | {1 }
	Port: sha3_256_hls_Pipeline_extract_output : s_3_load | {1 }
  - Chain level:
	State 1
		store_ln0 : 1
		i1_load : 1
		u_assign : 2
		trunc_ln47 : 3
		trunc_ln47_1 : 3
		trunc_ln47_2 : 3
		trunc_ln47_3 : 3
		trunc_ln47_4 : 3
		trunc_ln47_5 : 3
		trunc_ln47_6 : 3
		trunc_ln47_7 : 3
		i : 2
		switch_ln47 : 2
		write_ln47 : 4
		write_ln47 : 4
		write_ln47 : 4
		write_ln47 : 4
		write_ln47 : 4
		write_ln47 : 4
		write_ln47 : 4
		write_ln47 : 4
		write_ln47 : 4
		write_ln47 : 4
		write_ln47 : 4
		write_ln47 : 4
		write_ln47 : 4
		write_ln47 : 4
		write_ln47 : 4
		write_ln47 : 4
		write_ln47 : 4
		write_ln47 : 4
		write_ln47 : 4
		write_ln47 : 4
		write_ln47 : 4
		write_ln47 : 4
		write_ln47 : 4
		write_ln47 : 4
		write_ln47 : 4
		write_ln47 : 4
		write_ln47 : 4
		write_ln47 : 4
		write_ln47 : 4
		write_ln47 : 4
		write_ln47 : 4
		write_ln47 : 4
		icmp_ln325 : 2
		store_ln325 : 3
		br_ln325 : 3


============================================================
+ Verbose Summary: Datapath Resource usage 
============================================================

* Functional unit list:
|----------|---------------------------|---------|---------|
| Operation|      Functional Unit      |    FF   |   LUT   |
|----------|---------------------------|---------|---------|
| sparsemux|      u_assign_fu_394      |    0    |    20   |
|----------|---------------------------|---------|---------|
|    add   |          i_fu_524         |    0    |    10   |
|----------|---------------------------|---------|---------|
|   icmp   |     icmp_ln325_fu_530     |    0    |    10   |
|----------|---------------------------|---------|---------|
|          | s_3_load_read_read_fu_138 |    0    |    0    |
|   read   | s_2_load_read_read_fu_144 |    0    |    0    |
|          | s_1_load_read_read_fu_150 |    0    |    0    |
|          |  s_load_read_read_fu_156  |    0    |    0    |
|----------|---------------------------|---------|---------|
|          |  write_ln47_write_fu_162  |    0    |    0    |
|          |  write_ln47_write_fu_169  |    0    |    0    |
|          |  write_ln47_write_fu_176  |    0    |    0    |
|          |  write_ln47_write_fu_183  |    0    |    0    |
|          |  write_ln47_write_fu_190  |    0    |    0    |
|          |  write_ln47_write_fu_197  |    0    |    0    |
|          |  write_ln47_write_fu_204  |    0    |    0    |
|          |  write_ln47_write_fu_211  |    0    |    0    |
|          |  write_ln47_write_fu_218  |    0    |    0    |
|          |  write_ln47_write_fu_225  |    0    |    0    |
|          |  write_ln47_write_fu_232  |    0    |    0    |
|          |  write_ln47_write_fu_239  |    0    |    0    |
|          |  write_ln47_write_fu_246  |    0    |    0    |
|          |  write_ln47_write_fu_253  |    0    |    0    |
|          |  write_ln47_write_fu_260  |    0    |    0    |
|   write  |  write_ln47_write_fu_267  |    0    |    0    |
|          |  write_ln47_write_fu_274  |    0    |    0    |
|          |  write_ln47_write_fu_281  |    0    |    0    |
|          |  write_ln47_write_fu_288  |    0    |    0    |
|          |  write_ln47_write_fu_295  |    0    |    0    |
|          |  write_ln47_write_fu_302  |    0    |    0    |
|          |  write_ln47_write_fu_309  |    0    |    0    |
|          |  write_ln47_write_fu_316  |    0    |    0    |
|          |  write_ln47_write_fu_323  |    0    |    0    |
|          |  write_ln47_write_fu_330  |    0    |    0    |
|          |  write_ln47_write_fu_337  |    0    |    0    |
|          |  write_ln47_write_fu_344  |    0    |    0    |
|          |  write_ln47_write_fu_351  |    0    |    0    |
|          |  write_ln47_write_fu_358  |    0    |    0    |
|          |  write_ln47_write_fu_365  |    0    |    0    |
|          |  write_ln47_write_fu_372  |    0    |    0    |
|          |  write_ln47_write_fu_379  |    0    |    0    |
|----------|---------------------------|---------|---------|
|   trunc  |     trunc_ln47_fu_418     |    0    |    0    |
|----------|---------------------------|---------|---------|
|          |    trunc_ln47_1_fu_426    |    0    |    0    |
|          |    trunc_ln47_2_fu_440    |    0    |    0    |
|          |    trunc_ln47_3_fu_454    |    0    |    0    |
|partselect|    trunc_ln47_4_fu_468    |    0    |    0    |
|          |    trunc_ln47_5_fu_482    |    0    |    0    |
|          |    trunc_ln47_6_fu_496    |    0    |    0    |
|          |    trunc_ln47_7_fu_510    |    0    |    0    |
|----------|---------------------------|---------|---------|
|   Total  |                           |    0    |    40   |
|----------|---------------------------|---------|---------|

Memories:
N/A

* Register list:
+----------+--------+
|          |   FF   |
+----------+--------+
|i1_reg_541|    2   |
+----------+--------+
|   Total  |    2   |
+----------+--------+

* Multiplexer (MUX) list: 
|--------|------|------|------|--------|
|  Comp  |  Pin | Size |  BW  | S x BW |
|--------|------|------|------|--------|
|  Total |      |      |      |    0   |
|--------|------|------|------|--------|



* Summary:
+-----------+--------+--------+
|           |   FF   |   LUT  |
+-----------+--------+--------+
|  Function |    0   |   40   |
|   Memory  |    -   |    -   |
|Multiplexer|    -   |    -   |
|  Register |    2   |    -   |
+-----------+--------+--------+
|   Total   |    2   |   40   |
+-----------+--------+--------+
