

================================================================
== Vitis HLS Report for 'keccak_absorb_once_hls'
================================================================
* Date:           Tue Aug  5 17:14:39 2025

* Version:        2024.2 (Build 5238294 on Nov  8 2024)
* Project:        sha3_256_hls
* Solution:       hls (Vivado IP Flow Target)
* Product family: azynq
* Target device:  xa7z010-clg400-1I


================================================================
== Performance Estimates
================================================================
+ Timing: 
    * Summary: 
    +--------+----------+----------+------------+
    |  Clock |  Target  | Estimated| Uncertainty|
    +--------+----------+----------+------------+
    |ap_clk  |  10.00 ns|  7.580 ns|     2.70 ns|
    +--------+----------+----------+------------+

+ Latency: 
    * Summary: 
    +---------+---------+----------+----------+-----+-----+---------+
    |  Latency (cycles) |  Latency (absolute) |  Interval | Pipeline|
    |   min   |   max   |    min   |    max   | min | max |   Type  |
    +---------+---------+----------+----------+-----+-----+---------+
    |        ?|        ?|         ?|         ?|    ?|    ?|       no|
    +---------+---------+----------+----------+-----+-----+---------+

    + Detail: 
        * Instance: 
        +-------------------------------------------------------------+--------------------------------------------------+---------+---------+----------+----------+-----+-----+------------------------------------------------+
        |                                                             |                                                  |  Latency (cycles) |  Latency (absolute) |  Interval |                    Pipeline                    |
        |                           Instance                          |                      Module                      |   min   |   max   |    min   |    max   | min | max |                      Type                      |
        +-------------------------------------------------------------+--------------------------------------------------+---------+---------+----------+----------+-----+-----+------------------------------------------------+
        |grp_keccak_absorb_once_hls_Pipeline_init_state_fu_184        |keccak_absorb_once_hls_Pipeline_init_state        |       27|       27|  0.270 us|  0.270 us|   26|   26|  loop auto-rewind stp (delay=0 clock cycles(s))|
        |grp_keccak_absorb_once_hls_Pipeline_absorb_remaining_fu_198  |keccak_absorb_once_hls_Pipeline_absorb_remaining  |        ?|        ?|         ?|         ?|    0|    0|  loop auto-rewind stp (delay=0 clock cycles(s))|
        |grp_keccak_absorb_once_hls_Pipeline_absorb_word_loop_fu_216  |keccak_absorb_once_hls_Pipeline_absorb_word_loop  |       71|       71|  0.710 us|  0.710 us|   70|   70|  loop auto-rewind stp (delay=0 clock cycles(s))|
        |grp_KeccakF1600_StatePermute_HLS_fu_233                      |KeccakF1600_StatePermute_HLS                      |       34|       34|  0.340 us|  0.340 us|   34|   34|                                              no|
        +-------------------------------------------------------------+--------------------------------------------------+---------+---------+----------+----------+-----+-----+------------------------------------------------+

        * Loop: 
        +-----------------+---------+---------+----------+-----------+-----------+--------+----------+
        |                 |  Latency (cycles) | Iteration|  Initiation Interval  |  Trip  |          |
        |    Loop Name    |   min   |   max   |  Latency |  achieved |   target  |  Count | Pipelined|
        +-----------------+---------+---------+----------+-----------+-----------+--------+----------+
        |- absorb_blocks  |      110|     1760|       110|          -|          -|  1 ~ 16|        no|
        +-----------------+---------+---------+----------+-----------+-----------+--------+----------+



================================================================
== Utilization Estimates
================================================================
* Summary: 
+-----------------+---------+----+-------+-------+-----+
|       Name      | BRAM_18K| DSP|   FF  |  LUT  | URAM|
+-----------------+---------+----+-------+-------+-----+
|DSP              |        -|   -|      -|      -|    -|
|Expression       |        -|   -|      0|    819|    -|
|FIFO             |        -|   -|      -|      -|    -|
|Instance         |        -|  20|  10029|  21248|    -|
|Memory           |        -|   -|      -|      -|    -|
|Multiplexer      |        -|   -|      0|   1532|    -|
|Register         |        -|   -|    639|      -|    -|
+-----------------+---------+----+-------+-------+-----+
|Total            |        0|  20|  10668|  23599|    0|
+-----------------+---------+----+-------+-------+-----+
|Available        |      120|  80|  35200|  17600|    0|
+-----------------+---------+----+-------+-------+-----+
|Utilization (%)  |        0|  25|     30|    134|    0|
+-----------------+---------+----+-------+-------+-----+

+ Detail: 
    * Instance: 
    +-------------------------------------------------------------+--------------------------------------------------+---------+----+------+-------+-----+
    |                           Instance                          |                      Module                      | BRAM_18K| DSP|  FF  |  LUT  | URAM|
    +-------------------------------------------------------------+--------------------------------------------------+---------+----+------+-------+-----+
    |grp_KeccakF1600_StatePermute_HLS_fu_233                      |KeccakF1600_StatePermute_HLS                      |        0|   0|  5080|  17089|    0|
    |grp_keccak_absorb_once_hls_Pipeline_absorb_remaining_fu_198  |keccak_absorb_once_hls_Pipeline_absorb_remaining  |        0|   4|  2798|   2507|    0|
    |grp_keccak_absorb_once_hls_Pipeline_absorb_word_loop_fu_216  |keccak_absorb_once_hls_Pipeline_absorb_word_loop  |        0|   0|   171|    329|    0|
    |grp_keccak_absorb_once_hls_Pipeline_init_state_fu_184        |keccak_absorb_once_hls_Pipeline_init_state        |        0|   0|    23|    132|    0|
    |mul_61ns_63ns_123_5_1_U87                                    |mul_61ns_63ns_123_5_1                             |        0|  16|   435|    250|    0|
    |sparsemux_11_3_64_1_1_U90                                    |sparsemux_11_3_64_1_1                             |        0|   0|     0|     25|    0|
    |urem_61ns_4ns_3_65_seq_1_U89                                 |urem_61ns_4ns_3_65_seq_1                          |        0|   0|   743|    447|    0|
    |urem_64ns_9ns_64_68_seq_1_U88                                |urem_64ns_9ns_64_68_seq_1                         |        0|   0|   779|    469|    0|
    +-------------------------------------------------------------+--------------------------------------------------+---------+----+------+-------+-----+
    |Total                                                        |                                                  |        0|  20| 10029|  21248|    0|
    +-------------------------------------------------------------+--------------------------------------------------+---------+----+------+-------+-----+

    * DSP: 
    N/A

    * Memory: 
    N/A

    * FIFO: 
    N/A

    * Expression: 
    +---------------------------+----------+----+---+-----+------------+------------+
    |       Variable Name       | Operation| DSP| FF| LUT | Bitwidth P0| Bitwidth P1|
    +---------------------------+----------+----+---+-----+------------+------------+
    |add_ln286_fu_356_p2        |         +|   0|  0|   71|          64|           8|
    |add_ln287_fu_303_p2        |         +|   0|  0|   71|          64|           9|
    |sub_ln262_fu_289_p2        |         -|   0|  0|   71|          64|          64|
    |sub_ln277_fu_285_p2        |         -|   0|  0|   71|          64|          64|
    |empty_fu_252_p2            |      icmp|   0|  0|   71|          64|           8|
    |icmp_ln277_1_fu_297_p2     |      icmp|   0|  0|   71|          64|           8|
    |icmp_ln277_fu_280_p2       |      icmp|   0|  0|   71|          64|           8|
    |s_0_we0                    |        or|   0|  0|    2|           1|           1|
    |s_1_we0                    |        or|   0|  0|    2|           1|           1|
    |s_2_we0                    |        or|   0|  0|    2|           1|           1|
    |s_3_we0                    |        or|   0|  0|    2|           1|           1|
    |s_4_we0                    |        or|   0|  0|    2|           1|           1|
    |grp_fu_274_p0              |    select|   0|  0|   64|           1|           8|
    |pos_0_lcssa_sel_fu_317_p3  |    select|   0|  0|   11|           1|          11|
    |shl_ln298_fu_429_p2        |       shl|   0|  0|  171|           3|          59|
    |xor_ln298_fu_439_p2        |       xor|   0|  0|   64|          64|          64|
    |xor_ln299_fu_457_p2        |       xor|   0|  0|    2|           1|           2|
    +---------------------------+----------+----+---+-----+------------+------------+
    |Total                      |          |   0|  0|  819|         523|         318|
    +---------------------------+----------+----+---+-----+------------+------------+

    * Multiplexer: 
    +-----------------------+-----+-----------+-----+-----------+
    |          Name         | LUT | Input Size| Bits| Total Bits|
    +-----------------------+-----+-----------+-----+-----------+
    |ap_NS_fsm              |  764|        143|    1|        143|
    |in_r_address0          |   14|          3|   11|         33|
    |in_r_ce0               |   14|          3|    1|          3|
    |in_r_ce1               |    9|          2|    1|          2|
    |inlen_assign_1_fu_102  |    9|          2|   64|        128|
    |pos_fu_106             |    9|          2|   64|        128|
    |s_0_address0           |   25|          5|    3|         15|
    |s_0_address1           |   14|          3|    3|          9|
    |s_0_ce0                |   25|          5|    1|          5|
    |s_0_ce1                |   14|          3|    1|          3|
    |s_0_d0                 |   25|          5|   64|        320|
    |s_0_we0                |   25|          5|    1|          5|
    |s_0_we1                |    9|          2|    1|          2|
    |s_1_address0           |   25|          5|    3|         15|
    |s_1_address0_local     |   14|          3|    3|          9|
    |s_1_address1           |   14|          3|    3|          9|
    |s_1_ce0                |   25|          5|    1|          5|
    |s_1_ce1                |   14|          3|    1|          3|
    |s_1_d0                 |   25|          5|   64|        320|
    |s_1_d0_local           |   14|          3|   64|        192|
    |s_1_we0                |   25|          5|    1|          5|
    |s_1_we1                |    9|          2|    1|          2|
    |s_2_address0           |   25|          5|    3|         15|
    |s_2_address1           |   14|          3|    3|          9|
    |s_2_ce0                |   25|          5|    1|          5|
    |s_2_ce1                |   14|          3|    1|          3|
    |s_2_d0                 |   25|          5|   64|        320|
    |s_2_we0                |   25|          5|    1|          5|
    |s_2_we1                |    9|          2|    1|          2|
    |s_3_address0           |   25|          5|    3|         15|
    |s_3_address1           |   14|          3|    3|          9|
    |s_3_ce0                |   25|          5|    1|          5|
    |s_3_ce1                |   14|          3|    1|          3|
    |s_3_d0                 |   25|          5|   64|        320|
    |s_3_we0                |   25|          5|    1|          5|
    |s_3_we1                |    9|          2|    1|          2|
    |s_4_address0           |   25|          5|    3|         15|
    |s_4_address1           |   14|          3|    3|          9|
    |s_4_ce0                |   25|          5|    1|          5|
    |s_4_ce1                |   14|          3|    1|          3|
    |s_4_d0                 |   25|          5|   64|        320|
    |s_4_we0                |   25|          5|    1|          5|
    |s_4_we1                |    9|          2|    1|          2|
    +-----------------------+-----+-----------+-----+-----------+
    |Total                  | 1532|        301|  579|       2433|
    +-----------------------+-----+-----------+-----+-----------+

    * Register: 
    +--------------------------------------------------------------------------+-----+----+-----+-----------+
    |                                   Name                                   |  FF | LUT| Bits| Const Bits|
    +--------------------------------------------------------------------------+-----+----+-----+-----------+
    |ap_CS_fsm                                                                 |  142|   0|  142|          0|
    |empty_reg_497                                                             |    1|   0|    1|          0|
    |grp_KeccakF1600_StatePermute_HLS_fu_233_ap_start_reg                      |    1|   0|    1|          0|
    |grp_keccak_absorb_once_hls_Pipeline_absorb_remaining_fu_198_ap_start_reg  |    1|   0|    1|          0|
    |grp_keccak_absorb_once_hls_Pipeline_absorb_word_loop_fu_216_ap_start_reg  |    1|   0|    1|          0|
    |grp_keccak_absorb_once_hls_Pipeline_init_state_fu_184_ap_start_reg        |    1|   0|    1|          0|
    |icmp_ln277_reg_513                                                        |    1|   0|    1|          0|
    |inlen_assign_1_fu_102                                                     |   64|   0|   64|          0|
    |pos_0_lcssa_sel_reg_533                                                   |   11|   0|   11|          0|
    |pos_fu_106                                                                |   64|   0|   64|          0|
    |s_0_addr_reg_558                                                          |    3|   0|    3|          0|
    |s_1_addr_reg_563                                                          |    3|   0|    3|          0|
    |s_2_addr_reg_568                                                          |    3|   0|    3|          0|
    |s_3_addr_reg_573                                                          |    3|   0|    3|          0|
    |s_4_addr_reg_578                                                          |    3|   0|    3|          0|
    |select_ln277_reg_502                                                      |   64|   0|   64|          0|
    |sub_ln262_reg_523                                                         |   64|   0|   64|          0|
    |sub_ln277_reg_518                                                         |   64|   0|   64|          0|
    |tmp_1_reg_587                                                             |   64|   0|   64|          0|
    |trunc_ln277_reg_553                                                       |   11|   0|   11|          0|
    |trunc_ln298_1_reg_583                                                     |    3|   0|    3|          0|
    |trunc_ln298_reg_538                                                       |    3|   0|    3|          0|
    |urem_ln277_reg_508                                                        |   64|   0|   64|          0|
    +--------------------------------------------------------------------------+-----+----+-----+-----------+
    |Total                                                                     |  639|   0|  639|          0|
    +--------------------------------------------------------------------------+-----+----+-----+-----------+



================================================================
== Interface
================================================================
* Summary: 
+---------------+-----+-----+------------+------------------------+--------------+
|   RTL Ports   | Dir | Bits|  Protocol  |      Source Object     |    C Type    |
+---------------+-----+-----+------------+------------------------+--------------+
|ap_clk         |   in|    1|  ap_ctrl_hs|  keccak_absorb_once_hls|  return value|
|ap_rst         |   in|    1|  ap_ctrl_hs|  keccak_absorb_once_hls|  return value|
|ap_start       |   in|    1|  ap_ctrl_hs|  keccak_absorb_once_hls|  return value|
|ap_done        |  out|    1|  ap_ctrl_hs|  keccak_absorb_once_hls|  return value|
|ap_idle        |  out|    1|  ap_ctrl_hs|  keccak_absorb_once_hls|  return value|
|ap_ready       |  out|    1|  ap_ctrl_hs|  keccak_absorb_once_hls|  return value|
|s_0_address0   |  out|    3|   ap_memory|                     s_0|         array|
|s_0_ce0        |  out|    1|   ap_memory|                     s_0|         array|
|s_0_we0        |  out|    1|   ap_memory|                     s_0|         array|
|s_0_d0         |  out|   64|   ap_memory|                     s_0|         array|
|s_0_q0         |   in|   64|   ap_memory|                     s_0|         array|
|s_0_address1   |  out|    3|   ap_memory|                     s_0|         array|
|s_0_ce1        |  out|    1|   ap_memory|                     s_0|         array|
|s_0_we1        |  out|    1|   ap_memory|                     s_0|         array|
|s_0_d1         |  out|   64|   ap_memory|                     s_0|         array|
|s_0_q1         |   in|   64|   ap_memory|                     s_0|         array|
|s_1_address0   |  out|    3|   ap_memory|                     s_1|         array|
|s_1_ce0        |  out|    1|   ap_memory|                     s_1|         array|
|s_1_we0        |  out|    1|   ap_memory|                     s_1|         array|
|s_1_d0         |  out|   64|   ap_memory|                     s_1|         array|
|s_1_q0         |   in|   64|   ap_memory|                     s_1|         array|
|s_1_address1   |  out|    3|   ap_memory|                     s_1|         array|
|s_1_ce1        |  out|    1|   ap_memory|                     s_1|         array|
|s_1_we1        |  out|    1|   ap_memory|                     s_1|         array|
|s_1_d1         |  out|   64|   ap_memory|                     s_1|         array|
|s_1_q1         |   in|   64|   ap_memory|                     s_1|         array|
|s_2_address0   |  out|    3|   ap_memory|                     s_2|         array|
|s_2_ce0        |  out|    1|   ap_memory|                     s_2|         array|
|s_2_we0        |  out|    1|   ap_memory|                     s_2|         array|
|s_2_d0         |  out|   64|   ap_memory|                     s_2|         array|
|s_2_q0         |   in|   64|   ap_memory|                     s_2|         array|
|s_2_address1   |  out|    3|   ap_memory|                     s_2|         array|
|s_2_ce1        |  out|    1|   ap_memory|                     s_2|         array|
|s_2_we1        |  out|    1|   ap_memory|                     s_2|         array|
|s_2_d1         |  out|   64|   ap_memory|                     s_2|         array|
|s_2_q1         |   in|   64|   ap_memory|                     s_2|         array|
|s_3_address0   |  out|    3|   ap_memory|                     s_3|         array|
|s_3_ce0        |  out|    1|   ap_memory|                     s_3|         array|
|s_3_we0        |  out|    1|   ap_memory|                     s_3|         array|
|s_3_d0         |  out|   64|   ap_memory|                     s_3|         array|
|s_3_q0         |   in|   64|   ap_memory|                     s_3|         array|
|s_3_address1   |  out|    3|   ap_memory|                     s_3|         array|
|s_3_ce1        |  out|    1|   ap_memory|                     s_3|         array|
|s_3_we1        |  out|    1|   ap_memory|                     s_3|         array|
|s_3_d1         |  out|   64|   ap_memory|                     s_3|         array|
|s_3_q1         |   in|   64|   ap_memory|                     s_3|         array|
|s_4_address0   |  out|    3|   ap_memory|                     s_4|         array|
|s_4_ce0        |  out|    1|   ap_memory|                     s_4|         array|
|s_4_we0        |  out|    1|   ap_memory|                     s_4|         array|
|s_4_d0         |  out|   64|   ap_memory|                     s_4|         array|
|s_4_q0         |   in|   64|   ap_memory|                     s_4|         array|
|s_4_address1   |  out|    3|   ap_memory|                     s_4|         array|
|s_4_ce1        |  out|    1|   ap_memory|                     s_4|         array|
|s_4_we1        |  out|    1|   ap_memory|                     s_4|         array|
|s_4_d1         |  out|   64|   ap_memory|                     s_4|         array|
|s_4_q1         |   in|   64|   ap_memory|                     s_4|         array|
|in_r_address0  |  out|   11|   ap_memory|                    in_r|         array|
|in_r_ce0       |  out|    1|   ap_memory|                    in_r|         array|
|in_r_q0        |   in|    8|   ap_memory|                    in_r|         array|
|in_r_address1  |  out|   11|   ap_memory|                    in_r|         array|
|in_r_ce1       |  out|    1|   ap_memory|                    in_r|         array|
|in_r_q1        |   in|    8|   ap_memory|                    in_r|         array|
|inlen          |   in|   64|     ap_none|                   inlen|        scalar|
+---------------+-----+-----+------------+------------------------+--------------+

