

================================================================
== Vitis HLS Report for 'sha3_256_hls'
================================================================
* Date:           Tue Aug  5 17:14:39 2025

* Version:        2024.2 (Build 5238294 on Nov  8 2024)
* Project:        sha3_256_hls
* Solution:       hls (Vivado IP Flow Target)
* Product family: azynq
* Target device:  xa7z010-clg400-1I


================================================================
== Performance Estimates
================================================================
+ Timing: 
    * Summary: 
    +--------+----------+----------+------------+
    |  Clock |  Target  | Estimated| Uncertainty|
    +--------+----------+----------+------------+
    |ap_clk  |  10.00 ns|  7.580 ns|     2.70 ns|
    +--------+----------+----------+------------+

+ Latency: 
    * Summary: 
    +---------+---------+----------+----------+-----+-----+---------+
    |  Latency (cycles) |  Latency (absolute) |  Interval | Pipeline|
    |   min   |   max   |    min   |    max   | min | max |   Type  |
    +---------+---------+----------+----------+-----+-----+---------+
    |        ?|        ?|         ?|         ?|    ?|    ?|       no|
    +---------+---------+----------+----------+-----+-----+---------+

    + Detail: 
        * Instance: 
        +-------------------------------------------------+--------------------------------------+---------+---------+-----------+-----------+-----+-----+------------------------------------------------+
        |                                                 |                                      |  Latency (cycles) |   Latency (absolute)  |  Interval |                    Pipeline                    |
        |                     Instance                    |                Module                |   min   |   max   |    min    |    max    | min | max |                      Type                      |
        +-------------------------------------------------+--------------------------------------+---------+---------+-----------+-----------+-----+-----+------------------------------------------------+
        |grp_keccak_absorb_once_hls_fu_180                |keccak_absorb_once_hls                |        ?|        ?|          ?|          ?|    ?|    ?|                                              no|
        |grp_KeccakF1600_StatePermute_HLS_fu_198          |KeccakF1600_StatePermute_HLS          |       34|       34|   0.340 us|   0.340 us|   34|   34|                                              no|
        |grp_sha3_256_hls_Pipeline_extract_output_fu_207  |sha3_256_hls_Pipeline_extract_output  |        5|        5|  50.000 ns|  50.000 ns|    4|    4|  loop auto-rewind stp (delay=0 clock cycles(s))|
        +-------------------------------------------------+--------------------------------------+---------+---------+-----------+-----------+-----+-----+------------------------------------------------+

        * Loop: 
        N/A



================================================================
== Utilization Estimates
================================================================
* Summary: 
+-----------------+---------+----+-------+-------+-----+
|       Name      | BRAM_18K| DSP|   FF  |  LUT  | URAM|
+-----------------+---------+----+-------+-------+-----+
|DSP              |        -|   -|      -|      -|    -|
|Expression       |        -|   -|      -|      -|    -|
|FIFO             |        -|   -|      -|      -|    -|
|Instance         |        -|  20|  15752|  40755|    -|
|Memory           |        0|   -|    640|     25|    0|
|Multiplexer      |        -|   -|      0|    890|    -|
|Register         |        -|   -|    586|      -|    -|
+-----------------+---------+----+-------+-------+-----+
|Total            |        0|  20|  16978|  41670|    0|
+-----------------+---------+----+-------+-------+-----+
|Available        |      120|  80|  35200|  17600|    0|
+-----------------+---------+----+-------+-------+-----+
|Utilization (%)  |        0|  25|     48|    236|    0|
+-----------------+---------+----+-------+-------+-----+

+ Detail: 
    * Instance: 
    +-------------------------------------------------+--------------------------------------+---------+----+-------+-------+-----+
    |                     Instance                    |                Module                | BRAM_18K| DSP|   FF  |  LUT  | URAM|
    +-------------------------------------------------+--------------------------------------+---------+----+-------+-------+-----+
    |grp_KeccakF1600_StatePermute_HLS_fu_198          |KeccakF1600_StatePermute_HLS          |        0|   0|   5080|  17089|    0|
    |grp_keccak_absorb_once_hls_fu_180                |keccak_absorb_once_hls                |        0|  20|  10668|  23599|    0|
    |grp_sha3_256_hls_Pipeline_extract_output_fu_207  |sha3_256_hls_Pipeline_extract_output  |        0|   0|      4|     67|    0|
    +-------------------------------------------------+--------------------------------------+---------+----+-------+-------+-----+
    |Total                                            |                                      |        0|  20|  15752|  40755|    0|
    +-------------------------------------------------+--------------------------------------+---------+----+-------+-------+-----+

    * DSP: 
    N/A

    * Memory: 
    +-------+-----------------+---------+-----+----+-----+------+-----+------+-------------+
    | Memory|      Module     | BRAM_18K|  FF | LUT| URAM| Words| Bits| Banks| W*Bits*Banks|
    +-------+-----------------+---------+-----+----+-----+------+-----+------+-------------+
    |s_U    |s_RAM_AUTO_1R1W  |        0|  128|   5|    0|     5|   64|     1|          320|
    |s_1_U  |s_RAM_AUTO_1R1W  |        0|  128|   5|    0|     5|   64|     1|          320|
    |s_2_U  |s_RAM_AUTO_1R1W  |        0|  128|   5|    0|     5|   64|     1|          320|
    |s_3_U  |s_RAM_AUTO_1R1W  |        0|  128|   5|    0|     5|   64|     1|          320|
    |s_4_U  |s_RAM_AUTO_1R1W  |        0|  128|   5|    0|     5|   64|     1|          320|
    +-------+-----------------+---------+-----+----+-----+------+-----+------+-------------+
    |Total  |                 |        0|  640|  25|    0|    25|  320|     5|         1600|
    +-------+-----------------+---------+-----+----+-----+------+-----+------+-------------+

    * FIFO: 
    N/A

    * Expression: 
    N/A

    * Multiplexer: 
    +--------------+----+-----------+-----+-----------+
    |     Name     | LUT| Input Size| Bits| Total Bits|
    +--------------+----+-----------+-----+-----------+
    |ap_NS_fsm     |  42|          8|    1|          8|
    |h_0           |   9|          2|    8|         16|
    |h_1           |   9|          2|    8|         16|
    |h_10          |   9|          2|    8|         16|
    |h_11          |   9|          2|    8|         16|
    |h_12          |   9|          2|    8|         16|
    |h_13          |   9|          2|    8|         16|
    |h_14          |   9|          2|    8|         16|
    |h_15          |   9|          2|    8|         16|
    |h_16          |   9|          2|    8|         16|
    |h_17          |   9|          2|    8|         16|
    |h_18          |   9|          2|    8|         16|
    |h_19          |   9|          2|    8|         16|
    |h_2           |   9|          2|    8|         16|
    |h_20          |   9|          2|    8|         16|
    |h_21          |   9|          2|    8|         16|
    |h_22          |   9|          2|    8|         16|
    |h_23          |   9|          2|    8|         16|
    |h_24          |   9|          2|    8|         16|
    |h_25          |   9|          2|    8|         16|
    |h_26          |   9|          2|    8|         16|
    |h_27          |   9|          2|    8|         16|
    |h_28          |   9|          2|    8|         16|
    |h_29          |   9|          2|    8|         16|
    |h_3           |   9|          2|    8|         16|
    |h_30          |   9|          2|    8|         16|
    |h_31          |   9|          2|    8|         16|
    |h_4           |   9|          2|    8|         16|
    |h_5           |   9|          2|    8|         16|
    |h_6           |   9|          2|    8|         16|
    |h_7           |   9|          2|    8|         16|
    |h_8           |   9|          2|    8|         16|
    |h_9           |   9|          2|    8|         16|
    |s_1_address0  |  14|          3|    3|          9|
    |s_1_address1  |  14|          3|    3|          9|
    |s_1_ce0       |  14|          3|    1|          3|
    |s_1_ce1       |  14|          3|    1|          3|
    |s_1_d0        |  14|          3|   64|        192|
    |s_1_d1        |  14|          3|   64|        192|
    |s_1_we0       |  14|          3|    1|          3|
    |s_1_we1       |  14|          3|    1|          3|
    |s_2_address0  |  14|          3|    3|          9|
    |s_2_address1  |  14|          3|    3|          9|
    |s_2_ce0       |  14|          3|    1|          3|
    |s_2_ce1       |  14|          3|    1|          3|
    |s_2_d0        |  14|          3|   64|        192|
    |s_2_d1        |  14|          3|   64|        192|
    |s_2_we0       |  14|          3|    1|          3|
    |s_2_we1       |  14|          3|    1|          3|
    |s_3_address0  |  14|          3|    3|          9|
    |s_3_address1  |  14|          3|    3|          9|
    |s_3_ce0       |  14|          3|    1|          3|
    |s_3_ce1       |  14|          3|    1|          3|
    |s_3_d0        |  14|          3|   64|        192|
    |s_3_d1        |  14|          3|   64|        192|
    |s_3_we0       |  14|          3|    1|          3|
    |s_3_we1       |  14|          3|    1|          3|
    |s_4_address0  |  14|          3|    3|          9|
    |s_4_address1  |  14|          3|    3|          9|
    |s_4_ce0       |  14|          3|    1|          3|
    |s_4_ce1       |  14|          3|    1|          3|
    |s_4_d0        |  14|          3|   64|        192|
    |s_4_d1        |  14|          3|   64|        192|
    |s_4_we0       |  14|          3|    1|          3|
    |s_4_we1       |  14|          3|    1|          3|
    |s_address0    |  14|          3|    3|          9|
    |s_address1    |  14|          3|    3|          9|
    |s_ce0         |  14|          3|    1|          3|
    |s_ce1         |  14|          3|    1|          3|
    |s_d0          |  14|          3|   64|        192|
    |s_d1          |  14|          3|   64|        192|
    |s_we0         |  14|          3|    1|          3|
    |s_we1         |  14|          3|    1|          3|
    +--------------+----+-----------+-----+-----------+
    |Total         | 890|        192|  947|       2590|
    +--------------+----+-----------+-----+-----------+

    * Register: 
    +--------------------------------------------------------------+----+----+-----+-----------+
    |                             Name                             | FF | LUT| Bits| Const Bits|
    +--------------------------------------------------------------+----+----+-----+-----------+
    |ap_CS_fsm                                                     |   7|   0|    7|          0|
    |grp_KeccakF1600_StatePermute_HLS_fu_198_ap_start_reg          |   1|   0|    1|          0|
    |grp_keccak_absorb_once_hls_fu_180_ap_start_reg                |   1|   0|    1|          0|
    |grp_sha3_256_hls_Pipeline_extract_output_fu_207_ap_start_reg  |   1|   0|    1|          0|
    |h_0_reg                                                       |   8|   0|    8|          0|
    |h_10_reg                                                      |   8|   0|    8|          0|
    |h_11_reg                                                      |   8|   0|    8|          0|
    |h_12_reg                                                      |   8|   0|    8|          0|
    |h_13_reg                                                      |   8|   0|    8|          0|
    |h_14_reg                                                      |   8|   0|    8|          0|
    |h_15_reg                                                      |   8|   0|    8|          0|
    |h_16_reg                                                      |   8|   0|    8|          0|
    |h_17_reg                                                      |   8|   0|    8|          0|
    |h_18_reg                                                      |   8|   0|    8|          0|
    |h_19_reg                                                      |   8|   0|    8|          0|
    |h_1_reg                                                       |   8|   0|    8|          0|
    |h_20_reg                                                      |   8|   0|    8|          0|
    |h_21_reg                                                      |   8|   0|    8|          0|
    |h_22_reg                                                      |   8|   0|    8|          0|
    |h_23_reg                                                      |   8|   0|    8|          0|
    |h_24_reg                                                      |   8|   0|    8|          0|
    |h_25_reg                                                      |   8|   0|    8|          0|
    |h_26_reg                                                      |   8|   0|    8|          0|
    |h_27_reg                                                      |   8|   0|    8|          0|
    |h_28_reg                                                      |   8|   0|    8|          0|
    |h_29_reg                                                      |   8|   0|    8|          0|
    |h_2_reg                                                       |   8|   0|    8|          0|
    |h_30_reg                                                      |   8|   0|    8|          0|
    |h_31_reg                                                      |   8|   0|    8|          0|
    |h_3_reg                                                       |   8|   0|    8|          0|
    |h_4_reg                                                       |   8|   0|    8|          0|
    |h_5_reg                                                       |   8|   0|    8|          0|
    |h_6_reg                                                       |   8|   0|    8|          0|
    |h_7_reg                                                       |   8|   0|    8|          0|
    |h_8_reg                                                       |   8|   0|    8|          0|
    |h_9_reg                                                       |   8|   0|    8|          0|
    |inlen_read_reg_283                                            |  64|   0|   64|          0|
    |s_1_load_reg_313                                              |  64|   0|   64|          0|
    |s_2_load_reg_318                                              |  64|   0|   64|          0|
    |s_3_load_reg_323                                              |  64|   0|   64|          0|
    |s_load_reg_308                                                |  64|   0|   64|          0|
    +--------------------------------------------------------------+----+----+-----+-----------+
    |Total                                                         | 586|   0|  586|          0|
    +--------------------------------------------------------------+----+----+-----+-----------+



================================================================
== Interface
================================================================
* Summary: 
+---------------+-----+-----+------------+--------------+--------------+
|   RTL Ports   | Dir | Bits|  Protocol  | Source Object|    C Type    |
+---------------+-----+-----+------------+--------------+--------------+
|ap_clk         |   in|    1|  ap_ctrl_hs|  sha3_256_hls|  return value|
|ap_rst         |   in|    1|  ap_ctrl_hs|  sha3_256_hls|  return value|
|ap_start       |   in|    1|  ap_ctrl_hs|  sha3_256_hls|  return value|
|ap_done        |  out|    1|  ap_ctrl_hs|  sha3_256_hls|  return value|
|ap_idle        |  out|    1|  ap_ctrl_hs|  sha3_256_hls|  return value|
|ap_ready       |  out|    1|  ap_ctrl_hs|  sha3_256_hls|  return value|
|h_0            |  out|    8|      ap_vld|           h_0|       pointer|
|h_0_ap_vld     |  out|    1|      ap_vld|           h_0|       pointer|
|h_1            |  out|    8|      ap_vld|           h_1|       pointer|
|h_1_ap_vld     |  out|    1|      ap_vld|           h_1|       pointer|
|h_2            |  out|    8|      ap_vld|           h_2|       pointer|
|h_2_ap_vld     |  out|    1|      ap_vld|           h_2|       pointer|
|h_3            |  out|    8|      ap_vld|           h_3|       pointer|
|h_3_ap_vld     |  out|    1|      ap_vld|           h_3|       pointer|
|h_4            |  out|    8|      ap_vld|           h_4|       pointer|
|h_4_ap_vld     |  out|    1|      ap_vld|           h_4|       pointer|
|h_5            |  out|    8|      ap_vld|           h_5|       pointer|
|h_5_ap_vld     |  out|    1|      ap_vld|           h_5|       pointer|
|h_6            |  out|    8|      ap_vld|           h_6|       pointer|
|h_6_ap_vld     |  out|    1|      ap_vld|           h_6|       pointer|
|h_7            |  out|    8|      ap_vld|           h_7|       pointer|
|h_7_ap_vld     |  out|    1|      ap_vld|           h_7|       pointer|
|h_8            |  out|    8|      ap_vld|           h_8|       pointer|
|h_8_ap_vld     |  out|    1|      ap_vld|           h_8|       pointer|
|h_9            |  out|    8|      ap_vld|           h_9|       pointer|
|h_9_ap_vld     |  out|    1|      ap_vld|           h_9|       pointer|
|h_10           |  out|    8|      ap_vld|          h_10|       pointer|
|h_10_ap_vld    |  out|    1|      ap_vld|          h_10|       pointer|
|h_11           |  out|    8|      ap_vld|          h_11|       pointer|
|h_11_ap_vld    |  out|    1|      ap_vld|          h_11|       pointer|
|h_12           |  out|    8|      ap_vld|          h_12|       pointer|
|h_12_ap_vld    |  out|    1|      ap_vld|          h_12|       pointer|
|h_13           |  out|    8|      ap_vld|          h_13|       pointer|
|h_13_ap_vld    |  out|    1|      ap_vld|          h_13|       pointer|
|h_14           |  out|    8|      ap_vld|          h_14|       pointer|
|h_14_ap_vld    |  out|    1|      ap_vld|          h_14|       pointer|
|h_15           |  out|    8|      ap_vld|          h_15|       pointer|
|h_15_ap_vld    |  out|    1|      ap_vld|          h_15|       pointer|
|h_16           |  out|    8|      ap_vld|          h_16|       pointer|
|h_16_ap_vld    |  out|    1|      ap_vld|          h_16|       pointer|
|h_17           |  out|    8|      ap_vld|          h_17|       pointer|
|h_17_ap_vld    |  out|    1|      ap_vld|          h_17|       pointer|
|h_18           |  out|    8|      ap_vld|          h_18|       pointer|
|h_18_ap_vld    |  out|    1|      ap_vld|          h_18|       pointer|
|h_19           |  out|    8|      ap_vld|          h_19|       pointer|
|h_19_ap_vld    |  out|    1|      ap_vld|          h_19|       pointer|
|h_20           |  out|    8|      ap_vld|          h_20|       pointer|
|h_20_ap_vld    |  out|    1|      ap_vld|          h_20|       pointer|
|h_21           |  out|    8|      ap_vld|          h_21|       pointer|
|h_21_ap_vld    |  out|    1|      ap_vld|          h_21|       pointer|
|h_22           |  out|    8|      ap_vld|          h_22|       pointer|
|h_22_ap_vld    |  out|    1|      ap_vld|          h_22|       pointer|
|h_23           |  out|    8|      ap_vld|          h_23|       pointer|
|h_23_ap_vld    |  out|    1|      ap_vld|          h_23|       pointer|
|h_24           |  out|    8|      ap_vld|          h_24|       pointer|
|h_24_ap_vld    |  out|    1|      ap_vld|          h_24|       pointer|
|h_25           |  out|    8|      ap_vld|          h_25|       pointer|
|h_25_ap_vld    |  out|    1|      ap_vld|          h_25|       pointer|
|h_26           |  out|    8|      ap_vld|          h_26|       pointer|
|h_26_ap_vld    |  out|    1|      ap_vld|          h_26|       pointer|
|h_27           |  out|    8|      ap_vld|          h_27|       pointer|
|h_27_ap_vld    |  out|    1|      ap_vld|          h_27|       pointer|
|h_28           |  out|    8|      ap_vld|          h_28|       pointer|
|h_28_ap_vld    |  out|    1|      ap_vld|          h_28|       pointer|
|h_29           |  out|    8|      ap_vld|          h_29|       pointer|
|h_29_ap_vld    |  out|    1|      ap_vld|          h_29|       pointer|
|h_30           |  out|    8|      ap_vld|          h_30|       pointer|
|h_30_ap_vld    |  out|    1|      ap_vld|          h_30|       pointer|
|h_31           |  out|    8|      ap_vld|          h_31|       pointer|
|h_31_ap_vld    |  out|    1|      ap_vld|          h_31|       pointer|
|in_r_address0  |  out|   11|   ap_memory|          in_r|         array|
|in_r_ce0       |  out|    1|   ap_memory|          in_r|         array|
|in_r_q0        |   in|    8|   ap_memory|          in_r|         array|
|in_r_address1  |  out|   11|   ap_memory|          in_r|         array|
|in_r_ce1       |  out|    1|   ap_memory|          in_r|         array|
|in_r_q1        |   in|    8|   ap_memory|          in_r|         array|
|inlen          |   in|   64|     ap_none|         inlen|        scalar|
+---------------+-----+-----+------------+--------------+--------------+

