  **** HLS Build v2024.2 5238294
INFO: [HLS 200-2005] Using work_dir /home/hyeon/workspace/sample1/hls_component/example 
INFO: [HLS 200-1505] Using default flow_target 'vivado'
Resolution: For help on HLS 200-1505 see docs.xilinx.com/access/sources/dita/topic?Doc_Version=2024.2%20English&url=ug1448-hls-guidance&resourceid=200-1505.html
INFO: [HLS 200-1465] Applying ini 'syn.file=/home/hyeon/workspace/sample1/adder.cpp' from /home/hyeon/workspace/sample1/hls_component/hls_config.cfg(8)
INFO: [HLS 200-10] Adding design file '/home/hyeon/workspace/sample1/adder.cpp' to the project
INFO: [HLS 200-1465] Applying ini 'tb.file=/home/hyeon/workspace/sample1/test_adder.cpp' from /home/hyeon/workspace/sample1/hls_component/hls_config.cfg(9)
INFO: [HLS 200-10] Adding test bench file '/home/hyeon/workspace/sample1/test_adder.cpp' to the project
INFO: [HLS 200-1465] Applying ini 'syn.top=example' from /home/hyeon/workspace/sample1/hls_component/hls_config.cfg(7)
INFO: [HLS 200-1465] Applying ini 'flow_target=vivado' from /home/hyeon/workspace/sample1/hls_component/hls_config.cfg(4)
INFO: [HLS 200-1505] Using flow_target 'vivado'
Resolution: For help on HLS 200-1505 see docs.xilinx.com/access/sources/dita/topic?Doc_Version=2024.2%20English&url=ug1448-hls-guidance&resourceid=200-1505.html
INFO: [HLS 200-1465] Applying ini 'part=xa7z010clg225-1I' from /home/hyeon/workspace/sample1/hls_component/hls_config.cfg(1)
INFO: [HLS 200-1611] Setting target device to 'xa7z010-clg225-1I'
INFO: [HLS 200-1465] Applying ini 'cosim.trace_level=all' from /home/hyeon/workspace/sample1/hls_component/hls_config.cfg(11)
INFO: [HLS 200-1465] Applying ini 'cosim.wave_debug=1' from /home/hyeon/workspace/sample1/hls_component/hls_config.cfg(12)
INFO: [HLS 200-1465] Applying ini 'csim.code_analyzer=1' from /home/hyeon/workspace/sample1/hls_component/hls_config.cfg(10)
INFO: [HLS 200-1465] Applying ini 'package.output.format=ip_catalog' from /home/hyeon/workspace/sample1/hls_component/hls_config.cfg(5)
INFO: [SIM 211-200] Executing Code Analyzer instead of classic HLS C simulation
INFO: [SIM 211-210] Code Analyzer finished
INFO: [HLS 200-112] Total CPU user time: 6.64 seconds. Total CPU system time: 0.95 seconds. Total elapsed time: 10.52 seconds; peak allocated memory: 322.895 MB.
INFO: [vitis-run 60-791] Total elapsed time: 0h 0m 13s
