Fri Jul 11 11:36:48 2025: Running xcd server. This server was built by gradle.
Fri Jul 11 11:36:48 2025: Server was asked to start on port: '37855'
Fri Jul 11 11:36:48 2025: Server is using token UUID: 'df8360f6-23bc-472f-84a4-179f0cbffa8c'
Fri Jul 11 11:36:48 2025: SESSION_MGR: creating session with session uuid: '6d04a3e9-ade5-4ab9-8d63-1f78fcd2ec76' and name 'default'
Fri Jul 11 11:36:48 2025: Attempting to start server on port '37855'
Fri Jul 11 11:36:48 2025: XCD main fifo: created main fifo '/tmp/xcdmaindf8360f6-23bc-472f-84a4-179f0cbffa8c', fd read = 12
Fri Jul 11 11:36:48 2025: Running Dispatch Server
Fri Jul 11 11:36:48 2025: Version 2.2.0
Fri Jul 11 11:36:49 2025: Dispatch Server: Accepted socket connection from client
Fri Jul 11 11:36:49 2025: Starting Socket connection
Fri Jul 11 11:36:49 2025: EXCHANGE_TOKEN received, server token: df8360f6-23bc-472f-84a4-179f0cbffa8c, passed token: df8360f6-23bc-472f-84a4-179f0cbffa8c
Fri Jul 11 11:36:50 2025: DISPATCH_HANDLER: Adding handler from function makeHandler in library libxv_system_diagram
Fri Jul 11 11:36:50 2025: SESSION_MGR: creating session with session uuid: 'bee0dc24-8a0b-4e16-b739-d965aeb583cd' and name 'v++_compile_example'
Fri Jul 11 11:36:50 2025: KERNEL_SVC: creating session with uuid: 'bee0dc24-8a0b-4e16-b739-d965aeb583cd' and name 'v++_compile_example'
Fri Jul 11 11:36:50 2025: GUIDANCE_SMGR: creating guidance session with uuid: 'bee0dc24-8a0b-4e16-b739-d965aeb583cd' and name 'v++_compile_example'
Fri Jul 11 11:36:50 2025: SYSTEM_DIAGRAM: creating session with uuid: 'bee0dc24-8a0b-4e16-b739-d965aeb583cd' and name 'v++_compile_example'
Fri Jul 11 11:36:59 2025: Dispatch Server: Accepted socket connection from client
Fri Jul 11 11:36:59 2025: Starting Socket connection
Fri Jul 11 11:37:12 2025: SESSION_MGR: closing session for UUID 'bee0dc24-8a0b-4e16-b739-d965aeb583cd' with name 'v++_compile_example'
Fri Jul 11 11:37:12 2025: KERNEL_SVC: closing session for UUID 'bee0dc24-8a0b-4e16-b739-d965aeb583cd' with name 'v++_compile_example'
Fri Jul 11 11:37:12 2025: GUIDANCE_SMGR: closing session for UUID 'bee0dc24-8a0b-4e16-b739-d965aeb583cd' with name 'v++_compile_example'
Fri Jul 11 11:37:12 2025: SYSTEM_DIAGRAM: closing session for UUID 'bee0dc24-8a0b-4e16-b739-d965aeb583cd' with name 'v++_compile_example'
Fri Jul 11 11:37:12 2025: STOP_SERVER received, server token: df8360f6-23bc-472f-84a4-179f0cbffa8c, passed token: df8360f6-23bc-472f-84a4-179f0cbffa8c
Fri Jul 11 11:37:12 2025: Socket received request to stop server.
Fri Jul 11 11:37:12 2025: Dispatch Server: do_await_stop
Fri Jul 11 11:37:12 2025: Dispatch Server: stopping mainFifo_
Fri Jul 11 11:37:12 2025: XCD main fifo: Stopping
Fri Jul 11 11:37:12 2025: XCD main fifo: do_read error code: Operation canceled
Fri Jul 11 11:37:12 2025: XCD main fifo: bytes_transferred: 0
Fri Jul 11 11:37:12 2025: SERVER: destructor for server bound to port 37855
Fri Jul 11 11:37:12 2025: XCD main fifo: Good unlink of /tmp/xcdmaindf8360f6-23bc-472f-84a4-179f0cbffa8c
Fri Jul 11 11:37:12 2025: Server exiting with status 0.
Fri Jul 11 11:37:13 2025: Closing log file.
Fri Jul 11 11:37:37 2025: Running xcd server. This server was built by gradle.
Fri Jul 11 11:37:37 2025: Server was asked to start on port: '37151'
Fri Jul 11 11:37:37 2025: Server is using token UUID: 'bb932e9b-85fb-4171-a7f1-63282fe6af52'
Fri Jul 11 11:37:37 2025: SESSION_MGR: creating session with session uuid: '6d04a3e9-ade5-4ab9-8d63-1f78fcd2ec76' and name 'default'
Fri Jul 11 11:37:37 2025: Attempting to start server on port '37151'
Fri Jul 11 11:37:37 2025: XCD main fifo: created main fifo '/tmp/xcdmainbb932e9b-85fb-4171-a7f1-63282fe6af52', fd read = 13
Fri Jul 11 11:37:37 2025: Running Dispatch Server
Fri Jul 11 11:37:37 2025: Version 2.2.0
Fri Jul 11 11:37:38 2025: Dispatch Server: Accepted socket connection from client
Fri Jul 11 11:37:38 2025: Starting Socket connection
Fri Jul 11 11:37:38 2025: EXCHANGE_TOKEN received, server token: bb932e9b-85fb-4171-a7f1-63282fe6af52, passed token: bb932e9b-85fb-4171-a7f1-63282fe6af52
Fri Jul 11 11:37:38 2025: DISPATCH_HANDLER: Adding handler from function makeHandler in library libxv_system_diagram
Fri Jul 11 11:37:38 2025: SESSION_MGR: creating session with session uuid: '58fad5ab-f5e5-4c61-8323-b777b190126a' and name 'vitis-run_compile_example'
Fri Jul 11 11:37:38 2025: KERNEL_SVC: creating session with uuid: '58fad5ab-f5e5-4c61-8323-b777b190126a' and name 'vitis-run_compile_example'
Fri Jul 11 11:37:38 2025: GUIDANCE_SMGR: creating guidance session with uuid: '58fad5ab-f5e5-4c61-8323-b777b190126a' and name 'vitis-run_compile_example'
Fri Jul 11 11:37:38 2025: SYSTEM_DIAGRAM: creating session with uuid: '58fad5ab-f5e5-4c61-8323-b777b190126a' and name 'vitis-run_compile_example'
Fri Jul 11 11:37:44 2025: Dispatch Server: Accepted socket connection from client
Fri Jul 11 11:37:44 2025: Starting Socket connection
Fri Jul 11 11:37:59 2025: SESSION_MGR: closing session for UUID '58fad5ab-f5e5-4c61-8323-b777b190126a' with name 'vitis-run_compile_example'
Fri Jul 11 11:37:59 2025: KERNEL_SVC: closing session for UUID '58fad5ab-f5e5-4c61-8323-b777b190126a' with name 'vitis-run_compile_example'
Fri Jul 11 11:37:59 2025: GUIDANCE_SMGR: closing session for UUID '58fad5ab-f5e5-4c61-8323-b777b190126a' with name 'vitis-run_compile_example'
Fri Jul 11 11:37:59 2025: SYSTEM_DIAGRAM: closing session for UUID '58fad5ab-f5e5-4c61-8323-b777b190126a' with name 'vitis-run_compile_example'
Fri Jul 11 11:37:59 2025: STOP_SERVER received, server token: bb932e9b-85fb-4171-a7f1-63282fe6af52, passed token: bb932e9b-85fb-4171-a7f1-63282fe6af52
Fri Jul 11 11:37:59 2025: Socket received request to stop server.
Fri Jul 11 11:37:59 2025: Dispatch Server: do_await_stop
Fri Jul 11 11:37:59 2025: Dispatch Server: stopping mainFifo_
Fri Jul 11 11:37:59 2025: XCD main fifo: Stopping
Fri Jul 11 11:37:59 2025: XCD main fifo: do_read error code: Operation canceled
Fri Jul 11 11:37:59 2025: XCD main fifo: bytes_transferred: 0
Fri Jul 11 11:37:59 2025: SERVER: destructor for server bound to port 37151
Fri Jul 11 11:37:59 2025: XCD main fifo: Good unlink of /tmp/xcdmainbb932e9b-85fb-4171-a7f1-63282fe6af52
Fri Jul 11 11:37:59 2025: Server exiting with status 0.
Fri Jul 11 11:37:59 2025: Closing log file.
Fri Jul 11 11:38:16 2025: Running xcd server. This server was built by gradle.
Fri Jul 11 11:38:16 2025: Server was asked to start on port: '44465'
Fri Jul 11 11:38:16 2025: Server is using token UUID: 'ad054b3a-ad76-4bf1-9ec9-a88793c08717'
Fri Jul 11 11:38:16 2025: SESSION_MGR: creating session with session uuid: '6d04a3e9-ade5-4ab9-8d63-1f78fcd2ec76' and name 'default'
Fri Jul 11 11:38:16 2025: Attempting to start server on port '44465'
Fri Jul 11 11:38:16 2025: XCD main fifo: created main fifo '/tmp/xcdmainad054b3a-ad76-4bf1-9ec9-a88793c08717', fd read = 13
Fri Jul 11 11:38:16 2025: Running Dispatch Server
Fri Jul 11 11:38:16 2025: Version 2.2.0
Fri Jul 11 11:38:18 2025: Dispatch Server: Accepted socket connection from client
Fri Jul 11 11:38:18 2025: Starting Socket connection
Fri Jul 11 11:38:18 2025: EXCHANGE_TOKEN received, server token: ad054b3a-ad76-4bf1-9ec9-a88793c08717, passed token: ad054b3a-ad76-4bf1-9ec9-a88793c08717
Fri Jul 11 11:38:18 2025: DISPATCH_HANDLER: Adding handler from function makeHandler in library libxv_system_diagram
Fri Jul 11 11:38:18 2025: SESSION_MGR: creating session with session uuid: '9bfc7024-2e61-4300-aea8-46bc99e0b539' and name 'vitis-run_compile_example'
Fri Jul 11 11:38:18 2025: KERNEL_SVC: creating session with uuid: '9bfc7024-2e61-4300-aea8-46bc99e0b539' and name 'vitis-run_compile_example'
Fri Jul 11 11:38:18 2025: GUIDANCE_SMGR: creating guidance session with uuid: '9bfc7024-2e61-4300-aea8-46bc99e0b539' and name 'vitis-run_compile_example'
Fri Jul 11 11:38:18 2025: SYSTEM_DIAGRAM: creating session with uuid: '9bfc7024-2e61-4300-aea8-46bc99e0b539' and name 'vitis-run_compile_example'
Fri Jul 11 11:38:24 2025: Dispatch Server: Accepted socket connection from client
Fri Jul 11 11:38:24 2025: Starting Socket connection
Fri Jul 11 11:38:31 2025: SESSION_MGR: closing session for UUID '9bfc7024-2e61-4300-aea8-46bc99e0b539' with name 'vitis-run_compile_example'
Fri Jul 11 11:38:31 2025: KERNEL_SVC: closing session for UUID '9bfc7024-2e61-4300-aea8-46bc99e0b539' with name 'vitis-run_compile_example'
Fri Jul 11 11:38:31 2025: GUIDANCE_SMGR: closing session for UUID '9bfc7024-2e61-4300-aea8-46bc99e0b539' with name 'vitis-run_compile_example'
Fri Jul 11 11:38:31 2025: SYSTEM_DIAGRAM: closing session for UUID '9bfc7024-2e61-4300-aea8-46bc99e0b539' with name 'vitis-run_compile_example'
Fri Jul 11 11:38:31 2025: STOP_SERVER received, server token: ad054b3a-ad76-4bf1-9ec9-a88793c08717, passed token: ad054b3a-ad76-4bf1-9ec9-a88793c08717
Fri Jul 11 11:38:31 2025: Socket received request to stop server.
Fri Jul 11 11:38:31 2025: Dispatch Server: do_await_stop
Fri Jul 11 11:38:31 2025: Dispatch Server: stopping mainFifo_
Fri Jul 11 11:38:31 2025: XCD main fifo: Stopping
Fri Jul 11 11:38:31 2025: XCD main fifo: do_read error code: Operation canceled
Fri Jul 11 11:38:31 2025: XCD main fifo: bytes_transferred: 0
Fri Jul 11 11:38:31 2025: SERVER: destructor for server bound to port 44465
Fri Jul 11 11:38:31 2025: XCD main fifo: Good unlink of /tmp/xcdmainad054b3a-ad76-4bf1-9ec9-a88793c08717
Fri Jul 11 11:38:31 2025: Server exiting with status 0.
Fri Jul 11 11:38:31 2025: Closing log file.
Fri Jul 11 11:38:50 2025: Running xcd server. This server was built by gradle.
Fri Jul 11 11:38:50 2025: Server was asked to start on port: '45425'
Fri Jul 11 11:38:50 2025: Server is using token UUID: '1fa72ced-3e98-43b0-8743-701579ae58e2'
Fri Jul 11 11:38:50 2025: SESSION_MGR: creating session with session uuid: '6d04a3e9-ade5-4ab9-8d63-1f78fcd2ec76' and name 'default'
Fri Jul 11 11:38:50 2025: Attempting to start server on port '45425'
Fri Jul 11 11:38:50 2025: XCD main fifo: created main fifo '/tmp/xcdmain1fa72ced-3e98-43b0-8743-701579ae58e2', fd read = 13
Fri Jul 11 11:38:50 2025: Running Dispatch Server
Fri Jul 11 11:38:50 2025: Version 2.2.0
Fri Jul 11 11:38:51 2025: Dispatch Server: Accepted socket connection from client
Fri Jul 11 11:38:51 2025: Starting Socket connection
Fri Jul 11 11:38:51 2025: EXCHANGE_TOKEN received, server token: 1fa72ced-3e98-43b0-8743-701579ae58e2, passed token: 1fa72ced-3e98-43b0-8743-701579ae58e2
Fri Jul 11 11:38:51 2025: DISPATCH_HANDLER: Adding handler from function makeHandler in library libxv_system_diagram
Fri Jul 11 11:38:51 2025: SESSION_MGR: creating session with session uuid: 'c3c71515-6509-4c0f-82bf-12c91242aa3e' and name 'v++_compile_example'
Fri Jul 11 11:38:51 2025: KERNEL_SVC: creating session with uuid: 'c3c71515-6509-4c0f-82bf-12c91242aa3e' and name 'v++_compile_example'
Fri Jul 11 11:38:51 2025: GUIDANCE_SMGR: creating guidance session with uuid: 'c3c71515-6509-4c0f-82bf-12c91242aa3e' and name 'v++_compile_example'
Fri Jul 11 11:38:51 2025: SYSTEM_DIAGRAM: creating session with uuid: 'c3c71515-6509-4c0f-82bf-12c91242aa3e' and name 'v++_compile_example'
Fri Jul 11 11:38:57 2025: Dispatch Server: Accepted socket connection from client
Fri Jul 11 11:38:57 2025: Starting Socket connection
Fri Jul 11 11:39:08 2025: SESSION_MGR: closing session for UUID 'c3c71515-6509-4c0f-82bf-12c91242aa3e' with name 'v++_compile_example'
Fri Jul 11 11:39:08 2025: KERNEL_SVC: closing session for UUID 'c3c71515-6509-4c0f-82bf-12c91242aa3e' with name 'v++_compile_example'
Fri Jul 11 11:39:08 2025: GUIDANCE_SMGR: closing session for UUID 'c3c71515-6509-4c0f-82bf-12c91242aa3e' with name 'v++_compile_example'
Fri Jul 11 11:39:08 2025: SYSTEM_DIAGRAM: closing session for UUID 'c3c71515-6509-4c0f-82bf-12c91242aa3e' with name 'v++_compile_example'
Fri Jul 11 11:39:08 2025: STOP_SERVER received, server token: 1fa72ced-3e98-43b0-8743-701579ae58e2, passed token: 1fa72ced-3e98-43b0-8743-701579ae58e2
Fri Jul 11 11:39:08 2025: Socket received request to stop server.
Fri Jul 11 11:39:08 2025: Dispatch Server: do_await_stop
Fri Jul 11 11:39:08 2025: Dispatch Server: stopping mainFifo_
Fri Jul 11 11:39:08 2025: XCD main fifo: Stopping
Fri Jul 11 11:39:08 2025: XCD main fifo: do_read error code: Operation canceled
Fri Jul 11 11:39:08 2025: XCD main fifo: bytes_transferred: 0
Fri Jul 11 11:39:08 2025: SERVER: destructor for server bound to port 45425
Fri Jul 11 11:39:08 2025: XCD main fifo: Good unlink of /tmp/xcdmain1fa72ced-3e98-43b0-8743-701579ae58e2
Fri Jul 11 11:39:08 2025: Server exiting with status 0.
Fri Jul 11 11:39:08 2025: Closing log file.
Fri Jul 11 11:42:14 2025: Running xcd server. This server was built by gradle.
Fri Jul 11 11:42:14 2025: Server was asked to start on port: '40835'
Fri Jul 11 11:42:14 2025: Server is using token UUID: '4fa0ac00-47c1-4149-8b52-17a1acad9cfa'
Fri Jul 11 11:42:14 2025: SESSION_MGR: creating session with session uuid: '6d04a3e9-ade5-4ab9-8d63-1f78fcd2ec76' and name 'default'
Fri Jul 11 11:42:14 2025: Attempting to start server on port '40835'
Fri Jul 11 11:42:14 2025: XCD main fifo: created main fifo '/tmp/xcdmain4fa0ac00-47c1-4149-8b52-17a1acad9cfa', fd read = 13
Fri Jul 11 11:42:14 2025: Running Dispatch Server
Fri Jul 11 11:42:14 2025: Version 2.2.0
Fri Jul 11 11:42:16 2025: Dispatch Server: Accepted socket connection from client
Fri Jul 11 11:42:16 2025: Starting Socket connection
Fri Jul 11 11:42:16 2025: EXCHANGE_TOKEN received, server token: 4fa0ac00-47c1-4149-8b52-17a1acad9cfa, passed token: 4fa0ac00-47c1-4149-8b52-17a1acad9cfa
Fri Jul 11 11:42:16 2025: DISPATCH_HANDLER: Adding handler from function makeHandler in library libxv_system_diagram
Fri Jul 11 11:42:16 2025: SESSION_MGR: creating session with session uuid: '90dbba11-f6e7-4f73-9ada-7adfb437c607' and name 'vitis-run_compile_example'
Fri Jul 11 11:42:16 2025: KERNEL_SVC: creating session with uuid: '90dbba11-f6e7-4f73-9ada-7adfb437c607' and name 'vitis-run_compile_example'
Fri Jul 11 11:42:16 2025: GUIDANCE_SMGR: creating guidance session with uuid: '90dbba11-f6e7-4f73-9ada-7adfb437c607' and name 'vitis-run_compile_example'
Fri Jul 11 11:42:16 2025: SYSTEM_DIAGRAM: creating session with uuid: '90dbba11-f6e7-4f73-9ada-7adfb437c607' and name 'vitis-run_compile_example'
Fri Jul 11 11:42:22 2025: Dispatch Server: Accepted socket connection from client
Fri Jul 11 11:42:22 2025: Starting Socket connection
Fri Jul 11 11:43:14 2025: SESSION_MGR: closing session for UUID '90dbba11-f6e7-4f73-9ada-7adfb437c607' with name 'vitis-run_compile_example'
Fri Jul 11 11:43:14 2025: KERNEL_SVC: closing session for UUID '90dbba11-f6e7-4f73-9ada-7adfb437c607' with name 'vitis-run_compile_example'
Fri Jul 11 11:43:14 2025: GUIDANCE_SMGR: closing session for UUID '90dbba11-f6e7-4f73-9ada-7adfb437c607' with name 'vitis-run_compile_example'
Fri Jul 11 11:43:14 2025: SYSTEM_DIAGRAM: closing session for UUID '90dbba11-f6e7-4f73-9ada-7adfb437c607' with name 'vitis-run_compile_example'
Fri Jul 11 11:43:14 2025: STOP_SERVER received, server token: 4fa0ac00-47c1-4149-8b52-17a1acad9cfa, passed token: 4fa0ac00-47c1-4149-8b52-17a1acad9cfa
Fri Jul 11 11:43:14 2025: Socket received request to stop server.
Fri Jul 11 11:43:14 2025: Dispatch Server: do_await_stop
Fri Jul 11 11:43:14 2025: Dispatch Server: stopping mainFifo_
Fri Jul 11 11:43:14 2025: XCD main fifo: Stopping
Fri Jul 11 11:43:14 2025: XCD main fifo: do_read error code: Operation canceled
Fri Jul 11 11:43:14 2025: XCD main fifo: bytes_transferred: 0
Fri Jul 11 11:43:14 2025: SERVER: destructor for server bound to port 40835
Fri Jul 11 11:43:14 2025: XCD main fifo: Good unlink of /tmp/xcdmain4fa0ac00-47c1-4149-8b52-17a1acad9cfa
Fri Jul 11 11:43:14 2025: Server exiting with status 0.
Fri Jul 11 11:43:14 2025: Closing log file.
Fri Jul 11 11:46:33 2025: Running xcd server. This server was built by gradle.
Fri Jul 11 11:46:33 2025: Server was asked to start on port: '39611'
Fri Jul 11 11:46:33 2025: Server is using token UUID: '00b41fc9-6850-4322-be04-6cfc8d030303'
Fri Jul 11 11:46:33 2025: SESSION_MGR: creating session with session uuid: '6d04a3e9-ade5-4ab9-8d63-1f78fcd2ec76' and name 'default'
Fri Jul 11 11:46:33 2025: Attempting to start server on port '39611'
Fri Jul 11 11:46:33 2025: XCD main fifo: created main fifo '/tmp/xcdmain00b41fc9-6850-4322-be04-6cfc8d030303', fd read = 13
Fri Jul 11 11:46:33 2025: Running Dispatch Server
Fri Jul 11 11:46:33 2025: Version 2.2.0
Fri Jul 11 11:46:31 2025: Dispatch Server: Accepted socket connection from client
Fri Jul 11 11:46:31 2025: Starting Socket connection
Fri Jul 11 11:46:31 2025: EXCHANGE_TOKEN received, server token: 00b41fc9-6850-4322-be04-6cfc8d030303, passed token: 00b41fc9-6850-4322-be04-6cfc8d030303
Fri Jul 11 11:46:32 2025: DISPATCH_HANDLER: Adding handler from function makeHandler in library libxv_system_diagram
Fri Jul 11 11:46:32 2025: SESSION_MGR: creating session with session uuid: 'be4c3c1d-0b04-4069-b837-87853207d753' and name 'vitis-run_compile_example'
Fri Jul 11 11:46:32 2025: KERNEL_SVC: creating session with uuid: 'be4c3c1d-0b04-4069-b837-87853207d753' and name 'vitis-run_compile_example'
Fri Jul 11 11:46:32 2025: GUIDANCE_SMGR: creating guidance session with uuid: 'be4c3c1d-0b04-4069-b837-87853207d753' and name 'vitis-run_compile_example'
Fri Jul 11 11:46:32 2025: SYSTEM_DIAGRAM: creating session with uuid: 'be4c3c1d-0b04-4069-b837-87853207d753' and name 'vitis-run_compile_example'
Fri Jul 11 11:46:39 2025: Dispatch Server: Accepted socket connection from client
Fri Jul 11 11:46:39 2025: Starting Socket connection
Fri Jul 11 11:46:44 2025: SESSION_MGR: closing session for UUID 'be4c3c1d-0b04-4069-b837-87853207d753' with name 'vitis-run_compile_example'
Fri Jul 11 11:46:44 2025: KERNEL_SVC: closing session for UUID 'be4c3c1d-0b04-4069-b837-87853207d753' with name 'vitis-run_compile_example'
Fri Jul 11 11:46:44 2025: GUIDANCE_SMGR: closing session for UUID 'be4c3c1d-0b04-4069-b837-87853207d753' with name 'vitis-run_compile_example'
Fri Jul 11 11:46:44 2025: SYSTEM_DIAGRAM: closing session for UUID 'be4c3c1d-0b04-4069-b837-87853207d753' with name 'vitis-run_compile_example'
Fri Jul 11 11:46:44 2025: STOP_SERVER received, server token: 00b41fc9-6850-4322-be04-6cfc8d030303, passed token: 00b41fc9-6850-4322-be04-6cfc8d030303
Fri Jul 11 11:46:44 2025: Socket received request to stop server.
Fri Jul 11 11:46:44 2025: Dispatch Server: do_await_stop
Fri Jul 11 11:46:44 2025: Dispatch Server: stopping mainFifo_
Fri Jul 11 11:46:44 2025: XCD main fifo: Stopping
Fri Jul 11 11:46:44 2025: XCD main fifo: do_read error code: Operation canceled
Fri Jul 11 11:46:44 2025: XCD main fifo: bytes_transferred: 0
Fri Jul 11 11:46:44 2025: SERVER: destructor for server bound to port 39611
Fri Jul 11 11:46:44 2025: XCD main fifo: Good unlink of /tmp/xcdmain00b41fc9-6850-4322-be04-6cfc8d030303
Fri Jul 11 11:46:44 2025: Server exiting with status 0.
Fri Jul 11 11:46:44 2025: Closing log file.
Fri Jul 11 11:46:55 2025: Running xcd server. This server was built by gradle.
Fri Jul 11 11:46:55 2025: Server was asked to start on port: '36209'
Fri Jul 11 11:46:55 2025: Server is using token UUID: 'f3e82f2a-5bd2-422e-98fb-39e75f444ed1'
Fri Jul 11 11:46:55 2025: SESSION_MGR: creating session with session uuid: '6d04a3e9-ade5-4ab9-8d63-1f78fcd2ec76' and name 'default'
Fri Jul 11 11:46:55 2025: Attempting to start server on port '36209'
Fri Jul 11 11:46:55 2025: XCD main fifo: created main fifo '/tmp/xcdmainf3e82f2a-5bd2-422e-98fb-39e75f444ed1', fd read = 13
Fri Jul 11 11:46:55 2025: Running Dispatch Server
Fri Jul 11 11:46:55 2025: Version 2.2.0
Fri Jul 11 11:46:56 2025: Dispatch Server: Accepted socket connection from client
Fri Jul 11 11:46:56 2025: Starting Socket connection
Fri Jul 11 11:46:56 2025: EXCHANGE_TOKEN received, server token: f3e82f2a-5bd2-422e-98fb-39e75f444ed1, passed token: f3e82f2a-5bd2-422e-98fb-39e75f444ed1
Fri Jul 11 11:46:56 2025: DISPATCH_HANDLER: Adding handler from function makeHandler in library libxv_system_diagram
Fri Jul 11 11:46:56 2025: SESSION_MGR: creating session with session uuid: '81d6ec0c-7273-40ae-aff9-96a9619b13aa' and name 'v++_compile_example'
Fri Jul 11 11:46:56 2025: KERNEL_SVC: creating session with uuid: '81d6ec0c-7273-40ae-aff9-96a9619b13aa' and name 'v++_compile_example'
Fri Jul 11 11:46:56 2025: GUIDANCE_SMGR: creating guidance session with uuid: '81d6ec0c-7273-40ae-aff9-96a9619b13aa' and name 'v++_compile_example'
Fri Jul 11 11:46:56 2025: SYSTEM_DIAGRAM: creating session with uuid: '81d6ec0c-7273-40ae-aff9-96a9619b13aa' and name 'v++_compile_example'
Fri Jul 11 11:47:02 2025: Dispatch Server: Accepted socket connection from client
Fri Jul 11 11:47:02 2025: Starting Socket connection
Fri Jul 11 11:47:11 2025: SESSION_MGR: closing session for UUID '81d6ec0c-7273-40ae-aff9-96a9619b13aa' with name 'v++_compile_example'
Fri Jul 11 11:47:11 2025: KERNEL_SVC: closing session for UUID '81d6ec0c-7273-40ae-aff9-96a9619b13aa' with name 'v++_compile_example'
Fri Jul 11 11:47:11 2025: GUIDANCE_SMGR: closing session for UUID '81d6ec0c-7273-40ae-aff9-96a9619b13aa' with name 'v++_compile_example'
Fri Jul 11 11:47:11 2025: SYSTEM_DIAGRAM: closing session for UUID '81d6ec0c-7273-40ae-aff9-96a9619b13aa' with name 'v++_compile_example'
Fri Jul 11 11:47:11 2025: STOP_SERVER received, server token: f3e82f2a-5bd2-422e-98fb-39e75f444ed1, passed token: f3e82f2a-5bd2-422e-98fb-39e75f444ed1
Fri Jul 11 11:47:11 2025: Socket received request to stop server.
Fri Jul 11 11:47:11 2025: Dispatch Server: do_await_stop
Fri Jul 11 11:47:11 2025: Dispatch Server: stopping mainFifo_
Fri Jul 11 11:47:11 2025: XCD main fifo: Stopping
Fri Jul 11 11:47:11 2025: XCD main fifo: do_read error code: Operation canceled
Fri Jul 11 11:47:11 2025: XCD main fifo: bytes_transferred: 0
Fri Jul 11 11:47:11 2025: SERVER: destructor for server bound to port 36209
Fri Jul 11 11:47:11 2025: XCD main fifo: Good unlink of /tmp/xcdmainf3e82f2a-5bd2-422e-98fb-39e75f444ed1
Fri Jul 11 11:47:11 2025: Server exiting with status 0.
Fri Jul 11 11:47:11 2025: Closing log file.
Fri Jul 11 11:48:25 2025: Running xcd server. This server was built by gradle.
Fri Jul 11 11:48:25 2025: Server was asked to start on port: '33729'
Fri Jul 11 11:48:25 2025: Server is using token UUID: 'dbb6ad63-c36b-4747-b909-60823e6bd6d6'
Fri Jul 11 11:48:25 2025: SESSION_MGR: creating session with session uuid: '6d04a3e9-ade5-4ab9-8d63-1f78fcd2ec76' and name 'default'
Fri Jul 11 11:48:25 2025: Attempting to start server on port '33729'
Fri Jul 11 11:48:25 2025: XCD main fifo: created main fifo '/tmp/xcdmaindbb6ad63-c36b-4747-b909-60823e6bd6d6', fd read = 13
Fri Jul 11 11:48:25 2025: Running Dispatch Server
Fri Jul 11 11:48:25 2025: Version 2.2.0
Fri Jul 11 11:48:26 2025: Dispatch Server: Accepted socket connection from client
Fri Jul 11 11:48:26 2025: Starting Socket connection
Fri Jul 11 11:48:26 2025: EXCHANGE_TOKEN received, server token: dbb6ad63-c36b-4747-b909-60823e6bd6d6, passed token: dbb6ad63-c36b-4747-b909-60823e6bd6d6
Fri Jul 11 11:48:26 2025: DISPATCH_HANDLER: Adding handler from function makeHandler in library libxv_system_diagram
Fri Jul 11 11:48:26 2025: SESSION_MGR: creating session with session uuid: '198eaffe-f1f2-4340-b402-b85e8ecab016' and name 'vitis-run_compile_example'
Fri Jul 11 11:48:26 2025: KERNEL_SVC: creating session with uuid: '198eaffe-f1f2-4340-b402-b85e8ecab016' and name 'vitis-run_compile_example'
Fri Jul 11 11:48:26 2025: GUIDANCE_SMGR: creating guidance session with uuid: '198eaffe-f1f2-4340-b402-b85e8ecab016' and name 'vitis-run_compile_example'
Fri Jul 11 11:48:26 2025: SYSTEM_DIAGRAM: creating session with uuid: '198eaffe-f1f2-4340-b402-b85e8ecab016' and name 'vitis-run_compile_example'
Fri Jul 11 11:48:30 2025: Dispatch Server: Accepted socket connection from client
Fri Jul 11 11:48:30 2025: Starting Socket connection
Fri Jul 11 13:07:06 2025: SESSION_MGR: closing session for UUID '198eaffe-f1f2-4340-b402-b85e8ecab016' with name 'vitis-run_compile_example'
Fri Jul 11 13:07:06 2025: KERNEL_SVC: closing session for UUID '198eaffe-f1f2-4340-b402-b85e8ecab016' with name 'vitis-run_compile_example'
Fri Jul 11 13:07:06 2025: GUIDANCE_SMGR: closing session for UUID '198eaffe-f1f2-4340-b402-b85e8ecab016' with name 'vitis-run_compile_example'
Fri Jul 11 13:07:06 2025: SYSTEM_DIAGRAM: closing session for UUID '198eaffe-f1f2-4340-b402-b85e8ecab016' with name 'vitis-run_compile_example'
Fri Jul 11 13:07:06 2025: STOP_SERVER received, server token: dbb6ad63-c36b-4747-b909-60823e6bd6d6, passed token: dbb6ad63-c36b-4747-b909-60823e6bd6d6
Fri Jul 11 13:07:06 2025: Socket received request to stop server.
Fri Jul 11 13:07:06 2025: Dispatch Server: do_await_stop
Fri Jul 11 13:07:06 2025: Dispatch Server: stopping mainFifo_
Fri Jul 11 13:07:06 2025: XCD main fifo: Stopping
Fri Jul 11 13:07:06 2025: XCD main fifo: do_read error code: Operation canceled
Fri Jul 11 13:07:06 2025: XCD main fifo: bytes_transferred: 0
Fri Jul 11 13:07:06 2025: SERVER: destructor for server bound to port 33729
Fri Jul 11 13:07:06 2025: XCD main fifo: Good unlink of /tmp/xcdmaindbb6ad63-c36b-4747-b909-60823e6bd6d6
Fri Jul 11 13:07:06 2025: Server exiting with status 0.
Fri Jul 11 13:07:07 2025: Closing log file.
Fri Jul 11 15:03:31 2025: Running xcd server. This server was built by gradle.
Fri Jul 11 15:03:31 2025: Server was asked to start on port: '35983'
Fri Jul 11 15:03:31 2025: Server is using token UUID: 'e69d6a91-0a7a-4031-99ce-6b1a806de05a'
Fri Jul 11 15:03:31 2025: SESSION_MGR: creating session with session uuid: '6d04a3e9-ade5-4ab9-8d63-1f78fcd2ec76' and name 'default'
Fri Jul 11 15:03:31 2025: Attempting to start server on port '35983'
Fri Jul 11 15:03:31 2025: XCD main fifo: created main fifo '/tmp/xcdmaine69d6a91-0a7a-4031-99ce-6b1a806de05a', fd read = 13
Fri Jul 11 15:03:31 2025: Running Dispatch Server
Fri Jul 11 15:03:31 2025: Version 2.2.0
Fri Jul 11 15:03:32 2025: Dispatch Server: Accepted socket connection from client
Fri Jul 11 15:03:32 2025: Starting Socket connection
Fri Jul 11 15:03:32 2025: EXCHANGE_TOKEN received, server token: e69d6a91-0a7a-4031-99ce-6b1a806de05a, passed token: e69d6a91-0a7a-4031-99ce-6b1a806de05a
Fri Jul 11 15:03:32 2025: DISPATCH_HANDLER: Adding handler from function makeHandler in library libxv_system_diagram
Fri Jul 11 15:03:32 2025: SESSION_MGR: creating session with session uuid: 'ecb01086-05fa-4488-bc76-f7ab1f9c4bb5' and name 'vitis-run_compile_example'
Fri Jul 11 15:03:32 2025: KERNEL_SVC: creating session with uuid: 'ecb01086-05fa-4488-bc76-f7ab1f9c4bb5' and name 'vitis-run_compile_example'
Fri Jul 11 15:03:32 2025: GUIDANCE_SMGR: creating guidance session with uuid: 'ecb01086-05fa-4488-bc76-f7ab1f9c4bb5' and name 'vitis-run_compile_example'
Fri Jul 11 15:03:32 2025: SYSTEM_DIAGRAM: creating session with uuid: 'ecb01086-05fa-4488-bc76-f7ab1f9c4bb5' and name 'vitis-run_compile_example'
Fri Jul 11 15:03:42 2025: Dispatch Server: Accepted socket connection from client
Fri Jul 11 15:03:42 2025: Starting Socket connection
Fri Jul 11 15:05:01 2025: Dispatch Server: Accepted socket connection from client
Fri Jul 11 15:05:01 2025: Starting Socket connection
Fri Jul 11 15:06:26 2025: Dispatch Server: Accepted socket connection from client
Fri Jul 11 15:06:26 2025: Starting Socket connection
Fri Jul 11 15:07:54 2025: Dispatch Server: Accepted socket connection from client
Fri Jul 11 15:07:55 2025: Starting Socket connection
Fri Jul 11 15:09:24 2025: SESSION_MGR: closing session for UUID 'ecb01086-05fa-4488-bc76-f7ab1f9c4bb5' with name 'vitis-run_compile_example'
Fri Jul 11 15:09:24 2025: KERNEL_SVC: closing session for UUID 'ecb01086-05fa-4488-bc76-f7ab1f9c4bb5' with name 'vitis-run_compile_example'
Fri Jul 11 15:09:24 2025: GUIDANCE_SMGR: closing session for UUID 'ecb01086-05fa-4488-bc76-f7ab1f9c4bb5' with name 'vitis-run_compile_example'
Fri Jul 11 15:09:24 2025: SYSTEM_DIAGRAM: closing session for UUID 'ecb01086-05fa-4488-bc76-f7ab1f9c4bb5' with name 'vitis-run_compile_example'
Fri Jul 11 15:09:24 2025: STOP_SERVER received, server token: e69d6a91-0a7a-4031-99ce-6b1a806de05a, passed token: e69d6a91-0a7a-4031-99ce-6b1a806de05a
Fri Jul 11 15:09:24 2025: Socket received request to stop server.
Fri Jul 11 15:09:24 2025: Dispatch Server: do_await_stop
Fri Jul 11 15:09:24 2025: Dispatch Server: stopping mainFifo_
Fri Jul 11 15:09:24 2025: XCD main fifo: Stopping
Fri Jul 11 15:09:24 2025: XCD main fifo: do_read error code: Operation canceled
Fri Jul 11 15:09:24 2025: XCD main fifo: bytes_transferred: 0
Fri Jul 11 15:09:24 2025: SERVER: destructor for server bound to port 35983
Fri Jul 11 15:09:24 2025: XCD main fifo: Good unlink of /tmp/xcdmaine69d6a91-0a7a-4031-99ce-6b1a806de05a
Fri Jul 11 15:09:24 2025: Server exiting with status 0.
Fri Jul 11 15:09:25 2025: Closing log file.
Fri Jul 11 15:38:53 2025: Running xcd server. This server was built by gradle.
Fri Jul 11 15:38:53 2025: Server was asked to start on port: '41875'
Fri Jul 11 15:38:53 2025: Server is using token UUID: 'e0d83998-612e-489e-8bc6-94de2252c79a'
Fri Jul 11 15:38:53 2025: SESSION_MGR: creating session with session uuid: '6d04a3e9-ade5-4ab9-8d63-1f78fcd2ec76' and name 'default'
Fri Jul 11 15:38:53 2025: Attempting to start server on port '41875'
Fri Jul 11 15:38:53 2025: XCD main fifo: created main fifo '/tmp/xcdmaine0d83998-612e-489e-8bc6-94de2252c79a', fd read = 12
Fri Jul 11 15:38:53 2025: Running Dispatch Server
Fri Jul 11 15:38:53 2025: Version 2.2.0
Fri Jul 11 15:38:55 2025: Dispatch Server: Accepted socket connection from client
Fri Jul 11 15:38:55 2025: Starting Socket connection
Fri Jul 11 15:38:55 2025: EXCHANGE_TOKEN received, server token: e0d83998-612e-489e-8bc6-94de2252c79a, passed token: e0d83998-612e-489e-8bc6-94de2252c79a
Fri Jul 11 15:38:55 2025: DISPATCH_HANDLER: Adding handler from function makeHandler in library libxv_system_diagram
Fri Jul 11 15:38:55 2025: SESSION_MGR: creating session with session uuid: 'a4ef7b03-60be-4b1a-af09-39649edf5afd' and name 'vitis-run_compile_example'
Fri Jul 11 15:38:55 2025: KERNEL_SVC: creating session with uuid: 'a4ef7b03-60be-4b1a-af09-39649edf5afd' and name 'vitis-run_compile_example'
Fri Jul 11 15:38:55 2025: GUIDANCE_SMGR: creating guidance session with uuid: 'a4ef7b03-60be-4b1a-af09-39649edf5afd' and name 'vitis-run_compile_example'
Fri Jul 11 15:38:55 2025: SYSTEM_DIAGRAM: creating session with uuid: 'a4ef7b03-60be-4b1a-af09-39649edf5afd' and name 'vitis-run_compile_example'
Fri Jul 11 15:39:16 2025: Dispatch Server: Accepted socket connection from client
Fri Jul 11 15:39:16 2025: Starting Socket connection
Fri Jul 11 16:20:23 2025: SESSION_MGR: closing session for UUID 'a4ef7b03-60be-4b1a-af09-39649edf5afd' with name 'vitis-run_compile_example'
Fri Jul 11 16:20:23 2025: KERNEL_SVC: closing session for UUID 'a4ef7b03-60be-4b1a-af09-39649edf5afd' with name 'vitis-run_compile_example'
Fri Jul 11 16:20:23 2025: GUIDANCE_SMGR: closing session for UUID 'a4ef7b03-60be-4b1a-af09-39649edf5afd' with name 'vitis-run_compile_example'
Fri Jul 11 16:20:23 2025: SYSTEM_DIAGRAM: closing session for UUID 'a4ef7b03-60be-4b1a-af09-39649edf5afd' with name 'vitis-run_compile_example'
Fri Jul 11 16:20:23 2025: STOP_SERVER received, server token: e0d83998-612e-489e-8bc6-94de2252c79a, passed token: e0d83998-612e-489e-8bc6-94de2252c79a
Fri Jul 11 16:20:23 2025: Socket received request to stop server.
Fri Jul 11 16:20:23 2025: Dispatch Server: do_await_stop
Fri Jul 11 16:20:23 2025: Dispatch Server: stopping mainFifo_
Fri Jul 11 16:20:23 2025: XCD main fifo: Stopping
Fri Jul 11 16:20:23 2025: XCD main fifo: do_read error code: Operation canceled
Fri Jul 11 16:20:23 2025: XCD main fifo: bytes_transferred: 0
Fri Jul 11 16:20:23 2025: SERVER: destructor for server bound to port 41875
Fri Jul 11 16:20:23 2025: XCD main fifo: Good unlink of /tmp/xcdmaine0d83998-612e-489e-8bc6-94de2252c79a
Fri Jul 11 16:20:23 2025: Server exiting with status 0.
Fri Jul 11 16:20:24 2025: Closing log file.
Tue Jul 15 14:07:22 2025: Running xcd server. This server was built by gradle.
Tue Jul 15 14:07:22 2025: Server was asked to start on port: '42055'
Tue Jul 15 14:07:22 2025: Server is using token UUID: 'b8434cc9-c867-4a7b-8aa2-26d01b582a70'
Tue Jul 15 14:07:22 2025: SESSION_MGR: creating session with session uuid: '6d04a3e9-ade5-4ab9-8d63-1f78fcd2ec76' and name 'default'
Tue Jul 15 14:07:22 2025: Attempting to start server on port '42055'
Tue Jul 15 14:07:22 2025: XCD main fifo: created main fifo '/tmp/xcdmainb8434cc9-c867-4a7b-8aa2-26d01b582a70', fd read = 12
Tue Jul 15 14:07:22 2025: Running Dispatch Server
Tue Jul 15 14:07:22 2025: Version 2.2.0
Tue Jul 15 14:07:23 2025: Dispatch Server: Accepted socket connection from client
Tue Jul 15 14:07:23 2025: Starting Socket connection
Tue Jul 15 14:07:23 2025: EXCHANGE_TOKEN received, server token: b8434cc9-c867-4a7b-8aa2-26d01b582a70, passed token: b8434cc9-c867-4a7b-8aa2-26d01b582a70
Tue Jul 15 14:07:23 2025: DISPATCH_HANDLER: Adding handler from function makeHandler in library libxv_system_diagram
Tue Jul 15 14:07:23 2025: SESSION_MGR: creating session with session uuid: '58c96968-7f9c-4af7-bee1-b0142f92a422' and name 'vitis-run_compile_example'
Tue Jul 15 14:07:23 2025: KERNEL_SVC: creating session with uuid: '58c96968-7f9c-4af7-bee1-b0142f92a422' and name 'vitis-run_compile_example'
Tue Jul 15 14:07:23 2025: GUIDANCE_SMGR: creating guidance session with uuid: '58c96968-7f9c-4af7-bee1-b0142f92a422' and name 'vitis-run_compile_example'
Tue Jul 15 14:07:23 2025: SYSTEM_DIAGRAM: creating session with uuid: '58c96968-7f9c-4af7-bee1-b0142f92a422' and name 'vitis-run_compile_example'
Tue Jul 15 14:07:41 2025: Dispatch Server: Accepted socket connection from client
Tue Jul 15 14:07:41 2025: Starting Socket connection
Tue Jul 15 14:13:30 2025: Dispatch Server: do_await_stop
Tue Jul 15 14:13:31 2025: Dispatch Server: stopping mainFifo_
Tue Jul 15 14:13:31 2025: XCD main fifo: Stopping
Tue Jul 15 14:13:31 2025: XCD main fifo: do_read error code: Operation canceled
Tue Jul 15 14:13:31 2025: XCD main fifo: bytes_transferred: 0
Tue Jul 15 14:13:31 2025: SERVER: destructor for server bound to port 42055
Tue Jul 15 14:13:31 2025: XCD main fifo: Good unlink of /tmp/xcdmainb8434cc9-c867-4a7b-8aa2-26d01b582a70
Tue Jul 22 13:00:06 2025: Running xcd server. This server was built by gradle.
Tue Jul 22 13:00:06 2025: Server was asked to start on port: '43177'
Tue Jul 22 13:00:06 2025: Server is using token UUID: '1385a9c1-ff2d-4176-b3f9-6916b7871771'
Tue Jul 22 13:00:06 2025: SESSION_MGR: creating session with session uuid: '6d04a3e9-ade5-4ab9-8d63-1f78fcd2ec76' and name 'default'
Tue Jul 22 13:00:06 2025: Attempting to start server on port '43177'
Tue Jul 22 13:00:06 2025: XCD main fifo: created main fifo '/tmp/xcdmain1385a9c1-ff2d-4176-b3f9-6916b7871771', fd read = 13
Tue Jul 22 13:00:06 2025: Running Dispatch Server
Tue Jul 22 13:00:06 2025: Version 2.2.0
Tue Jul 22 13:00:06 2025: Dispatch Server: Accepted socket connection from client
Tue Jul 22 13:00:06 2025: Starting Socket connection
Tue Jul 22 13:00:06 2025: EXCHANGE_TOKEN received, server token: 1385a9c1-ff2d-4176-b3f9-6916b7871771, passed token: 1385a9c1-ff2d-4176-b3f9-6916b7871771
Tue Jul 22 13:00:07 2025: DISPATCH_HANDLER: Adding handler from function makeHandler in library libxv_system_diagram
Tue Jul 22 13:00:07 2025: SESSION_MGR: creating session with session uuid: 'c3c5b440-3eeb-4159-8479-3d4cc69d160d' and name 'vitis-run_compile_example'
Tue Jul 22 13:00:07 2025: KERNEL_SVC: creating session with uuid: 'c3c5b440-3eeb-4159-8479-3d4cc69d160d' and name 'vitis-run_compile_example'
Tue Jul 22 13:00:07 2025: GUIDANCE_SMGR: creating guidance session with uuid: 'c3c5b440-3eeb-4159-8479-3d4cc69d160d' and name 'vitis-run_compile_example'
Tue Jul 22 13:00:07 2025: SYSTEM_DIAGRAM: creating session with uuid: 'c3c5b440-3eeb-4159-8479-3d4cc69d160d' and name 'vitis-run_compile_example'
Tue Jul 22 13:00:16 2025: Dispatch Server: Accepted socket connection from client
Tue Jul 22 13:00:16 2025: Starting Socket connection
Tue Jul 22 13:09:41 2025: SESSION_MGR: closing session for UUID 'c3c5b440-3eeb-4159-8479-3d4cc69d160d' with name 'vitis-run_compile_example'
Tue Jul 22 13:09:41 2025: KERNEL_SVC: closing session for UUID 'c3c5b440-3eeb-4159-8479-3d4cc69d160d' with name 'vitis-run_compile_example'
Tue Jul 22 13:09:41 2025: GUIDANCE_SMGR: closing session for UUID 'c3c5b440-3eeb-4159-8479-3d4cc69d160d' with name 'vitis-run_compile_example'
Tue Jul 22 13:09:41 2025: SYSTEM_DIAGRAM: closing session for UUID 'c3c5b440-3eeb-4159-8479-3d4cc69d160d' with name 'vitis-run_compile_example'
Tue Jul 22 13:09:41 2025: STOP_SERVER received, server token: 1385a9c1-ff2d-4176-b3f9-6916b7871771, passed token: 1385a9c1-ff2d-4176-b3f9-6916b7871771
Tue Jul 22 13:09:41 2025: Socket received request to stop server.
Tue Jul 22 13:09:41 2025: Dispatch Server: do_await_stop
Tue Jul 22 13:09:41 2025: Dispatch Server: stopping mainFifo_
Tue Jul 22 13:09:41 2025: XCD main fifo: Stopping
Tue Jul 22 13:09:41 2025: XCD main fifo: do_read error code: Operation canceled
Tue Jul 22 13:09:41 2025: XCD main fifo: bytes_transferred: 0
Tue Jul 22 13:09:41 2025: SERVER: destructor for server bound to port 43177
Tue Jul 22 13:09:41 2025: XCD main fifo: Good unlink of /tmp/xcdmain1385a9c1-ff2d-4176-b3f9-6916b7871771
Tue Jul 22 13:09:41 2025: Server exiting with status 0.
Tue Jul 22 13:09:41 2025: Closing log file.
