#-----------------------------------------------------------
# Vivado v2024.2 (64-bit)
# SW Build 5239630 on Fri Nov 08 22:34:34 MST 2024
# IP Build 5239520 on Sun Nov 10 16:12:51 MST 2024
# SharedData Build 5239561 on Fri Nov 08 14:39:27 MST 2024
# Start of session at: Fri Jul 11 15:03:47 2025
# Process ID         : 1423
# Current directory  : /home/hyeon/workspace/sample1/hls_component/example/hls/impl/ip
# Command line       : vivado -notrace -mode batch -source run_ippack.tcl
# Log file           : /home/hyeon/workspace/sample1/hls_component/example/hls/impl/ip/vivado.log
# Journal file       : /home/hyeon/workspace/sample1/hls_component/example/hls/impl/ip/vivado.jou
# Running On         : DESKTOP-S15BKKL
# Platform           : Ubuntu
# Operating System   : Ubuntu 22.04.5 LTS
# Processor Detail   : Intel(R) Core(TM) i5-8400 CPU @ 2.80GHz
# CPU Frequency      : 2808.011 MHz
# CPU Physical cores : 6
# CPU Logical cores  : 6
# Host memory        : 4050 MB
# Swap memory        : 1073 MB
# Total Virtual      : 5124 MB
# Available Virtual  : 2934 MB
#-----------------------------------------------------------
source run_ippack.tcl -notrace
INFO: calling package_hls_ip ip_types=vitis sysgen json_file=/home/hyeon/workspace/sample1/hls_component/example/hls/hls_data.json outdir=/home/hyeon/workspace/sample1/hls_component/example/hls/impl/ip srcdir=/home/hyeon/workspace/sample1/hls_component/example/hls sort_interfaces_ports=false
INFO: Copied 1 ipmisc file(s) to /home/hyeon/workspace/sample1/hls_component/example/hls/impl/ip/misc
INFO: Copied 2 verilog file(s) to /home/hyeon/workspace/sample1/hls_component/example/hls/impl/ip/hdl/verilog
INFO: Copied 2 vhdl file(s) to /home/hyeon/workspace/sample1/hls_component/example/hls/impl/ip/hdl/vhdl
INFO: Copied 10 swdriver file(s) to /home/hyeon/workspace/sample1/hls_component/example/hls/impl/ip/drivers
INFO: Import ports from HDL: /home/hyeon/workspace/sample1/hls_component/example/hls/impl/ip/hdl/vhdl/example.vhd (example)
INFO: Add axi4lite interface s_axi_BUS_A
INFO: Add clock interface ap_clk
INFO: Add reset interface ap_rst_n
INFO: Add interrupt interface interrupt
INFO: [IP_Flow 19-234] Refreshing IP repositories
INFO: [IP_Flow 19-1704] No user IP repositories specified
INFO: [IP_Flow 19-2313] Loaded Vivado IP repository '/tools/xilinx/Vivado/2024.2/data/ip'.
INFO: Calling post_process_vitis to specialize IP
INFO: Calling post_process_sysgen to specialize IP
Generating sysgen info xml from json file
INFO: Created IP /home/hyeon/workspace/sample1/hls_component/example/hls/impl/ip/component.xml
INFO: Created IP archive /home/hyeon/workspace/sample1/hls_component/example/hls/impl/ip/xilinx_com_hls_example_1_0.zip
INFO: [Common 17-206] Exiting Vivado at Fri Jul 11 15:04:19 2025...
