================================================================
== Design Size Report
================================================================

* Total Instructions per Compilation Phase
+---------------+-----------------------------+--------------+----------------------------------------------------------------------------------------+
| Phase         | Step                        | Instructions | Description                                                                            |
+---------------+-----------------------------+--------------+----------------------------------------------------------------------------------------+
| Compile/Link  |                             | 156          | After all functions are compiled and linked into a single design                       |
|               |                             |              |                                                                                        |
| Unroll/Inline |                             |              | After user unroll and inline pragmas are applied                                       |
|               | (1) unroll                  | 155          | user unroll pragmas are applied                                                        |
|               | (2) simplification          | 114          | simplification of applied user unroll pragmas                                          |
|               | (3) inline                  | 118          | user inline pragmas are applied                                                        |
|               | (4) simplification          | 118          | simplification of applied user inline pragmas                                          |
|               |                             |              |                                                                                        |
| Array/Struct  |                             |              | After user array partition and struct aggregate/disaggregate pragmas are applied       |
|               | (1) array partition         | 451          | user array partition pragmas are applied                                               |
|               | (2) simplification          | 441          | simplification of applied user array partition & struct aggregate/disaggregate pragmas |
|               | (3) aggregate/disaggregate  | 441          | user struct aggregate/disaggregate pragmas are applied                                 |
|               | (4) array reshape           | 441          | apply array reshape pragmas                                                            |
|               | (5) access patterns         | 449          | array access pattern optmizations                                                      |
|               |                             |              |                                                                                        |
| Performance   |                             |              | After transformations are applied to meet performance pragma targets                   |
|               | (1) loop simplification     | 446          | loop and instruction simplification                                                    |
|               | (2) parallelization         | 481          | loops are unrolled or pipelined to meet performance targets                            |
|               | (3) array partition         | 479          | arrays are partitioned to meet performance targets                                     |
|               | (4) simplification          | 479          | simplification of design after performance transformations                             |
|               |                             |              |                                                                                        |
| HW Transforms |                             |              | After hardware transfomations                                                          |
|               | (1) lowering                | 488          | initial conversion to HW specific instructions                                         |
|               | (2) optimizations           | 506          | high level synthesis optimizations                                                     |
+---------------+-----------------------------+--------------+----------------------------------------------------------------------------------------+

* Instructions per Function for each Compilation Phase
+--------------------+-------------------------+--------------+---------------+--------------+-------------+---------------+
| Function           | Location                | Compile/Link | Unroll/Inline | Array/Struct | Performance | HW Transforms |
+--------------------+-------------------------+--------------+---------------+--------------+-------------+---------------+
|   matmul_partition | matmul_partition.cpp:24 | 156          | 118           | 449          | 479         | 506           |
+--------------------+-------------------------+--------------+---------------+--------------+-------------+---------------+

* Design Size Message Settings
+---------------------------------------------+--------+------------------------------------------------------------------+
| Message Setting                             | Value  | Description                                                      |
+---------------------------------------------+--------+------------------------------------------------------------------+
| config_compile -design_size_maximum_warning | 100000 | Show a warning when total design instructions exceeds this value |
+---------------------------------------------+--------+------------------------------------------------------------------+


