Wed Aug  6 15:28:35 2025: Running xcd server. This server was built by gradle.
Wed Aug  6 15:28:35 2025: Server was asked to start on port: '39837'
Wed Aug  6 15:28:35 2025: Server is using token UUID: '7912f134-c941-49b5-8dfb-5947a11a1957'
Wed Aug  6 15:28:35 2025: SESSION_MGR: creating session with session uuid: '6d04a3e9-ade5-4ab9-8d63-1f78fcd2ec76' and name 'default'
Wed Aug  6 15:28:35 2025: Attempting to start server on port '39837'
Wed Aug  6 15:28:35 2025: XCD main fifo: created main fifo '/tmp/xcdmain7912f134-c941-49b5-8dfb-5947a11a1957', fd read = 15
Wed Aug  6 15:28:35 2025: Running Dispatch Server
Wed Aug  6 15:28:35 2025: Version 2.2.0
Wed Aug  6 15:28:36 2025: Dispatch Server: Accepted socket connection from client
Wed Aug  6 15:28:36 2025: Starting Socket connection
Wed Aug  6 15:28:36 2025: EXCHANGE_TOKEN received, server token: 7912f134-c941-49b5-8dfb-5947a11a1957, passed token: 7912f134-c941-49b5-8dfb-5947a11a1957
Wed Aug  6 15:28:36 2025: SESSION_MGR: creating session with session uuid: '52fe71b3-5979-459c-9927-24890d019559' and name 'vitis_hls'
Wed Aug  6 15:28:36 2025: KERNEL_SVC: creating session with uuid: '52fe71b3-5979-459c-9927-24890d019559' and name 'vitis_hls'
Wed Aug  6 15:28:36 2025: GUIDANCE_SMGR: creating guidance session with uuid: '52fe71b3-5979-459c-9927-24890d019559' and name 'vitis_hls'
Wed Aug  6 15:28:38 2025: Running xcd server. This server was built by gradle.
Wed Aug  6 15:28:38 2025: Server was asked to start on port: '37307'
Wed Aug  6 15:28:38 2025: Server is using token UUID: '73e844f8-7104-498d-8d4e-deff58b85661'
Wed Aug  6 15:28:38 2025: SESSION_MGR: creating session with session uuid: '6d04a3e9-ade5-4ab9-8d63-1f78fcd2ec76' and name 'default'
Wed Aug  6 15:28:38 2025: Attempting to start server on port '37307'
Wed Aug  6 15:28:38 2025: XCD main fifo: created main fifo '/tmp/xcdmain73e844f8-7104-498d-8d4e-deff58b85661', fd read = 16
Wed Aug  6 15:28:38 2025: Running Dispatch Server
Wed Aug  6 15:28:38 2025: Version 2.2.0
Wed Aug  6 15:28:39 2025: Dispatch Server: Accepted socket connection from client
Wed Aug  6 15:28:39 2025: Starting Socket connection
Wed Aug  6 15:28:39 2025: EXCHANGE_TOKEN received, server token: 73e844f8-7104-498d-8d4e-deff58b85661, passed token: 73e844f8-7104-498d-8d4e-deff58b85661
Wed Aug  6 15:28:39 2025: SESSION_MGR: creating session with session uuid: 'b5d1f4be-6945-4b64-8af4-6d1fc083a3a0' and name 'vitis_hls'
Wed Aug  6 15:28:39 2025: KERNEL_SVC: creating session with uuid: 'b5d1f4be-6945-4b64-8af4-6d1fc083a3a0' and name 'vitis_hls'
Wed Aug  6 15:28:39 2025: GUIDANCE_SMGR: creating guidance session with uuid: 'b5d1f4be-6945-4b64-8af4-6d1fc083a3a0' and name 'vitis_hls'
Wed Aug  6 15:28:39 2025: STOP_SERVER received, server token: 7912f134-c941-49b5-8dfb-5947a11a1957, passed token: 7912f134-c941-49b5-8dfb-5947a11a1957
Wed Aug  6 15:28:39 2025: Socket received request to stop server.
Wed Aug  6 15:28:39 2025: Dispatch Server: do_await_stop
Wed Aug  6 15:28:39 2025: Dispatch Server: stopping mainFifo_
Wed Aug  6 15:28:39 2025: XCD main fifo: Stopping
Wed Aug  6 15:28:39 2025: XCD main fifo: do_read error code: Operation canceled
Wed Aug  6 15:28:39 2025: XCD main fifo: bytes_transferred: 0
Wed Aug  6 15:28:39 2025: SERVER: destructor for server bound to port 39837
Wed Aug  6 15:28:39 2025: XCD main fifo: Good unlink of /tmp/xcdmain7912f134-c941-49b5-8dfb-5947a11a1957
Wed Aug  6 15:28:39 2025: Server exiting with status 0.
Wed Aug  6 15:28:39 2025: Closing log file.
Wed Aug  6 15:28:54 2025: Running xcd server. This server was built by gradle.
Wed Aug  6 15:28:54 2025: Server was asked to start on port: '41451'
Wed Aug  6 15:28:54 2025: Server is using token UUID: '8498d9ed-8d0b-466f-9356-380dfced5ac0'
Wed Aug  6 15:28:54 2025: SESSION_MGR: creating session with session uuid: '6d04a3e9-ade5-4ab9-8d63-1f78fcd2ec76' and name 'default'
Wed Aug  6 15:28:54 2025: Attempting to start server on port '41451'
Wed Aug  6 15:28:54 2025: XCD main fifo: created main fifo '/tmp/xcdmain8498d9ed-8d0b-466f-9356-380dfced5ac0', fd read = 15
Wed Aug  6 15:28:54 2025: Running Dispatch Server
Wed Aug  6 15:28:54 2025: Version 2.2.0
Wed Aug  6 15:28:55 2025: Dispatch Server: Accepted socket connection from client
Wed Aug  6 15:28:55 2025: Starting Socket connection
Wed Aug  6 15:28:55 2025: EXCHANGE_TOKEN received, server token: 8498d9ed-8d0b-466f-9356-380dfced5ac0, passed token: 8498d9ed-8d0b-466f-9356-380dfced5ac0
Wed Aug  6 15:28:55 2025: SESSION_MGR: creating session with session uuid: '946be68a-c1ee-4c33-a3f4-1847a824700c' and name 'vitis_hls'
Wed Aug  6 15:28:55 2025: KERNEL_SVC: creating session with uuid: '946be68a-c1ee-4c33-a3f4-1847a824700c' and name 'vitis_hls'
Wed Aug  6 15:28:55 2025: GUIDANCE_SMGR: creating guidance session with uuid: '946be68a-c1ee-4c33-a3f4-1847a824700c' and name 'vitis_hls'
Wed Aug  6 15:28:55 2025: STOP_SERVER received, server token: 73e844f8-7104-498d-8d4e-deff58b85661, passed token: 73e844f8-7104-498d-8d4e-deff58b85661
Wed Aug  6 15:28:55 2025: Socket received request to stop server.
Wed Aug  6 15:28:55 2025: Dispatch Server: do_await_stop
Wed Aug  6 15:28:55 2025: Dispatch Server: stopping mainFifo_
Wed Aug  6 15:28:55 2025: XCD main fifo: Stopping
Wed Aug  6 15:28:55 2025: XCD main fifo: do_read error code: Operation canceled
Wed Aug  6 15:28:55 2025: XCD main fifo: bytes_transferred: 0
Wed Aug  6 15:28:55 2025: SERVER: destructor for server bound to port 37307
Wed Aug  6 15:28:55 2025: XCD main fifo: Good unlink of /tmp/xcdmain73e844f8-7104-498d-8d4e-deff58b85661
Wed Aug  6 15:28:55 2025: Server exiting with status 0.
Wed Aug  6 15:28:55 2025: Closing log file.
Wed Aug  6 15:29:20 2025: Running xcd server. This server was built by gradle.
Wed Aug  6 15:29:20 2025: Server was asked to start on port: '40447'
Wed Aug  6 15:29:20 2025: Server is using token UUID: 'a16f861c-a6e8-46d5-be8f-a40521f65250'
Wed Aug  6 15:29:20 2025: SESSION_MGR: creating session with session uuid: '6d04a3e9-ade5-4ab9-8d63-1f78fcd2ec76' and name 'default'
Wed Aug  6 15:29:20 2025: Attempting to start server on port '40447'
Wed Aug  6 15:29:20 2025: XCD main fifo: created main fifo '/tmp/xcdmaina16f861c-a6e8-46d5-be8f-a40521f65250', fd read = 15
Wed Aug  6 15:29:20 2025: Running Dispatch Server
Wed Aug  6 15:29:20 2025: Version 2.2.0
Wed Aug  6 15:29:21 2025: Dispatch Server: Accepted socket connection from client
Wed Aug  6 15:29:21 2025: Starting Socket connection
Wed Aug  6 15:29:21 2025: EXCHANGE_TOKEN received, server token: a16f861c-a6e8-46d5-be8f-a40521f65250, passed token: a16f861c-a6e8-46d5-be8f-a40521f65250
Wed Aug  6 15:29:21 2025: SESSION_MGR: creating session with session uuid: '70c9b31e-9949-4ba9-88a7-789557a507e6' and name 'vitis_hls'
Wed Aug  6 15:29:21 2025: KERNEL_SVC: creating session with uuid: '70c9b31e-9949-4ba9-88a7-789557a507e6' and name 'vitis_hls'
Wed Aug  6 15:29:21 2025: GUIDANCE_SMGR: creating guidance session with uuid: '70c9b31e-9949-4ba9-88a7-789557a507e6' and name 'vitis_hls'
Wed Aug  6 15:29:21 2025: STOP_SERVER received, server token: 8498d9ed-8d0b-466f-9356-380dfced5ac0, passed token: 8498d9ed-8d0b-466f-9356-380dfced5ac0
Wed Aug  6 15:29:21 2025: Socket received request to stop server.
Wed Aug  6 15:29:21 2025: Dispatch Server: do_await_stop
Wed Aug  6 15:29:21 2025: Dispatch Server: stopping mainFifo_
Wed Aug  6 15:29:21 2025: XCD main fifo: Stopping
Wed Aug  6 15:29:21 2025: XCD main fifo: do_read error code: Operation canceled
Wed Aug  6 15:29:21 2025: XCD main fifo: bytes_transferred: 0
Wed Aug  6 15:29:21 2025: SERVER: destructor for server bound to port 41451
Wed Aug  6 15:29:21 2025: XCD main fifo: Good unlink of /tmp/xcdmain8498d9ed-8d0b-466f-9356-380dfced5ac0
Wed Aug  6 15:29:21 2025: Server exiting with status 0.
Wed Aug  6 15:29:21 2025: Closing log file.
Wed Aug  6 15:29:32 2025: STOP_SERVER received, server token: a16f861c-a6e8-46d5-be8f-a40521f65250, passed token: a16f861c-a6e8-46d5-be8f-a40521f65250
Wed Aug  6 15:29:32 2025: Socket received request to stop server.
Wed Aug  6 15:29:32 2025: Dispatch Server: do_await_stop
Wed Aug  6 15:29:32 2025: Dispatch Server: stopping mainFifo_
Wed Aug  6 15:29:32 2025: XCD main fifo: Stopping
Wed Aug  6 15:29:32 2025: XCD main fifo: do_read error code: Operation canceled
Wed Aug  6 15:29:32 2025: XCD main fifo: bytes_transferred: 0
Wed Aug  6 15:29:32 2025: SERVER: destructor for server bound to port 40447
Wed Aug  6 15:29:32 2025: XCD main fifo: Good unlink of /tmp/xcdmaina16f861c-a6e8-46d5-be8f-a40521f65250
Wed Aug  6 15:29:32 2025: Server exiting with status 0.
Wed Aug  6 15:29:32 2025: Closing log file.
