  **** HLS Build v2024.2 5238294
INFO: [HLS 200-1465] Applying ini 'param.hls.enable_hidden_option_error=false' from /home/hyeon/workspace/dct/dct_hls_solution/hls_config.cfg(4)
INFO: [HLS 200-2005] Using work_dir /home/hyeon/workspace/dct/dct_hls_solution 
INFO: [HLS 200-1505] Using default flow_target 'vivado'
Resolution: For help on HLS 200-1505 see docs.xilinx.com/access/sources/dita/topic?Doc_Version=2024.2%20English&url=ug1448-hls-guidance&resourceid=200-1505.html
INFO: [HLS 200-1465] Applying ini 'param.hls.enable_hidden_option_error=false' from /home/hyeon/workspace/dct/dct_hls_solution/hls_config.cfg(4)
INFO: [HLS 200-1465] Applying ini 'syn.file=../dct.cpp' from /home/hyeon/workspace/dct/dct_hls_solution/hls_config.cfg(7)
INFO: [HLS 200-10] Adding design file '/home/hyeon/workspace/dct/dct.cpp' to the project
INFO: [HLS 200-1465] Applying ini 'syn.file=../dct_coeff_table.txt' from /home/hyeon/workspace/dct/dct_hls_solution/hls_config.cfg(8)
INFO: [HLS 200-10] Adding design file '/home/hyeon/workspace/dct/dct_coeff_table.txt' to the project
INFO: [HLS 200-1465] Applying ini 'syn.file=../in.dat' from /home/hyeon/workspace/dct/dct_hls_solution/hls_config.cfg(9)
INFO: [HLS 200-10] Adding design file '/home/hyeon/workspace/dct/in.dat' to the project
INFO: [HLS 200-1465] Applying ini 'syn.file=../out.golden.dat' from /home/hyeon/workspace/dct/dct_hls_solution/hls_config.cfg(10)
INFO: [HLS 200-10] Adding design file '/home/hyeon/workspace/dct/out.golden.dat' to the project
INFO: [HLS 200-1465] Applying ini 'tb.file=../dct_test.cpp' from /home/hyeon/workspace/dct/dct_hls_solution/hls_config.cfg(12)
INFO: [HLS 200-10] Adding test bench file '/home/hyeon/workspace/dct/dct_test.cpp' to the project
INFO: [HLS 200-1465] Applying ini 'syn.top=dct' from /home/hyeon/workspace/dct/dct_hls_solution/hls_config.cfg(11)
INFO: [HLS 200-1465] Applying ini 'flow_target=vivado' from /home/hyeon/workspace/dct/dct_hls_solution/hls_config.cfg(6)
INFO: [HLS 200-1505] Using flow_target 'vivado'
Resolution: For help on HLS 200-1505 see docs.xilinx.com/access/sources/dita/topic?Doc_Version=2024.2%20English&url=ug1448-hls-guidance&resourceid=200-1505.html
INFO: [HLS 200-1465] Applying ini 'part=xc7z020-clg400-1' from /home/hyeon/workspace/dct/dct_hls_solution/hls_config.cfg(1)
INFO: [HLS 200-1611] Setting target device to 'xc7z020-clg400-1'
INFO: [HLS 200-1465] Applying ini 'clock=10ns' from /home/hyeon/workspace/dct/dct_hls_solution/hls_config.cfg(5)
INFO: [SYN 201-201] Setting up clock 'default' with a period of 10ns.
WARNING: [HLS 200-40] Skipped source file 'out.golden.dat'. Source files must have extensions .c, .C, .cc, .cpp, .c++, .cp, or .cxx.
WARNING: [HLS 200-40] Skipped source file 'in.dat'. Source files must have extensions .c, .C, .cc, .cpp, .c++, .cp, or .cxx.
WARNING: [HLS 200-40] Skipped source file 'dct_coeff_table.txt'. Source files must have extensions .c, .C, .cc, .cpp, .c++, .cp, or .cxx.
INFO: [HLS 200-111] Finished File checks and directory preparation: CPU user time: 4.61 seconds. CPU system time: 0.76 seconds. Elapsed time: 5.26 seconds; current allocated memory: 323.016 MB.
INFO: [HLS 200-10] Analyzing design file '../dct.cpp' ... 
ERROR:  
INFO: [HLS 200-112] Total CPU user time: 5.62 seconds. Total CPU system time: 2.82 seconds. Total elapsed time: 9.66 seconds; peak allocated memory: 323.363 MB.
