Wed Jul 23 12:49:23 2025: Running xcd server. This server was built by gradle.
Wed Jul 23 12:49:23 2025: Server was asked to start on port: '38935'
Wed Jul 23 12:49:23 2025: Server is using token UUID: '682dd93a-acb2-427d-a970-1367ec2761a8'
Wed Jul 23 12:49:23 2025: SESSION_MGR: creating session with session uuid: '6d04a3e9-ade5-4ab9-8d63-1f78fcd2ec76' and name 'default'
Wed Jul 23 12:49:23 2025: Attempting to start server on port '38935'
Wed Jul 23 12:49:23 2025: XCD main fifo: created main fifo '/tmp/xcdmain682dd93a-acb2-427d-a970-1367ec2761a8', fd read = 13
Wed Jul 23 12:49:23 2025: Running Dispatch Server
Wed Jul 23 12:49:23 2025: Version 2.2.0
Wed Jul 23 12:49:24 2025: Dispatch Server: Accepted socket connection from client
Wed Jul 23 12:49:24 2025: Starting Socket connection
Wed Jul 23 12:49:24 2025: EXCHANGE_TOKEN received, server token: 682dd93a-acb2-427d-a970-1367ec2761a8, passed token: 682dd93a-acb2-427d-a970-1367ec2761a8
Wed Jul 23 12:49:25 2025: DISPATCH_HANDLER: Adding handler from function makeHandler in library libxv_system_diagram
Wed Jul 23 12:49:25 2025: SESSION_MGR: creating session with session uuid: 'e37b6fab-be4d-431d-b12a-838b18a3cbfc' and name 'vitis-run_compile_dct_hls_solution'
Wed Jul 23 12:49:25 2025: KERNEL_SVC: creating session with uuid: 'e37b6fab-be4d-431d-b12a-838b18a3cbfc' and name 'vitis-run_compile_dct_hls_solution'
Wed Jul 23 12:49:25 2025: GUIDANCE_SMGR: creating guidance session with uuid: 'e37b6fab-be4d-431d-b12a-838b18a3cbfc' and name 'vitis-run_compile_dct_hls_solution'
Wed Jul 23 12:49:25 2025: SYSTEM_DIAGRAM: creating session with uuid: 'e37b6fab-be4d-431d-b12a-838b18a3cbfc' and name 'vitis-run_compile_dct_hls_solution'
Wed Jul 23 12:49:31 2025: Dispatch Server: Accepted socket connection from client
Wed Jul 23 12:49:31 2025: Starting Socket connection
Wed Jul 23 12:49:34 2025: SESSION_MGR: closing session for UUID 'e37b6fab-be4d-431d-b12a-838b18a3cbfc' with name 'vitis-run_compile_dct_hls_solution'
Wed Jul 23 12:49:34 2025: KERNEL_SVC: closing session for UUID 'e37b6fab-be4d-431d-b12a-838b18a3cbfc' with name 'vitis-run_compile_dct_hls_solution'
Wed Jul 23 12:49:34 2025: GUIDANCE_SMGR: closing session for UUID 'e37b6fab-be4d-431d-b12a-838b18a3cbfc' with name 'vitis-run_compile_dct_hls_solution'
Wed Jul 23 12:49:34 2025: SYSTEM_DIAGRAM: closing session for UUID 'e37b6fab-be4d-431d-b12a-838b18a3cbfc' with name 'vitis-run_compile_dct_hls_solution'
Wed Jul 23 12:49:34 2025: STOP_SERVER received, server token: 682dd93a-acb2-427d-a970-1367ec2761a8, passed token: 682dd93a-acb2-427d-a970-1367ec2761a8
Wed Jul 23 12:49:34 2025: Socket received request to stop server.
Wed Jul 23 12:49:34 2025: Dispatch Server: do_await_stop
Wed Jul 23 12:49:34 2025: Dispatch Server: stopping mainFifo_
Wed Jul 23 12:49:34 2025: XCD main fifo: Stopping
Wed Jul 23 12:49:34 2025: XCD main fifo: do_read error code: Operation canceled
Wed Jul 23 12:49:34 2025: XCD main fifo: bytes_transferred: 0
Wed Jul 23 12:49:34 2025: SERVER: destructor for server bound to port 38935
Wed Jul 23 12:49:34 2025: XCD main fifo: Good unlink of /tmp/xcdmain682dd93a-acb2-427d-a970-1367ec2761a8
Wed Jul 23 12:49:34 2025: Server exiting with status 0.
Wed Jul 23 12:49:34 2025: Closing log file.
Wed Jul 23 12:49:46 2025: Running xcd server. This server was built by gradle.
Wed Jul 23 12:49:46 2025: Server was asked to start on port: '42165'
Wed Jul 23 12:49:46 2025: Server is using token UUID: 'b63c5b76-8f07-4f40-b85d-2e2ab8a41bf0'
Wed Jul 23 12:49:46 2025: SESSION_MGR: creating session with session uuid: '6d04a3e9-ade5-4ab9-8d63-1f78fcd2ec76' and name 'default'
Wed Jul 23 12:49:46 2025: Attempting to start server on port '42165'
Wed Jul 23 12:49:46 2025: XCD main fifo: created main fifo '/tmp/xcdmainb63c5b76-8f07-4f40-b85d-2e2ab8a41bf0', fd read = 13
Wed Jul 23 12:49:46 2025: Running Dispatch Server
Wed Jul 23 12:49:46 2025: Version 2.2.0
Wed Jul 23 12:49:47 2025: Dispatch Server: Accepted socket connection from client
Wed Jul 23 12:49:47 2025: Starting Socket connection
Wed Jul 23 12:49:47 2025: EXCHANGE_TOKEN received, server token: b63c5b76-8f07-4f40-b85d-2e2ab8a41bf0, passed token: b63c5b76-8f07-4f40-b85d-2e2ab8a41bf0
Wed Jul 23 12:49:47 2025: DISPATCH_HANDLER: Adding handler from function makeHandler in library libxv_system_diagram
Wed Jul 23 12:49:47 2025: SESSION_MGR: creating session with session uuid: '81f9ba13-0a25-4895-a8f4-a9c28071fa9b' and name 'v++_compile_dct_hls_solution'
Wed Jul 23 12:49:47 2025: KERNEL_SVC: creating session with uuid: '81f9ba13-0a25-4895-a8f4-a9c28071fa9b' and name 'v++_compile_dct_hls_solution'
Wed Jul 23 12:49:47 2025: GUIDANCE_SMGR: creating guidance session with uuid: '81f9ba13-0a25-4895-a8f4-a9c28071fa9b' and name 'v++_compile_dct_hls_solution'
Wed Jul 23 12:49:47 2025: SYSTEM_DIAGRAM: creating session with uuid: '81f9ba13-0a25-4895-a8f4-a9c28071fa9b' and name 'v++_compile_dct_hls_solution'
Wed Jul 23 12:49:54 2025: Dispatch Server: Accepted socket connection from client
Wed Jul 23 12:49:54 2025: Starting Socket connection
Wed Jul 23 12:49:58 2025: SESSION_MGR: closing session for UUID '81f9ba13-0a25-4895-a8f4-a9c28071fa9b' with name 'v++_compile_dct_hls_solution'
Wed Jul 23 12:49:58 2025: KERNEL_SVC: closing session for UUID '81f9ba13-0a25-4895-a8f4-a9c28071fa9b' with name 'v++_compile_dct_hls_solution'
Wed Jul 23 12:49:58 2025: GUIDANCE_SMGR: closing session for UUID '81f9ba13-0a25-4895-a8f4-a9c28071fa9b' with name 'v++_compile_dct_hls_solution'
Wed Jul 23 12:49:59 2025: SYSTEM_DIAGRAM: closing session for UUID '81f9ba13-0a25-4895-a8f4-a9c28071fa9b' with name 'v++_compile_dct_hls_solution'
Wed Jul 23 12:49:59 2025: STOP_SERVER received, server token: b63c5b76-8f07-4f40-b85d-2e2ab8a41bf0, passed token: b63c5b76-8f07-4f40-b85d-2e2ab8a41bf0
Wed Jul 23 12:49:59 2025: Socket received request to stop server.
Wed Jul 23 12:49:59 2025: Dispatch Server: do_await_stop
Wed Jul 23 12:49:59 2025: Dispatch Server: stopping mainFifo_
Wed Jul 23 12:49:59 2025: XCD main fifo: Stopping
Wed Jul 23 12:49:59 2025: XCD main fifo: do_read error code: Operation canceled
Wed Jul 23 12:49:59 2025: XCD main fifo: bytes_transferred: 0
Wed Jul 23 12:49:59 2025: SERVER: destructor for server bound to port 42165
Wed Jul 23 12:49:59 2025: XCD main fifo: Good unlink of /tmp/xcdmainb63c5b76-8f07-4f40-b85d-2e2ab8a41bf0
Wed Jul 23 12:49:59 2025: Server exiting with status 0.
Wed Jul 23 12:49:59 2025: Closing log file.
