Tue Aug  5 16:46:24 2025: Running xcd server. This server was built by gradle.
Tue Aug  5 16:46:24 2025: Server was asked to start on port: '38173'
Tue Aug  5 16:46:24 2025: Server is using token UUID: 'bbfcb45d-be3c-4877-8a8a-bada6a23b643'
Tue Aug  5 16:46:24 2025: SESSION_MGR: creating session with session uuid: '6d04a3e9-ade5-4ab9-8d63-1f78fcd2ec76' and name 'default'
Tue Aug  5 16:46:24 2025: Attempting to start server on port '38173'
Tue Aug  5 16:46:24 2025: XCD main fifo: created main fifo '/tmp/xcdmainbbfcb45d-be3c-4877-8a8a-bada6a23b643', fd read = 13
Tue Aug  5 16:46:24 2025: Running Dispatch Server
Tue Aug  5 16:46:24 2025: Version 2.2.0
Tue Aug  5 16:46:25 2025: Dispatch Server: Accepted socket connection from client
Tue Aug  5 16:46:25 2025: Starting Socket connection
Tue Aug  5 16:46:25 2025: EXCHANGE_TOKEN received, server token: bbfcb45d-be3c-4877-8a8a-bada6a23b643, passed token: bbfcb45d-be3c-4877-8a8a-bada6a23b643
Tue Aug  5 16:46:26 2025: DISPATCH_HANDLER: Adding handler from function makeHandler in library libxv_system_diagram
Tue Aug  5 16:46:26 2025: SESSION_MGR: creating session with session uuid: '9de0a7c5-c124-4721-8b46-3b87c0afacbe' and name 'vitis-run_compile_sha3_256_hls'
Tue Aug  5 16:46:26 2025: KERNEL_SVC: creating session with uuid: '9de0a7c5-c124-4721-8b46-3b87c0afacbe' and name 'vitis-run_compile_sha3_256_hls'
Tue Aug  5 16:46:26 2025: GUIDANCE_SMGR: creating guidance session with uuid: '9de0a7c5-c124-4721-8b46-3b87c0afacbe' and name 'vitis-run_compile_sha3_256_hls'
Tue Aug  5 16:46:26 2025: SYSTEM_DIAGRAM: creating session with uuid: '9de0a7c5-c124-4721-8b46-3b87c0afacbe' and name 'vitis-run_compile_sha3_256_hls'
Tue Aug  5 16:46:42 2025: Dispatch Server: Accepted socket connection from client
Tue Aug  5 16:46:42 2025: Starting Socket connection
Tue Aug  5 16:46:56 2025: SESSION_MGR: closing session for UUID '9de0a7c5-c124-4721-8b46-3b87c0afacbe' with name 'vitis-run_compile_sha3_256_hls'
Tue Aug  5 16:46:56 2025: KERNEL_SVC: closing session for UUID '9de0a7c5-c124-4721-8b46-3b87c0afacbe' with name 'vitis-run_compile_sha3_256_hls'
Tue Aug  5 16:46:56 2025: GUIDANCE_SMGR: closing session for UUID '9de0a7c5-c124-4721-8b46-3b87c0afacbe' with name 'vitis-run_compile_sha3_256_hls'
Tue Aug  5 16:46:56 2025: SYSTEM_DIAGRAM: closing session for UUID '9de0a7c5-c124-4721-8b46-3b87c0afacbe' with name 'vitis-run_compile_sha3_256_hls'
Tue Aug  5 16:46:56 2025: STOP_SERVER received, server token: bbfcb45d-be3c-4877-8a8a-bada6a23b643, passed token: bbfcb45d-be3c-4877-8a8a-bada6a23b643
Tue Aug  5 16:46:56 2025: Socket received request to stop server.
Tue Aug  5 16:46:56 2025: Dispatch Server: do_await_stop
Tue Aug  5 16:46:56 2025: Dispatch Server: stopping mainFifo_
Tue Aug  5 16:46:56 2025: XCD main fifo: Stopping
Tue Aug  5 16:46:56 2025: XCD main fifo: do_read error code: Operation canceled
Tue Aug  5 16:46:56 2025: XCD main fifo: bytes_transferred: 0
Tue Aug  5 16:46:56 2025: SERVER: destructor for server bound to port 38173
Tue Aug  5 16:46:56 2025: XCD main fifo: Good unlink of /tmp/xcdmainbbfcb45d-be3c-4877-8a8a-bada6a23b643
Tue Aug  5 16:46:56 2025: Server exiting with status 0.
Tue Aug  5 16:46:56 2025: Closing log file.
Tue Aug  5 16:47:14 2025: Running xcd server. This server was built by gradle.
Tue Aug  5 16:47:14 2025: Server was asked to start on port: '37223'
Tue Aug  5 16:47:14 2025: Server is using token UUID: 'f8f359a2-3c70-46af-9f6b-59cebb81c4cb'
Tue Aug  5 16:47:14 2025: SESSION_MGR: creating session with session uuid: '6d04a3e9-ade5-4ab9-8d63-1f78fcd2ec76' and name 'default'
Tue Aug  5 16:47:14 2025: Attempting to start server on port '37223'
Tue Aug  5 16:47:14 2025: XCD main fifo: created main fifo '/tmp/xcdmainf8f359a2-3c70-46af-9f6b-59cebb81c4cb', fd read = 13
Tue Aug  5 16:47:14 2025: Running Dispatch Server
Tue Aug  5 16:47:14 2025: Version 2.2.0
Tue Aug  5 16:47:15 2025: Dispatch Server: Accepted socket connection from client
Tue Aug  5 16:47:15 2025: Starting Socket connection
Tue Aug  5 16:47:15 2025: EXCHANGE_TOKEN received, server token: f8f359a2-3c70-46af-9f6b-59cebb81c4cb, passed token: f8f359a2-3c70-46af-9f6b-59cebb81c4cb
Tue Aug  5 16:47:16 2025: DISPATCH_HANDLER: Adding handler from function makeHandler in library libxv_system_diagram
Tue Aug  5 16:47:16 2025: SESSION_MGR: creating session with session uuid: 'b0bcd891-e11b-4303-b32d-ce2bbb58b638' and name 'vitis-run_compile_sha3_256_hls'
Tue Aug  5 16:47:16 2025: KERNEL_SVC: creating session with uuid: 'b0bcd891-e11b-4303-b32d-ce2bbb58b638' and name 'vitis-run_compile_sha3_256_hls'
Tue Aug  5 16:47:16 2025: GUIDANCE_SMGR: creating guidance session with uuid: 'b0bcd891-e11b-4303-b32d-ce2bbb58b638' and name 'vitis-run_compile_sha3_256_hls'
Tue Aug  5 16:47:16 2025: SYSTEM_DIAGRAM: creating session with uuid: 'b0bcd891-e11b-4303-b32d-ce2bbb58b638' and name 'vitis-run_compile_sha3_256_hls'
Tue Aug  5 16:47:22 2025: Dispatch Server: Accepted socket connection from client
Tue Aug  5 16:47:22 2025: Starting Socket connection
Tue Aug  5 16:47:23 2025: SESSION_MGR: closing session for UUID 'b0bcd891-e11b-4303-b32d-ce2bbb58b638' with name 'vitis-run_compile_sha3_256_hls'
Tue Aug  5 16:47:23 2025: KERNEL_SVC: closing session for UUID 'b0bcd891-e11b-4303-b32d-ce2bbb58b638' with name 'vitis-run_compile_sha3_256_hls'
Tue Aug  5 16:47:23 2025: GUIDANCE_SMGR: closing session for UUID 'b0bcd891-e11b-4303-b32d-ce2bbb58b638' with name 'vitis-run_compile_sha3_256_hls'
Tue Aug  5 16:47:23 2025: SYSTEM_DIAGRAM: closing session for UUID 'b0bcd891-e11b-4303-b32d-ce2bbb58b638' with name 'vitis-run_compile_sha3_256_hls'
Tue Aug  5 16:47:23 2025: STOP_SERVER received, server token: f8f359a2-3c70-46af-9f6b-59cebb81c4cb, passed token: f8f359a2-3c70-46af-9f6b-59cebb81c4cb
Tue Aug  5 16:47:23 2025: Socket received request to stop server.
Tue Aug  5 16:47:23 2025: Dispatch Server: do_await_stop
Tue Aug  5 16:47:23 2025: Dispatch Server: stopping mainFifo_
Tue Aug  5 16:47:23 2025: XCD main fifo: Stopping
Tue Aug  5 16:47:23 2025: XCD main fifo: do_read error code: Operation canceled
Tue Aug  5 16:47:23 2025: XCD main fifo: bytes_transferred: 0
Tue Aug  5 16:47:23 2025: SERVER: destructor for server bound to port 37223
Tue Aug  5 16:47:23 2025: XCD main fifo: Good unlink of /tmp/xcdmainf8f359a2-3c70-46af-9f6b-59cebb81c4cb
Tue Aug  5 16:47:23 2025: Server exiting with status 0.
Tue Aug  5 16:47:23 2025: Closing log file.
Tue Aug  5 16:48:09 2025: Running xcd server. This server was built by gradle.
Tue Aug  5 16:48:09 2025: Server was asked to start on port: '40233'
Tue Aug  5 16:48:09 2025: Server is using token UUID: '1eb6b77a-3b9d-4b54-b6d8-35ef626b32aa'
Tue Aug  5 16:48:09 2025: SESSION_MGR: creating session with session uuid: '6d04a3e9-ade5-4ab9-8d63-1f78fcd2ec76' and name 'default'
Tue Aug  5 16:48:09 2025: Attempting to start server on port '40233'
Tue Aug  5 16:48:09 2025: XCD main fifo: created main fifo '/tmp/xcdmain1eb6b77a-3b9d-4b54-b6d8-35ef626b32aa', fd read = 13
Tue Aug  5 16:48:09 2025: Running Dispatch Server
Tue Aug  5 16:48:09 2025: Version 2.2.0
Tue Aug  5 16:48:10 2025: Dispatch Server: Accepted socket connection from client
Tue Aug  5 16:48:10 2025: Starting Socket connection
Tue Aug  5 16:48:10 2025: EXCHANGE_TOKEN received, server token: 1eb6b77a-3b9d-4b54-b6d8-35ef626b32aa, passed token: 1eb6b77a-3b9d-4b54-b6d8-35ef626b32aa
Tue Aug  5 16:48:10 2025: DISPATCH_HANDLER: Adding handler from function makeHandler in library libxv_system_diagram
Tue Aug  5 16:48:10 2025: SESSION_MGR: creating session with session uuid: '829c0aa5-1e69-4b81-a93b-84a6648b141c' and name 'vitis-run_compile_sha3_256_hls'
Tue Aug  5 16:48:10 2025: KERNEL_SVC: creating session with uuid: '829c0aa5-1e69-4b81-a93b-84a6648b141c' and name 'vitis-run_compile_sha3_256_hls'
Tue Aug  5 16:48:10 2025: GUIDANCE_SMGR: creating guidance session with uuid: '829c0aa5-1e69-4b81-a93b-84a6648b141c' and name 'vitis-run_compile_sha3_256_hls'
Tue Aug  5 16:48:10 2025: SYSTEM_DIAGRAM: creating session with uuid: '829c0aa5-1e69-4b81-a93b-84a6648b141c' and name 'vitis-run_compile_sha3_256_hls'
Tue Aug  5 16:48:16 2025: Dispatch Server: Accepted socket connection from client
Tue Aug  5 16:48:16 2025: Starting Socket connection
Tue Aug  5 16:48:20 2025: SESSION_MGR: closing session for UUID '829c0aa5-1e69-4b81-a93b-84a6648b141c' with name 'vitis-run_compile_sha3_256_hls'
Tue Aug  5 16:48:20 2025: KERNEL_SVC: closing session for UUID '829c0aa5-1e69-4b81-a93b-84a6648b141c' with name 'vitis-run_compile_sha3_256_hls'
Tue Aug  5 16:48:20 2025: GUIDANCE_SMGR: closing session for UUID '829c0aa5-1e69-4b81-a93b-84a6648b141c' with name 'vitis-run_compile_sha3_256_hls'
Tue Aug  5 16:48:20 2025: SYSTEM_DIAGRAM: closing session for UUID '829c0aa5-1e69-4b81-a93b-84a6648b141c' with name 'vitis-run_compile_sha3_256_hls'
Tue Aug  5 16:48:20 2025: STOP_SERVER received, server token: 1eb6b77a-3b9d-4b54-b6d8-35ef626b32aa, passed token: 1eb6b77a-3b9d-4b54-b6d8-35ef626b32aa
Tue Aug  5 16:48:20 2025: Socket received request to stop server.
Tue Aug  5 16:48:20 2025: Dispatch Server: do_await_stop
Tue Aug  5 16:48:20 2025: Dispatch Server: stopping mainFifo_
Tue Aug  5 16:48:20 2025: XCD main fifo: Stopping
Tue Aug  5 16:48:20 2025: XCD main fifo: do_read error code: Operation canceled
Tue Aug  5 16:48:20 2025: XCD main fifo: bytes_transferred: 0
Tue Aug  5 16:48:20 2025: SERVER: destructor for server bound to port 40233
Tue Aug  5 16:48:20 2025: XCD main fifo: Good unlink of /tmp/xcdmain1eb6b77a-3b9d-4b54-b6d8-35ef626b32aa
Tue Aug  5 16:48:20 2025: Server exiting with status 0.
Tue Aug  5 16:48:20 2025: Closing log file.
Tue Aug  5 16:54:15 2025: Running xcd server. This server was built by gradle.
Tue Aug  5 16:54:15 2025: Server was asked to start on port: '37859'
Tue Aug  5 16:54:15 2025: Server is using token UUID: '028a4670-08da-4c32-919a-fffebc52d504'
Tue Aug  5 16:54:15 2025: SESSION_MGR: creating session with session uuid: '6d04a3e9-ade5-4ab9-8d63-1f78fcd2ec76' and name 'default'
Tue Aug  5 16:54:15 2025: Attempting to start server on port '37859'
Tue Aug  5 16:54:15 2025: XCD main fifo: created main fifo '/tmp/xcdmain028a4670-08da-4c32-919a-fffebc52d504', fd read = 13
Tue Aug  5 16:54:15 2025: Running Dispatch Server
Tue Aug  5 16:54:15 2025: Version 2.2.0
Tue Aug  5 16:54:16 2025: Dispatch Server: Accepted socket connection from client
Tue Aug  5 16:54:16 2025: Starting Socket connection
Tue Aug  5 16:54:16 2025: EXCHANGE_TOKEN received, server token: 028a4670-08da-4c32-919a-fffebc52d504, passed token: 028a4670-08da-4c32-919a-fffebc52d504
Tue Aug  5 16:54:17 2025: DISPATCH_HANDLER: Adding handler from function makeHandler in library libxv_system_diagram
Tue Aug  5 16:54:17 2025: SESSION_MGR: creating session with session uuid: '1cb2a54d-066d-490a-b2e6-9ca0a6ffd0b5' and name 'vitis-run_compile_sha3_256_hls'
Tue Aug  5 16:54:17 2025: KERNEL_SVC: creating session with uuid: '1cb2a54d-066d-490a-b2e6-9ca0a6ffd0b5' and name 'vitis-run_compile_sha3_256_hls'
Tue Aug  5 16:54:17 2025: GUIDANCE_SMGR: creating guidance session with uuid: '1cb2a54d-066d-490a-b2e6-9ca0a6ffd0b5' and name 'vitis-run_compile_sha3_256_hls'
Tue Aug  5 16:54:17 2025: SYSTEM_DIAGRAM: creating session with uuid: '1cb2a54d-066d-490a-b2e6-9ca0a6ffd0b5' and name 'vitis-run_compile_sha3_256_hls'
Tue Aug  5 16:54:23 2025: Dispatch Server: Accepted socket connection from client
Tue Aug  5 16:54:23 2025: Starting Socket connection
Tue Aug  5 16:54:28 2025: SESSION_MGR: closing session for UUID '1cb2a54d-066d-490a-b2e6-9ca0a6ffd0b5' with name 'vitis-run_compile_sha3_256_hls'
Tue Aug  5 16:54:28 2025: KERNEL_SVC: closing session for UUID '1cb2a54d-066d-490a-b2e6-9ca0a6ffd0b5' with name 'vitis-run_compile_sha3_256_hls'
Tue Aug  5 16:54:28 2025: GUIDANCE_SMGR: closing session for UUID '1cb2a54d-066d-490a-b2e6-9ca0a6ffd0b5' with name 'vitis-run_compile_sha3_256_hls'
Tue Aug  5 16:54:28 2025: SYSTEM_DIAGRAM: closing session for UUID '1cb2a54d-066d-490a-b2e6-9ca0a6ffd0b5' with name 'vitis-run_compile_sha3_256_hls'
Tue Aug  5 16:54:28 2025: STOP_SERVER received, server token: 028a4670-08da-4c32-919a-fffebc52d504, passed token: 028a4670-08da-4c32-919a-fffebc52d504
Tue Aug  5 16:54:28 2025: Socket received request to stop server.
Tue Aug  5 16:54:28 2025: Dispatch Server: do_await_stop
Tue Aug  5 16:54:28 2025: Dispatch Server: stopping mainFifo_
Tue Aug  5 16:54:28 2025: XCD main fifo: Stopping
Tue Aug  5 16:54:28 2025: XCD main fifo: do_read error code: Operation canceled
Tue Aug  5 16:54:28 2025: XCD main fifo: bytes_transferred: 0
Tue Aug  5 16:54:28 2025: SERVER: destructor for server bound to port 37859
Tue Aug  5 16:54:28 2025: XCD main fifo: Good unlink of /tmp/xcdmain028a4670-08da-4c32-919a-fffebc52d504
Tue Aug  5 16:54:28 2025: Server exiting with status 0.
Tue Aug  5 16:54:28 2025: Closing log file.
Tue Aug  5 16:55:19 2025: Running xcd server. This server was built by gradle.
Tue Aug  5 16:55:19 2025: Server was asked to start on port: '34483'
Tue Aug  5 16:55:19 2025: Server is using token UUID: '064a9bae-9e1b-4041-8389-5f9800399528'
Tue Aug  5 16:55:19 2025: SESSION_MGR: creating session with session uuid: '6d04a3e9-ade5-4ab9-8d63-1f78fcd2ec76' and name 'default'
Tue Aug  5 16:55:19 2025: Attempting to start server on port '34483'
Tue Aug  5 16:55:19 2025: XCD main fifo: created main fifo '/tmp/xcdmain064a9bae-9e1b-4041-8389-5f9800399528', fd read = 13
Tue Aug  5 16:55:19 2025: Running Dispatch Server
Tue Aug  5 16:55:19 2025: Version 2.2.0
Tue Aug  5 16:55:20 2025: Dispatch Server: Accepted socket connection from client
Tue Aug  5 16:55:20 2025: Starting Socket connection
Tue Aug  5 16:55:20 2025: EXCHANGE_TOKEN received, server token: 064a9bae-9e1b-4041-8389-5f9800399528, passed token: 064a9bae-9e1b-4041-8389-5f9800399528
Tue Aug  5 16:55:20 2025: DISPATCH_HANDLER: Adding handler from function makeHandler in library libxv_system_diagram
Tue Aug  5 16:55:20 2025: SESSION_MGR: creating session with session uuid: '48ccf7c6-298e-4a6b-bb85-0ab213da1c02' and name 'vitis-run_compile_sha3_256_hls'
Tue Aug  5 16:55:20 2025: KERNEL_SVC: creating session with uuid: '48ccf7c6-298e-4a6b-bb85-0ab213da1c02' and name 'vitis-run_compile_sha3_256_hls'
Tue Aug  5 16:55:20 2025: GUIDANCE_SMGR: creating guidance session with uuid: '48ccf7c6-298e-4a6b-bb85-0ab213da1c02' and name 'vitis-run_compile_sha3_256_hls'
Tue Aug  5 16:55:20 2025: SYSTEM_DIAGRAM: creating session with uuid: '48ccf7c6-298e-4a6b-bb85-0ab213da1c02' and name 'vitis-run_compile_sha3_256_hls'
Tue Aug  5 16:55:26 2025: Dispatch Server: Accepted socket connection from client
Tue Aug  5 16:55:26 2025: Starting Socket connection
Tue Aug  5 16:55:30 2025: SESSION_MGR: closing session for UUID '48ccf7c6-298e-4a6b-bb85-0ab213da1c02' with name 'vitis-run_compile_sha3_256_hls'
Tue Aug  5 16:55:30 2025: KERNEL_SVC: closing session for UUID '48ccf7c6-298e-4a6b-bb85-0ab213da1c02' with name 'vitis-run_compile_sha3_256_hls'
Tue Aug  5 16:55:30 2025: GUIDANCE_SMGR: closing session for UUID '48ccf7c6-298e-4a6b-bb85-0ab213da1c02' with name 'vitis-run_compile_sha3_256_hls'
Tue Aug  5 16:55:30 2025: SYSTEM_DIAGRAM: closing session for UUID '48ccf7c6-298e-4a6b-bb85-0ab213da1c02' with name 'vitis-run_compile_sha3_256_hls'
Tue Aug  5 16:55:30 2025: STOP_SERVER received, server token: 064a9bae-9e1b-4041-8389-5f9800399528, passed token: 064a9bae-9e1b-4041-8389-5f9800399528
Tue Aug  5 16:55:30 2025: Socket received request to stop server.
Tue Aug  5 16:55:30 2025: Dispatch Server: do_await_stop
Tue Aug  5 16:55:30 2025: Dispatch Server: stopping mainFifo_
Tue Aug  5 16:55:30 2025: XCD main fifo: Stopping
Tue Aug  5 16:55:30 2025: XCD main fifo: do_read error code: Operation canceled
Tue Aug  5 16:55:30 2025: XCD main fifo: bytes_transferred: 0
Tue Aug  5 16:55:30 2025: SERVER: destructor for server bound to port 34483
Tue Aug  5 16:55:30 2025: XCD main fifo: Good unlink of /tmp/xcdmain064a9bae-9e1b-4041-8389-5f9800399528
Tue Aug  5 16:55:30 2025: Server exiting with status 0.
Tue Aug  5 16:55:30 2025: Closing log file.
Tue Aug  5 16:56:24 2025: Running xcd server. This server was built by gradle.
Tue Aug  5 16:56:24 2025: Server was asked to start on port: '44025'
Tue Aug  5 16:56:24 2025: Server is using token UUID: '9091343c-c074-46e3-b8bc-ecfea5a11ccb'
Tue Aug  5 16:56:24 2025: SESSION_MGR: creating session with session uuid: '6d04a3e9-ade5-4ab9-8d63-1f78fcd2ec76' and name 'default'
Tue Aug  5 16:56:24 2025: Attempting to start server on port '44025'
Tue Aug  5 16:56:24 2025: XCD main fifo: created main fifo '/tmp/xcdmain9091343c-c074-46e3-b8bc-ecfea5a11ccb', fd read = 13
Tue Aug  5 16:56:24 2025: Running Dispatch Server
Tue Aug  5 16:56:24 2025: Version 2.2.0
Tue Aug  5 16:56:25 2025: Dispatch Server: Accepted socket connection from client
Tue Aug  5 16:56:25 2025: Starting Socket connection
Tue Aug  5 16:56:25 2025: EXCHANGE_TOKEN received, server token: 9091343c-c074-46e3-b8bc-ecfea5a11ccb, passed token: 9091343c-c074-46e3-b8bc-ecfea5a11ccb
Tue Aug  5 16:56:26 2025: DISPATCH_HANDLER: Adding handler from function makeHandler in library libxv_system_diagram
Tue Aug  5 16:56:26 2025: SESSION_MGR: creating session with session uuid: '1d6824c6-24fa-4f21-ade5-a1a1e0c92f25' and name 'vitis-run_compile_sha3_256_hls'
Tue Aug  5 16:56:26 2025: KERNEL_SVC: creating session with uuid: '1d6824c6-24fa-4f21-ade5-a1a1e0c92f25' and name 'vitis-run_compile_sha3_256_hls'
Tue Aug  5 16:56:26 2025: GUIDANCE_SMGR: creating guidance session with uuid: '1d6824c6-24fa-4f21-ade5-a1a1e0c92f25' and name 'vitis-run_compile_sha3_256_hls'
Tue Aug  5 16:56:26 2025: SYSTEM_DIAGRAM: creating session with uuid: '1d6824c6-24fa-4f21-ade5-a1a1e0c92f25' and name 'vitis-run_compile_sha3_256_hls'
Tue Aug  5 16:56:31 2025: Dispatch Server: Accepted socket connection from client
Tue Aug  5 16:56:31 2025: Starting Socket connection
Tue Aug  5 16:56:33 2025: SESSION_MGR: closing session for UUID '1d6824c6-24fa-4f21-ade5-a1a1e0c92f25' with name 'vitis-run_compile_sha3_256_hls'
Tue Aug  5 16:56:33 2025: KERNEL_SVC: closing session for UUID '1d6824c6-24fa-4f21-ade5-a1a1e0c92f25' with name 'vitis-run_compile_sha3_256_hls'
Tue Aug  5 16:56:33 2025: GUIDANCE_SMGR: closing session for UUID '1d6824c6-24fa-4f21-ade5-a1a1e0c92f25' with name 'vitis-run_compile_sha3_256_hls'
Tue Aug  5 16:56:33 2025: SYSTEM_DIAGRAM: closing session for UUID '1d6824c6-24fa-4f21-ade5-a1a1e0c92f25' with name 'vitis-run_compile_sha3_256_hls'
Tue Aug  5 16:56:33 2025: STOP_SERVER received, server token: 9091343c-c074-46e3-b8bc-ecfea5a11ccb, passed token: 9091343c-c074-46e3-b8bc-ecfea5a11ccb
Tue Aug  5 16:56:33 2025: Socket received request to stop server.
Tue Aug  5 16:56:33 2025: Dispatch Server: do_await_stop
Tue Aug  5 16:56:33 2025: Dispatch Server: stopping mainFifo_
Tue Aug  5 16:56:33 2025: XCD main fifo: Stopping
Tue Aug  5 16:56:33 2025: XCD main fifo: do_read error code: Operation canceled
Tue Aug  5 16:56:33 2025: XCD main fifo: bytes_transferred: 0
Tue Aug  5 16:56:33 2025: SERVER: destructor for server bound to port 44025
Tue Aug  5 16:56:33 2025: XCD main fifo: Good unlink of /tmp/xcdmain9091343c-c074-46e3-b8bc-ecfea5a11ccb
Tue Aug  5 16:56:33 2025: Server exiting with status 0.
Tue Aug  5 16:56:33 2025: Closing log file.
Tue Aug  5 17:11:45 2025: Running xcd server. This server was built by gradle.
Tue Aug  5 17:11:45 2025: Server was asked to start on port: '41999'
Tue Aug  5 17:11:45 2025: Server is using token UUID: '5af0b0a0-4bce-439b-86f1-bfcedcd32ea4'
Tue Aug  5 17:11:45 2025: SESSION_MGR: creating session with session uuid: '6d04a3e9-ade5-4ab9-8d63-1f78fcd2ec76' and name 'default'
Tue Aug  5 17:11:45 2025: Attempting to start server on port '41999'
Tue Aug  5 17:11:45 2025: XCD main fifo: created main fifo '/tmp/xcdmain5af0b0a0-4bce-439b-86f1-bfcedcd32ea4', fd read = 13
Tue Aug  5 17:11:45 2025: Running Dispatch Server
Tue Aug  5 17:11:45 2025: Version 2.2.0
Tue Aug  5 17:11:47 2025: Dispatch Server: Accepted socket connection from client
Tue Aug  5 17:11:47 2025: Starting Socket connection
Tue Aug  5 17:11:47 2025: EXCHANGE_TOKEN received, server token: 5af0b0a0-4bce-439b-86f1-bfcedcd32ea4, passed token: 5af0b0a0-4bce-439b-86f1-bfcedcd32ea4
Tue Aug  5 17:11:47 2025: DISPATCH_HANDLER: Adding handler from function makeHandler in library libxv_system_diagram
Tue Aug  5 17:11:47 2025: SESSION_MGR: creating session with session uuid: 'd9587846-5aa9-4508-82b3-88bbdc3ac0e8' and name 'vitis-run_compile_sha3_256_hls'
Tue Aug  5 17:11:47 2025: KERNEL_SVC: creating session with uuid: 'd9587846-5aa9-4508-82b3-88bbdc3ac0e8' and name 'vitis-run_compile_sha3_256_hls'
Tue Aug  5 17:11:47 2025: GUIDANCE_SMGR: creating guidance session with uuid: 'd9587846-5aa9-4508-82b3-88bbdc3ac0e8' and name 'vitis-run_compile_sha3_256_hls'
Tue Aug  5 17:11:47 2025: SYSTEM_DIAGRAM: creating session with uuid: 'd9587846-5aa9-4508-82b3-88bbdc3ac0e8' and name 'vitis-run_compile_sha3_256_hls'
Tue Aug  5 17:11:53 2025: Dispatch Server: Accepted socket connection from client
Tue Aug  5 17:11:53 2025: Starting Socket connection
Tue Aug  5 17:11:58 2025: SESSION_MGR: closing session for UUID 'd9587846-5aa9-4508-82b3-88bbdc3ac0e8' with name 'vitis-run_compile_sha3_256_hls'
Tue Aug  5 17:11:58 2025: KERNEL_SVC: closing session for UUID 'd9587846-5aa9-4508-82b3-88bbdc3ac0e8' with name 'vitis-run_compile_sha3_256_hls'
Tue Aug  5 17:11:58 2025: GUIDANCE_SMGR: closing session for UUID 'd9587846-5aa9-4508-82b3-88bbdc3ac0e8' with name 'vitis-run_compile_sha3_256_hls'
Tue Aug  5 17:11:58 2025: SYSTEM_DIAGRAM: closing session for UUID 'd9587846-5aa9-4508-82b3-88bbdc3ac0e8' with name 'vitis-run_compile_sha3_256_hls'
Tue Aug  5 17:11:58 2025: STOP_SERVER received, server token: 5af0b0a0-4bce-439b-86f1-bfcedcd32ea4, passed token: 5af0b0a0-4bce-439b-86f1-bfcedcd32ea4
Tue Aug  5 17:11:58 2025: Socket received request to stop server.
Tue Aug  5 17:11:58 2025: Dispatch Server: do_await_stop
Tue Aug  5 17:11:58 2025: Dispatch Server: stopping mainFifo_
Tue Aug  5 17:11:58 2025: XCD main fifo: Stopping
Tue Aug  5 17:11:58 2025: XCD main fifo: do_read error code: Operation canceled
Tue Aug  5 17:11:58 2025: XCD main fifo: bytes_transferred: 0
Tue Aug  5 17:11:58 2025: SERVER: destructor for server bound to port 41999
Tue Aug  5 17:11:58 2025: XCD main fifo: Good unlink of /tmp/xcdmain5af0b0a0-4bce-439b-86f1-bfcedcd32ea4
Tue Aug  5 17:11:58 2025: Server exiting with status 0.
Tue Aug  5 17:11:58 2025: Closing log file.
Tue Aug  5 17:13:44 2025: Running xcd server. This server was built by gradle.
Tue Aug  5 17:13:44 2025: Server was asked to start on port: '41361'
Tue Aug  5 17:13:44 2025: Server is using token UUID: 'bf87020a-0820-45b0-99e0-701943865589'
Tue Aug  5 17:13:44 2025: SESSION_MGR: creating session with session uuid: '6d04a3e9-ade5-4ab9-8d63-1f78fcd2ec76' and name 'default'
Tue Aug  5 17:13:44 2025: Attempting to start server on port '41361'
Tue Aug  5 17:13:44 2025: XCD main fifo: created main fifo '/tmp/xcdmainbf87020a-0820-45b0-99e0-701943865589', fd read = 13
Tue Aug  5 17:13:44 2025: Running Dispatch Server
Tue Aug  5 17:13:44 2025: Version 2.2.0
Tue Aug  5 17:13:45 2025: Dispatch Server: Accepted socket connection from client
Tue Aug  5 17:13:45 2025: Starting Socket connection
Tue Aug  5 17:13:45 2025: EXCHANGE_TOKEN received, server token: bf87020a-0820-45b0-99e0-701943865589, passed token: bf87020a-0820-45b0-99e0-701943865589
Tue Aug  5 17:13:45 2025: DISPATCH_HANDLER: Adding handler from function makeHandler in library libxv_system_diagram
Tue Aug  5 17:13:45 2025: SESSION_MGR: creating session with session uuid: '98ff18e3-d666-41a4-8046-1d92ba59bbca' and name 'v++_compile_sha3_256_hls'
Tue Aug  5 17:13:45 2025: KERNEL_SVC: creating session with uuid: '98ff18e3-d666-41a4-8046-1d92ba59bbca' and name 'v++_compile_sha3_256_hls'
Tue Aug  5 17:13:45 2025: GUIDANCE_SMGR: creating guidance session with uuid: '98ff18e3-d666-41a4-8046-1d92ba59bbca' and name 'v++_compile_sha3_256_hls'
Tue Aug  5 17:13:45 2025: SYSTEM_DIAGRAM: creating session with uuid: '98ff18e3-d666-41a4-8046-1d92ba59bbca' and name 'v++_compile_sha3_256_hls'
Tue Aug  5 17:14:03 2025: Dispatch Server: Accepted socket connection from client
Tue Aug  5 17:14:03 2025: Starting Socket connection
Tue Aug  5 17:14:44 2025: SESSION_MGR: closing session for UUID '98ff18e3-d666-41a4-8046-1d92ba59bbca' with name 'v++_compile_sha3_256_hls'
Tue Aug  5 17:14:44 2025: KERNEL_SVC: closing session for UUID '98ff18e3-d666-41a4-8046-1d92ba59bbca' with name 'v++_compile_sha3_256_hls'
Tue Aug  5 17:14:44 2025: GUIDANCE_SMGR: closing session for UUID '98ff18e3-d666-41a4-8046-1d92ba59bbca' with name 'v++_compile_sha3_256_hls'
Tue Aug  5 17:14:46 2025: SYSTEM_DIAGRAM: closing session for UUID '98ff18e3-d666-41a4-8046-1d92ba59bbca' with name 'v++_compile_sha3_256_hls'
Tue Aug  5 17:14:46 2025: STOP_SERVER received, server token: bf87020a-0820-45b0-99e0-701943865589, passed token: bf87020a-0820-45b0-99e0-701943865589
Tue Aug  5 17:14:46 2025: Socket received request to stop server.
Tue Aug  5 17:14:46 2025: Dispatch Server: do_await_stop
Tue Aug  5 17:14:46 2025: Dispatch Server: stopping mainFifo_
Tue Aug  5 17:14:46 2025: XCD main fifo: Stopping
Tue Aug  5 17:14:46 2025: XCD main fifo: do_read error code: Operation canceled
Tue Aug  5 17:14:46 2025: XCD main fifo: bytes_transferred: 0
Tue Aug  5 17:14:46 2025: SERVER: destructor for server bound to port 41361
Tue Aug  5 17:14:46 2025: XCD main fifo: Good unlink of /tmp/xcdmainbf87020a-0820-45b0-99e0-701943865589
Tue Aug  5 17:14:46 2025: Server exiting with status 0.
Tue Aug  5 17:14:47 2025: Closing log file.
