Mon Jul 28 14:56:34 2025: Running xcd server. This server was built by gradle.
Mon Jul 28 14:56:34 2025: Server was asked to start on port: '43853'
Mon Jul 28 14:56:34 2025: Server is using token UUID: '9cdae1e0-6b77-11f0-aaf5-75190b801a8a'
Mon Jul 28 14:56:34 2025: SESSION_MGR: creating session with session uuid: '6d04a3e9-ade5-4ab9-8d63-1f78fcd2ec76' and name 'default'
Mon Jul 28 14:56:34 2025: Attempting to start server on port '43853'
Mon Jul 28 14:56:34 2025: XCD main fifo: created main fifo '/tmp/xcdmain9cdae1e0-6b77-11f0-aaf5-75190b801a8a', fd read = 11
Mon Jul 28 14:56:34 2025: Running Dispatch Server
Mon Jul 28 14:56:34 2025: Version 2.2.0
Mon Jul 28 14:56:35 2025: Dispatch Server: Accepted socket connection from client
Mon Jul 28 14:56:35 2025: Starting Socket connection
Mon Jul 28 14:56:35 2025: EXCHANGE_TOKEN received, server token: 9cdae1e0-6b77-11f0-aaf5-75190b801a8a, passed token: 9cdae1e0-6b77-11f0-aaf5-75190b801a8a
Mon Jul 28 14:56:35 2025: SESSION_MGR: creating session with session uuid: '24a9e4eb-9a61-44dd-b038-ef1a60a15f18' and name 'Code Analyzer'
Mon Jul 28 14:56:35 2025: KERNEL_SVC: creating session with uuid: '24a9e4eb-9a61-44dd-b038-ef1a60a15f18' and name 'Code Analyzer'
Mon Jul 28 14:56:35 2025: GUIDANCE_SMGR: creating guidance session with uuid: '24a9e4eb-9a61-44dd-b038-ef1a60a15f18' and name 'Code Analyzer'
Mon Jul 28 14:56:35 2025: SESSION_MGR: closing session for UUID '24a9e4eb-9a61-44dd-b038-ef1a60a15f18' with name ''
Mon Jul 28 14:56:35 2025: KERNEL_SVC: closing session for UUID '24a9e4eb-9a61-44dd-b038-ef1a60a15f18' with name ''
Mon Jul 28 14:56:35 2025: GUIDANCE_SMGR: closing session for UUID '24a9e4eb-9a61-44dd-b038-ef1a60a15f18' with name ''
Mon Jul 28 14:56:35 2025: STOP_SERVER received, server token: 9cdae1e0-6b77-11f0-aaf5-75190b801a8a, passed token: 9cdae1e0-6b77-11f0-aaf5-75190b801a8a
Mon Jul 28 14:56:35 2025: Socket received request to stop server.
Mon Jul 28 14:56:35 2025: Dispatch Server: do_await_stop
Mon Jul 28 14:56:35 2025: Dispatch Server: stopping mainFifo_
Mon Jul 28 14:56:35 2025: XCD main fifo: Stopping
Mon Jul 28 14:56:35 2025: XCD main fifo: do_read error code: Operation canceled
Mon Jul 28 14:56:35 2025: XCD main fifo: bytes_transferred: 0
Mon Jul 28 14:56:35 2025: SERVER: destructor for server bound to port 43853
Mon Jul 28 14:56:35 2025: XCD main fifo: Good unlink of /tmp/xcdmain9cdae1e0-6b77-11f0-aaf5-75190b801a8a
Mon Jul 28 14:56:35 2025: Server exiting with status 0.
Mon Jul 28 14:56:35 2025: Closing log file.
Mon Jul 28 14:57:25 2025: Running xcd server. This server was built by gradle.
Mon Jul 28 14:57:25 2025: Server was asked to start on port: '41335'
Mon Jul 28 14:57:25 2025: Server is using token UUID: 'bb8d31ba-6b77-11f0-aaf5-75190b801a8a'
Mon Jul 28 14:57:25 2025: SESSION_MGR: creating session with session uuid: '6d04a3e9-ade5-4ab9-8d63-1f78fcd2ec76' and name 'default'
Mon Jul 28 14:57:25 2025: Attempting to start server on port '41335'
Mon Jul 28 14:57:25 2025: XCD main fifo: created main fifo '/tmp/xcdmainbb8d31ba-6b77-11f0-aaf5-75190b801a8a', fd read = 11
Mon Jul 28 14:57:25 2025: Running Dispatch Server
Mon Jul 28 14:57:25 2025: Version 2.2.0
Mon Jul 28 14:57:27 2025: Dispatch Server: Accepted socket connection from client
Mon Jul 28 14:57:27 2025: Starting Socket connection
Mon Jul 28 14:57:27 2025: EXCHANGE_TOKEN received, server token: bb8d31ba-6b77-11f0-aaf5-75190b801a8a, passed token: bb8d31ba-6b77-11f0-aaf5-75190b801a8a
Mon Jul 28 14:57:27 2025: SESSION_MGR: creating session with session uuid: '85fcc000-0cc2-48c2-bbd7-7adb40a4fa61' and name 'Code Analyzer'
Mon Jul 28 14:57:27 2025: KERNEL_SVC: creating session with uuid: '85fcc000-0cc2-48c2-bbd7-7adb40a4fa61' and name 'Code Analyzer'
Mon Jul 28 14:57:27 2025: GUIDANCE_SMGR: creating guidance session with uuid: '85fcc000-0cc2-48c2-bbd7-7adb40a4fa61' and name 'Code Analyzer'
Mon Jul 28 14:57:33 2025: SESSION_MGR: closing session for UUID '85fcc000-0cc2-48c2-bbd7-7adb40a4fa61' with name ''
Mon Jul 28 14:57:33 2025: KERNEL_SVC: closing session for UUID '85fcc000-0cc2-48c2-bbd7-7adb40a4fa61' with name ''
Mon Jul 28 14:57:33 2025: GUIDANCE_SMGR: closing session for UUID '85fcc000-0cc2-48c2-bbd7-7adb40a4fa61' with name ''
Mon Jul 28 14:57:33 2025: STOP_SERVER received, server token: bb8d31ba-6b77-11f0-aaf5-75190b801a8a, passed token: bb8d31ba-6b77-11f0-aaf5-75190b801a8a
Mon Jul 28 14:57:33 2025: Socket received request to stop server.
Mon Jul 28 14:57:33 2025: Dispatch Server: do_await_stop
Mon Jul 28 14:57:33 2025: Dispatch Server: stopping mainFifo_
Mon Jul 28 14:57:33 2025: XCD main fifo: Stopping
Mon Jul 28 14:57:33 2025: XCD main fifo: do_read error code: Operation canceled
Mon Jul 28 14:57:33 2025: XCD main fifo: bytes_transferred: 0
Mon Jul 28 14:57:33 2025: SERVER: destructor for server bound to port 41335
Mon Jul 28 14:57:33 2025: XCD main fifo: Good unlink of /tmp/xcdmainbb8d31ba-6b77-11f0-aaf5-75190b801a8a
Mon Jul 28 14:57:33 2025: Server exiting with status 0.
Mon Jul 28 14:57:33 2025: Closing log file.
Mon Jul 28 16:45:06 2025: Running xcd server. This server was built by gradle.
Mon Jul 28 16:45:06 2025: Server was asked to start on port: '51881'
Mon Jul 28 16:45:06 2025: Server is using token UUID: 'c671c906-6b86-11f0-aaf5-75190b801a8a'
Mon Jul 28 16:45:06 2025: SESSION_MGR: creating session with session uuid: '6d04a3e9-ade5-4ab9-8d63-1f78fcd2ec76' and name 'default'
Mon Jul 28 16:45:06 2025: Attempting to start server on port '51881'
Mon Jul 28 16:45:06 2025: XCD main fifo: created main fifo '/tmp/xcdmainc671c906-6b86-11f0-aaf5-75190b801a8a', fd read = 11
Mon Jul 28 16:45:06 2025: Running Dispatch Server
Mon Jul 28 16:45:06 2025: Version 2.2.0
Mon Jul 28 16:45:05 2025: Dispatch Server: Accepted socket connection from client
Mon Jul 28 16:45:05 2025: Starting Socket connection
Mon Jul 28 16:45:05 2025: EXCHANGE_TOKEN received, server token: c671c906-6b86-11f0-aaf5-75190b801a8a, passed token: c671c906-6b86-11f0-aaf5-75190b801a8a
Mon Jul 28 16:45:05 2025: SESSION_MGR: creating session with session uuid: '0cf8dd3d-39be-4573-b447-0078f0689245' and name 'Code Analyzer'
Mon Jul 28 16:45:05 2025: KERNEL_SVC: creating session with uuid: '0cf8dd3d-39be-4573-b447-0078f0689245' and name 'Code Analyzer'
Mon Jul 28 16:45:05 2025: GUIDANCE_SMGR: creating guidance session with uuid: '0cf8dd3d-39be-4573-b447-0078f0689245' and name 'Code Analyzer'
Mon Jul 28 16:45:11 2025: SESSION_MGR: closing session for UUID '0cf8dd3d-39be-4573-b447-0078f0689245' with name ''
Mon Jul 28 16:45:11 2025: KERNEL_SVC: closing session for UUID '0cf8dd3d-39be-4573-b447-0078f0689245' with name ''
Mon Jul 28 16:45:11 2025: GUIDANCE_SMGR: closing session for UUID '0cf8dd3d-39be-4573-b447-0078f0689245' with name ''
Mon Jul 28 16:45:11 2025: STOP_SERVER received, server token: c671c906-6b86-11f0-aaf5-75190b801a8a, passed token: c671c906-6b86-11f0-aaf5-75190b801a8a
Mon Jul 28 16:45:11 2025: Socket received request to stop server.
Mon Jul 28 16:45:11 2025: Dispatch Server: do_await_stop
Mon Jul 28 16:45:11 2025: Dispatch Server: stopping mainFifo_
Mon Jul 28 16:45:11 2025: XCD main fifo: Stopping
Mon Jul 28 16:45:11 2025: XCD main fifo: do_read error code: Operation canceled
Mon Jul 28 16:45:11 2025: XCD main fifo: bytes_transferred: 0
Mon Jul 28 16:45:11 2025: SERVER: destructor for server bound to port 51881
Mon Jul 28 16:45:11 2025: XCD main fifo: Good unlink of /tmp/xcdmainc671c906-6b86-11f0-aaf5-75190b801a8a
Mon Jul 28 16:45:11 2025: Server exiting with status 0.
Mon Jul 28 16:45:11 2025: Closing log file.
Wed Jul 30 11:03:28 2025: Running xcd server. This server was built by gradle.
Wed Jul 30 11:03:28 2025: Server was asked to start on port: '47961'
Wed Jul 30 11:03:28 2025: Server is using token UUID: '616d3bc6-6ce9-11f0-aaf5-75190b801a8a'
Wed Jul 30 11:03:28 2025: SESSION_MGR: creating session with session uuid: '6d04a3e9-ade5-4ab9-8d63-1f78fcd2ec76' and name 'default'
Wed Jul 30 11:03:28 2025: Attempting to start server on port '47961'
Wed Jul 30 11:03:28 2025: XCD main fifo: created main fifo '/tmp/xcdmain616d3bc6-6ce9-11f0-aaf5-75190b801a8a', fd read = 11
Wed Jul 30 11:03:28 2025: Running Dispatch Server
Wed Jul 30 11:03:28 2025: Version 2.2.0
Wed Jul 30 11:03:28 2025: Dispatch Server: Accepted socket connection from client
Wed Jul 30 11:03:28 2025: Starting Socket connection
Wed Jul 30 11:03:28 2025: EXCHANGE_TOKEN received, server token: 616d3bc6-6ce9-11f0-aaf5-75190b801a8a, passed token: 616d3bc6-6ce9-11f0-aaf5-75190b801a8a
Wed Jul 30 11:03:28 2025: SESSION_MGR: creating session with session uuid: 'd10e2790-855a-42bb-8b94-bac3148e29f7' and name 'Code Analyzer'
Wed Jul 30 11:03:28 2025: KERNEL_SVC: creating session with uuid: 'd10e2790-855a-42bb-8b94-bac3148e29f7' and name 'Code Analyzer'
Wed Jul 30 11:03:28 2025: GUIDANCE_SMGR: creating guidance session with uuid: 'd10e2790-855a-42bb-8b94-bac3148e29f7' and name 'Code Analyzer'
Wed Jul 30 11:03:37 2025: SESSION_MGR: closing session for UUID 'd10e2790-855a-42bb-8b94-bac3148e29f7' with name ''
Wed Jul 30 11:03:37 2025: KERNEL_SVC: closing session for UUID 'd10e2790-855a-42bb-8b94-bac3148e29f7' with name ''
Wed Jul 30 11:03:37 2025: GUIDANCE_SMGR: closing session for UUID 'd10e2790-855a-42bb-8b94-bac3148e29f7' with name ''
Wed Jul 30 11:03:37 2025: STOP_SERVER received, server token: 616d3bc6-6ce9-11f0-aaf5-75190b801a8a, passed token: 616d3bc6-6ce9-11f0-aaf5-75190b801a8a
Wed Jul 30 11:03:37 2025: Socket received request to stop server.
Wed Jul 30 11:03:37 2025: Dispatch Server: do_await_stop
Wed Jul 30 11:03:37 2025: Dispatch Server: stopping mainFifo_
Wed Jul 30 11:03:37 2025: XCD main fifo: Stopping
Wed Jul 30 11:03:37 2025: XCD main fifo: do_read error code: Operation canceled
Wed Jul 30 11:03:37 2025: XCD main fifo: bytes_transferred: 0
Wed Jul 30 11:03:37 2025: SERVER: destructor for server bound to port 47961
Wed Jul 30 11:03:37 2025: XCD main fifo: Good unlink of /tmp/xcdmain616d3bc6-6ce9-11f0-aaf5-75190b801a8a
Wed Jul 30 11:03:37 2025: Server exiting with status 0.
Wed Jul 30 11:03:37 2025: Closing log file.
Wed Jul 30 14:24:34 2025: Running xcd server. This server was built by gradle.
Wed Jul 30 14:24:34 2025: Server was asked to start on port: '41813'
Wed Jul 30 14:24:34 2025: Server is using token UUID: '77bfae2e-6d05-11f0-aaf5-75190b801a8a'
Wed Jul 30 14:24:34 2025: SESSION_MGR: creating session with session uuid: '6d04a3e9-ade5-4ab9-8d63-1f78fcd2ec76' and name 'default'
Wed Jul 30 14:24:34 2025: Attempting to start server on port '41813'
Wed Jul 30 14:24:34 2025: XCD main fifo: created main fifo '/tmp/xcdmain77bfae2e-6d05-11f0-aaf5-75190b801a8a', fd read = 11
Wed Jul 30 14:24:34 2025: Running Dispatch Server
Wed Jul 30 14:24:34 2025: Version 2.2.0
Wed Jul 30 14:24:36 2025: Dispatch Server: Accepted socket connection from client
Wed Jul 30 14:24:36 2025: Starting Socket connection
Wed Jul 30 14:24:36 2025: EXCHANGE_TOKEN received, server token: 77bfae2e-6d05-11f0-aaf5-75190b801a8a, passed token: 77bfae2e-6d05-11f0-aaf5-75190b801a8a
Wed Jul 30 14:24:36 2025: SESSION_MGR: creating session with session uuid: '76bd98f1-a11c-43f5-ab59-e9817aa9cc34' and name 'Code Analyzer'
Wed Jul 30 14:24:36 2025: KERNEL_SVC: creating session with uuid: '76bd98f1-a11c-43f5-ab59-e9817aa9cc34' and name 'Code Analyzer'
Wed Jul 30 14:24:36 2025: GUIDANCE_SMGR: creating guidance session with uuid: '76bd98f1-a11c-43f5-ab59-e9817aa9cc34' and name 'Code Analyzer'
Wed Jul 30 14:24:45 2025: SESSION_MGR: closing session for UUID '76bd98f1-a11c-43f5-ab59-e9817aa9cc34' with name ''
Wed Jul 30 14:24:45 2025: KERNEL_SVC: closing session for UUID '76bd98f1-a11c-43f5-ab59-e9817aa9cc34' with name ''
Wed Jul 30 14:24:45 2025: GUIDANCE_SMGR: closing session for UUID '76bd98f1-a11c-43f5-ab59-e9817aa9cc34' with name ''
Wed Jul 30 14:24:45 2025: STOP_SERVER received, server token: 77bfae2e-6d05-11f0-aaf5-75190b801a8a, passed token: 77bfae2e-6d05-11f0-aaf5-75190b801a8a
Wed Jul 30 14:24:45 2025: Socket received request to stop server.
Wed Jul 30 14:24:45 2025: Dispatch Server: do_await_stop
Wed Jul 30 14:24:45 2025: Dispatch Server: stopping mainFifo_
Wed Jul 30 14:24:45 2025: XCD main fifo: Stopping
Wed Jul 30 14:24:45 2025: XCD main fifo: do_read error code: Operation canceled
Wed Jul 30 14:24:45 2025: XCD main fifo: bytes_transferred: 0
Wed Jul 30 14:24:45 2025: SERVER: destructor for server bound to port 41813
Wed Jul 30 14:24:45 2025: XCD main fifo: Good unlink of /tmp/xcdmain77bfae2e-6d05-11f0-aaf5-75190b801a8a
Wed Jul 30 14:24:45 2025: Server exiting with status 0.
Wed Jul 30 14:24:45 2025: Closing log file.
Tue Aug  5 15:25:15 2025: Running xcd server. This server was built by gradle.
Tue Aug  5 15:25:15 2025: Server was asked to start on port: '52441'
Tue Aug  5 15:25:15 2025: Server is using token UUID: 'f218db00-71c4-11f0-a62a-d93ee7b70595'
Tue Aug  5 15:25:15 2025: SESSION_MGR: creating session with session uuid: '6d04a3e9-ade5-4ab9-8d63-1f78fcd2ec76' and name 'default'
Tue Aug  5 15:25:15 2025: Attempting to start server on port '52441'
Tue Aug  5 15:25:15 2025: XCD main fifo: created main fifo '/tmp/xcdmainf218db00-71c4-11f0-a62a-d93ee7b70595', fd read = 11
Tue Aug  5 15:25:15 2025: Running Dispatch Server
Tue Aug  5 15:25:15 2025: Version 2.2.0
Tue Aug  5 15:25:16 2025: Dispatch Server: Accepted socket connection from client
Tue Aug  5 15:25:16 2025: Starting Socket connection
Tue Aug  5 15:25:16 2025: EXCHANGE_TOKEN received, server token: f218db00-71c4-11f0-a62a-d93ee7b70595, passed token: f218db00-71c4-11f0-a62a-d93ee7b70595
Tue Aug  5 15:25:16 2025: SESSION_MGR: creating session with session uuid: '342c67d3-4f5a-40ad-be59-06b99e08d2ed' and name 'Code Analyzer'
Tue Aug  5 15:25:16 2025: KERNEL_SVC: creating session with uuid: '342c67d3-4f5a-40ad-be59-06b99e08d2ed' and name 'Code Analyzer'
Tue Aug  5 15:25:16 2025: GUIDANCE_SMGR: creating guidance session with uuid: '342c67d3-4f5a-40ad-be59-06b99e08d2ed' and name 'Code Analyzer'
Tue Aug  5 15:25:20 2025: SESSION_MGR: closing session for UUID '342c67d3-4f5a-40ad-be59-06b99e08d2ed' with name ''
Tue Aug  5 15:25:20 2025: KERNEL_SVC: closing session for UUID '342c67d3-4f5a-40ad-be59-06b99e08d2ed' with name ''
Tue Aug  5 15:25:20 2025: GUIDANCE_SMGR: closing session for UUID '342c67d3-4f5a-40ad-be59-06b99e08d2ed' with name ''
Tue Aug  5 15:25:20 2025: STOP_SERVER received, server token: f218db00-71c4-11f0-a62a-d93ee7b70595, passed token: f218db00-71c4-11f0-a62a-d93ee7b70595
Tue Aug  5 15:25:20 2025: Socket received request to stop server.
Tue Aug  5 15:25:20 2025: Dispatch Server: do_await_stop
Tue Aug  5 15:25:20 2025: Dispatch Server: stopping mainFifo_
Tue Aug  5 15:25:20 2025: XCD main fifo: Stopping
Tue Aug  5 15:25:20 2025: XCD main fifo: do_read error code: Operation canceled
Tue Aug  5 15:25:20 2025: XCD main fifo: bytes_transferred: 0
Tue Aug  5 15:25:20 2025: SERVER: destructor for server bound to port 52441
Tue Aug  5 15:25:20 2025: XCD main fifo: Good unlink of /tmp/xcdmainf218db00-71c4-11f0-a62a-d93ee7b70595
Tue Aug  5 15:25:20 2025: Server exiting with status 0.
Tue Aug  5 15:25:20 2025: Closing log file.
