Wed Jul 30 15:04:28 2025: Running xcd server. This server was built by gradle.
Wed Jul 30 15:04:28 2025: Server was asked to start on port: '43829'
Wed Jul 30 15:04:28 2025: Server is using token UUID: 'ce6dca86-989a-478a-86f0-47aab4d7880b'
Wed Jul 30 15:04:28 2025: SESSION_MGR: creating session with session uuid: '6d04a3e9-ade5-4ab9-8d63-1f78fcd2ec76' and name 'default'
Wed Jul 30 15:04:28 2025: Attempting to start server on port '43829'
Wed Jul 30 15:04:28 2025: XCD main fifo: created main fifo '/tmp/xcdmaince6dca86-989a-478a-86f0-47aab4d7880b', fd read = 14
Wed Jul 30 15:04:28 2025: Running Dispatch Server
Wed Jul 30 15:04:28 2025: Version 2.2.0
Wed Jul 30 15:04:29 2025: Dispatch Server: Accepted socket connection from client
Wed Jul 30 15:04:29 2025: Starting Socket connection
Wed Jul 30 15:04:29 2025: EXCHANGE_TOKEN received, server token: ce6dca86-989a-478a-86f0-47aab4d7880b, passed token: ce6dca86-989a-478a-86f0-47aab4d7880b
Wed Jul 30 15:04:29 2025: SESSION_MGR: creating session with session uuid: 'e7629144-c373-4096-b7cd-477017e906d0' and name 'vitis_hls'
Wed Jul 30 15:04:29 2025: KERNEL_SVC: creating session with uuid: 'e7629144-c373-4096-b7cd-477017e906d0' and name 'vitis_hls'
Wed Jul 30 15:04:29 2025: GUIDANCE_SMGR: creating guidance session with uuid: 'e7629144-c373-4096-b7cd-477017e906d0' and name 'vitis_hls'
Wed Jul 30 15:04:45 2025: STOP_SERVER received, server token: ce6dca86-989a-478a-86f0-47aab4d7880b, passed token: ce6dca86-989a-478a-86f0-47aab4d7880b
Wed Jul 30 15:04:45 2025: Socket received request to stop server.
Wed Jul 30 15:04:45 2025: Dispatch Server: do_await_stop
Wed Jul 30 15:04:45 2025: Dispatch Server: stopping mainFifo_
Wed Jul 30 15:04:45 2025: XCD main fifo: Stopping
Wed Jul 30 15:04:45 2025: XCD main fifo: do_read error code: Operation canceled
Wed Jul 30 15:04:45 2025: XCD main fifo: bytes_transferred: 0
Wed Jul 30 15:04:45 2025: SERVER: destructor for server bound to port 43829
Wed Jul 30 15:04:45 2025: XCD main fifo: Good unlink of /tmp/xcdmaince6dca86-989a-478a-86f0-47aab4d7880b
Wed Jul 30 15:04:45 2025: Server exiting with status 0.
Wed Jul 30 15:04:45 2025: Closing log file.
