  **** HLS Build v2024.2 5238294
INFO: [HLS 200-2005] Using work_dir /home/hyeon/workspace/sha3/sha3_hls 
INFO: [HLS 200-1505] Using default flow_target 'vivado'
Resolution: For help on HLS 200-1505 see docs.xilinx.com/access/sources/dita/topic?Doc_Version=2024.2%20English&url=ug1448-hls-guidance&resourceid=200-1505.html
WARNING: [HLS 200-1921] Skipping unknown ini [hls] entry 'csim.wave_analyzer=1' from /home/hyeon/workspace/sha3/sha3_hls/hls_config.cfg(11)
INFO: [HLS 200-1465] Applying ini 'syn.file=/home/hyeon/workspace/sha3/fips202.c' from /home/hyeon/workspace/sha3/sha3_hls/hls_config.cfg(6)
INFO: [HLS 200-10] Adding design file '/home/hyeon/workspace/sha3/fips202.c' to the project
INFO: [HLS 200-1465] Applying ini 'syn.file=/home/hyeon/workspace/sha3/fips202.h' from /home/hyeon/workspace/sha3/sha3_hls/hls_config.cfg(7)
INFO: [HLS 200-10] Adding design file '/home/hyeon/workspace/sha3/fips202.h' to the project
INFO: [HLS 200-1465] Applying ini 'syn.file=/home/hyeon/workspace/sha3/sha3_256.c' from /home/hyeon/workspace/sha3/sha3_hls/hls_config.cfg(8)
INFO: [HLS 200-10] Adding design file '/home/hyeon/workspace/sha3/sha3_256.c' to the project
INFO: [HLS 200-1465] Applying ini 'tb.file=/home/hyeon/workspace/sha3/sha3_256_tb.c' from /home/hyeon/workspace/sha3/sha3_hls/hls_config.cfg(9)
INFO: [HLS 200-10] Adding test bench file '/home/hyeon/workspace/sha3/sha3_256_tb.c' to the project
INFO: [HLS 200-1465] Applying ini 'syn.top=sha3_256_hw' from /home/hyeon/workspace/sha3/sha3_hls/hls_config.cfg(10)
INFO: [HLS 200-1465] Applying ini 'flow_target=vivado' from /home/hyeon/workspace/sha3/sha3_hls/hls_config.cfg(5)
INFO: [HLS 200-1505] Using flow_target 'vivado'
Resolution: For help on HLS 200-1505 see docs.xilinx.com/access/sources/dita/topic?Doc_Version=2024.2%20English&url=ug1448-hls-guidance&resourceid=200-1505.html
INFO: [HLS 200-1465] Applying ini 'part=xc7z020-clg400-1' from /home/hyeon/workspace/sha3/sha3_hls/hls_config.cfg(1)
INFO: [HLS 200-1611] Setting target device to 'xc7z020-clg400-1'
INFO: [HLS 200-1465] Applying ini 'clock=10ns' from /home/hyeon/workspace/sha3/sha3_hls/hls_config.cfg(4)
INFO: [SYN 201-201] Setting up clock 'default' with a period of 10ns.
INFO: [HLS 200-1465] Applying ini 'cosim.trace_level=all' from /home/hyeon/workspace/sha3/sha3_hls/hls_config.cfg(13)
INFO: [HLS 200-1465] Applying ini 'cosim.wave_debug=1' from /home/hyeon/workspace/sha3/sha3_hls/hls_config.cfg(12)
INFO: [SIM 211-2] *************** CSIM start ***************
INFO: [SIM 211-4] CSIM will launch CLANG as the compiler.
INFO: [HLS 200-2036] Building debug C Simulation binaries
   Compiling ../../../../sha3_256_tb.c in debug mode
   Compiling ../../../../sha3_256.c in debug mode
   Compiling ../../../../fips202.c in debug mode
   Generating csim.exe
Test Passed: HW == SW
INFO: [SIM 211-1] CSim done with 0 errors.
INFO: [SIM 211-3] *************** CSIM finish ***************
INFO: [HLS 200-112] Total CPU user time: 4.59 seconds. Total CPU system time: 1.52 seconds. Total elapsed time: 13.87 seconds; peak allocated memory: 323.336 MB.
INFO: [vitis-run 60-791] Total elapsed time: 0h 0m 16s
