  **** HLS Build v2024.2 5238294
INFO: [HLS 200-2005] Using work_dir /home/hyeon/workspace/sha3/sha3_hls 
INFO: [HLS 200-1505] Using default flow_target 'vivado'
Resolution: For help on HLS 200-1505 see docs.xilinx.com/access/sources/dita/topic?Doc_Version=2024.2%20English&url=ug1448-hls-guidance&resourceid=200-1505.html
INFO: [HLS 200-1465] Applying ini 'syn.file=/home/hyeon/workspace/sha3/sha3_256.c' from /home/hyeon/workspace/sha3/sha3_hls/hls_config.cfg(3)
INFO: [HLS 200-10] Adding design file '/home/hyeon/workspace/sha3/sha3_256.c' to the project
INFO: [HLS 200-1465] Applying ini 'syn.file=/home/hyeon/workspace/sha3/fips202.c' from /home/hyeon/workspace/sha3/sha3_hls/hls_config.cfg(4)
INFO: [HLS 200-10] Adding design file '/home/hyeon/workspace/sha3/fips202.c' to the project
INFO: [HLS 200-1465] Applying ini 'syn.file=/home/hyeon/workspace/sha3/fips202.h' from /home/hyeon/workspace/sha3/sha3_hls/hls_config.cfg(5)
INFO: [HLS 200-10] Adding design file '/home/hyeon/workspace/sha3/fips202.h' to the project
INFO: [HLS 200-1465] Applying ini 'tb.file=/home/hyeon/workspace/sha3/sha3_256_tb.c' from /home/hyeon/workspace/sha3/sha3_hls/hls_config.cfg(6)
INFO: [HLS 200-10] Adding test bench file '/home/hyeon/workspace/sha3/sha3_256_tb.c' to the project
INFO: [HLS 200-1465] Applying ini 'flow_target=vivado' from /home/hyeon/workspace/sha3/sha3_hls/hls_config.cfg(2)
INFO: [HLS 200-1505] Using flow_target 'vivado'
Resolution: For help on HLS 200-1505 see docs.xilinx.com/access/sources/dita/topic?Doc_Version=2024.2%20English&url=ug1448-hls-guidance&resourceid=200-1505.html
INFO: [SIM 211-2] *************** CSIM start ***************
INFO: [SIM 211-4] CSIM will launch CLANG as the compiler.
INFO: [HLS 200-2036] Building debug C Simulation binaries
   Compiling ../../../../sha3_256_tb.c in debug mode
   Compiling ../../../../fips202.c in debug mode
   Compiling ../../../../sha3_256.c in debug mode
   Generating csim.exe
Test Passed: HW == SW
INFO: [SIM 211-1] CSim done with 0 errors.
INFO: [SIM 211-3] *************** CSIM finish ***************
INFO: [HLS 200-112] Total CPU user time: 3.55 seconds. Total CPU system time: 1.17 seconds. Total elapsed time: 7.65 seconds; peak allocated memory: 126.500 MB.
INFO: [vitis-run 60-791] Total elapsed time: 0h 0m 11s
