  **** HLS Build v2024.2 5238294
INFO: [HLS 200-2005] Using work_dir /home/hyeon/workspace/sha3/sha3_hls 
INFO: [HLS 200-1505] Using default flow_target 'vivado'
Resolution: For help on HLS 200-1505 see docs.xilinx.com/access/sources/dita/topic?Doc_Version=2024.2%20English&url=ug1448-hls-guidance&resourceid=200-1505.html
INFO: [HLS 200-1465] Applying ini 'syn.file=/home/hyeon/workspace/sha3/fips202.c' from /home/hyeon/workspace/sha3/sha3_hls/hls_config.cfg(5)
INFO: [HLS 200-10] Adding design file '/home/hyeon/workspace/sha3/fips202.c' to the project
INFO: [HLS 200-1465] Applying ini 'syn.file=/home/hyeon/workspace/sha3/fips202.h' from /home/hyeon/workspace/sha3/sha3_hls/hls_config.cfg(6)
INFO: [HLS 200-10] Adding design file '/home/hyeon/workspace/sha3/fips202.h' to the project
INFO: [HLS 200-1465] Applying ini 'syn.file=/home/hyeon/workspace/sha3/sha3_256.c' from /home/hyeon/workspace/sha3/sha3_hls/hls_config.cfg(7)
INFO: [HLS 200-10] Adding design file '/home/hyeon/workspace/sha3/sha3_256.c' to the project
INFO: [HLS 200-1465] Applying ini 'tb.file=/home/hyeon/workspace/sha3/sha3_256_tb.c' from /home/hyeon/workspace/sha3/sha3_hls/hls_config.cfg(8)
INFO: [HLS 200-10] Adding test bench file '/home/hyeon/workspace/sha3/sha3_256_tb.c' to the project
INFO: [HLS 200-1465] Applying ini 'flow_target=vivado' from /home/hyeon/workspace/sha3/sha3_hls/hls_config.cfg(4)
INFO: [HLS 200-1505] Using flow_target 'vivado'
Resolution: For help on HLS 200-1505 see docs.xilinx.com/access/sources/dita/topic?Doc_Version=2024.2%20English&url=ug1448-hls-guidance&resourceid=200-1505.html
INFO: [HLS 200-1465] Applying ini 'part=' from /home/hyeon/workspace/sha3/sha3_hls/hls_config.cfg(1)
ERROR: [HLS 200-101] <family or part value>
ERROR: [HLS 200-1912] Problem with ini entry 'part=' from /home/hyeon/workspace/sha3/sha3_hls/hls_config.cfg(1): command 'create_platform' returned error code
ERROR: problem with 'part=' from /home/hyeon/workspace/sha3/sha3_hls/hls_config.cfg(1): command 'create_platform' returned error code
INFO: [HLS 200-112] Total CPU user time: 2.85 seconds. Total CPU system time: 0.55 seconds. Total elapsed time: 6.75 seconds; peak allocated memory: 109.352 MB.
