Mon Jul 28 14:39:35 2025: Running xcd server. This server was built by gradle.
Mon Jul 28 14:39:35 2025: Server was asked to start on port: '39095'
Mon Jul 28 14:39:35 2025: Server is using token UUID: '610e6922-e713-4202-a756-aa4eeeabe03d'
Mon Jul 28 14:39:35 2025: SESSION_MGR: creating session with session uuid: '6d04a3e9-ade5-4ab9-8d63-1f78fcd2ec76' and name 'default'
Mon Jul 28 14:39:35 2025: Attempting to start server on port '39095'
Mon Jul 28 14:39:35 2025: XCD main fifo: created main fifo '/tmp/xcdmain610e6922-e713-4202-a756-aa4eeeabe03d', fd read = 13
Mon Jul 28 14:39:35 2025: Running Dispatch Server
Mon Jul 28 14:39:35 2025: Version 2.2.0
Mon Jul 28 14:39:36 2025: Dispatch Server: Accepted socket connection from client
Mon Jul 28 14:39:36 2025: Starting Socket connection
Mon Jul 28 14:39:36 2025: EXCHANGE_TOKEN received, server token: 610e6922-e713-4202-a756-aa4eeeabe03d, passed token: 610e6922-e713-4202-a756-aa4eeeabe03d
Mon Jul 28 14:39:37 2025: DISPATCH_HANDLER: Adding handler from function makeHandler in library libxv_system_diagram
Mon Jul 28 14:39:37 2025: SESSION_MGR: creating session with session uuid: '7210d53f-5d73-4122-9f60-216a37604456' and name 'vitis-run_compile_sha3_hls'
Mon Jul 28 14:39:37 2025: KERNEL_SVC: creating session with uuid: '7210d53f-5d73-4122-9f60-216a37604456' and name 'vitis-run_compile_sha3_hls'
Mon Jul 28 14:39:37 2025: GUIDANCE_SMGR: creating guidance session with uuid: '7210d53f-5d73-4122-9f60-216a37604456' and name 'vitis-run_compile_sha3_hls'
Mon Jul 28 14:39:37 2025: SYSTEM_DIAGRAM: creating session with uuid: '7210d53f-5d73-4122-9f60-216a37604456' and name 'vitis-run_compile_sha3_hls'
Mon Jul 28 14:39:41 2025: Dispatch Server: Accepted socket connection from client
Mon Jul 28 14:39:41 2025: Starting Socket connection
Mon Jul 28 14:39:44 2025: SESSION_MGR: closing session for UUID '7210d53f-5d73-4122-9f60-216a37604456' with name 'vitis-run_compile_sha3_hls'
Mon Jul 28 14:39:44 2025: KERNEL_SVC: closing session for UUID '7210d53f-5d73-4122-9f60-216a37604456' with name 'vitis-run_compile_sha3_hls'
Mon Jul 28 14:39:44 2025: GUIDANCE_SMGR: closing session for UUID '7210d53f-5d73-4122-9f60-216a37604456' with name 'vitis-run_compile_sha3_hls'
Mon Jul 28 14:39:44 2025: SYSTEM_DIAGRAM: closing session for UUID '7210d53f-5d73-4122-9f60-216a37604456' with name 'vitis-run_compile_sha3_hls'
Mon Jul 28 14:39:44 2025: STOP_SERVER received, server token: 610e6922-e713-4202-a756-aa4eeeabe03d, passed token: 610e6922-e713-4202-a756-aa4eeeabe03d
Mon Jul 28 14:39:44 2025: Socket received request to stop server.
Mon Jul 28 14:39:44 2025: Dispatch Server: do_await_stop
Mon Jul 28 14:39:44 2025: Dispatch Server: stopping mainFifo_
Mon Jul 28 14:39:44 2025: XCD main fifo: Stopping
Mon Jul 28 14:39:44 2025: XCD main fifo: do_read error code: Operation canceled
Mon Jul 28 14:39:44 2025: XCD main fifo: bytes_transferred: 0
Mon Jul 28 14:39:44 2025: SERVER: destructor for server bound to port 39095
Mon Jul 28 14:39:44 2025: XCD main fifo: Good unlink of /tmp/xcdmain610e6922-e713-4202-a756-aa4eeeabe03d
Mon Jul 28 14:39:44 2025: Server exiting with status 0.
Mon Jul 28 14:39:44 2025: Closing log file.
Mon Jul 28 14:55:39 2025: Running xcd server. This server was built by gradle.
Mon Jul 28 14:55:39 2025: Server was asked to start on port: '42101'
Mon Jul 28 14:55:39 2025: Server is using token UUID: 'b8ad8303-ba5a-4f6b-aa6f-2edac721e3c6'
Mon Jul 28 14:55:39 2025: SESSION_MGR: creating session with session uuid: '6d04a3e9-ade5-4ab9-8d63-1f78fcd2ec76' and name 'default'
Mon Jul 28 14:55:39 2025: Attempting to start server on port '42101'
Mon Jul 28 14:55:39 2025: XCD main fifo: created main fifo '/tmp/xcdmainb8ad8303-ba5a-4f6b-aa6f-2edac721e3c6', fd read = 12
Mon Jul 28 14:55:39 2025: Running Dispatch Server
Mon Jul 28 14:55:39 2025: Version 2.2.0
Mon Jul 28 14:55:40 2025: Dispatch Server: Accepted socket connection from client
Mon Jul 28 14:55:40 2025: Starting Socket connection
Mon Jul 28 14:55:40 2025: EXCHANGE_TOKEN received, server token: b8ad8303-ba5a-4f6b-aa6f-2edac721e3c6, passed token: b8ad8303-ba5a-4f6b-aa6f-2edac721e3c6
Mon Jul 28 14:55:40 2025: DISPATCH_HANDLER: Adding handler from function makeHandler in library libxv_system_diagram
Mon Jul 28 14:55:40 2025: SESSION_MGR: creating session with session uuid: '981af208-7468-4cfe-8d63-814c430b6316' and name 'vitis-run_compile_sha3_hls'
Mon Jul 28 14:55:40 2025: KERNEL_SVC: creating session with uuid: '981af208-7468-4cfe-8d63-814c430b6316' and name 'vitis-run_compile_sha3_hls'
Mon Jul 28 14:55:40 2025: GUIDANCE_SMGR: creating guidance session with uuid: '981af208-7468-4cfe-8d63-814c430b6316' and name 'vitis-run_compile_sha3_hls'
Mon Jul 28 14:55:40 2025: SYSTEM_DIAGRAM: creating session with uuid: '981af208-7468-4cfe-8d63-814c430b6316' and name 'vitis-run_compile_sha3_hls'
Mon Jul 28 14:55:48 2025: SESSION_MGR: closing session for UUID '981af208-7468-4cfe-8d63-814c430b6316' with name 'vitis-run_compile_sha3_hls'
Mon Jul 28 14:55:48 2025: KERNEL_SVC: closing session for UUID '981af208-7468-4cfe-8d63-814c430b6316' with name 'vitis-run_compile_sha3_hls'
Mon Jul 28 14:55:48 2025: GUIDANCE_SMGR: closing session for UUID '981af208-7468-4cfe-8d63-814c430b6316' with name 'vitis-run_compile_sha3_hls'
Mon Jul 28 14:55:48 2025: SYSTEM_DIAGRAM: closing session for UUID '981af208-7468-4cfe-8d63-814c430b6316' with name 'vitis-run_compile_sha3_hls'
Mon Jul 28 14:55:48 2025: STOP_SERVER received, server token: b8ad8303-ba5a-4f6b-aa6f-2edac721e3c6, passed token: b8ad8303-ba5a-4f6b-aa6f-2edac721e3c6
Mon Jul 28 14:55:48 2025: Socket received request to stop server.
Mon Jul 28 14:55:48 2025: Dispatch Server: do_await_stop
Mon Jul 28 14:55:48 2025: Dispatch Server: stopping mainFifo_
Mon Jul 28 14:55:48 2025: XCD main fifo: Stopping
Mon Jul 28 14:55:48 2025: XCD main fifo: do_read error code: Operation canceled
Mon Jul 28 14:55:48 2025: XCD main fifo: bytes_transferred: 0
Mon Jul 28 14:55:48 2025: SERVER: destructor for server bound to port 42101
Mon Jul 28 14:55:48 2025: XCD main fifo: Good unlink of /tmp/xcdmainb8ad8303-ba5a-4f6b-aa6f-2edac721e3c6
Mon Jul 28 14:55:48 2025: Server exiting with status 0.
Mon Jul 28 14:55:48 2025: Closing log file.
Mon Jul 28 14:56:22 2025: Running xcd server. This server was built by gradle.
Mon Jul 28 14:56:22 2025: Server was asked to start on port: '41105'
Mon Jul 28 14:56:22 2025: Server is using token UUID: '1c814578-9e64-45e4-870f-b1a5843f853c'
Mon Jul 28 14:56:22 2025: SESSION_MGR: creating session with session uuid: '6d04a3e9-ade5-4ab9-8d63-1f78fcd2ec76' and name 'default'
Mon Jul 28 14:56:22 2025: Attempting to start server on port '41105'
Mon Jul 28 14:56:23 2025: XCD main fifo: created main fifo '/tmp/xcdmain1c814578-9e64-45e4-870f-b1a5843f853c', fd read = 13
Mon Jul 28 14:56:23 2025: Running Dispatch Server
Mon Jul 28 14:56:23 2025: Version 2.2.0
Mon Jul 28 14:56:24 2025: Dispatch Server: Accepted socket connection from client
Mon Jul 28 14:56:24 2025: Starting Socket connection
Mon Jul 28 14:56:24 2025: EXCHANGE_TOKEN received, server token: 1c814578-9e64-45e4-870f-b1a5843f853c, passed token: 1c814578-9e64-45e4-870f-b1a5843f853c
Mon Jul 28 14:56:24 2025: DISPATCH_HANDLER: Adding handler from function makeHandler in library libxv_system_diagram
Mon Jul 28 14:56:24 2025: SESSION_MGR: creating session with session uuid: '1cb257b5-a36b-405f-b581-072a2e93ebbf' and name 'vitis-run_compile_sha3_hls'
Mon Jul 28 14:56:24 2025: KERNEL_SVC: creating session with uuid: '1cb257b5-a36b-405f-b581-072a2e93ebbf' and name 'vitis-run_compile_sha3_hls'
Mon Jul 28 14:56:24 2025: GUIDANCE_SMGR: creating guidance session with uuid: '1cb257b5-a36b-405f-b581-072a2e93ebbf' and name 'vitis-run_compile_sha3_hls'
Mon Jul 28 14:56:24 2025: SYSTEM_DIAGRAM: creating session with uuid: '1cb257b5-a36b-405f-b581-072a2e93ebbf' and name 'vitis-run_compile_sha3_hls'
Mon Jul 28 14:56:31 2025: Dispatch Server: Accepted socket connection from client
Mon Jul 28 14:56:31 2025: Starting Socket connection
Mon Jul 28 14:56:36 2025: SESSION_MGR: closing session for UUID '1cb257b5-a36b-405f-b581-072a2e93ebbf' with name 'vitis-run_compile_sha3_hls'
Mon Jul 28 14:56:36 2025: KERNEL_SVC: closing session for UUID '1cb257b5-a36b-405f-b581-072a2e93ebbf' with name 'vitis-run_compile_sha3_hls'
Mon Jul 28 14:56:36 2025: GUIDANCE_SMGR: closing session for UUID '1cb257b5-a36b-405f-b581-072a2e93ebbf' with name 'vitis-run_compile_sha3_hls'
Mon Jul 28 14:56:36 2025: SYSTEM_DIAGRAM: closing session for UUID '1cb257b5-a36b-405f-b581-072a2e93ebbf' with name 'vitis-run_compile_sha3_hls'
Mon Jul 28 14:56:36 2025: STOP_SERVER received, server token: 1c814578-9e64-45e4-870f-b1a5843f853c, passed token: 1c814578-9e64-45e4-870f-b1a5843f853c
Mon Jul 28 14:56:36 2025: Socket received request to stop server.
Mon Jul 28 14:56:36 2025: Dispatch Server: do_await_stop
Mon Jul 28 14:56:36 2025: Dispatch Server: stopping mainFifo_
Mon Jul 28 14:56:36 2025: XCD main fifo: Stopping
Mon Jul 28 14:56:36 2025: XCD main fifo: do_read error code: Operation canceled
Mon Jul 28 14:56:36 2025: XCD main fifo: bytes_transferred: 0
Mon Jul 28 14:56:36 2025: SERVER: destructor for server bound to port 41105
Mon Jul 28 14:56:36 2025: XCD main fifo: Good unlink of /tmp/xcdmain1c814578-9e64-45e4-870f-b1a5843f853c
Mon Jul 28 14:56:36 2025: Server exiting with status 0.
Mon Jul 28 14:56:36 2025: Closing log file.
Mon Jul 28 14:57:15 2025: Running xcd server. This server was built by gradle.
Mon Jul 28 14:57:15 2025: Server was asked to start on port: '45591'
Mon Jul 28 14:57:15 2025: Server is using token UUID: 'b7a13d8d-4fcf-4cd7-ab99-6d963e00140c'
Mon Jul 28 14:57:15 2025: SESSION_MGR: creating session with session uuid: '6d04a3e9-ade5-4ab9-8d63-1f78fcd2ec76' and name 'default'
Mon Jul 28 14:57:15 2025: Attempting to start server on port '45591'
Mon Jul 28 14:57:15 2025: XCD main fifo: created main fifo '/tmp/xcdmainb7a13d8d-4fcf-4cd7-ab99-6d963e00140c', fd read = 13
Mon Jul 28 14:57:15 2025: Running Dispatch Server
Mon Jul 28 14:57:15 2025: Version 2.2.0
Mon Jul 28 14:57:16 2025: Dispatch Server: Accepted socket connection from client
Mon Jul 28 14:57:16 2025: Starting Socket connection
Mon Jul 28 14:57:16 2025: EXCHANGE_TOKEN received, server token: b7a13d8d-4fcf-4cd7-ab99-6d963e00140c, passed token: b7a13d8d-4fcf-4cd7-ab99-6d963e00140c
Mon Jul 28 14:57:17 2025: DISPATCH_HANDLER: Adding handler from function makeHandler in library libxv_system_diagram
Mon Jul 28 14:57:17 2025: SESSION_MGR: creating session with session uuid: 'f65f1ca7-97ca-4c15-9819-a0dd251d026b' and name 'vitis-run_compile_sha3_hls'
Mon Jul 28 14:57:17 2025: KERNEL_SVC: creating session with uuid: 'f65f1ca7-97ca-4c15-9819-a0dd251d026b' and name 'vitis-run_compile_sha3_hls'
Mon Jul 28 14:57:17 2025: GUIDANCE_SMGR: creating guidance session with uuid: 'f65f1ca7-97ca-4c15-9819-a0dd251d026b' and name 'vitis-run_compile_sha3_hls'
Mon Jul 28 14:57:17 2025: SYSTEM_DIAGRAM: creating session with uuid: 'f65f1ca7-97ca-4c15-9819-a0dd251d026b' and name 'vitis-run_compile_sha3_hls'
Mon Jul 28 14:57:22 2025: Dispatch Server: Accepted socket connection from client
Mon Jul 28 14:57:22 2025: Starting Socket connection
Mon Jul 28 14:57:33 2025: SESSION_MGR: closing session for UUID 'f65f1ca7-97ca-4c15-9819-a0dd251d026b' with name 'vitis-run_compile_sha3_hls'
Mon Jul 28 14:57:33 2025: KERNEL_SVC: closing session for UUID 'f65f1ca7-97ca-4c15-9819-a0dd251d026b' with name 'vitis-run_compile_sha3_hls'
Mon Jul 28 14:57:33 2025: GUIDANCE_SMGR: closing session for UUID 'f65f1ca7-97ca-4c15-9819-a0dd251d026b' with name 'vitis-run_compile_sha3_hls'
Mon Jul 28 14:57:33 2025: SYSTEM_DIAGRAM: closing session for UUID 'f65f1ca7-97ca-4c15-9819-a0dd251d026b' with name 'vitis-run_compile_sha3_hls'
Mon Jul 28 14:57:33 2025: STOP_SERVER received, server token: b7a13d8d-4fcf-4cd7-ab99-6d963e00140c, passed token: b7a13d8d-4fcf-4cd7-ab99-6d963e00140c
Mon Jul 28 14:57:33 2025: Socket received request to stop server.
Mon Jul 28 14:57:33 2025: Dispatch Server: do_await_stop
Mon Jul 28 14:57:33 2025: Dispatch Server: stopping mainFifo_
Mon Jul 28 14:57:33 2025: XCD main fifo: Stopping
Mon Jul 28 14:57:33 2025: XCD main fifo: do_read error code: Operation canceled
Mon Jul 28 14:57:33 2025: XCD main fifo: bytes_transferred: 0
Mon Jul 28 14:57:33 2025: SERVER: destructor for server bound to port 45591
Mon Jul 28 14:57:33 2025: XCD main fifo: Good unlink of /tmp/xcdmainb7a13d8d-4fcf-4cd7-ab99-6d963e00140c
Mon Jul 28 14:57:33 2025: Server exiting with status 0.
Mon Jul 28 14:57:33 2025: Closing log file.
Mon Jul 28 14:57:40 2025: Running xcd server. This server was built by gradle.
Mon Jul 28 14:57:40 2025: Server was asked to start on port: '41829'
Mon Jul 28 14:57:40 2025: Server is using token UUID: '919c3f5e-f057-4dc2-a72a-6916b3a39144'
Mon Jul 28 14:57:40 2025: SESSION_MGR: creating session with session uuid: '6d04a3e9-ade5-4ab9-8d63-1f78fcd2ec76' and name 'default'
Mon Jul 28 14:57:40 2025: Attempting to start server on port '41829'
Mon Jul 28 14:57:40 2025: XCD main fifo: created main fifo '/tmp/xcdmain919c3f5e-f057-4dc2-a72a-6916b3a39144', fd read = 13
Mon Jul 28 14:57:40 2025: Running Dispatch Server
Mon Jul 28 14:57:40 2025: Version 2.2.0
Mon Jul 28 14:57:41 2025: Dispatch Server: Accepted socket connection from client
Mon Jul 28 14:57:41 2025: Starting Socket connection
Mon Jul 28 14:57:41 2025: EXCHANGE_TOKEN received, server token: 919c3f5e-f057-4dc2-a72a-6916b3a39144, passed token: 919c3f5e-f057-4dc2-a72a-6916b3a39144
Mon Jul 28 14:57:42 2025: DISPATCH_HANDLER: Adding handler from function makeHandler in library libxv_system_diagram
Mon Jul 28 14:57:42 2025: SESSION_MGR: creating session with session uuid: '145a9cbe-a070-4a69-bf70-896485f6e9f6' and name 'v++_compile_sha3_hls'
Mon Jul 28 14:57:42 2025: KERNEL_SVC: creating session with uuid: '145a9cbe-a070-4a69-bf70-896485f6e9f6' and name 'v++_compile_sha3_hls'
Mon Jul 28 14:57:42 2025: GUIDANCE_SMGR: creating guidance session with uuid: '145a9cbe-a070-4a69-bf70-896485f6e9f6' and name 'v++_compile_sha3_hls'
Mon Jul 28 14:57:42 2025: SYSTEM_DIAGRAM: creating session with uuid: '145a9cbe-a070-4a69-bf70-896485f6e9f6' and name 'v++_compile_sha3_hls'
Mon Jul 28 14:57:48 2025: Dispatch Server: Accepted socket connection from client
Mon Jul 28 14:57:48 2025: Starting Socket connection
Mon Jul 28 14:58:08 2025: SESSION_MGR: closing session for UUID '145a9cbe-a070-4a69-bf70-896485f6e9f6' with name 'v++_compile_sha3_hls'
Mon Jul 28 14:58:08 2025: KERNEL_SVC: closing session for UUID '145a9cbe-a070-4a69-bf70-896485f6e9f6' with name 'v++_compile_sha3_hls'
Mon Jul 28 14:58:08 2025: GUIDANCE_SMGR: closing session for UUID '145a9cbe-a070-4a69-bf70-896485f6e9f6' with name 'v++_compile_sha3_hls'
Mon Jul 28 14:58:08 2025: SYSTEM_DIAGRAM: closing session for UUID '145a9cbe-a070-4a69-bf70-896485f6e9f6' with name 'v++_compile_sha3_hls'
Mon Jul 28 14:58:08 2025: STOP_SERVER received, server token: 919c3f5e-f057-4dc2-a72a-6916b3a39144, passed token: 919c3f5e-f057-4dc2-a72a-6916b3a39144
Mon Jul 28 14:58:08 2025: Socket received request to stop server.
Mon Jul 28 14:58:08 2025: Dispatch Server: do_await_stop
Mon Jul 28 14:58:08 2025: Dispatch Server: stopping mainFifo_
Mon Jul 28 14:58:08 2025: XCD main fifo: Stopping
Mon Jul 28 14:58:08 2025: XCD main fifo: do_read error code: Operation canceled
Mon Jul 28 14:58:08 2025: XCD main fifo: bytes_transferred: 0
Mon Jul 28 14:58:08 2025: SERVER: destructor for server bound to port 41829
Mon Jul 28 14:58:08 2025: XCD main fifo: Good unlink of /tmp/xcdmain919c3f5e-f057-4dc2-a72a-6916b3a39144
Mon Jul 28 14:58:08 2025: Server exiting with status 0.
Mon Jul 28 14:58:08 2025: Closing log file.
Mon Jul 28 15:03:10 2025: Running xcd server. This server was built by gradle.
Mon Jul 28 15:03:10 2025: Server was asked to start on port: '32881'
Mon Jul 28 15:03:10 2025: Server is using token UUID: '845fc08c-7b9d-4578-8617-31cfb758542d'
Mon Jul 28 15:03:10 2025: SESSION_MGR: creating session with session uuid: '6d04a3e9-ade5-4ab9-8d63-1f78fcd2ec76' and name 'default'
Mon Jul 28 15:03:10 2025: Attempting to start server on port '32881'
Mon Jul 28 15:03:10 2025: XCD main fifo: created main fifo '/tmp/xcdmain845fc08c-7b9d-4578-8617-31cfb758542d', fd read = 13
Mon Jul 28 15:03:10 2025: Running Dispatch Server
Mon Jul 28 15:03:10 2025: Version 2.2.0
Mon Jul 28 15:03:11 2025: Dispatch Server: Accepted socket connection from client
Mon Jul 28 15:03:11 2025: Starting Socket connection
Mon Jul 28 15:03:11 2025: EXCHANGE_TOKEN received, server token: 845fc08c-7b9d-4578-8617-31cfb758542d, passed token: 845fc08c-7b9d-4578-8617-31cfb758542d
Mon Jul 28 15:03:11 2025: DISPATCH_HANDLER: Adding handler from function makeHandler in library libxv_system_diagram
Mon Jul 28 15:03:11 2025: SESSION_MGR: creating session with session uuid: '2799dcbb-9b16-4fea-8450-e05a75020124' and name 'vitis-run_compile_sha3_hls'
Mon Jul 28 15:03:11 2025: KERNEL_SVC: creating session with uuid: '2799dcbb-9b16-4fea-8450-e05a75020124' and name 'vitis-run_compile_sha3_hls'
Mon Jul 28 15:03:11 2025: GUIDANCE_SMGR: creating guidance session with uuid: '2799dcbb-9b16-4fea-8450-e05a75020124' and name 'vitis-run_compile_sha3_hls'
Mon Jul 28 15:03:11 2025: SYSTEM_DIAGRAM: creating session with uuid: '2799dcbb-9b16-4fea-8450-e05a75020124' and name 'vitis-run_compile_sha3_hls'
Mon Jul 28 15:03:18 2025: Dispatch Server: Accepted socket connection from client
Mon Jul 28 15:03:18 2025: Starting Socket connection
Mon Jul 28 15:04:21 2025: SESSION_MGR: closing session for UUID '2799dcbb-9b16-4fea-8450-e05a75020124' with name 'vitis-run_compile_sha3_hls'
Mon Jul 28 15:04:21 2025: KERNEL_SVC: closing session for UUID '2799dcbb-9b16-4fea-8450-e05a75020124' with name 'vitis-run_compile_sha3_hls'
Mon Jul 28 15:04:21 2025: GUIDANCE_SMGR: closing session for UUID '2799dcbb-9b16-4fea-8450-e05a75020124' with name 'vitis-run_compile_sha3_hls'
Mon Jul 28 15:04:21 2025: SYSTEM_DIAGRAM: closing session for UUID '2799dcbb-9b16-4fea-8450-e05a75020124' with name 'vitis-run_compile_sha3_hls'
Mon Jul 28 15:04:21 2025: STOP_SERVER received, server token: 845fc08c-7b9d-4578-8617-31cfb758542d, passed token: 845fc08c-7b9d-4578-8617-31cfb758542d
Mon Jul 28 15:04:21 2025: Socket received request to stop server.
Mon Jul 28 15:04:21 2025: Dispatch Server: do_await_stop
Mon Jul 28 15:04:21 2025: Dispatch Server: stopping mainFifo_
Mon Jul 28 15:04:21 2025: XCD main fifo: Stopping
Mon Jul 28 15:04:21 2025: XCD main fifo: do_read error code: Operation canceled
Mon Jul 28 15:04:21 2025: XCD main fifo: bytes_transferred: 0
Mon Jul 28 15:04:21 2025: SERVER: destructor for server bound to port 32881
Mon Jul 28 15:04:21 2025: XCD main fifo: Good unlink of /tmp/xcdmain845fc08c-7b9d-4578-8617-31cfb758542d
Mon Jul 28 15:04:21 2025: Server exiting with status 0.
Mon Jul 28 15:04:21 2025: Closing log file.
Mon Jul 28 16:43:02 2025: Running xcd server. This server was built by gradle.
Mon Jul 28 16:43:02 2025: Server was asked to start on port: '39741'
Mon Jul 28 16:43:02 2025: Server is using token UUID: '18c809eb-5efd-4b75-b4bb-3356ad2ebdb2'
Mon Jul 28 16:43:02 2025: SESSION_MGR: creating session with session uuid: '6d04a3e9-ade5-4ab9-8d63-1f78fcd2ec76' and name 'default'
Mon Jul 28 16:43:02 2025: Attempting to start server on port '39741'
Mon Jul 28 16:43:02 2025: XCD main fifo: created main fifo '/tmp/xcdmain18c809eb-5efd-4b75-b4bb-3356ad2ebdb2', fd read = 13
Mon Jul 28 16:43:02 2025: Running Dispatch Server
Mon Jul 28 16:43:02 2025: Version 2.2.0
Mon Jul 28 16:43:03 2025: Dispatch Server: Accepted socket connection from client
Mon Jul 28 16:43:03 2025: Starting Socket connection
Mon Jul 28 16:43:03 2025: EXCHANGE_TOKEN received, server token: 18c809eb-5efd-4b75-b4bb-3356ad2ebdb2, passed token: 18c809eb-5efd-4b75-b4bb-3356ad2ebdb2
Mon Jul 28 16:43:03 2025: DISPATCH_HANDLER: Adding handler from function makeHandler in library libxv_system_diagram
Mon Jul 28 16:43:03 2025: SESSION_MGR: creating session with session uuid: '0e8807e7-c336-4ec7-ac54-52e7714b6863' and name 'vitis-run_compile_sha3_hls'
Mon Jul 28 16:43:03 2025: KERNEL_SVC: creating session with uuid: '0e8807e7-c336-4ec7-ac54-52e7714b6863' and name 'vitis-run_compile_sha3_hls'
Mon Jul 28 16:43:03 2025: GUIDANCE_SMGR: creating guidance session with uuid: '0e8807e7-c336-4ec7-ac54-52e7714b6863' and name 'vitis-run_compile_sha3_hls'
Mon Jul 28 16:43:03 2025: SYSTEM_DIAGRAM: creating session with uuid: '0e8807e7-c336-4ec7-ac54-52e7714b6863' and name 'vitis-run_compile_sha3_hls'
Mon Jul 28 16:43:10 2025: Dispatch Server: Accepted socket connection from client
Mon Jul 28 16:43:10 2025: Starting Socket connection
Mon Jul 28 16:43:17 2025: SESSION_MGR: closing session for UUID '0e8807e7-c336-4ec7-ac54-52e7714b6863' with name 'vitis-run_compile_sha3_hls'
Mon Jul 28 16:43:17 2025: KERNEL_SVC: closing session for UUID '0e8807e7-c336-4ec7-ac54-52e7714b6863' with name 'vitis-run_compile_sha3_hls'
Mon Jul 28 16:43:17 2025: GUIDANCE_SMGR: closing session for UUID '0e8807e7-c336-4ec7-ac54-52e7714b6863' with name 'vitis-run_compile_sha3_hls'
Mon Jul 28 16:43:17 2025: SYSTEM_DIAGRAM: closing session for UUID '0e8807e7-c336-4ec7-ac54-52e7714b6863' with name 'vitis-run_compile_sha3_hls'
Mon Jul 28 16:43:17 2025: STOP_SERVER received, server token: 18c809eb-5efd-4b75-b4bb-3356ad2ebdb2, passed token: 18c809eb-5efd-4b75-b4bb-3356ad2ebdb2
Mon Jul 28 16:43:17 2025: Socket received request to stop server.
Mon Jul 28 16:43:17 2025: Dispatch Server: do_await_stop
Mon Jul 28 16:43:17 2025: Dispatch Server: stopping mainFifo_
Mon Jul 28 16:43:17 2025: XCD main fifo: Stopping
Mon Jul 28 16:43:17 2025: XCD main fifo: do_read error code: Operation canceled
Mon Jul 28 16:43:17 2025: XCD main fifo: bytes_transferred: 0
Mon Jul 28 16:43:17 2025: SERVER: destructor for server bound to port 39741
Mon Jul 28 16:43:17 2025: XCD main fifo: Good unlink of /tmp/xcdmain18c809eb-5efd-4b75-b4bb-3356ad2ebdb2
Mon Jul 28 16:43:17 2025: Server exiting with status 0.
Mon Jul 28 16:43:17 2025: Closing log file.
Mon Jul 28 16:43:24 2025: Running xcd server. This server was built by gradle.
Mon Jul 28 16:43:24 2025: Server was asked to start on port: '39617'
Mon Jul 28 16:43:24 2025: Server is using token UUID: '2e51d439-4e38-4e4c-a058-54338be77049'
Mon Jul 28 16:43:24 2025: SESSION_MGR: creating session with session uuid: '6d04a3e9-ade5-4ab9-8d63-1f78fcd2ec76' and name 'default'
Mon Jul 28 16:43:24 2025: Attempting to start server on port '39617'
Mon Jul 28 16:43:24 2025: XCD main fifo: created main fifo '/tmp/xcdmain2e51d439-4e38-4e4c-a058-54338be77049', fd read = 13
Mon Jul 28 16:43:24 2025: Running Dispatch Server
Mon Jul 28 16:43:24 2025: Version 2.2.0
Mon Jul 28 16:43:25 2025: Dispatch Server: Accepted socket connection from client
Mon Jul 28 16:43:25 2025: Starting Socket connection
Mon Jul 28 16:43:25 2025: EXCHANGE_TOKEN received, server token: 2e51d439-4e38-4e4c-a058-54338be77049, passed token: 2e51d439-4e38-4e4c-a058-54338be77049
Mon Jul 28 16:43:26 2025: DISPATCH_HANDLER: Adding handler from function makeHandler in library libxv_system_diagram
Mon Jul 28 16:43:26 2025: SESSION_MGR: creating session with session uuid: '216b55e0-be65-417c-ad1e-6eb8678ef05a' and name 'v++_compile_sha3_hls'
Mon Jul 28 16:43:26 2025: KERNEL_SVC: creating session with uuid: '216b55e0-be65-417c-ad1e-6eb8678ef05a' and name 'v++_compile_sha3_hls'
Mon Jul 28 16:43:26 2025: GUIDANCE_SMGR: creating guidance session with uuid: '216b55e0-be65-417c-ad1e-6eb8678ef05a' and name 'v++_compile_sha3_hls'
Mon Jul 28 16:43:26 2025: SYSTEM_DIAGRAM: creating session with uuid: '216b55e0-be65-417c-ad1e-6eb8678ef05a' and name 'v++_compile_sha3_hls'
Mon Jul 28 16:43:32 2025: Dispatch Server: Accepted socket connection from client
Mon Jul 28 16:43:32 2025: Starting Socket connection
Mon Jul 28 16:44:38 2025: SESSION_MGR: closing session for UUID '216b55e0-be65-417c-ad1e-6eb8678ef05a' with name 'v++_compile_sha3_hls'
Mon Jul 28 16:44:38 2025: KERNEL_SVC: closing session for UUID '216b55e0-be65-417c-ad1e-6eb8678ef05a' with name 'v++_compile_sha3_hls'
Mon Jul 28 16:44:38 2025: GUIDANCE_SMGR: closing session for UUID '216b55e0-be65-417c-ad1e-6eb8678ef05a' with name 'v++_compile_sha3_hls'
Mon Jul 28 16:44:39 2025: SYSTEM_DIAGRAM: closing session for UUID '216b55e0-be65-417c-ad1e-6eb8678ef05a' with name 'v++_compile_sha3_hls'
Mon Jul 28 16:44:39 2025: STOP_SERVER received, server token: 2e51d439-4e38-4e4c-a058-54338be77049, passed token: 2e51d439-4e38-4e4c-a058-54338be77049
Mon Jul 28 16:44:39 2025: Socket received request to stop server.
Mon Jul 28 16:44:39 2025: Dispatch Server: do_await_stop
Mon Jul 28 16:44:39 2025: Dispatch Server: stopping mainFifo_
Mon Jul 28 16:44:39 2025: XCD main fifo: Stopping
Mon Jul 28 16:44:39 2025: XCD main fifo: do_read error code: Operation canceled
Mon Jul 28 16:44:39 2025: XCD main fifo: bytes_transferred: 0
Mon Jul 28 16:44:39 2025: SERVER: destructor for server bound to port 39617
Mon Jul 28 16:44:39 2025: XCD main fifo: Good unlink of /tmp/xcdmain2e51d439-4e38-4e4c-a058-54338be77049
Mon Jul 28 16:44:39 2025: Server exiting with status 0.
Mon Jul 28 16:44:40 2025: Closing log file.
Mon Jul 28 16:44:50 2025: Running xcd server. This server was built by gradle.
Mon Jul 28 16:44:50 2025: Server was asked to start on port: '37647'
Mon Jul 28 16:44:50 2025: Server is using token UUID: '115949c0-88cc-4b69-a1a5-4c3a8bfa83da'
Mon Jul 28 16:44:50 2025: SESSION_MGR: creating session with session uuid: '6d04a3e9-ade5-4ab9-8d63-1f78fcd2ec76' and name 'default'
Mon Jul 28 16:44:50 2025: Attempting to start server on port '37647'
Mon Jul 28 16:44:50 2025: XCD main fifo: created main fifo '/tmp/xcdmain115949c0-88cc-4b69-a1a5-4c3a8bfa83da', fd read = 13
Mon Jul 28 16:44:50 2025: Running Dispatch Server
Mon Jul 28 16:44:50 2025: Version 2.2.0
Mon Jul 28 16:44:51 2025: Dispatch Server: Accepted socket connection from client
Mon Jul 28 16:44:51 2025: Starting Socket connection
Mon Jul 28 16:44:51 2025: EXCHANGE_TOKEN received, server token: 115949c0-88cc-4b69-a1a5-4c3a8bfa83da, passed token: 115949c0-88cc-4b69-a1a5-4c3a8bfa83da
Mon Jul 28 16:44:52 2025: DISPATCH_HANDLER: Adding handler from function makeHandler in library libxv_system_diagram
Mon Jul 28 16:44:52 2025: SESSION_MGR: creating session with session uuid: '5505d23b-c060-47d9-bd03-97867ef4bd7e' and name 'vitis-run_compile_sha3_hls'
Mon Jul 28 16:44:52 2025: KERNEL_SVC: creating session with uuid: '5505d23b-c060-47d9-bd03-97867ef4bd7e' and name 'vitis-run_compile_sha3_hls'
Mon Jul 28 16:44:52 2025: GUIDANCE_SMGR: creating guidance session with uuid: '5505d23b-c060-47d9-bd03-97867ef4bd7e' and name 'vitis-run_compile_sha3_hls'
Mon Jul 28 16:44:52 2025: SYSTEM_DIAGRAM: creating session with uuid: '5505d23b-c060-47d9-bd03-97867ef4bd7e' and name 'vitis-run_compile_sha3_hls'
Mon Jul 28 16:45:03 2025: Dispatch Server: Accepted socket connection from client
Mon Jul 28 16:45:03 2025: Starting Socket connection
Mon Jul 28 16:45:12 2025: SESSION_MGR: closing session for UUID '5505d23b-c060-47d9-bd03-97867ef4bd7e' with name 'vitis-run_compile_sha3_hls'
Mon Jul 28 16:45:12 2025: KERNEL_SVC: closing session for UUID '5505d23b-c060-47d9-bd03-97867ef4bd7e' with name 'vitis-run_compile_sha3_hls'
Mon Jul 28 16:45:12 2025: GUIDANCE_SMGR: closing session for UUID '5505d23b-c060-47d9-bd03-97867ef4bd7e' with name 'vitis-run_compile_sha3_hls'
Mon Jul 28 16:45:12 2025: SYSTEM_DIAGRAM: closing session for UUID '5505d23b-c060-47d9-bd03-97867ef4bd7e' with name 'vitis-run_compile_sha3_hls'
Mon Jul 28 16:45:12 2025: STOP_SERVER received, server token: 115949c0-88cc-4b69-a1a5-4c3a8bfa83da, passed token: 115949c0-88cc-4b69-a1a5-4c3a8bfa83da
Mon Jul 28 16:45:12 2025: Socket received request to stop server.
Mon Jul 28 16:45:12 2025: Dispatch Server: do_await_stop
Mon Jul 28 16:45:12 2025: Dispatch Server: stopping mainFifo_
Mon Jul 28 16:45:12 2025: XCD main fifo: Stopping
Mon Jul 28 16:45:12 2025: XCD main fifo: do_read error code: Operation canceled
Mon Jul 28 16:45:12 2025: XCD main fifo: bytes_transferred: 0
Mon Jul 28 16:45:12 2025: SERVER: destructor for server bound to port 37647
Mon Jul 28 16:45:12 2025: XCD main fifo: Good unlink of /tmp/xcdmain115949c0-88cc-4b69-a1a5-4c3a8bfa83da
Mon Jul 28 16:45:12 2025: Server exiting with status 0.
Mon Jul 28 16:45:12 2025: Closing log file.
Mon Jul 28 16:45:19 2025: Running xcd server. This server was built by gradle.
Mon Jul 28 16:45:19 2025: Server was asked to start on port: '37861'
Mon Jul 28 16:45:19 2025: Server is using token UUID: 'f1871088-de7a-4d10-8a7b-33c90d310a13'
Mon Jul 28 16:45:19 2025: SESSION_MGR: creating session with session uuid: '6d04a3e9-ade5-4ab9-8d63-1f78fcd2ec76' and name 'default'
Mon Jul 28 16:45:19 2025: Attempting to start server on port '37861'
Mon Jul 28 16:45:19 2025: XCD main fifo: created main fifo '/tmp/xcdmainf1871088-de7a-4d10-8a7b-33c90d310a13', fd read = 13
Mon Jul 28 16:45:19 2025: Running Dispatch Server
Mon Jul 28 16:45:19 2025: Version 2.2.0
Mon Jul 28 16:45:20 2025: Dispatch Server: Accepted socket connection from client
Mon Jul 28 16:45:20 2025: Starting Socket connection
Mon Jul 28 16:45:20 2025: EXCHANGE_TOKEN received, server token: f1871088-de7a-4d10-8a7b-33c90d310a13, passed token: f1871088-de7a-4d10-8a7b-33c90d310a13
Mon Jul 28 16:45:21 2025: DISPATCH_HANDLER: Adding handler from function makeHandler in library libxv_system_diagram
Mon Jul 28 16:45:21 2025: SESSION_MGR: creating session with session uuid: 'd36c82c5-02fa-4061-b1ca-a809256b2fb0' and name 'v++_compile_sha3_hls'
Mon Jul 28 16:45:21 2025: KERNEL_SVC: creating session with uuid: 'd36c82c5-02fa-4061-b1ca-a809256b2fb0' and name 'v++_compile_sha3_hls'
Mon Jul 28 16:45:21 2025: GUIDANCE_SMGR: creating guidance session with uuid: 'd36c82c5-02fa-4061-b1ca-a809256b2fb0' and name 'v++_compile_sha3_hls'
Mon Jul 28 16:45:21 2025: SYSTEM_DIAGRAM: creating session with uuid: 'd36c82c5-02fa-4061-b1ca-a809256b2fb0' and name 'v++_compile_sha3_hls'
Mon Jul 28 16:45:27 2025: Dispatch Server: Accepted socket connection from client
Mon Jul 28 16:45:27 2025: Starting Socket connection
Mon Jul 28 16:46:06 2025: SESSION_MGR: closing session for UUID 'd36c82c5-02fa-4061-b1ca-a809256b2fb0' with name 'v++_compile_sha3_hls'
Mon Jul 28 16:46:06 2025: KERNEL_SVC: closing session for UUID 'd36c82c5-02fa-4061-b1ca-a809256b2fb0' with name 'v++_compile_sha3_hls'
Mon Jul 28 16:46:06 2025: GUIDANCE_SMGR: closing session for UUID 'd36c82c5-02fa-4061-b1ca-a809256b2fb0' with name 'v++_compile_sha3_hls'
Mon Jul 28 16:46:06 2025: SYSTEM_DIAGRAM: closing session for UUID 'd36c82c5-02fa-4061-b1ca-a809256b2fb0' with name 'v++_compile_sha3_hls'
Mon Jul 28 16:46:06 2025: STOP_SERVER received, server token: f1871088-de7a-4d10-8a7b-33c90d310a13, passed token: f1871088-de7a-4d10-8a7b-33c90d310a13
Mon Jul 28 16:46:06 2025: Socket received request to stop server.
Mon Jul 28 16:46:06 2025: Dispatch Server: do_await_stop
Mon Jul 28 16:46:06 2025: Dispatch Server: stopping mainFifo_
Mon Jul 28 16:46:06 2025: XCD main fifo: Stopping
Mon Jul 28 16:46:06 2025: XCD main fifo: do_read error code: Operation canceled
Mon Jul 28 16:46:06 2025: XCD main fifo: bytes_transferred: 0
Mon Jul 28 16:46:06 2025: SERVER: destructor for server bound to port 37861
Mon Jul 28 16:46:06 2025: XCD main fifo: Good unlink of /tmp/xcdmainf1871088-de7a-4d10-8a7b-33c90d310a13
Mon Jul 28 16:46:06 2025: Server exiting with status 0.
Mon Jul 28 16:46:06 2025: Closing log file.
Mon Jul 28 16:46:15 2025: Running xcd server. This server was built by gradle.
Mon Jul 28 16:46:15 2025: Server was asked to start on port: '46307'
Mon Jul 28 16:46:15 2025: Server is using token UUID: '1a5c13cc-02c2-4aed-99c5-04d922626985'
Mon Jul 28 16:46:15 2025: SESSION_MGR: creating session with session uuid: '6d04a3e9-ade5-4ab9-8d63-1f78fcd2ec76' and name 'default'
Mon Jul 28 16:46:15 2025: Attempting to start server on port '46307'
Mon Jul 28 16:46:15 2025: XCD main fifo: created main fifo '/tmp/xcdmain1a5c13cc-02c2-4aed-99c5-04d922626985', fd read = 13
Mon Jul 28 16:46:15 2025: Running Dispatch Server
Mon Jul 28 16:46:15 2025: Version 2.2.0
Mon Jul 28 16:46:16 2025: Dispatch Server: Accepted socket connection from client
Mon Jul 28 16:46:16 2025: Starting Socket connection
Mon Jul 28 16:46:16 2025: EXCHANGE_TOKEN received, server token: 1a5c13cc-02c2-4aed-99c5-04d922626985, passed token: 1a5c13cc-02c2-4aed-99c5-04d922626985
Mon Jul 28 16:46:16 2025: DISPATCH_HANDLER: Adding handler from function makeHandler in library libxv_system_diagram
Mon Jul 28 16:46:16 2025: SESSION_MGR: creating session with session uuid: 'a074d9ed-f128-4cd9-adee-7b9f7c74db4e' and name 'vitis-run_compile_sha3_hls'
Mon Jul 28 16:46:16 2025: KERNEL_SVC: creating session with uuid: 'a074d9ed-f128-4cd9-adee-7b9f7c74db4e' and name 'vitis-run_compile_sha3_hls'
Mon Jul 28 16:46:16 2025: GUIDANCE_SMGR: creating guidance session with uuid: 'a074d9ed-f128-4cd9-adee-7b9f7c74db4e' and name 'vitis-run_compile_sha3_hls'
Mon Jul 28 16:46:16 2025: SYSTEM_DIAGRAM: creating session with uuid: 'a074d9ed-f128-4cd9-adee-7b9f7c74db4e' and name 'vitis-run_compile_sha3_hls'
Mon Jul 28 16:46:23 2025: Dispatch Server: Accepted socket connection from client
Mon Jul 28 16:46:23 2025: Starting Socket connection
Mon Jul 28 16:47:58 2025: SESSION_MGR: closing session for UUID 'a074d9ed-f128-4cd9-adee-7b9f7c74db4e' with name 'vitis-run_compile_sha3_hls'
Mon Jul 28 16:47:58 2025: KERNEL_SVC: closing session for UUID 'a074d9ed-f128-4cd9-adee-7b9f7c74db4e' with name 'vitis-run_compile_sha3_hls'
Mon Jul 28 16:47:58 2025: GUIDANCE_SMGR: closing session for UUID 'a074d9ed-f128-4cd9-adee-7b9f7c74db4e' with name 'vitis-run_compile_sha3_hls'
Mon Jul 28 16:47:58 2025: SYSTEM_DIAGRAM: closing session for UUID 'a074d9ed-f128-4cd9-adee-7b9f7c74db4e' with name 'vitis-run_compile_sha3_hls'
Mon Jul 28 16:47:58 2025: STOP_SERVER received, server token: 1a5c13cc-02c2-4aed-99c5-04d922626985, passed token: 1a5c13cc-02c2-4aed-99c5-04d922626985
Mon Jul 28 16:47:58 2025: Socket received request to stop server.
Mon Jul 28 16:47:58 2025: Dispatch Server: do_await_stop
Mon Jul 28 16:47:58 2025: Dispatch Server: stopping mainFifo_
Mon Jul 28 16:47:58 2025: XCD main fifo: Stopping
Mon Jul 28 16:47:58 2025: XCD main fifo: do_read error code: Operation canceled
Mon Jul 28 16:47:58 2025: XCD main fifo: bytes_transferred: 0
Mon Jul 28 16:47:58 2025: SERVER: destructor for server bound to port 46307
Mon Jul 28 16:47:58 2025: XCD main fifo: Good unlink of /tmp/xcdmain1a5c13cc-02c2-4aed-99c5-04d922626985
Mon Jul 28 16:47:58 2025: Server exiting with status 0.
Mon Jul 28 16:47:58 2025: Closing log file.
Wed Jul 30 11:01:00 2025: Running xcd server. This server was built by gradle.
Wed Jul 30 11:01:00 2025: Server was asked to start on port: '35157'
Wed Jul 30 11:01:00 2025: Server is using token UUID: '5c0a4489-b84d-44e3-84f2-785defd2b36f'
Wed Jul 30 11:01:00 2025: SESSION_MGR: creating session with session uuid: '6d04a3e9-ade5-4ab9-8d63-1f78fcd2ec76' and name 'default'
Wed Jul 30 11:01:00 2025: Attempting to start server on port '35157'
Wed Jul 30 11:01:00 2025: XCD main fifo: created main fifo '/tmp/xcdmain5c0a4489-b84d-44e3-84f2-785defd2b36f', fd read = 12
Wed Jul 30 11:01:00 2025: Running Dispatch Server
Wed Jul 30 11:01:00 2025: Version 2.2.0
Wed Jul 30 11:01:01 2025: Dispatch Server: Accepted socket connection from client
Wed Jul 30 11:01:01 2025: Starting Socket connection
Wed Jul 30 11:01:01 2025: EXCHANGE_TOKEN received, server token: 5c0a4489-b84d-44e3-84f2-785defd2b36f, passed token: 5c0a4489-b84d-44e3-84f2-785defd2b36f
Wed Jul 30 11:01:02 2025: DISPATCH_HANDLER: Adding handler from function makeHandler in library libxv_system_diagram
Wed Jul 30 11:01:02 2025: SESSION_MGR: creating session with session uuid: 'd7cdbe06-8715-4d17-ad52-8e5e7ea59883' and name 'vitis-run_compile_sha3_hls'
Wed Jul 30 11:01:02 2025: KERNEL_SVC: creating session with uuid: 'd7cdbe06-8715-4d17-ad52-8e5e7ea59883' and name 'vitis-run_compile_sha3_hls'
Wed Jul 30 11:01:02 2025: GUIDANCE_SMGR: creating guidance session with uuid: 'd7cdbe06-8715-4d17-ad52-8e5e7ea59883' and name 'vitis-run_compile_sha3_hls'
Wed Jul 30 11:01:02 2025: SYSTEM_DIAGRAM: creating session with uuid: 'd7cdbe06-8715-4d17-ad52-8e5e7ea59883' and name 'vitis-run_compile_sha3_hls'
Wed Jul 30 11:01:11 2025: SESSION_MGR: closing session for UUID 'd7cdbe06-8715-4d17-ad52-8e5e7ea59883' with name 'vitis-run_compile_sha3_hls'
Wed Jul 30 11:01:11 2025: KERNEL_SVC: closing session for UUID 'd7cdbe06-8715-4d17-ad52-8e5e7ea59883' with name 'vitis-run_compile_sha3_hls'
Wed Jul 30 11:01:11 2025: GUIDANCE_SMGR: closing session for UUID 'd7cdbe06-8715-4d17-ad52-8e5e7ea59883' with name 'vitis-run_compile_sha3_hls'
Wed Jul 30 11:01:11 2025: SYSTEM_DIAGRAM: closing session for UUID 'd7cdbe06-8715-4d17-ad52-8e5e7ea59883' with name 'vitis-run_compile_sha3_hls'
Wed Jul 30 11:01:11 2025: STOP_SERVER received, server token: 5c0a4489-b84d-44e3-84f2-785defd2b36f, passed token: 5c0a4489-b84d-44e3-84f2-785defd2b36f
Wed Jul 30 11:01:11 2025: Socket received request to stop server.
Wed Jul 30 11:01:11 2025: Dispatch Server: do_await_stop
Wed Jul 30 11:01:11 2025: Dispatch Server: stopping mainFifo_
Wed Jul 30 11:01:11 2025: XCD main fifo: Stopping
Wed Jul 30 11:01:11 2025: XCD main fifo: do_read error code: Operation canceled
Wed Jul 30 11:01:11 2025: XCD main fifo: bytes_transferred: 0
Wed Jul 30 11:01:11 2025: SERVER: destructor for server bound to port 35157
Wed Jul 30 11:01:11 2025: XCD main fifo: Good unlink of /tmp/xcdmain5c0a4489-b84d-44e3-84f2-785defd2b36f
Wed Jul 30 11:01:11 2025: Server exiting with status 0.
Wed Jul 30 11:01:11 2025: Closing log file.
Wed Jul 30 11:03:18 2025: Running xcd server. This server was built by gradle.
Wed Jul 30 11:03:18 2025: Server was asked to start on port: '35871'
Wed Jul 30 11:03:18 2025: Server is using token UUID: '7d167f28-9ad9-4228-8fa6-f5064c92b190'
Wed Jul 30 11:03:18 2025: SESSION_MGR: creating session with session uuid: '6d04a3e9-ade5-4ab9-8d63-1f78fcd2ec76' and name 'default'
Wed Jul 30 11:03:18 2025: Attempting to start server on port '35871'
Wed Jul 30 11:03:18 2025: XCD main fifo: created main fifo '/tmp/xcdmain7d167f28-9ad9-4228-8fa6-f5064c92b190', fd read = 13
Wed Jul 30 11:03:18 2025: Running Dispatch Server
Wed Jul 30 11:03:18 2025: Version 2.2.0
Wed Jul 30 11:03:19 2025: Dispatch Server: Accepted socket connection from client
Wed Jul 30 11:03:19 2025: Starting Socket connection
Wed Jul 30 11:03:19 2025: EXCHANGE_TOKEN received, server token: 7d167f28-9ad9-4228-8fa6-f5064c92b190, passed token: 7d167f28-9ad9-4228-8fa6-f5064c92b190
Wed Jul 30 11:03:19 2025: DISPATCH_HANDLER: Adding handler from function makeHandler in library libxv_system_diagram
Wed Jul 30 11:03:19 2025: SESSION_MGR: creating session with session uuid: '7796eb84-69c8-4b2b-b7cb-4436cdad4b8a' and name 'vitis-run_compile_sha3_hls'
Wed Jul 30 11:03:19 2025: KERNEL_SVC: creating session with uuid: '7796eb84-69c8-4b2b-b7cb-4436cdad4b8a' and name 'vitis-run_compile_sha3_hls'
Wed Jul 30 11:03:19 2025: GUIDANCE_SMGR: creating guidance session with uuid: '7796eb84-69c8-4b2b-b7cb-4436cdad4b8a' and name 'vitis-run_compile_sha3_hls'
Wed Jul 30 11:03:19 2025: SYSTEM_DIAGRAM: creating session with uuid: '7796eb84-69c8-4b2b-b7cb-4436cdad4b8a' and name 'vitis-run_compile_sha3_hls'
Wed Jul 30 11:03:25 2025: Dispatch Server: Accepted socket connection from client
Wed Jul 30 11:03:25 2025: Starting Socket connection
Wed Jul 30 11:03:37 2025: SESSION_MGR: closing session for UUID '7796eb84-69c8-4b2b-b7cb-4436cdad4b8a' with name 'vitis-run_compile_sha3_hls'
Wed Jul 30 11:03:37 2025: KERNEL_SVC: closing session for UUID '7796eb84-69c8-4b2b-b7cb-4436cdad4b8a' with name 'vitis-run_compile_sha3_hls'
Wed Jul 30 11:03:37 2025: GUIDANCE_SMGR: closing session for UUID '7796eb84-69c8-4b2b-b7cb-4436cdad4b8a' with name 'vitis-run_compile_sha3_hls'
Wed Jul 30 11:03:37 2025: SYSTEM_DIAGRAM: closing session for UUID '7796eb84-69c8-4b2b-b7cb-4436cdad4b8a' with name 'vitis-run_compile_sha3_hls'
Wed Jul 30 11:03:37 2025: STOP_SERVER received, server token: 7d167f28-9ad9-4228-8fa6-f5064c92b190, passed token: 7d167f28-9ad9-4228-8fa6-f5064c92b190
Wed Jul 30 11:03:37 2025: Socket received request to stop server.
Wed Jul 30 11:03:37 2025: Dispatch Server: do_await_stop
Wed Jul 30 11:03:37 2025: Dispatch Server: stopping mainFifo_
Wed Jul 30 11:03:37 2025: XCD main fifo: Stopping
Wed Jul 30 11:03:37 2025: XCD main fifo: do_read error code: Operation canceled
Wed Jul 30 11:03:37 2025: XCD main fifo: bytes_transferred: 0
Wed Jul 30 11:03:37 2025: SERVER: destructor for server bound to port 35871
Wed Jul 30 11:03:37 2025: XCD main fifo: Good unlink of /tmp/xcdmain7d167f28-9ad9-4228-8fa6-f5064c92b190
Wed Jul 30 11:03:37 2025: Server exiting with status 0.
Wed Jul 30 11:03:37 2025: Closing log file.
Wed Jul 30 11:03:46 2025: Running xcd server. This server was built by gradle.
Wed Jul 30 11:03:46 2025: Server was asked to start on port: '36835'
Wed Jul 30 11:03:46 2025: Server is using token UUID: '174795b8-b540-4d55-8f56-643189057239'
Wed Jul 30 11:03:46 2025: SESSION_MGR: creating session with session uuid: '6d04a3e9-ade5-4ab9-8d63-1f78fcd2ec76' and name 'default'
Wed Jul 30 11:03:46 2025: Attempting to start server on port '36835'
Wed Jul 30 11:03:46 2025: XCD main fifo: created main fifo '/tmp/xcdmain174795b8-b540-4d55-8f56-643189057239', fd read = 13
Wed Jul 30 11:03:46 2025: Running Dispatch Server
Wed Jul 30 11:03:46 2025: Version 2.2.0
Wed Jul 30 11:03:47 2025: Dispatch Server: Accepted socket connection from client
Wed Jul 30 11:03:47 2025: Starting Socket connection
Wed Jul 30 11:03:47 2025: EXCHANGE_TOKEN received, server token: 174795b8-b540-4d55-8f56-643189057239, passed token: 174795b8-b540-4d55-8f56-643189057239
Wed Jul 30 11:03:48 2025: DISPATCH_HANDLER: Adding handler from function makeHandler in library libxv_system_diagram
Wed Jul 30 11:03:48 2025: SESSION_MGR: creating session with session uuid: '9d0f092b-099c-4b83-97be-06e378a44d51' and name 'v++_compile_sha3_hls'
Wed Jul 30 11:03:48 2025: KERNEL_SVC: creating session with uuid: '9d0f092b-099c-4b83-97be-06e378a44d51' and name 'v++_compile_sha3_hls'
Wed Jul 30 11:03:48 2025: GUIDANCE_SMGR: creating guidance session with uuid: '9d0f092b-099c-4b83-97be-06e378a44d51' and name 'v++_compile_sha3_hls'
Wed Jul 30 11:03:48 2025: SYSTEM_DIAGRAM: creating session with uuid: '9d0f092b-099c-4b83-97be-06e378a44d51' and name 'v++_compile_sha3_hls'
Wed Jul 30 11:03:54 2025: Dispatch Server: Accepted socket connection from client
Wed Jul 30 11:03:54 2025: Starting Socket connection
Wed Jul 30 11:05:03 2025: SESSION_MGR: closing session for UUID '9d0f092b-099c-4b83-97be-06e378a44d51' with name 'v++_compile_sha3_hls'
Wed Jul 30 11:05:03 2025: KERNEL_SVC: closing session for UUID '9d0f092b-099c-4b83-97be-06e378a44d51' with name 'v++_compile_sha3_hls'
Wed Jul 30 11:05:03 2025: GUIDANCE_SMGR: closing session for UUID '9d0f092b-099c-4b83-97be-06e378a44d51' with name 'v++_compile_sha3_hls'
Wed Jul 30 11:05:04 2025: SYSTEM_DIAGRAM: closing session for UUID '9d0f092b-099c-4b83-97be-06e378a44d51' with name 'v++_compile_sha3_hls'
Wed Jul 30 11:05:04 2025: STOP_SERVER received, server token: 174795b8-b540-4d55-8f56-643189057239, passed token: 174795b8-b540-4d55-8f56-643189057239
Wed Jul 30 11:05:04 2025: Socket received request to stop server.
Wed Jul 30 11:05:04 2025: Dispatch Server: do_await_stop
Wed Jul 30 11:05:04 2025: Dispatch Server: stopping mainFifo_
Wed Jul 30 11:05:04 2025: XCD main fifo: Stopping
Wed Jul 30 11:05:04 2025: XCD main fifo: do_read error code: Operation canceled
Wed Jul 30 11:05:04 2025: XCD main fifo: bytes_transferred: 0
Wed Jul 30 11:05:04 2025: SERVER: destructor for server bound to port 36835
Wed Jul 30 11:05:04 2025: XCD main fifo: Good unlink of /tmp/xcdmain174795b8-b540-4d55-8f56-643189057239
Wed Jul 30 11:05:04 2025: Server exiting with status 0.
Wed Jul 30 11:05:05 2025: Closing log file.
Wed Jul 30 11:06:05 2025: Running xcd server. This server was built by gradle.
Wed Jul 30 11:06:05 2025: Server was asked to start on port: '40079'
Wed Jul 30 11:06:05 2025: Server is using token UUID: 'fc6bfcdc-b132-4625-94d9-72c321485902'
Wed Jul 30 11:06:05 2025: SESSION_MGR: creating session with session uuid: '6d04a3e9-ade5-4ab9-8d63-1f78fcd2ec76' and name 'default'
Wed Jul 30 11:06:05 2025: Attempting to start server on port '40079'
Wed Jul 30 11:06:05 2025: XCD main fifo: created main fifo '/tmp/xcdmainfc6bfcdc-b132-4625-94d9-72c321485902', fd read = 13
Wed Jul 30 11:06:05 2025: Running Dispatch Server
Wed Jul 30 11:06:05 2025: Version 2.2.0
Wed Jul 30 11:06:07 2025: Dispatch Server: Accepted socket connection from client
Wed Jul 30 11:06:07 2025: Starting Socket connection
Wed Jul 30 11:06:07 2025: EXCHANGE_TOKEN received, server token: fc6bfcdc-b132-4625-94d9-72c321485902, passed token: fc6bfcdc-b132-4625-94d9-72c321485902
Wed Jul 30 11:06:07 2025: DISPATCH_HANDLER: Adding handler from function makeHandler in library libxv_system_diagram
Wed Jul 30 11:06:07 2025: SESSION_MGR: creating session with session uuid: '43e911c4-1325-4d94-95d5-afc63a5a048d' and name 'vitis-run_compile_sha3_hls'
Wed Jul 30 11:06:07 2025: KERNEL_SVC: creating session with uuid: '43e911c4-1325-4d94-95d5-afc63a5a048d' and name 'vitis-run_compile_sha3_hls'
Wed Jul 30 11:06:07 2025: GUIDANCE_SMGR: creating guidance session with uuid: '43e911c4-1325-4d94-95d5-afc63a5a048d' and name 'vitis-run_compile_sha3_hls'
Wed Jul 30 11:06:07 2025: SYSTEM_DIAGRAM: creating session with uuid: '43e911c4-1325-4d94-95d5-afc63a5a048d' and name 'vitis-run_compile_sha3_hls'
Wed Jul 30 11:06:20 2025: Dispatch Server: Accepted socket connection from client
Wed Jul 30 11:06:20 2025: Starting Socket connection
Wed Jul 30 11:07:02 2025: SESSION_MGR: closing session for UUID '43e911c4-1325-4d94-95d5-afc63a5a048d' with name 'vitis-run_compile_sha3_hls'
Wed Jul 30 11:07:02 2025: KERNEL_SVC: closing session for UUID '43e911c4-1325-4d94-95d5-afc63a5a048d' with name 'vitis-run_compile_sha3_hls'
Wed Jul 30 11:07:02 2025: GUIDANCE_SMGR: closing session for UUID '43e911c4-1325-4d94-95d5-afc63a5a048d' with name 'vitis-run_compile_sha3_hls'
Wed Jul 30 11:07:02 2025: SYSTEM_DIAGRAM: closing session for UUID '43e911c4-1325-4d94-95d5-afc63a5a048d' with name 'vitis-run_compile_sha3_hls'
Wed Jul 30 11:07:02 2025: STOP_SERVER received, server token: fc6bfcdc-b132-4625-94d9-72c321485902, passed token: fc6bfcdc-b132-4625-94d9-72c321485902
Wed Jul 30 11:07:02 2025: Socket received request to stop server.
Wed Jul 30 11:07:02 2025: Dispatch Server: do_await_stop
Wed Jul 30 11:07:02 2025: Dispatch Server: stopping mainFifo_
Wed Jul 30 11:07:02 2025: XCD main fifo: Stopping
Wed Jul 30 11:07:02 2025: XCD main fifo: do_read error code: Operation canceled
Wed Jul 30 11:07:02 2025: XCD main fifo: bytes_transferred: 0
Wed Jul 30 11:07:02 2025: SERVER: destructor for server bound to port 40079
Wed Jul 30 11:07:02 2025: XCD main fifo: Good unlink of /tmp/xcdmainfc6bfcdc-b132-4625-94d9-72c321485902
Wed Jul 30 11:07:02 2025: Server exiting with status 0.
Wed Jul 30 11:07:02 2025: Closing log file.
Wed Jul 30 14:21:54 2025: Running xcd server. This server was built by gradle.
Wed Jul 30 14:21:54 2025: Server was asked to start on port: '36651'
Wed Jul 30 14:21:54 2025: Server is using token UUID: 'f7614545-0e09-47a5-962e-a8c7b7afd077'
Wed Jul 30 14:21:54 2025: SESSION_MGR: creating session with session uuid: '6d04a3e9-ade5-4ab9-8d63-1f78fcd2ec76' and name 'default'
Wed Jul 30 14:21:54 2025: Attempting to start server on port '36651'
Wed Jul 30 14:21:54 2025: XCD main fifo: created main fifo '/tmp/xcdmainf7614545-0e09-47a5-962e-a8c7b7afd077', fd read = 12
Wed Jul 30 14:21:54 2025: Running Dispatch Server
Wed Jul 30 14:21:54 2025: Version 2.2.0
Wed Jul 30 14:21:55 2025: Dispatch Server: Accepted socket connection from client
Wed Jul 30 14:21:55 2025: Starting Socket connection
Wed Jul 30 14:21:55 2025: EXCHANGE_TOKEN received, server token: f7614545-0e09-47a5-962e-a8c7b7afd077, passed token: f7614545-0e09-47a5-962e-a8c7b7afd077
Wed Jul 30 14:21:56 2025: DISPATCH_HANDLER: Adding handler from function makeHandler in library libxv_system_diagram
Wed Jul 30 14:21:56 2025: SESSION_MGR: creating session with session uuid: '5f59ca56-4744-47a3-993f-1b0ee007ef5c' and name 'vitis-run_compile_sha3_hls'
Wed Jul 30 14:21:56 2025: KERNEL_SVC: creating session with uuid: '5f59ca56-4744-47a3-993f-1b0ee007ef5c' and name 'vitis-run_compile_sha3_hls'
Wed Jul 30 14:21:56 2025: GUIDANCE_SMGR: creating guidance session with uuid: '5f59ca56-4744-47a3-993f-1b0ee007ef5c' and name 'vitis-run_compile_sha3_hls'
Wed Jul 30 14:21:56 2025: SYSTEM_DIAGRAM: creating session with uuid: '5f59ca56-4744-47a3-993f-1b0ee007ef5c' and name 'vitis-run_compile_sha3_hls'
Wed Jul 30 14:22:02 2025: Dispatch Server: Accepted socket connection from client
Wed Jul 30 14:22:02 2025: Starting Socket connection
Wed Jul 30 14:22:09 2025: SESSION_MGR: closing session for UUID '5f59ca56-4744-47a3-993f-1b0ee007ef5c' with name 'vitis-run_compile_sha3_hls'
Wed Jul 30 14:22:09 2025: KERNEL_SVC: closing session for UUID '5f59ca56-4744-47a3-993f-1b0ee007ef5c' with name 'vitis-run_compile_sha3_hls'
Wed Jul 30 14:22:09 2025: GUIDANCE_SMGR: closing session for UUID '5f59ca56-4744-47a3-993f-1b0ee007ef5c' with name 'vitis-run_compile_sha3_hls'
Wed Jul 30 14:22:09 2025: SYSTEM_DIAGRAM: closing session for UUID '5f59ca56-4744-47a3-993f-1b0ee007ef5c' with name 'vitis-run_compile_sha3_hls'
Wed Jul 30 14:22:09 2025: STOP_SERVER received, server token: f7614545-0e09-47a5-962e-a8c7b7afd077, passed token: f7614545-0e09-47a5-962e-a8c7b7afd077
Wed Jul 30 14:22:09 2025: Socket received request to stop server.
Wed Jul 30 14:22:09 2025: Dispatch Server: do_await_stop
Wed Jul 30 14:22:09 2025: Dispatch Server: stopping mainFifo_
Wed Jul 30 14:22:09 2025: XCD main fifo: Stopping
Wed Jul 30 14:22:09 2025: XCD main fifo: do_read error code: Operation canceled
Wed Jul 30 14:22:09 2025: XCD main fifo: bytes_transferred: 0
Wed Jul 30 14:22:09 2025: SERVER: destructor for server bound to port 36651
Wed Jul 30 14:22:09 2025: XCD main fifo: Good unlink of /tmp/xcdmainf7614545-0e09-47a5-962e-a8c7b7afd077
Wed Jul 30 14:22:09 2025: Server exiting with status 0.
Wed Jul 30 14:22:09 2025: Closing log file.
Wed Jul 30 14:24:20 2025: Running xcd server. This server was built by gradle.
Wed Jul 30 14:24:20 2025: Server was asked to start on port: '38887'
Wed Jul 30 14:24:20 2025: Server is using token UUID: 'c6c32178-45d8-423a-867e-6e3850710309'
Wed Jul 30 14:24:20 2025: SESSION_MGR: creating session with session uuid: '6d04a3e9-ade5-4ab9-8d63-1f78fcd2ec76' and name 'default'
Wed Jul 30 14:24:20 2025: Attempting to start server on port '38887'
Wed Jul 30 14:24:20 2025: XCD main fifo: created main fifo '/tmp/xcdmainc6c32178-45d8-423a-867e-6e3850710309', fd read = 13
Wed Jul 30 14:24:20 2025: Running Dispatch Server
Wed Jul 30 14:24:20 2025: Version 2.2.0
Wed Jul 30 14:24:21 2025: Dispatch Server: Accepted socket connection from client
Wed Jul 30 14:24:21 2025: Starting Socket connection
Wed Jul 30 14:24:21 2025: EXCHANGE_TOKEN received, server token: c6c32178-45d8-423a-867e-6e3850710309, passed token: c6c32178-45d8-423a-867e-6e3850710309
Wed Jul 30 14:24:21 2025: DISPATCH_HANDLER: Adding handler from function makeHandler in library libxv_system_diagram
Wed Jul 30 14:24:21 2025: SESSION_MGR: creating session with session uuid: '21ebd903-a687-4165-93f1-439925f5e1e6' and name 'vitis-run_compile_sha3_hls'
Wed Jul 30 14:24:21 2025: KERNEL_SVC: creating session with uuid: '21ebd903-a687-4165-93f1-439925f5e1e6' and name 'vitis-run_compile_sha3_hls'
Wed Jul 30 14:24:21 2025: GUIDANCE_SMGR: creating guidance session with uuid: '21ebd903-a687-4165-93f1-439925f5e1e6' and name 'vitis-run_compile_sha3_hls'
Wed Jul 30 14:24:21 2025: SYSTEM_DIAGRAM: creating session with uuid: '21ebd903-a687-4165-93f1-439925f5e1e6' and name 'vitis-run_compile_sha3_hls'
Wed Jul 30 14:24:28 2025: Dispatch Server: Accepted socket connection from client
Wed Jul 30 14:24:28 2025: Starting Socket connection
Wed Jul 30 14:24:45 2025: SESSION_MGR: closing session for UUID '21ebd903-a687-4165-93f1-439925f5e1e6' with name 'vitis-run_compile_sha3_hls'
Wed Jul 30 14:24:45 2025: KERNEL_SVC: closing session for UUID '21ebd903-a687-4165-93f1-439925f5e1e6' with name 'vitis-run_compile_sha3_hls'
Wed Jul 30 14:24:45 2025: GUIDANCE_SMGR: closing session for UUID '21ebd903-a687-4165-93f1-439925f5e1e6' with name 'vitis-run_compile_sha3_hls'
Wed Jul 30 14:24:45 2025: SYSTEM_DIAGRAM: closing session for UUID '21ebd903-a687-4165-93f1-439925f5e1e6' with name 'vitis-run_compile_sha3_hls'
Wed Jul 30 14:24:45 2025: STOP_SERVER received, server token: c6c32178-45d8-423a-867e-6e3850710309, passed token: c6c32178-45d8-423a-867e-6e3850710309
Wed Jul 30 14:24:45 2025: Socket received request to stop server.
Wed Jul 30 14:24:45 2025: Dispatch Server: do_await_stop
Wed Jul 30 14:24:45 2025: Dispatch Server: stopping mainFifo_
Wed Jul 30 14:24:45 2025: XCD main fifo: Stopping
Wed Jul 30 14:24:45 2025: XCD main fifo: do_read error code: Operation canceled
Wed Jul 30 14:24:45 2025: XCD main fifo: bytes_transferred: 0
Wed Jul 30 14:24:45 2025: SERVER: destructor for server bound to port 38887
Wed Jul 30 14:24:45 2025: XCD main fifo: Good unlink of /tmp/xcdmainc6c32178-45d8-423a-867e-6e3850710309
Wed Jul 30 14:24:45 2025: Server exiting with status 0.
Wed Jul 30 14:24:45 2025: Closing log file.
Wed Jul 30 14:24:53 2025: Running xcd server. This server was built by gradle.
Wed Jul 30 14:24:53 2025: Server was asked to start on port: '35049'
Wed Jul 30 14:24:53 2025: Server is using token UUID: '358090ff-0de1-440b-baa1-053eee8e2996'
Wed Jul 30 14:24:53 2025: SESSION_MGR: creating session with session uuid: '6d04a3e9-ade5-4ab9-8d63-1f78fcd2ec76' and name 'default'
Wed Jul 30 14:24:53 2025: Attempting to start server on port '35049'
Wed Jul 30 14:24:53 2025: XCD main fifo: created main fifo '/tmp/xcdmain358090ff-0de1-440b-baa1-053eee8e2996', fd read = 13
Wed Jul 30 14:24:53 2025: Running Dispatch Server
Wed Jul 30 14:24:53 2025: Version 2.2.0
Wed Jul 30 14:24:54 2025: Dispatch Server: Accepted socket connection from client
Wed Jul 30 14:24:54 2025: Starting Socket connection
Wed Jul 30 14:24:54 2025: EXCHANGE_TOKEN received, server token: 358090ff-0de1-440b-baa1-053eee8e2996, passed token: 358090ff-0de1-440b-baa1-053eee8e2996
Wed Jul 30 14:24:54 2025: DISPATCH_HANDLER: Adding handler from function makeHandler in library libxv_system_diagram
Wed Jul 30 14:24:54 2025: SESSION_MGR: creating session with session uuid: 'b466ebc3-0633-4364-8c7c-32a1f42b89d3' and name 'v++_compile_sha3_hls'
Wed Jul 30 14:24:54 2025: KERNEL_SVC: creating session with uuid: 'b466ebc3-0633-4364-8c7c-32a1f42b89d3' and name 'v++_compile_sha3_hls'
Wed Jul 30 14:24:54 2025: GUIDANCE_SMGR: creating guidance session with uuid: 'b466ebc3-0633-4364-8c7c-32a1f42b89d3' and name 'v++_compile_sha3_hls'
Wed Jul 30 14:24:54 2025: SYSTEM_DIAGRAM: creating session with uuid: 'b466ebc3-0633-4364-8c7c-32a1f42b89d3' and name 'v++_compile_sha3_hls'
Wed Jul 30 14:24:59 2025: Dispatch Server: Accepted socket connection from client
Wed Jul 30 14:24:59 2025: Starting Socket connection
Wed Jul 30 14:26:03 2025: SESSION_MGR: closing session for UUID 'b466ebc3-0633-4364-8c7c-32a1f42b89d3' with name 'v++_compile_sha3_hls'
Wed Jul 30 14:26:03 2025: KERNEL_SVC: closing session for UUID 'b466ebc3-0633-4364-8c7c-32a1f42b89d3' with name 'v++_compile_sha3_hls'
Wed Jul 30 14:26:03 2025: GUIDANCE_SMGR: closing session for UUID 'b466ebc3-0633-4364-8c7c-32a1f42b89d3' with name 'v++_compile_sha3_hls'
Wed Jul 30 14:26:03 2025: SYSTEM_DIAGRAM: closing session for UUID 'b466ebc3-0633-4364-8c7c-32a1f42b89d3' with name 'v++_compile_sha3_hls'
Wed Jul 30 14:26:03 2025: STOP_SERVER received, server token: 358090ff-0de1-440b-baa1-053eee8e2996, passed token: 358090ff-0de1-440b-baa1-053eee8e2996
Wed Jul 30 14:26:03 2025: Socket received request to stop server.
Wed Jul 30 14:26:03 2025: Dispatch Server: do_await_stop
Wed Jul 30 14:26:03 2025: Dispatch Server: stopping mainFifo_
Wed Jul 30 14:26:03 2025: XCD main fifo: Stopping
Wed Jul 30 14:26:03 2025: XCD main fifo: do_read error code: Operation canceled
Wed Jul 30 14:26:03 2025: XCD main fifo: bytes_transferred: 0
Wed Jul 30 14:26:03 2025: SERVER: destructor for server bound to port 35049
Wed Jul 30 14:26:03 2025: XCD main fifo: Good unlink of /tmp/xcdmain358090ff-0de1-440b-baa1-053eee8e2996
Wed Jul 30 14:26:03 2025: Server exiting with status 0.
Wed Jul 30 14:26:03 2025: Closing log file.
