Execute         source -notrace -encoding utf-8 /tools/xilinx/Vitis/2024.2/tps/tcl/tcl8.6/clock.tcl 
Execute           source -encoding utf-8 /tools/xilinx/Vitis/2024.2/tps/tcl/tcl8/8.5/msgcat-1.6.1.tm 
INFO-FLOW: Workspace /home/hyeon/vitis_hls/workspace/sha3/sha3_hls/hls opened at Wed Aug 06 16:42:06 KST 2025
Execute         send_msg_by_id INFO @200-1505@%s%s  vivado 
INFO: [HLS 200-1505] Using flow_target 'vivado'
Execute         write_ini /home/hyeon/vitis_hls/workspace/sha3/sha3_hls/hls_config.cfg -apsfile /home/hyeon/vitis_hls/workspace/sha3/sha3_hls/hls/hls.aps -filepaths relative -quiet 
Execute     add_files fips202.c 
INFO: [HLS 200-1510] Running: add_files fips202.c 
INFO: [HLS 200-10] Adding design file 'fips202.c' to the project
Execute     add_files fips202.h 
INFO: [HLS 200-1510] Running: add_files fips202.h 
INFO: [HLS 200-10] Adding design file 'fips202.h' to the project
Execute     add_files sha3_256.c 
INFO: [HLS 200-1510] Running: add_files sha3_256.c 
INFO: [HLS 200-10] Adding design file 'sha3_256.c' to the project
Execute     add_files -tb sha3_256_tb.c 
INFO: [HLS 200-1510] Running: add_files -tb sha3_256_tb.c 
INFO: [HLS 200-10] Adding test bench file 'sha3_256_tb.c' to the project
Execute     set_top sha3_256_hw 
INFO: [HLS 200-1510] Running: set_top sha3_256_hw 
Execute     open_solution -reset _solution 
INFO: [HLS 200-1510] Running: open_solution -reset _solution 
Execute       write_ini /home/hyeon/vitis_hls/workspace/sha3/sha3_hls_solution/hls_config.cfg -apsfile /home/hyeon/vitis_hls/workspace/sha3/sha3_hls_solution/hls/hls.aps -filepaths relative -quiet 
Execute       cleanup_all 
Execute       cleanup_all 
