

================================================================
== Vitis HLS Report for 'sha3_256_hw_Pipeline_VITIS_LOOP_472_1'
================================================================
* Date:           Tue Aug  5 15:25:59 2025

* Version:        2024.2 (Build 5238294 on Nov  8 2024)
* Project:        sha3_hls
* Solution:       hls (Vivado IP Flow Target)
* Product family: zynq
* Target device:  xc7z020-clg400-1


================================================================
== Performance Estimates
================================================================
+ Timing: 
    * Summary: 
    +--------+----------+----------+------------+
    |  Clock |  Target  | Estimated| Uncertainty|
    +--------+----------+----------+------------+
    |ap_clk  |  10.00 ns|  6.622 ns|     2.70 ns|
    +--------+----------+----------+------------+

+ Latency: 
    * Summary: 
    +---------+---------+----------+----------+-----+-----+------------------------------------------------+
    |  Latency (cycles) |  Latency (absolute) |  Interval |                    Pipeline                    |
    |   min   |   max   |    min   |    max   | min | max |                      Type                      |
    +---------+---------+----------+----------+-----+-----+------------------------------------------------+
    |       27|       27|  0.270 us|  0.270 us|   26|   26|  loop auto-rewind stp (delay=0 clock cycles(s))|
    +---------+---------+----------+----------+-----+-----+------------------------------------------------+

    + Detail: 
        * Instance: 
        N/A

        * Loop: 
        +--------------------+---------+---------+----------+-----------+-----------+------+----------+
        |                    |  Latency (cycles) | Iteration|  Initiation Interval  | Trip |          |
        |      Loop Name     |   min   |   max   |  Latency |  achieved |   target  | Count| Pipelined|
        +--------------------+---------+---------+----------+-----------+-----------+------+----------+
        |- VITIS_LOOP_472_1  |       25|       25|         1|          1|          1|    25|       yes|
        +--------------------+---------+---------+----------+-----------+-----------+------+----------+

============================================================
+ Verbose Summary: Synthesis Manager
============================================================
InlineROM: 1
ExposeGlobal: 0
============================================================
+ Verbose Summary: CDFG Model
============================================================
IsTopModel: 0
ResetActiveHigh: 1
IsCombinational: 0
IsDatapathOnly: 0
HasWiredReturn: 1
HasMFsm: 2
HasVarLatency: 1
IsPipeline: 0
IsRtlPipelined: 0
IsInstanceOverlapped: 0
IsDontTouch: 0
HasImplIP: 0
IsGatedGlobalClock: 0

+ Individual pipeline summary: 
  * Pipeline-0: initiation interval (II) = 1, depth = 1


============================================================
+ Verbose Summary: Schedule
============================================================
* Number of FSM states : 1
* Pipeline : 1
  Pipeline-0 : II = 1, D = 1, States = { 1 }
* Dataflow Pipeline: 0

* FSM state transitions: 
1 --> 

* FSM state operations: 

State 1 <SV = 0> <Delay = 6.62>
ST_1 : Operation 4 [1/1] (0.00ns)   --->   "%i = alloca i32 1" [../fips202.c:470->../fips202.c:757->../sha3_256.c:10]   --->   Operation 4 'alloca' 'i' <Predicate = true> <Delay = 0.00>
ST_1 : Operation 5 [1/1] (1.58ns)   --->   "%store_ln470 = store i5 0, i5 %i" [../fips202.c:470->../fips202.c:757->../sha3_256.c:10]   --->   Operation 5 'store' 'store_ln470' <Predicate = true> <Delay = 1.58>
ST_1 : Operation 6 [1/1] (0.00ns)   --->   "%br_ln0 = br void %for.inc.i.i"   --->   Operation 6 'br' 'br_ln0' <Predicate = true> <Delay = 0.00>
ST_1 : Operation 7 [1/1] (0.00ns)   --->   "%i_2 = load i5 %i" [../fips202.c:472->../fips202.c:757->../sha3_256.c:10]   --->   Operation 7 'load' 'i_2' <Predicate = true> <Delay = 0.00>
ST_1 : Operation 8 [1/1] (1.78ns)   --->   "%icmp_ln472 = icmp_eq  i5 %i_2, i5 25" [../fips202.c:472->../fips202.c:757->../sha3_256.c:10]   --->   Operation 8 'icmp' 'icmp_ln472' <Predicate = true> <Delay = 1.78> <CoreInst = "Cmp">   --->   Core 9 'Cmp' <Latency = 0> <II = 1> <Delay = 1.78> <FuncUnit> <Opcode : 'seteq' 'setne' 'setle' 'setge' 'setlt' 'setgt'> <InPorts = 2> <OutPorts = 1>
ST_1 : Operation 9 [1/1] (1.78ns)   --->   "%add_ln472 = add i5 %i_2, i5 1" [../fips202.c:472->../fips202.c:757->../sha3_256.c:10]   --->   Operation 9 'add' 'add_ln472' <Predicate = true> <Delay = 1.78> <CoreInst = "Adder">   --->   Core 1 'Adder' <Latency = 0> <II = 1> <Delay = 1.78> <FuncUnit> <Opcode : 'add' 'sub'> <InPorts = 2> <OutPorts = 1>
ST_1 : Operation 10 [1/1] (0.00ns)   --->   "%br_ln472 = br i1 %icmp_ln472, void %for.inc.i.i.split, void %VITIS_LOOP_477_2.i.i.exitStub" [../fips202.c:472->../fips202.c:757->../sha3_256.c:10]   --->   Operation 10 'br' 'br_ln472' <Predicate = true> <Delay = 0.00>
ST_1 : Operation 11 [1/1] (0.00ns)   --->   "%zext_ln472 = zext i5 %i_2" [../fips202.c:472->../fips202.c:757->../sha3_256.c:10]   --->   Operation 11 'zext' 'zext_ln472' <Predicate = (!icmp_ln472)> <Delay = 0.00>
ST_1 : Operation 12 [1/1] (0.00ns)   --->   "%specpipeline_ln470 = specpipeline void @_ssdm_op_SpecPipeline, i32 4294967295, i32 0, i32 0, i32 0, void @empty_12" [../fips202.c:470->../fips202.c:757->../sha3_256.c:10]   --->   Operation 12 'specpipeline' 'specpipeline_ln470' <Predicate = (!icmp_ln472)> <Delay = 0.00>
ST_1 : Operation 13 [1/1] (0.00ns)   --->   "%speclooptripcount_ln470 = speclooptripcount void @_ssdm_op_SpecLoopTripCount, i64 25, i64 25, i64 25" [../fips202.c:470->../fips202.c:757->../sha3_256.c:10]   --->   Operation 13 'speclooptripcount' 'speclooptripcount_ln470' <Predicate = (!icmp_ln472)> <Delay = 0.00>
ST_1 : Operation 14 [1/1] (0.00ns)   --->   "%specloopname_ln472 = specloopname void @_ssdm_op_SpecLoopName, void @empty_11" [../fips202.c:472->../fips202.c:757->../sha3_256.c:10]   --->   Operation 14 'specloopname' 'specloopname_ln472' <Predicate = (!icmp_ln472)> <Delay = 0.00>
ST_1 : Operation 15 [1/1] (0.00ns)   --->   "%s_addr = getelementptr i64 %s, i64 0, i64 %zext_ln472" [../fips202.c:473->../fips202.c:757->../sha3_256.c:10]   --->   Operation 15 'getelementptr' 's_addr' <Predicate = (!icmp_ln472)> <Delay = 0.00>
ST_1 : Operation 16 [1/1] ( I:3.25ns O:3.25ns )   --->   "%store_ln473 = store i64 0, i5 %s_addr" [../fips202.c:473->../fips202.c:757->../sha3_256.c:10]   --->   Operation 16 'store' 'store_ln473' <Predicate = (!icmp_ln472)> <Delay = 3.25> <CoreInst = "RAM">   --->   Core 81 'RAM' <Latency = 1> <II = 1> <Delay = 3.25> <Storage> <Opcode : 'load' 'store'> <Ports = 2> <Width = 64> <Depth = 25> <RAM>
ST_1 : Operation 17 [1/1] (1.58ns)   --->   "%store_ln470 = store i5 %add_ln472, i5 %i" [../fips202.c:470->../fips202.c:757->../sha3_256.c:10]   --->   Operation 17 'store' 'store_ln470' <Predicate = (!icmp_ln472)> <Delay = 1.58>
ST_1 : Operation 18 [1/1] (0.00ns)   --->   "%br_ln472 = br void %for.inc.i.i" [../fips202.c:472->../fips202.c:757->../sha3_256.c:10]   --->   Operation 18 'br' 'br_ln472' <Predicate = (!icmp_ln472)> <Delay = 0.00>
ST_1 : Operation 19 [1/1] (1.58ns)   --->   "%ret_ln0 = ret"   --->   Operation 19 'ret' 'ret_ln0' <Predicate = (icmp_ln472)> <Delay = 1.58>


============================================================
+ Verbose Summary: Timing violations
============================================================
Target clock period: 10.000ns, clock uncertainty: 2.700ns.

 <State 1>: 6.622ns
The critical path consists of the following:
	'store' operation 0 bit ('store_ln470', ../fips202.c:470->../fips202.c:757->../sha3_256.c:10) of constant 0 on local variable 'i', ../fips202.c:470->../fips202.c:757->../sha3_256.c:10 [3]  (1.588 ns)
	'load' operation 5 bit ('i', ../fips202.c:472->../fips202.c:757->../sha3_256.c:10) on local variable 'i', ../fips202.c:470->../fips202.c:757->../sha3_256.c:10 [6]  (0.000 ns)
	'icmp' operation 1 bit ('icmp_ln472', ../fips202.c:472->../fips202.c:757->../sha3_256.c:10) [7]  (1.780 ns)
	'store' operation 0 bit ('store_ln473', ../fips202.c:473->../fips202.c:757->../sha3_256.c:10) of constant 0 on array 's' [16]  (3.254 ns)


============================================================
+ Verbose Summary: Binding
============================================================
N/A
* FSMD analyzer results:
  - Output states:
 - Input state : 
  - Chain level:
	State 1


============================================================
+ Verbose Summary: Datapath Resource usage 
============================================================
N/A
