

================================================================
== Vitis HLS Report for 'example'
================================================================
* Date:           Fri Jul 11 11:47:10 2025

* Version:        2024.2 (Build 5238294 on Nov  8 2024)
* Project:        example
* Solution:       hls (Vivado IP Flow Target)
* Product family: azynq
* Target device:  xa7z010-clg225-1I


================================================================
== Performance Estimates
================================================================
+ Timing: 
    * Summary: 
    +--------+----------+----------+------------+
    |  Clock |  Target  | Estimated| Uncertainty|
    +--------+----------+----------+------------+
    |ap_clk  |  10.00 ns|  5.669 ns|     2.70 ns|
    +--------+----------+----------+------------+

+ Latency: 
    * Summary: 
    +---------+---------+----------+----------+-----+-----+---------+
    |  Latency (cycles) |  Latency (absolute) |  Interval | Pipeline|
    |   min   |   max   |    min   |    max   | min | max |   Type  |
    +---------+---------+----------+----------+-----+-----+---------+
    |        0|        0|      0 ns|      0 ns|    1|    1|       no|
    +---------+---------+----------+----------+-----+-----+---------+

    + Detail: 
        * Instance: 
        N/A

        * Loop: 
        N/A

============================================================
+ Verbose Summary: Synthesis Manager
============================================================
InlineROM: 1
ExposeGlobal: 0
============================================================
+ Verbose Summary: CDFG Model
============================================================
IsTopModel: 1
ResetActiveHigh: 1
IsCombinational: 0
IsDatapathOnly: 0
HasWiredReturn: 1
HasMFsm: 0
HasVarLatency: 0
IsPipeline: 0
IsRtlPipelined: 0
IsInstanceOverlapped: 0
IsDontTouch: 0
HasImplIP: 0
IsGatedGlobalClock: 0


============================================================
+ Verbose Summary: Schedule
============================================================
* Number of FSM states : 1
* Pipeline : 0
* Dataflow Pipeline: 0

* FSM state transitions: 
1 --> 

* FSM state operations: 

State 1 <SV = 0> <Delay = 5.66>
ST_1 : Operation 2 [1/1] (0.00ns)   --->   "%spectopmodule_ln3 = spectopmodule void @_ssdm_op_SpecTopModule, void @empty_7" [../adder.cpp:3]   --->   Operation 2 'spectopmodule' 'spectopmodule_ln3' <Predicate = true> <Delay = 0.00>
ST_1 : Operation 3 [1/1] (0.00ns)   --->   "%specbitsmap_ln0 = specbitsmap void @_ssdm_op_SpecBitsMap, i8 %a"   --->   Operation 3 'specbitsmap' 'specbitsmap_ln0' <Predicate = true> <Delay = 0.00>
ST_1 : Operation 4 [1/1] (0.00ns)   --->   "%specinterface_ln0 = specinterface void @_ssdm_op_SpecInterface, i8 %a, void @empty, i32 4294967295, i32 4294967295, void @empty_0, i32 0, i32 0, void @empty_1, void @empty_2, void @empty_3, i32 0, i32 0, i32 0, i32 0, void @empty_3, void @empty_3, i32 4294967295, i32 0, i32 0"   --->   Operation 4 'specinterface' 'specinterface_ln0' <Predicate = true> <Delay = 0.00>
ST_1 : Operation 5 [1/1] (0.00ns)   --->   "%specinterface_ln0 = specinterface void @_ssdm_op_SpecInterface, i8 %a, void @empty_4, i32 4294967295, i32 4294967295, void @empty_3, i32 0, i32 0, void @empty_3, void @empty_3, void @empty_3, i32 0, i32 0, i32 0, i32 0, void @empty_3, void @empty_3, i32 4294967295, i32 0, i32 0"   --->   Operation 5 'specinterface' 'specinterface_ln0' <Predicate = true> <Delay = 0.00>
ST_1 : Operation 6 [1/1] (0.00ns)   --->   "%specbitsmap_ln0 = specbitsmap void @_ssdm_op_SpecBitsMap, i8 %b"   --->   Operation 6 'specbitsmap' 'specbitsmap_ln0' <Predicate = true> <Delay = 0.00>
ST_1 : Operation 7 [1/1] (0.00ns)   --->   "%specinterface_ln0 = specinterface void @_ssdm_op_SpecInterface, i8 %b, void @empty, i32 4294967295, i32 4294967295, void @empty_0, i32 0, i32 0, void @empty_1, void @empty_5, void @empty_3, i32 0, i32 0, i32 0, i32 0, void @empty_3, void @empty_3, i32 4294967295, i32 0, i32 0"   --->   Operation 7 'specinterface' 'specinterface_ln0' <Predicate = true> <Delay = 0.00>
ST_1 : Operation 8 [1/1] (0.00ns)   --->   "%specinterface_ln0 = specinterface void @_ssdm_op_SpecInterface, i8 %b, void @empty_4, i32 4294967295, i32 4294967295, void @empty_3, i32 0, i32 0, void @empty_3, void @empty_3, void @empty_3, i32 0, i32 0, i32 0, i32 0, void @empty_3, void @empty_3, i32 4294967295, i32 0, i32 0"   --->   Operation 8 'specinterface' 'specinterface_ln0' <Predicate = true> <Delay = 0.00>
ST_1 : Operation 9 [1/1] (0.00ns)   --->   "%specbitsmap_ln0 = specbitsmap void @_ssdm_op_SpecBitsMap, i8 %c"   --->   Operation 9 'specbitsmap' 'specbitsmap_ln0' <Predicate = true> <Delay = 0.00>
ST_1 : Operation 10 [1/1] (0.00ns)   --->   "%specinterface_ln0 = specinterface void @_ssdm_op_SpecInterface, i8 %c, void @empty, i32 4294967295, i32 4294967295, void @empty_0, i32 0, i32 0, void @empty_1, void @empty_6, void @empty_3, i32 0, i32 0, i32 0, i32 0, void @empty_3, void @empty_3, i32 4294967295, i32 0, i32 0"   --->   Operation 10 'specinterface' 'specinterface_ln0' <Predicate = true> <Delay = 0.00>
ST_1 : Operation 11 [1/1] (0.00ns)   --->   "%specinterface_ln0 = specinterface void @_ssdm_op_SpecInterface, i8 %c, void @empty_4, i32 4294967295, i32 4294967295, void @empty_3, i32 0, i32 0, void @empty_3, void @empty_3, void @empty_3, i32 0, i32 0, i32 0, i32 0, void @empty_3, void @empty_3, i32 4294967295, i32 0, i32 0"   --->   Operation 11 'specinterface' 'specinterface_ln0' <Predicate = true> <Delay = 0.00>
ST_1 : Operation 12 [1/1] (0.00ns)   --->   "%specinterface_ln0 = specinterface void @_ssdm_op_SpecInterface, i32 0, void @empty, i32 0, i32 0, void @empty_3, i32 0, i32 0, void @empty_1, void @empty_3, void @empty_3, i32 0, i32 0, i32 0, i32 0, void @empty_3, void @empty_3, i32 4294967295, i32 0, i32 0"   --->   Operation 12 'specinterface' 'specinterface_ln0' <Predicate = true> <Delay = 0.00>
ST_1 : Operation 13 [1/1] (1.00ns)   --->   "%a_read = read i8 @_ssdm_op_Read.s_axilite.i8P0A, i8 %a" [../adder.cpp:10]   --->   Operation 13 'read' 'a_read' <Predicate = true> <Delay = 1.00> <CoreInst = "s_axilite">   --->   Core 112 's_axilite' <Latency = 0> <II = 1> <Delay = 1.00> <Adapter> <Opcode : 'read' 'write'>
ST_1 : Operation 14 [1/1] (1.00ns)   --->   "%b_read = read i8 @_ssdm_op_Read.s_axilite.i8P0A, i8 %b" [../adder.cpp:10]   --->   Operation 14 'read' 'b_read' <Predicate = true> <Delay = 1.00> <CoreInst = "s_axilite">   --->   Core 112 's_axilite' <Latency = 0> <II = 1> <Delay = 1.00> <Adapter> <Opcode : 'read' 'write'>
ST_1 : Operation 15 [1/1] (1.00ns)   --->   "%c_read = read i8 @_ssdm_op_Read.s_axilite.i8P0A, i8 %c" [../adder.cpp:10]   --->   Operation 15 'read' 'c_read' <Predicate = true> <Delay = 1.00> <CoreInst = "s_axilite">   --->   Core 112 's_axilite' <Latency = 0> <II = 1> <Delay = 1.00> <Adapter> <Opcode : 'read' 'write'>
ST_1 : Operation 16 [1/1] (0.00ns) (grouped into TernaryAdder)   --->   "%add_ln10 = add i8 %a_read, i8 %c_read" [../adder.cpp:10]   --->   Operation 16 'add' 'add_ln10' <Predicate = true> <Delay = 0.00> <CoreInst = "TAddSub">   --->   Core 10 'TAddSub' <Latency = 0> <II = 1> <Delay = 1.83> <IPBlock> <Opcode : '' 'add' 'sub'> <InPorts = 3> <OutPorts = 1> <Sync> <CReg>
ST_1 : Operation 17 [1/1] (3.66ns) (root node of TernaryAdder)   --->   "%add_ln10_1 = add i8 %add_ln10, i8 %b_read" [../adder.cpp:10]   --->   Operation 17 'add' 'add_ln10_1' <Predicate = true> <Delay = 3.66> <CoreInst = "TAddSub">   --->   Core 10 'TAddSub' <Latency = 0> <II = 1> <Delay = 1.83> <IPBlock> <Opcode : '' 'add' 'sub'> <InPorts = 3> <OutPorts = 1> <Sync> <CReg>
ST_1 : Operation 18 [1/1] (1.00ns)   --->   "%write_ln10 = write void @_ssdm_op_Write.s_axilite.i8P0A, i8 %c, i8 %add_ln10_1" [../adder.cpp:10]   --->   Operation 18 'write' 'write_ln10' <Predicate = true> <Delay = 1.00> <CoreInst = "s_axilite">   --->   Core 112 's_axilite' <Latency = 0> <II = 1> <Delay = 1.00> <Adapter> <Opcode : 'read' 'write'>
ST_1 : Operation 19 [1/1] (0.00ns)   --->   "%ret_ln11 = ret" [../adder.cpp:11]   --->   Operation 19 'ret' 'ret_ln11' <Predicate = true> <Delay = 0.00>


============================================================
+ Verbose Summary: Binding
============================================================
STG Binding: 
---------------- STG Properties BEGIN ----------------
- Is combinational: 1
- Is one-state seq: 0
- Is datapath-only: 0
- Is pipelined: 0
- Is top level: 1
Port [ Return ] is wired: 1; IO mode=ap_ctrl_hs:ce=0
Port [ a]:  wired=1; compound=0; hidden=0; nouse=0; global=0; static=0; extern=0; dir=0; type=0; pingpong=0; private_global=0; IO mode=ap_none:ce=0
Port [ b]:  wired=1; compound=0; hidden=0; nouse=0; global=0; static=0; extern=0; dir=0; type=0; pingpong=0; private_global=0; IO mode=ap_none:ce=0
Port [ c]:  wired=1; compound=0; hidden=0; nouse=0; global=0; static=0; extern=0; dir=2; type=0; pingpong=0; private_global=0; IO mode=ap_ovld:ce=0
---------------- STG Properties END ------------------

---------------- Datapath Model BEGIN ----------------

<LifeTime>
<method=bitvector/>
spectopmodule_ln3 (spectopmodule) [ 00]
specbitsmap_ln0   (specbitsmap  ) [ 00]
specinterface_ln0 (specinterface) [ 00]
specinterface_ln0 (specinterface) [ 00]
specbitsmap_ln0   (specbitsmap  ) [ 00]
specinterface_ln0 (specinterface) [ 00]
specinterface_ln0 (specinterface) [ 00]
specbitsmap_ln0   (specbitsmap  ) [ 00]
specinterface_ln0 (specinterface) [ 00]
specinterface_ln0 (specinterface) [ 00]
specinterface_ln0 (specinterface) [ 00]
a_read            (read         ) [ 00]
b_read            (read         ) [ 00]
c_read            (read         ) [ 00]
add_ln10          (add          ) [ 00]
add_ln10_1        (add          ) [ 00]
write_ln10        (write        ) [ 00]
ret_ln11          (ret          ) [ 00]
</LifeTime>

<model>

<comp_list>
<comp id="0" class="1000" name="a">
<pin_list>
<pin id="1" dir="1" index="0" bw="1" slack="0"/>
</pin_list>
<bind>
<StgValue><ssdm name="a"/></StgValue>
</bind>
</comp>

<comp id="2" class="1000" name="b">
<pin_list>
<pin id="3" dir="1" index="0" bw="1" slack="0"/>
</pin_list>
<bind>
<StgValue><ssdm name="b"/></StgValue>
</bind>
</comp>

<comp id="4" class="1000" name="c">
<pin_list>
<pin id="5" dir="1" index="0" bw="1" slack="0"/>
</pin_list>
<bind>
<StgValue><ssdm name="c"/></StgValue>
</bind>
</comp>

<comp id="6" class="1001" name="const_6">
<pin_list>
<pin id="7" dir="1" index="0" bw="1" slack="2147483647"/>
</pin_list>
<bind>
<StgValue><ssdm name="_ssdm_op_SpecTopModule"/></StgValue>
</bind>
</comp>

<comp id="8" class="1001" name="const_8">
<pin_list>
<pin id="9" dir="1" index="0" bw="1" slack="2147483647"/>
</pin_list>
<bind>
<StgValue><ssdm name="empty_7"/></StgValue>
</bind>
</comp>

<comp id="10" class="1001" name="const_10">
<pin_list>
<pin id="11" dir="1" index="0" bw="1" slack="2147483647"/>
</pin_list>
<bind>
<StgValue><ssdm name="_ssdm_op_SpecBitsMap"/></StgValue>
</bind>
</comp>

<comp id="12" class="1001" name="const_12">
<pin_list>
<pin id="13" dir="1" index="0" bw="1" slack="2147483647"/>
</pin_list>
<bind>
<StgValue><ssdm name="_ssdm_op_SpecInterface"/></StgValue>
</bind>
</comp>

<comp id="14" class="1001" name="const_14">
<pin_list>
<pin id="15" dir="1" index="0" bw="1" slack="2147483647"/>
</pin_list>
<bind>
<StgValue><ssdm name="empty"/></StgValue>
</bind>
</comp>

<comp id="16" class="1001" name="const_16">
<pin_list>
<pin id="17" dir="1" index="0" bw="1" slack="2147483647"/>
</pin_list>
<bind>
<StgValue><ssdm name=""/></StgValue>
</bind>
</comp>

<comp id="18" class="1001" name="const_18">
<pin_list>
<pin id="19" dir="1" index="0" bw="1" slack="2147483647"/>
</pin_list>
<bind>
<StgValue><ssdm name="empty_0"/></StgValue>
</bind>
</comp>

<comp id="20" class="1001" name="const_20">
<pin_list>
<pin id="21" dir="1" index="0" bw="1" slack="2147483647"/>
</pin_list>
<bind>
<StgValue><ssdm name=""/></StgValue>
</bind>
</comp>

<comp id="22" class="1001" name="const_22">
<pin_list>
<pin id="23" dir="1" index="0" bw="1" slack="2147483647"/>
</pin_list>
<bind>
<StgValue><ssdm name="empty_1"/></StgValue>
</bind>
</comp>

<comp id="24" class="1001" name="const_24">
<pin_list>
<pin id="25" dir="1" index="0" bw="1" slack="2147483647"/>
</pin_list>
<bind>
<StgValue><ssdm name="empty_2"/></StgValue>
</bind>
</comp>

<comp id="26" class="1001" name="const_26">
<pin_list>
<pin id="27" dir="1" index="0" bw="1" slack="2147483647"/>
</pin_list>
<bind>
<StgValue><ssdm name="empty_3"/></StgValue>
</bind>
</comp>

<comp id="28" class="1001" name="const_28">
<pin_list>
<pin id="29" dir="1" index="0" bw="1" slack="2147483647"/>
</pin_list>
<bind>
<StgValue><ssdm name="empty_4"/></StgValue>
</bind>
</comp>

<comp id="30" class="1001" name="const_30">
<pin_list>
<pin id="31" dir="1" index="0" bw="1" slack="2147483647"/>
</pin_list>
<bind>
<StgValue><ssdm name="empty_5"/></StgValue>
</bind>
</comp>

<comp id="32" class="1001" name="const_32">
<pin_list>
<pin id="33" dir="1" index="0" bw="1" slack="2147483647"/>
</pin_list>
<bind>
<StgValue><ssdm name="empty_6"/></StgValue>
</bind>
</comp>

<comp id="34" class="1001" name="const_34">
<pin_list>
<pin id="35" dir="1" index="0" bw="1" slack="0"/>
</pin_list>
<bind>
<StgValue><ssdm name="_ssdm_op_Read.s_axilite.i8P0A"/></StgValue>
</bind>
</comp>

<comp id="36" class="1001" name="const_36">
<pin_list>
<pin id="37" dir="1" index="0" bw="1" slack="0"/>
</pin_list>
<bind>
<StgValue><ssdm name="_ssdm_op_Write.s_axilite.i8P0A"/></StgValue>
</bind>
</comp>

<comp id="38" class="1004" name="a_read_read_fu_38">
<pin_list>
<pin id="39" dir="0" index="0" bw="8" slack="0"/>
<pin id="40" dir="0" index="1" bw="8" slack="0"/>
<pin id="41" dir="1" index="2" bw="8" slack="0"/>
</pin_list>
<bind>
<opcode="read(1150) " fcode="read"/>
<opset="a_read/1 "/>
</bind>
</comp>

<comp id="44" class="1004" name="b_read_read_fu_44">
<pin_list>
<pin id="45" dir="0" index="0" bw="8" slack="0"/>
<pin id="46" dir="0" index="1" bw="8" slack="0"/>
<pin id="47" dir="1" index="2" bw="8" slack="0"/>
</pin_list>
<bind>
<opcode="read(1150) " fcode="read"/>
<opset="b_read/1 "/>
</bind>
</comp>

<comp id="50" class="1004" name="c_read_read_fu_50">
<pin_list>
<pin id="51" dir="0" index="0" bw="8" slack="0"/>
<pin id="52" dir="0" index="1" bw="8" slack="0"/>
<pin id="53" dir="1" index="2" bw="8" slack="0"/>
</pin_list>
<bind>
<opcode="read(1150) " fcode="read"/>
<opset="c_read/1 "/>
</bind>
</comp>

<comp id="56" class="1004" name="write_ln10_write_fu_56">
<pin_list>
<pin id="57" dir="0" index="0" bw="0" slack="0"/>
<pin id="58" dir="0" index="1" bw="8" slack="0"/>
<pin id="59" dir="0" index="2" bw="8" slack="0"/>
<pin id="60" dir="1" index="3" bw="0" slack="2147483647"/>
</pin_list>
<bind>
<opcode="write(1151) " fcode="write"/>
<opset="write_ln10/1 "/>
</bind>
</comp>

<comp id="63" class="1004" name="add_ln10_fu_63">
<pin_list>
<pin id="64" dir="0" index="0" bw="8" slack="0"/>
<pin id="65" dir="0" index="1" bw="8" slack="0"/>
<pin id="66" dir="1" index="2" bw="8" slack="0"/>
</pin_list>
<bind>
<opcode="add(8) " fcode="add"/>
<opset="add_ln10/1 "/>
</bind>
</comp>

<comp id="69" class="1004" name="add_ln10_1_fu_69">
<pin_list>
<pin id="70" dir="0" index="0" bw="8" slack="0"/>
<pin id="71" dir="0" index="1" bw="8" slack="0"/>
<pin id="72" dir="1" index="2" bw="8" slack="0"/>
</pin_list>
<bind>
<opcode="add(8) " fcode="add"/>
<opset="add_ln10_1/1 "/>
</bind>
</comp>

</comp_list>

<net_list>
<net id="42"><net_src comp="34" pin="0"/><net_sink comp="38" pin=0"/></net>

<net id="43"><net_src comp="0" pin="0"/><net_sink comp="38" pin=1"/></net>

<net id="48"><net_src comp="34" pin="0"/><net_sink comp="44" pin=0"/></net>

<net id="49"><net_src comp="2" pin="0"/><net_sink comp="44" pin=1"/></net>

<net id="54"><net_src comp="34" pin="0"/><net_sink comp="50" pin=0"/></net>

<net id="55"><net_src comp="4" pin="0"/><net_sink comp="50" pin=1"/></net>

<net id="61"><net_src comp="36" pin="0"/><net_sink comp="56" pin=0"/></net>

<net id="62"><net_src comp="4" pin="0"/><net_sink comp="56" pin=1"/></net>

<net id="67"><net_src comp="38" pin="2"/><net_sink comp="63" pin=0"/></net>

<net id="68"><net_src comp="50" pin="2"/><net_sink comp="63" pin=1"/></net>

<net id="73"><net_src comp="63" pin="2"/><net_sink comp="69" pin=0"/></net>

<net id="74"><net_src comp="44" pin="2"/><net_sink comp="69" pin=1"/></net>

<net id="75"><net_src comp="69" pin="2"/><net_sink comp="56" pin=2"/></net>

</net_list>

</model> 
---------------- Datapath Model END ------------------

* FSMD analyzer results:
  - Output states:
	Port: c | {1 }
 - Input state : 
	Port: example : a | {1 }
	Port: example : b | {1 }
	Port: example : c | {1 }
  - Chain level:
	State 1
		add_ln10_1 : 1
		write_ln10 : 2


============================================================
+ Verbose Summary: Datapath Resource usage 
============================================================

* Functional unit list:
|----------|------------------------|---------|---------|
| Operation|     Functional Unit    |    FF   |   LUT   |
|----------|------------------------|---------|---------|
|    add   |     add_ln10_fu_63     |    0    |    8    |
|          |    add_ln10_1_fu_69    |    0    |    8    |
|----------|------------------------|---------|---------|
|          |    a_read_read_fu_38   |    0    |    0    |
|   read   |    b_read_read_fu_44   |    0    |    0    |
|          |    c_read_read_fu_50   |    0    |    0    |
|----------|------------------------|---------|---------|
|   write  | write_ln10_write_fu_56 |    0    |    0    |
|----------|------------------------|---------|---------|
|   Total  |                        |    0    |    16   |
|----------|------------------------|---------|---------|

Memories:
N/A

* Register list:
N/A

* Multiplexer (MUX) list: 
|--------|------|------|------|--------|
|  Comp  |  Pin | Size |  BW  | S x BW |
|--------|------|------|------|--------|
|  Total |      |      |      |    0   |
|--------|------|------|------|--------|



* Summary:
+-----------+--------+--------+
|           |   FF   |   LUT  |
+-----------+--------+--------+
|  Function |    0   |   16   |
|   Memory  |    -   |    -   |
|Multiplexer|    -   |    -   |
|  Register |    -   |    -   |
+-----------+--------+--------+
|   Total   |    0   |   16   |
+-----------+--------+--------+
