Tue Aug  5 20:50:24 2025: Running xcd server. This server was built by gradle.
Tue Aug  5 20:50:24 2025: Server was asked to start on port: '36237'
Tue Aug  5 20:50:24 2025: Server is using token UUID: '5e70916c-71f2-11f0-a62a-d93ee7b70595'
Tue Aug  5 20:50:24 2025: SESSION_MGR: creating session with session uuid: '6d04a3e9-ade5-4ab9-8d63-1f78fcd2ec76' and name 'default'
Tue Aug  5 20:50:24 2025: Attempting to start server on port '36237'
Tue Aug  5 20:50:24 2025: XCD main fifo: created main fifo '/tmp/xcdmain5e70916c-71f2-11f0-a62a-d93ee7b70595', fd read = 11
Tue Aug  5 20:50:24 2025: Running Dispatch Server
Tue Aug  5 20:50:24 2025: Version 2.2.0
Tue Aug  5 20:50:26 2025: Dispatch Server: Accepted socket connection from client
Tue Aug  5 20:50:26 2025: Starting Socket connection
Tue Aug  5 20:50:26 2025: EXCHANGE_TOKEN received, server token: 5e70916c-71f2-11f0-a62a-d93ee7b70595, passed token: 5e70916c-71f2-11f0-a62a-d93ee7b70595
Tue Aug  5 20:50:26 2025: SESSION_MGR: creating session with session uuid: '643c8343-bca2-4434-8ace-414b325c8e6f' and name 'Code Analyzer'
Tue Aug  5 20:50:26 2025: KERNEL_SVC: creating session with uuid: '643c8343-bca2-4434-8ace-414b325c8e6f' and name 'Code Analyzer'
Tue Aug  5 20:50:26 2025: GUIDANCE_SMGR: creating guidance session with uuid: '643c8343-bca2-4434-8ace-414b325c8e6f' and name 'Code Analyzer'
Tue Aug  5 20:50:26 2025: SESSION_MGR: closing session for UUID '643c8343-bca2-4434-8ace-414b325c8e6f' with name ''
Tue Aug  5 20:50:26 2025: KERNEL_SVC: closing session for UUID '643c8343-bca2-4434-8ace-414b325c8e6f' with name ''
Tue Aug  5 20:50:26 2025: GUIDANCE_SMGR: closing session for UUID '643c8343-bca2-4434-8ace-414b325c8e6f' with name ''
Tue Aug  5 20:50:26 2025: STOP_SERVER received, server token: 5e70916c-71f2-11f0-a62a-d93ee7b70595, passed token: 5e70916c-71f2-11f0-a62a-d93ee7b70595
Tue Aug  5 20:50:26 2025: Socket received request to stop server.
Tue Aug  5 20:50:26 2025: Dispatch Server: do_await_stop
Tue Aug  5 20:50:26 2025: Dispatch Server: stopping mainFifo_
Tue Aug  5 20:50:26 2025: XCD main fifo: Stopping
Tue Aug  5 20:50:26 2025: XCD main fifo: do_read error code: Operation canceled
Tue Aug  5 20:50:26 2025: XCD main fifo: bytes_transferred: 0
Tue Aug  5 20:50:26 2025: SERVER: destructor for server bound to port 36237
Tue Aug  5 20:50:26 2025: XCD main fifo: Good unlink of /tmp/xcdmain5e70916c-71f2-11f0-a62a-d93ee7b70595
Tue Aug  5 20:50:26 2025: Server exiting with status 0.
Tue Aug  5 20:50:26 2025: Closing log file.
Tue Aug  5 20:51:36 2025: Running xcd server. This server was built by gradle.
Tue Aug  5 20:51:36 2025: Server was asked to start on port: '49187'
Tue Aug  5 20:51:36 2025: Server is using token UUID: '898a5bc6-71f2-11f0-a62a-d93ee7b70595'
Tue Aug  5 20:51:36 2025: SESSION_MGR: creating session with session uuid: '6d04a3e9-ade5-4ab9-8d63-1f78fcd2ec76' and name 'default'
Tue Aug  5 20:51:36 2025: Attempting to start server on port '49187'
Tue Aug  5 20:51:36 2025: XCD main fifo: created main fifo '/tmp/xcdmain898a5bc6-71f2-11f0-a62a-d93ee7b70595', fd read = 11
Tue Aug  5 20:51:36 2025: Running Dispatch Server
Tue Aug  5 20:51:36 2025: Version 2.2.0
Tue Aug  5 20:51:38 2025: Dispatch Server: Accepted socket connection from client
Tue Aug  5 20:51:38 2025: Starting Socket connection
Tue Aug  5 20:51:38 2025: EXCHANGE_TOKEN received, server token: 898a5bc6-71f2-11f0-a62a-d93ee7b70595, passed token: 898a5bc6-71f2-11f0-a62a-d93ee7b70595
Tue Aug  5 20:51:38 2025: SESSION_MGR: creating session with session uuid: '36888456-b54e-4760-b3e7-7e734f76c3c6' and name 'Code Analyzer'
Tue Aug  5 20:51:38 2025: KERNEL_SVC: creating session with uuid: '36888456-b54e-4760-b3e7-7e734f76c3c6' and name 'Code Analyzer'
Tue Aug  5 20:51:38 2025: GUIDANCE_SMGR: creating guidance session with uuid: '36888456-b54e-4760-b3e7-7e734f76c3c6' and name 'Code Analyzer'
Tue Aug  5 20:51:44 2025: SESSION_MGR: closing session for UUID '36888456-b54e-4760-b3e7-7e734f76c3c6' with name ''
Tue Aug  5 20:51:44 2025: KERNEL_SVC: closing session for UUID '36888456-b54e-4760-b3e7-7e734f76c3c6' with name ''
Tue Aug  5 20:51:44 2025: GUIDANCE_SMGR: closing session for UUID '36888456-b54e-4760-b3e7-7e734f76c3c6' with name ''
Tue Aug  5 20:51:44 2025: STOP_SERVER received, server token: 898a5bc6-71f2-11f0-a62a-d93ee7b70595, passed token: 898a5bc6-71f2-11f0-a62a-d93ee7b70595
Tue Aug  5 20:51:44 2025: Socket received request to stop server.
Tue Aug  5 20:51:44 2025: Dispatch Server: do_await_stop
Tue Aug  5 20:51:44 2025: Dispatch Server: stopping mainFifo_
Tue Aug  5 20:51:44 2025: XCD main fifo: Stopping
Tue Aug  5 20:51:44 2025: XCD main fifo: do_read error code: Operation canceled
Tue Aug  5 20:51:44 2025: XCD main fifo: bytes_transferred: 0
Tue Aug  5 20:51:44 2025: SERVER: destructor for server bound to port 49187
Tue Aug  5 20:51:44 2025: XCD main fifo: Good unlink of /tmp/xcdmain898a5bc6-71f2-11f0-a62a-d93ee7b70595
Tue Aug  5 20:51:44 2025: Server exiting with status 0.
Tue Aug  5 20:51:44 2025: Closing log file.
Wed Aug  6 13:46:26 2025: Running xcd server. This server was built by gradle.
Wed Aug  6 13:46:26 2025: Server was asked to start on port: '39071'
Wed Aug  6 13:46:26 2025: Server is using token UUID: '4e847d34-7280-11f0-a62a-d93ee7b70595'
Wed Aug  6 13:46:26 2025: SESSION_MGR: creating session with session uuid: '6d04a3e9-ade5-4ab9-8d63-1f78fcd2ec76' and name 'default'
Wed Aug  6 13:46:26 2025: Attempting to start server on port '39071'
Wed Aug  6 13:46:26 2025: XCD main fifo: created main fifo '/tmp/xcdmain4e847d34-7280-11f0-a62a-d93ee7b70595', fd read = 11
Wed Aug  6 13:46:26 2025: Running Dispatch Server
Wed Aug  6 13:46:26 2025: Version 2.2.0
Wed Aug  6 13:46:26 2025: Dispatch Server: Accepted socket connection from client
Wed Aug  6 13:46:26 2025: Starting Socket connection
Wed Aug  6 13:46:26 2025: EXCHANGE_TOKEN received, server token: 4e847d34-7280-11f0-a62a-d93ee7b70595, passed token: 4e847d34-7280-11f0-a62a-d93ee7b70595
Wed Aug  6 13:46:26 2025: SESSION_MGR: creating session with session uuid: '58451311-64d2-45b3-95d9-9dc92147858e' and name 'Code Analyzer'
Wed Aug  6 13:46:26 2025: KERNEL_SVC: creating session with uuid: '58451311-64d2-45b3-95d9-9dc92147858e' and name 'Code Analyzer'
Wed Aug  6 13:46:26 2025: GUIDANCE_SMGR: creating guidance session with uuid: '58451311-64d2-45b3-95d9-9dc92147858e' and name 'Code Analyzer'
Wed Aug  6 13:46:34 2025: SESSION_MGR: closing session for UUID '58451311-64d2-45b3-95d9-9dc92147858e' with name ''
Wed Aug  6 13:46:34 2025: KERNEL_SVC: closing session for UUID '58451311-64d2-45b3-95d9-9dc92147858e' with name ''
Wed Aug  6 13:46:34 2025: GUIDANCE_SMGR: closing session for UUID '58451311-64d2-45b3-95d9-9dc92147858e' with name ''
Wed Aug  6 13:46:34 2025: STOP_SERVER received, server token: 4e847d34-7280-11f0-a62a-d93ee7b70595, passed token: 4e847d34-7280-11f0-a62a-d93ee7b70595
Wed Aug  6 13:46:34 2025: Socket received request to stop server.
Wed Aug  6 13:46:34 2025: Dispatch Server: do_await_stop
Wed Aug  6 13:46:34 2025: Dispatch Server: stopping mainFifo_
Wed Aug  6 13:46:34 2025: XCD main fifo: Stopping
Wed Aug  6 13:46:34 2025: XCD main fifo: do_read error code: Operation canceled
Wed Aug  6 13:46:34 2025: XCD main fifo: bytes_transferred: 0
Wed Aug  6 13:46:34 2025: SERVER: destructor for server bound to port 39071
Wed Aug  6 13:46:34 2025: XCD main fifo: Good unlink of /tmp/xcdmain4e847d34-7280-11f0-a62a-d93ee7b70595
Wed Aug  6 13:46:34 2025: Server exiting with status 0.
Wed Aug  6 13:46:34 2025: Closing log file.
Wed Aug  6 15:37:08 2025: Running xcd server. This server was built by gradle.
Wed Aug  6 15:37:08 2025: Server was asked to start on port: '39087'
Wed Aug  6 15:37:08 2025: Server is using token UUID: 'c57a8a3c-728f-11f0-a62a-d93ee7b70595'
Wed Aug  6 15:37:08 2025: SESSION_MGR: creating session with session uuid: '6d04a3e9-ade5-4ab9-8d63-1f78fcd2ec76' and name 'default'
Wed Aug  6 15:37:08 2025: Attempting to start server on port '39087'
Wed Aug  6 15:37:08 2025: XCD main fifo: created main fifo '/tmp/xcdmainc57a8a3c-728f-11f0-a62a-d93ee7b70595', fd read = 11
Wed Aug  6 15:37:08 2025: Running Dispatch Server
Wed Aug  6 15:37:08 2025: Version 2.2.0
Wed Aug  6 15:37:08 2025: Dispatch Server: Accepted socket connection from client
Wed Aug  6 15:37:08 2025: Starting Socket connection
Wed Aug  6 15:37:08 2025: EXCHANGE_TOKEN received, server token: c57a8a3c-728f-11f0-a62a-d93ee7b70595, passed token: c57a8a3c-728f-11f0-a62a-d93ee7b70595
Wed Aug  6 15:37:08 2025: SESSION_MGR: creating session with session uuid: '90661566-6a7e-4d64-b392-09c3c92dc3ca' and name 'Code Analyzer'
Wed Aug  6 15:37:08 2025: KERNEL_SVC: creating session with uuid: '90661566-6a7e-4d64-b392-09c3c92dc3ca' and name 'Code Analyzer'
Wed Aug  6 15:37:08 2025: GUIDANCE_SMGR: creating guidance session with uuid: '90661566-6a7e-4d64-b392-09c3c92dc3ca' and name 'Code Analyzer'
Wed Aug  6 15:37:17 2025: SESSION_MGR: closing session for UUID '90661566-6a7e-4d64-b392-09c3c92dc3ca' with name ''
Wed Aug  6 15:37:17 2025: KERNEL_SVC: closing session for UUID '90661566-6a7e-4d64-b392-09c3c92dc3ca' with name ''
Wed Aug  6 15:37:17 2025: GUIDANCE_SMGR: closing session for UUID '90661566-6a7e-4d64-b392-09c3c92dc3ca' with name ''
Wed Aug  6 15:37:17 2025: STOP_SERVER received, server token: c57a8a3c-728f-11f0-a62a-d93ee7b70595, passed token: c57a8a3c-728f-11f0-a62a-d93ee7b70595
Wed Aug  6 15:37:17 2025: Socket received request to stop server.
Wed Aug  6 15:37:17 2025: Dispatch Server: do_await_stop
Wed Aug  6 15:37:17 2025: Dispatch Server: stopping mainFifo_
Wed Aug  6 15:37:17 2025: XCD main fifo: Stopping
Wed Aug  6 15:37:17 2025: XCD main fifo: do_read error code: Operation canceled
Wed Aug  6 15:37:17 2025: XCD main fifo: bytes_transferred: 0
Wed Aug  6 15:37:17 2025: SERVER: destructor for server bound to port 39087
Wed Aug  6 15:37:17 2025: XCD main fifo: Good unlink of /tmp/xcdmainc57a8a3c-728f-11f0-a62a-d93ee7b70595
Wed Aug  6 15:37:17 2025: Server exiting with status 0.
Wed Aug  6 15:37:17 2025: Closing log file.
