

================================================================
== Vitis HLS Report for 'dct_1d_1'
================================================================
* Date:           Wed Jul 23 16:03:59 2025

* Version:        2024.2 (Build 5238294 on Nov  8 2024)
* Project:        dct_hls_solution
* Solution:       hls (Vivado IP Flow Target)
* Product family: zynq
* Target device:  xc7z020-clg400-1


================================================================
== Performance Estimates
================================================================
+ Timing: 
    * Summary: 
    +--------+----------+----------+------------+
    |  Clock |  Target  | Estimated| Uncertainty|
    +--------+----------+----------+------------+
    |ap_clk  |  10.00 ns|  7.088 ns|     2.70 ns|
    +--------+----------+----------+------------+

+ Latency: 
    * Summary: 
    +---------+---------+-----------+-----------+-----+-----+---------+
    |  Latency (cycles) |   Latency (absolute)  |  Interval | Pipeline|
    |   min   |   max   |    min    |    max    | min | max |   Type  |
    +---------+---------+-----------+-----------+-----+-----+---------+
    |        9|        9|  90.000 ns|  90.000 ns|    4|    4|      yes|
    +---------+---------+-----------+-----------+-----+-----+---------+

    + Detail: 
        * Instance: 
        N/A

        * Loop: 
        N/A

============================================================
+ Verbose Summary: Synthesis Manager
============================================================
InlineROM: 1
ExposeGlobal: 0
============================================================
+ Verbose Summary: CDFG Model
============================================================
IsTopModel: 0
ResetActiveHigh: 1
IsCombinational: 0
IsDatapathOnly: 0
HasWiredReturn: 1
HasMFsm: 2
HasVarLatency: 0
IsPipeline: 1
IsRtlPipelined: 1
IsInstanceOverlapped: 0
IsDontTouch: 0
HasImplIP: 0
IsGatedGlobalClock: 0

+ Individual pipeline summary: 
  * Pipeline-0: initiation interval (II) = 4, depth = 10


============================================================
+ Verbose Summary: Schedule
============================================================
* Number of FSM states : 10
* Pipeline : 1
  Pipeline-0 : II = 4, D = 10, States = { 1 2 3 4 5 6 7 8 9 10 }
* Dataflow Pipeline: 0

* FSM state transitions: 
1 --> 2 
2 --> 3 
3 --> 4 
4 --> 5 
5 --> 6 
6 --> 7 
7 --> 8 
8 --> 9 
9 --> 10 
10 --> 

* FSM state operations: 

State 1 <SV = 0> <Delay = 6.36>
ST_1 : Operation 11 [1/1] (0.00ns)   --->   "%src_7_val_read = read i16 @_ssdm_op_Read.ap_auto.i16, i16 %src_7_val" [dct.cpp:8]   --->   Operation 11 'read' 'src_7_val_read' <Predicate = true> <Delay = 0.00>
ST_1 : Operation 12 [1/1] (0.00ns)   --->   "%src_6_val_read = read i16 @_ssdm_op_Read.ap_auto.i16, i16 %src_6_val" [dct.cpp:8]   --->   Operation 12 'read' 'src_6_val_read' <Predicate = true> <Delay = 0.00>
ST_1 : Operation 13 [1/1] (0.00ns)   --->   "%src_5_val_read = read i16 @_ssdm_op_Read.ap_auto.i16, i16 %src_5_val" [dct.cpp:8]   --->   Operation 13 'read' 'src_5_val_read' <Predicate = true> <Delay = 0.00>
ST_1 : Operation 14 [1/1] (0.00ns)   --->   "%src_4_val_read = read i16 @_ssdm_op_Read.ap_auto.i16, i16 %src_4_val" [dct.cpp:8]   --->   Operation 14 'read' 'src_4_val_read' <Predicate = true> <Delay = 0.00>
ST_1 : Operation 15 [1/1] (0.00ns)   --->   "%src_3_val_read = read i16 @_ssdm_op_Read.ap_auto.i16, i16 %src_3_val" [dct.cpp:8]   --->   Operation 15 'read' 'src_3_val_read' <Predicate = true> <Delay = 0.00>
ST_1 : Operation 16 [1/1] (0.00ns)   --->   "%src_2_val_read = read i16 @_ssdm_op_Read.ap_auto.i16, i16 %src_2_val" [dct.cpp:8]   --->   Operation 16 'read' 'src_2_val_read' <Predicate = true> <Delay = 0.00>
ST_1 : Operation 17 [1/1] (0.00ns)   --->   "%src_1_val_read = read i16 @_ssdm_op_Read.ap_auto.i16, i16 %src_1_val" [dct.cpp:8]   --->   Operation 17 'read' 'src_1_val_read' <Predicate = true> <Delay = 0.00>
ST_1 : Operation 18 [1/1] (0.00ns)   --->   "%src_0_val_read = read i16 @_ssdm_op_Read.ap_auto.i16, i16 %src_0_val" [dct.cpp:8]   --->   Operation 18 'read' 'src_0_val_read' <Predicate = true> <Delay = 0.00>
ST_1 : Operation 19 [1/1] (0.00ns)   --->   "%sext_ln24_3 = sext i16 %src_3_val_read" [dct.cpp:24]   --->   Operation 19 'sext' 'sext_ln24_3' <Predicate = true> <Delay = 0.00>
ST_1 : Operation 20 [1/1] (0.00ns)   --->   "%sext_ln11_1 = sext i16 %src_4_val_read" [dct.cpp:11]   --->   Operation 20 'sext' 'sext_ln11_1' <Predicate = true> <Delay = 0.00>
ST_1 : Operation 21 [1/1] (0.00ns)   --->   "%shl_ln = bitconcatenate i29 @_ssdm_op_BitConcatenate.i29.i16.i13, i16 %src_7_val_read, i13 0" [dct.cpp:24]   --->   Operation 21 'bitconcatenate' 'shl_ln' <Predicate = true> <Delay = 0.00>
ST_1 : Operation 22 [1/1] (2.07ns)   --->   "%tmp = add i16 %src_2_val_read, i16 %src_1_val_read" [dct.cpp:8]   --->   Operation 22 'add' 'tmp' <Predicate = true> <Delay = 2.07> <CoreInst = "Adder">   --->   Core 1 'Adder' <Latency = 0> <II = 1> <Delay = 2.07> <FuncUnit> <Opcode : 'add' 'sub'> <InPorts = 2> <OutPorts = 1>
ST_1 : Operation 23 [1/1] (0.00ns) (grouped into TernaryAdder)   --->   "%tmp1 = add i16 %src_5_val_read, i16 %src_6_val_read" [dct.cpp:8]   --->   Operation 23 'add' 'tmp1' <Predicate = true> <Delay = 0.00> <CoreInst = "TAddSub">   --->   Core 10 'TAddSub' <Latency = 0> <II = 1> <Delay = 2.14> <IPBlock> <Opcode : '' 'add' 'sub'> <InPorts = 3> <OutPorts = 1> <Sync> <CReg>
ST_1 : Operation 24 [1/1] (3.90ns) (root node of TernaryAdder)   --->   "%tmp218 = add i16 %tmp1, i16 %tmp" [dct.cpp:8]   --->   Operation 24 'add' 'tmp218' <Predicate = true> <Delay = 3.90> <CoreInst = "TAddSub">   --->   Core 10 'TAddSub' <Latency = 0> <II = 1> <Delay = 2.14> <IPBlock> <Opcode : '' 'add' 'sub'> <InPorts = 3> <OutPorts = 1> <Sync> <CReg>
ST_1 : Operation 25 [1/1] (0.00ns)   --->   "%tmp_4 = bitconcatenate i29 @_ssdm_op_BitConcatenate.i29.i16.i13, i16 %src_0_val_read, i13 4096" [dct.cpp:24]   --->   Operation 25 'bitconcatenate' 'tmp_4' <Predicate = true> <Delay = 0.00>
ST_1 : Operation 26 [1/1] (2.07ns)   --->   "%tmp5716 = add i16 %src_4_val_read, i16 %src_3_val_read" [dct.cpp:8]   --->   Operation 26 'add' 'tmp5716' <Predicate = true> <Delay = 2.07> <CoreInst = "Adder">   --->   Core 1 'Adder' <Latency = 0> <II = 1> <Delay = 2.07> <FuncUnit> <Opcode : 'add' 'sub'> <InPorts = 2> <OutPorts = 1>
ST_1 : Operation 27 [1/1] (0.00ns)   --->   "%tmp6 = bitconcatenate i29 @_ssdm_op_BitConcatenate.i29.i16.i13, i16 %tmp5716, i13 0" [dct.cpp:8]   --->   Operation 27 'bitconcatenate' 'tmp6' <Predicate = true> <Delay = 0.00>
ST_1 : Operation 28 [1/1] (0.00ns) (grouped into TernaryAdder)   --->   "%add_ln24 = add i29 %tmp_4, i29 %shl_ln" [dct.cpp:24]   --->   Operation 28 'add' 'add_ln24' <Predicate = true> <Delay = 0.00> <CoreInst = "TAddSub">   --->   Core 10 'TAddSub' <Latency = 0> <II = 1> <Delay = 2.14> <IPBlock> <Opcode : '' 'add' 'sub'> <InPorts = 3> <OutPorts = 1> <Sync> <CReg>
ST_1 : Operation 29 [1/1] (4.28ns) (root node of TernaryAdder)   --->   "%tmp_10 = add i29 %add_ln24, i29 %tmp6" [dct.cpp:24]   --->   Operation 29 'add' 'tmp_10' <Predicate = true> <Delay = 4.28> <CoreInst = "TAddSub">   --->   Core 10 'TAddSub' <Latency = 0> <II = 1> <Delay = 2.14> <IPBlock> <Opcode : '' 'add' 'sub'> <InPorts = 3> <OutPorts = 1> <Sync> <CReg>
ST_1 : Operation 30 [1/1] (0.00ns)   --->   "%sext_ln24_11 = sext i16 %src_1_val_read" [dct.cpp:24]   --->   Operation 30 'sext' 'sext_ln24_11' <Predicate = true> <Delay = 0.00>
ST_1 : Operation 31 [1/1] (5.58ns)   --->   "%mul_ln24 = mul i29 %sext_ln24_11, i29 9633" [dct.cpp:24]   --->   Operation 31 'mul' 'mul_ln24' <Predicate = true> <Delay = 5.58> <CoreInst = "Multiplier">   --->   Core 3 'Multiplier' <Latency = 0> <II = 1> <Delay = 5.58> <FuncUnit> <Opcode : 'mul'> <InPorts = 2> <OutPorts = 1>
ST_1 : Operation 32 [1/1] (0.00ns)   --->   "%sext_ln24_13 = sext i16 %src_7_val_read" [dct.cpp:24]   --->   Operation 32 'sext' 'sext_ln24_13' <Predicate = true> <Delay = 0.00>
ST_1 : Operation 33 [3/3] (1.05ns) (grouped into DSP with root node add_ln26_11)   --->   "%mul_ln24_2 = mul i29 %sext_ln24_13, i29 536859550" [dct.cpp:24]   --->   Operation 33 'mul' 'mul_ln24_2' <Predicate = true> <Delay = 1.05> <CoreInst = "DSP48">   --->   Core 116 'DSP48' <Latency = 3> <II = 1> <Delay = 2.15> <IPBlock> <Opcode : '' 'add' 'sub' 'mul' 'select'> <InPorts = 0> <OutPorts = 1> <Sync> <CReg>
ST_1 : Operation 34 [1/1] (1.65ns) (grouped into DSP with root node add_ln26_8)   --->   "%tmp4 = sub i17 %sext_ln24_3, i17 %sext_ln11_1" [dct.cpp:24]   --->   Operation 34 'sub' 'tmp4' <Predicate = true> <Delay = 1.65> <CoreInst = "DSP48">   --->   Core 116 'DSP48' <Latency = 3> <II = 1> <Delay = 2.15> <IPBlock> <Opcode : '' 'add' 'sub' 'mul' 'select'> <InPorts = 0> <OutPorts = 1> <Sync> <CReg>
ST_1 : Operation 35 [1/1] (0.00ns) (grouped into DSP with root node add_ln26_8)   --->   "%tmp4_cast = sext i17 %tmp4" [dct.cpp:24]   --->   Operation 35 'sext' 'tmp4_cast' <Predicate = true> <Delay = 0.00>
ST_1 : Operation 36 [3/3] (1.05ns) (grouped into DSP with root node add_ln26_8)   --->   "%tmp5 = mul i29 %tmp4_cast, i29 2260" [dct.cpp:24]   --->   Operation 36 'mul' 'tmp5' <Predicate = true> <Delay = 1.05> <CoreInst = "DSP48">   --->   Core 116 'DSP48' <Latency = 3> <II = 1> <Delay = 2.15> <IPBlock> <Opcode : '' 'add' 'sub' 'mul' 'select'> <InPorts = 0> <OutPorts = 1> <Sync> <CReg>
ST_1 : Operation 37 [1/1] (0.00ns)   --->   "%sext_ln24_14 = sext i16 %src_2_val_read" [dct.cpp:24]   --->   Operation 37 'sext' 'sext_ln24_14' <Predicate = true> <Delay = 0.00>
ST_1 : Operation 38 [1/1] (5.58ns)   --->   "%mul_ln24_3 = mul i29 %sext_ln24_14, i29 536859550" [dct.cpp:24]   --->   Operation 38 'mul' 'mul_ln24_3' <Predicate = true> <Delay = 5.58> <CoreInst = "Multiplier">   --->   Core 3 'Multiplier' <Latency = 0> <II = 1> <Delay = 5.58> <FuncUnit> <Opcode : 'mul'> <InPorts = 2> <OutPorts = 1>
ST_1 : Operation 39 [1/1] (0.00ns)   --->   "%sext_ln24_15 = sext i16 %src_5_val_read" [dct.cpp:24]   --->   Operation 39 'sext' 'sext_ln24_15' <Predicate = true> <Delay = 0.00>
ST_1 : Operation 40 [3/3] (1.05ns) (grouped into DSP with root node add_ln26_14)   --->   "%mul_ln24_4 = mul i29 %sext_ln24_15, i29 11363" [dct.cpp:24]   --->   Operation 40 'mul' 'mul_ln24_4' <Predicate = true> <Delay = 1.05> <CoreInst = "DSP48">   --->   Core 116 'DSP48' <Latency = 3> <II = 1> <Delay = 2.15> <IPBlock> <Opcode : '' 'add' 'sub' 'mul' 'select'> <InPorts = 0> <OutPorts = 1> <Sync> <CReg>
ST_1 : Operation 41 [1/1] (0.00ns)   --->   "%sext_ln24_17 = sext i16 %src_4_val_read" [dct.cpp:24]   --->   Operation 41 'sext' 'sext_ln24_17' <Predicate = true> <Delay = 0.00>
ST_1 : Operation 42 [3/3] (1.05ns) (grouped into DSP with root node add_ln26_19)   --->   "%mul_ln24_8 = mul i29 %sext_ln24_17, i29 536861280" [dct.cpp:24]   --->   Operation 42 'mul' 'mul_ln24_8' <Predicate = true> <Delay = 1.05> <CoreInst = "DSP48">   --->   Core 116 'DSP48' <Latency = 3> <II = 1> <Delay = 2.15> <IPBlock> <Opcode : '' 'add' 'sub' 'mul' 'select'> <InPorts = 0> <OutPorts = 1> <Sync> <CReg>
ST_1 : Operation 43 [3/3] (1.05ns) (grouped into DSP with root node add_ln26_25)   --->   "%mul_ln24_12 = mul i29 %sext_ln24_17, i29 11363" [dct.cpp:24]   --->   Operation 43 'mul' 'mul_ln24_12' <Predicate = true> <Delay = 1.05> <CoreInst = "DSP48">   --->   Core 116 'DSP48' <Latency = 3> <II = 1> <Delay = 2.15> <IPBlock> <Opcode : '' 'add' 'sub' 'mul' 'select'> <InPorts = 0> <OutPorts = 1> <Sync> <CReg>

State 2 <SV = 1> <Delay = 7.08>
ST_2 : Operation 44 [1/1] (0.00ns)   --->   "%dst_offset_read = read i3 @_ssdm_op_Read.ap_auto.i3, i3 %dst_offset" [dct.cpp:8]   --->   Operation 44 'read' 'dst_offset_read' <Predicate = true> <Delay = 0.00>
ST_2 : Operation 45 [1/1] (0.00ns)   --->   "%tmp_1 = bitconcatenate i6 @_ssdm_op_BitConcatenate.i6.i3.i3, i3 %dst_offset_read, i3 0" [dct.cpp:8]   --->   Operation 45 'bitconcatenate' 'tmp_1' <Predicate = true> <Delay = 0.00>
ST_2 : Operation 46 [1/1] (0.00ns)   --->   "%zext_ln8 = zext i6 %tmp_1" [dct.cpp:8]   --->   Operation 46 'zext' 'zext_ln8' <Predicate = true> <Delay = 0.00>
ST_2 : Operation 47 [1/1] (0.00ns)   --->   "%dst_addr = getelementptr i16 %dst, i64 0, i64 %zext_ln8" [dct.cpp:8]   --->   Operation 47 'getelementptr' 'dst_addr' <Predicate = true> <Delay = 0.00>
ST_2 : Operation 48 [1/1] (0.00ns)   --->   "%sext_ln24 = sext i16 %src_0_val_read" [dct.cpp:24]   --->   Operation 48 'sext' 'sext_ln24' <Predicate = true> <Delay = 0.00>
ST_2 : Operation 49 [1/1] (0.00ns)   --->   "%sext_ln24_1 = sext i16 %src_1_val_read" [dct.cpp:24]   --->   Operation 49 'sext' 'sext_ln24_1' <Predicate = true> <Delay = 0.00>
ST_2 : Operation 50 [1/1] (0.00ns)   --->   "%sext_ln24_2 = sext i16 %src_2_val_read" [dct.cpp:24]   --->   Operation 50 'sext' 'sext_ln24_2' <Predicate = true> <Delay = 0.00>
ST_2 : Operation 51 [1/1] (0.00ns)   --->   "%sext_ln11 = sext i16 %src_4_val_read" [dct.cpp:11]   --->   Operation 51 'sext' 'sext_ln11' <Predicate = true> <Delay = 0.00>
ST_2 : Operation 52 [1/1] (0.00ns)   --->   "%sext_ln24_4 = sext i16 %src_5_val_read" [dct.cpp:24]   --->   Operation 52 'sext' 'sext_ln24_4' <Predicate = true> <Delay = 0.00>
ST_2 : Operation 53 [1/1] (0.00ns)   --->   "%sext_ln24_5 = sext i16 %src_5_val_read" [dct.cpp:24]   --->   Operation 53 'sext' 'sext_ln24_5' <Predicate = true> <Delay = 0.00>
ST_2 : Operation 54 [1/1] (0.00ns)   --->   "%sext_ln24_6 = sext i16 %src_6_val_read" [dct.cpp:24]   --->   Operation 54 'sext' 'sext_ln24_6' <Predicate = true> <Delay = 0.00>
ST_2 : Operation 55 [1/1] (0.00ns)   --->   "%sext_ln24_8 = sext i16 %src_7_val_read" [dct.cpp:24]   --->   Operation 55 'sext' 'sext_ln24_8' <Predicate = true> <Delay = 0.00>
ST_2 : Operation 56 [1/1] (0.00ns)   --->   "%sext_ln24_9 = sext i16 %src_7_val_read" [dct.cpp:24]   --->   Operation 56 'sext' 'sext_ln24_9' <Predicate = true> <Delay = 0.00>
ST_2 : Operation 57 [1/1] (0.00ns)   --->   "%tmp3 = bitconcatenate i29 @_ssdm_op_BitConcatenate.i29.i16.i13, i16 %tmp218, i13 0" [dct.cpp:8]   --->   Operation 57 'bitconcatenate' 'tmp3' <Predicate = true> <Delay = 0.00>
ST_2 : Operation 58 [1/1] (2.46ns)   --->   "%add_ln26 = add i29 %tmp_10, i29 %tmp3" [dct.cpp:26]   --->   Operation 58 'add' 'add_ln26' <Predicate = true> <Delay = 2.46> <CoreInst = "Adder">   --->   Core 1 'Adder' <Latency = 0> <II = 1> <Delay = 2.46> <FuncUnit> <Opcode : 'add' 'sub'> <InPorts = 2> <OutPorts = 1>
ST_2 : Operation 59 [1/1] (0.00ns)   --->   "%trunc_ln = partselect i16 @_ssdm_op_PartSelect.i16.i29.i32.i32, i29 %add_ln26, i32 13, i32 28" [dct.cpp:26]   --->   Operation 59 'partselect' 'trunc_ln' <Predicate = true> <Delay = 0.00>
ST_2 : Operation 60 [1/1] ( I:3.25ns O:3.25ns )   --->   "%store_ln26 = store i16 %trunc_ln, i6 %dst_addr" [dct.cpp:26]   --->   Operation 60 'store' 'store_ln26' <Predicate = true> <Delay = 3.25> <CoreInst = "RAM">   --->   Core 81 'RAM' <Latency = 1> <II = 1> <Delay = 3.25> <Storage> <Opcode : 'load' 'store'> <Ports = 2> <Width = 16> <Depth = 64> <RAM>
ST_2 : Operation 61 [2/3] (1.05ns) (grouped into DSP with root node add_ln26_11)   --->   "%mul_ln24_2 = mul i29 %sext_ln24_13, i29 536859550" [dct.cpp:24]   --->   Operation 61 'mul' 'mul_ln24_2' <Predicate = true> <Delay = 1.05> <CoreInst = "DSP48">   --->   Core 116 'DSP48' <Latency = 3> <II = 1> <Delay = 2.15> <IPBlock> <Opcode : '' 'add' 'sub' 'mul' 'select'> <InPorts = 0> <OutPorts = 1> <Sync> <CReg>
ST_2 : Operation 62 [2/3] (1.05ns) (grouped into DSP with root node add_ln26_8)   --->   "%tmp5 = mul i29 %tmp4_cast, i29 2260" [dct.cpp:24]   --->   Operation 62 'mul' 'tmp5' <Predicate = true> <Delay = 1.05> <CoreInst = "DSP48">   --->   Core 116 'DSP48' <Latency = 3> <II = 1> <Delay = 2.15> <IPBlock> <Opcode : '' 'add' 'sub' 'mul' 'select'> <InPorts = 0> <OutPorts = 1> <Sync> <CReg>
ST_2 : Operation 63 [1/1] (2.07ns)   --->   "%tmp7 = sub i17 %sext_ln24_2, i17 %sext_ln24_5" [dct.cpp:24]   --->   Operation 63 'sub' 'tmp7' <Predicate = true> <Delay = 2.07> <CoreInst = "Adder">   --->   Core 1 'Adder' <Latency = 0> <II = 1> <Delay = 2.07> <FuncUnit> <Opcode : 'add' 'sub'> <InPorts = 2> <OutPorts = 1>
ST_2 : Operation 64 [1/1] (0.00ns)   --->   "%tmp7_cast15 = sext i17 %tmp7" [dct.cpp:24]   --->   Operation 64 'sext' 'tmp7_cast15' <Predicate = true> <Delay = 0.00>
ST_2 : Operation 65 [3/3] (1.05ns) (grouped into DSP with root node add_ln26_10)   --->   "%mul_ln26 = mul i29 %tmp7_cast15, i29 6436" [dct.cpp:26]   --->   Operation 65 'mul' 'mul_ln26' <Predicate = true> <Delay = 1.05> <CoreInst = "DSP48">   --->   Core 116 'DSP48' <Latency = 3> <II = 1> <Delay = 2.15> <IPBlock> <Opcode : '' 'add' 'sub' 'mul' 'select'> <InPorts = 0> <OutPorts = 1> <Sync> <CReg>
ST_2 : Operation 66 [1/1] (2.07ns)   --->   "%tmp11 = sub i17 %sext_ln24_1, i17 %sext_ln24_2" [dct.cpp:24]   --->   Operation 66 'sub' 'tmp11' <Predicate = true> <Delay = 2.07> <CoreInst = "Adder">   --->   Core 1 'Adder' <Latency = 0> <II = 1> <Delay = 2.07> <FuncUnit> <Opcode : 'add' 'sub'> <InPorts = 2> <OutPorts = 1>
ST_2 : Operation 67 [1/1] (0.00ns)   --->   "%tmp11_cast = sext i17 %tmp11" [dct.cpp:24]   --->   Operation 67 'sext' 'tmp11_cast' <Predicate = true> <Delay = 0.00>
ST_2 : Operation 68 [1/1] (2.10ns)   --->   "%tmp12 = sub i18 %tmp11_cast, i18 %sext_ln24_4" [dct.cpp:24]   --->   Operation 68 'sub' 'tmp12' <Predicate = true> <Delay = 2.10> <CoreInst = "Adder">   --->   Core 1 'Adder' <Latency = 0> <II = 1> <Delay = 2.10> <FuncUnit> <Opcode : 'add' 'sub'> <InPorts = 2> <OutPorts = 1>
ST_2 : Operation 69 [1/1] (2.07ns)   --->   "%tmp17 = sub i17 %sext_ln24, i17 %sext_ln24_3" [dct.cpp:24]   --->   Operation 69 'sub' 'tmp17' <Predicate = true> <Delay = 2.07> <CoreInst = "Adder">   --->   Core 1 'Adder' <Latency = 0> <II = 1> <Delay = 2.07> <FuncUnit> <Opcode : 'add' 'sub'> <InPorts = 2> <OutPorts = 1>
ST_2 : Operation 70 [1/1] (0.00ns)   --->   "%tmp17_cast = sext i17 %tmp17" [dct.cpp:24]   --->   Operation 70 'sext' 'tmp17_cast' <Predicate = true> <Delay = 0.00>
ST_2 : Operation 71 [1/1] (0.00ns) (grouped into TernaryAdder)   --->   "%tmp18 = sub i18 %tmp17_cast, i18 %sext_ln11" [dct.cpp:24]   --->   Operation 71 'sub' 'tmp18' <Predicate = true> <Delay = 0.00> <CoreInst = "TAddSub">   --->   Core 10 'TAddSub' <Latency = 0> <II = 1> <Delay = 2.14> <IPBlock> <Opcode : '' 'add' 'sub'> <InPorts = 3> <OutPorts = 1> <Sync> <CReg>
ST_2 : Operation 72 [1/1] (3.96ns) (root node of TernaryAdder)   --->   "%tmp19 = add i18 %tmp18, i18 %sext_ln24_9" [dct.cpp:24]   --->   Operation 72 'add' 'tmp19' <Predicate = true> <Delay = 3.96> <CoreInst = "TAddSub">   --->   Core 10 'TAddSub' <Latency = 0> <II = 1> <Delay = 2.14> <IPBlock> <Opcode : '' 'add' 'sub'> <InPorts = 3> <OutPorts = 1> <Sync> <CReg>
ST_2 : Operation 73 [1/1] (0.00ns)   --->   "%tmp19_cast = sext i18 %tmp19" [dct.cpp:24]   --->   Operation 73 'sext' 'tmp19_cast' <Predicate = true> <Delay = 0.00>
ST_2 : Operation 74 [3/3] (1.05ns) (grouped into DSP with root node add_ln26_13)   --->   "%mul_ln26_1 = mul i29 %tmp19_cast, i29 10703" [dct.cpp:26]   --->   Operation 74 'mul' 'mul_ln26_1' <Predicate = true> <Delay = 1.05> <CoreInst = "DSP48">   --->   Core 116 'DSP48' <Latency = 3> <II = 1> <Delay = 2.15> <IPBlock> <Opcode : '' 'add' 'sub' 'mul' 'select'> <InPorts = 0> <OutPorts = 1> <Sync> <CReg>
ST_2 : Operation 75 [2/3] (1.05ns) (grouped into DSP with root node add_ln26_14)   --->   "%mul_ln24_4 = mul i29 %sext_ln24_15, i29 11363" [dct.cpp:24]   --->   Operation 75 'mul' 'mul_ln24_4' <Predicate = true> <Delay = 1.05> <CoreInst = "DSP48">   --->   Core 116 'DSP48' <Latency = 3> <II = 1> <Delay = 2.15> <IPBlock> <Opcode : '' 'add' 'sub' 'mul' 'select'> <InPorts = 0> <OutPorts = 1> <Sync> <CReg>
ST_2 : Operation 76 [1/1] (1.65ns) (grouped into DSP with root node add_ln26_16)   --->   "%tmp22 = sub i17 %sext_ln11_1, i17 %sext_ln24_3" [dct.cpp:11]   --->   Operation 76 'sub' 'tmp22' <Predicate = true> <Delay = 1.65> <CoreInst = "DSP48">   --->   Core 116 'DSP48' <Latency = 3> <II = 1> <Delay = 2.15> <IPBlock> <Opcode : '' 'add' 'sub' 'mul' 'select'> <InPorts = 0> <OutPorts = 1> <Sync> <CReg>
ST_2 : Operation 77 [1/1] (0.00ns) (grouped into DSP with root node add_ln26_16)   --->   "%tmp22_cast = sext i17 %tmp22" [dct.cpp:11]   --->   Operation 77 'sext' 'tmp22_cast' <Predicate = true> <Delay = 0.00>
ST_2 : Operation 78 [3/3] (1.05ns) (grouped into DSP with root node add_ln26_16)   --->   "%tmp23 = mul i29 %tmp22_cast, i29 6436" [dct.cpp:11]   --->   Operation 78 'mul' 'tmp23' <Predicate = true> <Delay = 1.05> <CoreInst = "DSP48">   --->   Core 116 'DSP48' <Latency = 3> <II = 1> <Delay = 2.15> <IPBlock> <Opcode : '' 'add' 'sub' 'mul' 'select'> <InPorts = 0> <OutPorts = 1> <Sync> <CReg>
ST_2 : Operation 79 [1/1] (2.07ns)   --->   "%tmp25 = sub i17 %sext_ln24_6, i17 %sext_ln24_1" [dct.cpp:24]   --->   Operation 79 'sub' 'tmp25' <Predicate = true> <Delay = 2.07> <CoreInst = "Adder">   --->   Core 1 'Adder' <Latency = 0> <II = 1> <Delay = 2.07> <FuncUnit> <Opcode : 'add' 'sub'> <InPorts = 2> <OutPorts = 1>
ST_2 : Operation 80 [1/1] (0.00ns)   --->   "%tmp25_cast17 = sext i17 %tmp25" [dct.cpp:24]   --->   Operation 80 'sext' 'tmp25_cast17' <Predicate = true> <Delay = 0.00>
ST_2 : Operation 81 [3/3] (1.05ns) (grouped into DSP with root node add_ln26_17)   --->   "%mul_ln26_2 = mul i29 %tmp25_cast17, i29 2260" [dct.cpp:26]   --->   Operation 81 'mul' 'mul_ln26_2' <Predicate = true> <Delay = 1.05> <CoreInst = "DSP48">   --->   Core 116 'DSP48' <Latency = 3> <II = 1> <Delay = 2.15> <IPBlock> <Opcode : '' 'add' 'sub' 'mul' 'select'> <InPorts = 0> <OutPorts = 1> <Sync> <CReg>
ST_2 : Operation 82 [1/1] (2.07ns)   --->   "%tmp27 = add i17 %sext_ln24_6, i17 %sext_ln24_5" [dct.cpp:24]   --->   Operation 82 'add' 'tmp27' <Predicate = true> <Delay = 2.07> <CoreInst = "Adder">   --->   Core 1 'Adder' <Latency = 0> <II = 1> <Delay = 2.07> <FuncUnit> <Opcode : 'add' 'sub'> <InPorts = 2> <OutPorts = 1>
ST_2 : Operation 83 [1/1] (0.00ns)   --->   "%tmp27_cast = sext i17 %tmp27" [dct.cpp:24]   --->   Operation 83 'sext' 'tmp27_cast' <Predicate = true> <Delay = 0.00>
ST_2 : Operation 84 [1/1] (0.00ns)   --->   "%empty = trunc i17 %tmp27" [dct.cpp:24]   --->   Operation 84 'trunc' 'empty' <Predicate = true> <Delay = 0.00>
ST_2 : Operation 85 [1/1] (0.00ns)   --->   "%p_shl1 = bitconcatenate i29 @_ssdm_op_BitConcatenate.i29.i16.i13, i16 %empty, i13 0" [dct.cpp:24]   --->   Operation 85 'bitconcatenate' 'p_shl1' <Predicate = true> <Delay = 0.00>
ST_2 : Operation 86 [1/1] (0.00ns) (grouped into TernaryAdder)   --->   "%tmp28 = sub i29 %tmp27_cast, i29 %p_shl1" [dct.cpp:24]   --->   Operation 86 'sub' 'tmp28' <Predicate = true> <Delay = 0.00> <CoreInst = "TAddSub">   --->   Core 10 'TAddSub' <Latency = 0> <II = 1> <Delay = 2.14> <IPBlock> <Opcode : '' 'add' 'sub'> <InPorts = 3> <OutPorts = 1> <Sync> <CReg>
ST_2 : Operation 87 [1/1] (0.00ns)   --->   "%p_shl = bitconcatenate i29 @_ssdm_op_BitConcatenate.i29.i16.i13, i16 %tmp, i13 0" [dct.cpp:26]   --->   Operation 87 'bitconcatenate' 'p_shl' <Predicate = true> <Delay = 0.00>
ST_2 : Operation 88 [1/1] (2.46ns)   --->   "%sub_ln26 = sub i29 %tmp_10, i29 %p_shl" [dct.cpp:26]   --->   Operation 88 'sub' 'sub_ln26' <Predicate = true> <Delay = 2.46> <CoreInst = "Adder">   --->   Core 1 'Adder' <Latency = 0> <II = 1> <Delay = 2.46> <FuncUnit> <Opcode : 'add' 'sub'> <InPorts = 2> <OutPorts = 1>
ST_2 : Operation 89 [1/1] (4.28ns) (root node of TernaryAdder)   --->   "%add_ln26_4 = add i29 %sub_ln26, i29 %tmp28" [dct.cpp:26]   --->   Operation 89 'add' 'add_ln26_4' <Predicate = true> <Delay = 4.28> <CoreInst = "TAddSub">   --->   Core 10 'TAddSub' <Latency = 0> <II = 1> <Delay = 2.14> <IPBlock> <Opcode : '' 'add' 'sub'> <InPorts = 3> <OutPorts = 1> <Sync> <CReg>
ST_2 : Operation 90 [1/1] (0.00ns)   --->   "%trunc_ln26_4 = partselect i16 @_ssdm_op_PartSelect.i16.i29.i32.i32, i29 %add_ln26_4, i32 13, i32 28" [dct.cpp:26]   --->   Operation 90 'partselect' 'trunc_ln26_4' <Predicate = true> <Delay = 0.00>
ST_2 : Operation 91 [1/1] (0.00ns)   --->   "%sext_ln24_16 = sext i16 %src_3_val_read" [dct.cpp:24]   --->   Operation 91 'sext' 'sext_ln24_16' <Predicate = true> <Delay = 0.00>
ST_2 : Operation 92 [1/1] (5.58ns)   --->   "%mul_ln24_7 = mul i29 %sext_ln24_16, i29 9633" [dct.cpp:24]   --->   Operation 92 'mul' 'mul_ln24_7' <Predicate = true> <Delay = 5.58> <CoreInst = "Multiplier">   --->   Core 3 'Multiplier' <Latency = 0> <II = 1> <Delay = 5.58> <FuncUnit> <Opcode : 'mul'> <InPorts = 2> <OutPorts = 1>
ST_2 : Operation 93 [2/3] (1.05ns) (grouped into DSP with root node add_ln26_19)   --->   "%mul_ln24_8 = mul i29 %sext_ln24_17, i29 536861280" [dct.cpp:24]   --->   Operation 93 'mul' 'mul_ln24_8' <Predicate = true> <Delay = 1.05> <CoreInst = "DSP48">   --->   Core 116 'DSP48' <Latency = 3> <II = 1> <Delay = 2.15> <IPBlock> <Opcode : '' 'add' 'sub' 'mul' 'select'> <InPorts = 0> <OutPorts = 1> <Sync> <CReg>
ST_2 : Operation 94 [1/1] (2.07ns)   --->   "%tmp35 = sub i17 %sext_ln24, i17 %sext_ln24_8" [dct.cpp:24]   --->   Operation 94 'sub' 'tmp35' <Predicate = true> <Delay = 2.07> <CoreInst = "Adder">   --->   Core 1 'Adder' <Latency = 0> <II = 1> <Delay = 2.07> <FuncUnit> <Opcode : 'add' 'sub'> <InPorts = 2> <OutPorts = 1>
ST_2 : Operation 95 [1/1] (0.00ns)   --->   "%sext_ln26 = sext i17 %tmp35" [dct.cpp:26]   --->   Operation 95 'sext' 'sext_ln26' <Predicate = true> <Delay = 0.00>
ST_2 : Operation 96 [3/3] (1.05ns) (grouped into DSP with root node add_ln26_22)   --->   "%mul_ln26_3 = mul i29 %sext_ln26, i29 6436" [dct.cpp:26]   --->   Operation 96 'mul' 'mul_ln26_3' <Predicate = true> <Delay = 1.05> <CoreInst = "DSP48">   --->   Core 116 'DSP48' <Latency = 3> <II = 1> <Delay = 2.15> <IPBlock> <Opcode : '' 'add' 'sub' 'mul' 'select'> <InPorts = 0> <OutPorts = 1> <Sync> <CReg>
ST_2 : Operation 97 [1/1] (2.07ns)   --->   "%tmp39 = sub i17 %sext_ln24_2, i17 %sext_ln24_1" [dct.cpp:24]   --->   Operation 97 'sub' 'tmp39' <Predicate = true> <Delay = 2.07> <CoreInst = "Adder">   --->   Core 1 'Adder' <Latency = 0> <II = 1> <Delay = 2.07> <FuncUnit> <Opcode : 'add' 'sub'> <InPorts = 2> <OutPorts = 1>
ST_2 : Operation 98 [1/1] (0.00ns)   --->   "%tmp39_cast = sext i17 %tmp39" [dct.cpp:24]   --->   Operation 98 'sext' 'tmp39_cast' <Predicate = true> <Delay = 0.00>
ST_2 : Operation 99 [1/1] (2.10ns)   --->   "%tmp40 = add i18 %tmp39_cast, i18 %sext_ln24_4" [dct.cpp:24]   --->   Operation 99 'add' 'tmp40' <Predicate = true> <Delay = 2.10> <CoreInst = "Adder">   --->   Core 1 'Adder' <Latency = 0> <II = 1> <Delay = 2.10> <FuncUnit> <Opcode : 'add' 'sub'> <InPorts = 2> <OutPorts = 1>
ST_2 : Operation 100 [1/1] (5.58ns)   --->   "%mul_ln24_11 = mul i29 %sext_ln24_16, i29 536859550" [dct.cpp:24]   --->   Operation 100 'mul' 'mul_ln24_11' <Predicate = true> <Delay = 5.58> <CoreInst = "Multiplier">   --->   Core 3 'Multiplier' <Latency = 0> <II = 1> <Delay = 5.58> <FuncUnit> <Opcode : 'mul'> <InPorts = 2> <OutPorts = 1>
ST_2 : Operation 101 [2/3] (1.05ns) (grouped into DSP with root node add_ln26_25)   --->   "%mul_ln24_12 = mul i29 %sext_ln24_17, i29 11363" [dct.cpp:24]   --->   Operation 101 'mul' 'mul_ln24_12' <Predicate = true> <Delay = 1.05> <CoreInst = "DSP48">   --->   Core 116 'DSP48' <Latency = 3> <II = 1> <Delay = 2.15> <IPBlock> <Opcode : '' 'add' 'sub' 'mul' 'select'> <InPorts = 0> <OutPorts = 1> <Sync> <CReg>

State 3 <SV = 2> <Delay = 5.58>
ST_3 : Operation 102 [1/1] (0.00ns)   --->   "%tmp_7 = bitconcatenate i6 @_ssdm_op_BitConcatenate.i6.i3.i3, i3 %dst_offset_read, i3 4" [dct.cpp:26]   --->   Operation 102 'bitconcatenate' 'tmp_7' <Predicate = true> <Delay = 0.00>
ST_3 : Operation 103 [1/1] (0.00ns)   --->   "%zext_ln26_3 = zext i6 %tmp_7" [dct.cpp:26]   --->   Operation 103 'zext' 'zext_ln26_3' <Predicate = true> <Delay = 0.00>
ST_3 : Operation 104 [1/1] (0.00ns)   --->   "%dst_addr_4 = getelementptr i16 %dst, i64 0, i64 %zext_ln26_3" [dct.cpp:26]   --->   Operation 104 'getelementptr' 'dst_addr_4' <Predicate = true> <Delay = 0.00>
ST_3 : Operation 105 [1/1] (0.00ns)   --->   "%sext_ln24_10 = sext i16 %src_0_val_read" [dct.cpp:24]   --->   Operation 105 'sext' 'sext_ln24_10' <Predicate = true> <Delay = 0.00>
ST_3 : Operation 106 [3/3] (1.05ns) (grouped into DSP with root node add_ln26_9)   --->   "%mul_ln11 = mul i29 %sext_ln24_10, i29 11363" [dct.cpp:11]   --->   Operation 106 'mul' 'mul_ln11' <Predicate = true> <Delay = 1.05> <CoreInst = "DSP48">   --->   Core 116 'DSP48' <Latency = 3> <II = 1> <Delay = 2.15> <IPBlock> <Opcode : '' 'add' 'sub' 'mul' 'select'> <InPorts = 0> <OutPorts = 1> <Sync> <CReg>
ST_3 : Operation 107 [1/1] (0.00ns)   --->   "%sext_ln24_12 = sext i16 %src_6_val_read" [dct.cpp:24]   --->   Operation 107 'sext' 'sext_ln24_12' <Predicate = true> <Delay = 0.00>
ST_3 : Operation 108 [1/1] (5.58ns)   --->   "%mul_ln24_1 = mul i29 %sext_ln24_12, i29 536861280" [dct.cpp:24]   --->   Operation 108 'mul' 'mul_ln24_1' <Predicate = true> <Delay = 5.58> <CoreInst = "Multiplier">   --->   Core 3 'Multiplier' <Latency = 0> <II = 1> <Delay = 5.58> <FuncUnit> <Opcode : 'mul'> <InPorts = 2> <OutPorts = 1>
ST_3 : Operation 109 [1/3] (0.00ns) (grouped into DSP with root node add_ln26_11)   --->   "%mul_ln24_2 = mul i29 %sext_ln24_13, i29 536859550" [dct.cpp:24]   --->   Operation 109 'mul' 'mul_ln24_2' <Predicate = true> <Delay = 0.00> <CoreInst = "DSP48">   --->   Core 116 'DSP48' <Latency = 3> <II = 1> <Delay = 2.15> <IPBlock> <Opcode : '' 'add' 'sub' 'mul' 'select'> <InPorts = 0> <OutPorts = 1> <Sync> <CReg>
ST_3 : Operation 110 [1/3] (0.00ns) (grouped into DSP with root node add_ln26_8)   --->   "%tmp5 = mul i29 %tmp4_cast, i29 2260" [dct.cpp:24]   --->   Operation 110 'mul' 'tmp5' <Predicate = true> <Delay = 0.00> <CoreInst = "DSP48">   --->   Core 116 'DSP48' <Latency = 3> <II = 1> <Delay = 2.15> <IPBlock> <Opcode : '' 'add' 'sub' 'mul' 'select'> <InPorts = 0> <OutPorts = 1> <Sync> <CReg>
ST_3 : Operation 111 [2/3] (1.05ns) (grouped into DSP with root node add_ln26_10)   --->   "%mul_ln26 = mul i29 %tmp7_cast15, i29 6436" [dct.cpp:26]   --->   Operation 111 'mul' 'mul_ln26' <Predicate = true> <Delay = 1.05> <CoreInst = "DSP48">   --->   Core 116 'DSP48' <Latency = 3> <II = 1> <Delay = 2.15> <IPBlock> <Opcode : '' 'add' 'sub' 'mul' 'select'> <InPorts = 0> <OutPorts = 1> <Sync> <CReg>
ST_3 : Operation 112 [2/2] (2.10ns) (root node of the DSP)   --->   "%add_ln26_8 = add i29 %mul_ln24, i29 %tmp5" [dct.cpp:26]   --->   Operation 112 'add' 'add_ln26_8' <Predicate = true> <Delay = 2.10> <CoreInst = "DSP48">   --->   Core 116 'DSP48' <Latency = 3> <II = 1> <Delay = 2.15> <IPBlock> <Opcode : '' 'add' 'sub' 'mul' 'select'> <InPorts = 0> <OutPorts = 1> <Sync> <CReg>
ST_3 : Operation 113 [2/2] (2.10ns) (root node of the DSP)   --->   "%add_ln26_11 = add i29 %mul_ln24_2, i29 4096" [dct.cpp:26]   --->   Operation 113 'add' 'add_ln26_11' <Predicate = true> <Delay = 2.10> <CoreInst = "DSP48">   --->   Core 116 'DSP48' <Latency = 3> <II = 1> <Delay = 2.15> <IPBlock> <Opcode : '' 'add' 'sub' 'mul' 'select'> <InPorts = 0> <OutPorts = 1> <Sync> <CReg>
ST_3 : Operation 114 [2/3] (1.05ns) (grouped into DSP with root node add_ln26_13)   --->   "%mul_ln26_1 = mul i29 %tmp19_cast, i29 10703" [dct.cpp:26]   --->   Operation 114 'mul' 'mul_ln26_1' <Predicate = true> <Delay = 1.05> <CoreInst = "DSP48">   --->   Core 116 'DSP48' <Latency = 3> <II = 1> <Delay = 2.15> <IPBlock> <Opcode : '' 'add' 'sub' 'mul' 'select'> <InPorts = 0> <OutPorts = 1> <Sync> <CReg>
ST_3 : Operation 115 [1/3] (0.00ns) (grouped into DSP with root node add_ln26_14)   --->   "%mul_ln24_4 = mul i29 %sext_ln24_15, i29 11363" [dct.cpp:24]   --->   Operation 115 'mul' 'mul_ln24_4' <Predicate = true> <Delay = 0.00> <CoreInst = "DSP48">   --->   Core 116 'DSP48' <Latency = 3> <II = 1> <Delay = 2.15> <IPBlock> <Opcode : '' 'add' 'sub' 'mul' 'select'> <InPorts = 0> <OutPorts = 1> <Sync> <CReg>
ST_3 : Operation 116 [1/1] (5.58ns)   --->   "%mul_ln24_5 = mul i29 %sext_ln24_13, i29 536861280" [dct.cpp:24]   --->   Operation 116 'mul' 'mul_ln24_5' <Predicate = true> <Delay = 5.58> <CoreInst = "Multiplier">   --->   Core 3 'Multiplier' <Latency = 0> <II = 1> <Delay = 5.58> <FuncUnit> <Opcode : 'mul'> <InPorts = 2> <OutPorts = 1>
ST_3 : Operation 117 [2/3] (1.05ns) (grouped into DSP with root node add_ln26_16)   --->   "%tmp23 = mul i29 %tmp22_cast, i29 6436" [dct.cpp:11]   --->   Operation 117 'mul' 'tmp23' <Predicate = true> <Delay = 1.05> <CoreInst = "DSP48">   --->   Core 116 'DSP48' <Latency = 3> <II = 1> <Delay = 2.15> <IPBlock> <Opcode : '' 'add' 'sub' 'mul' 'select'> <InPorts = 0> <OutPorts = 1> <Sync> <CReg>
ST_3 : Operation 118 [2/3] (1.05ns) (grouped into DSP with root node add_ln26_17)   --->   "%mul_ln26_2 = mul i29 %tmp25_cast17, i29 2260" [dct.cpp:26]   --->   Operation 118 'mul' 'mul_ln26_2' <Predicate = true> <Delay = 1.05> <CoreInst = "DSP48">   --->   Core 116 'DSP48' <Latency = 3> <II = 1> <Delay = 2.15> <IPBlock> <Opcode : '' 'add' 'sub' 'mul' 'select'> <InPorts = 0> <OutPorts = 1> <Sync> <CReg>
ST_3 : Operation 119 [2/2] (2.10ns) (root node of the DSP)   --->   "%add_ln26_14 = add i29 %mul_ln24_3, i29 %mul_ln24_4" [dct.cpp:26]   --->   Operation 119 'add' 'add_ln26_14' <Predicate = true> <Delay = 2.10> <CoreInst = "DSP48">   --->   Core 116 'DSP48' <Latency = 3> <II = 1> <Delay = 2.15> <IPBlock> <Opcode : '' 'add' 'sub' 'mul' 'select'> <InPorts = 0> <OutPorts = 1> <Sync> <CReg>
ST_3 : Operation 120 [1/1] ( I:3.25ns O:3.25ns )   --->   "%store_ln26 = store i16 %trunc_ln26_4, i6 %dst_addr_4" [dct.cpp:26]   --->   Operation 120 'store' 'store_ln26' <Predicate = true> <Delay = 3.25> <CoreInst = "RAM">   --->   Core 81 'RAM' <Latency = 1> <II = 1> <Delay = 3.25> <Storage> <Opcode : 'load' 'store'> <Ports = 2> <Width = 16> <Depth = 64> <RAM>
ST_3 : Operation 121 [1/3] (0.00ns) (grouped into DSP with root node add_ln26_19)   --->   "%mul_ln24_8 = mul i29 %sext_ln24_17, i29 536861280" [dct.cpp:24]   --->   Operation 121 'mul' 'mul_ln24_8' <Predicate = true> <Delay = 0.00> <CoreInst = "DSP48">   --->   Core 116 'DSP48' <Latency = 3> <II = 1> <Delay = 2.15> <IPBlock> <Opcode : '' 'add' 'sub' 'mul' 'select'> <InPorts = 0> <OutPorts = 1> <Sync> <CReg>
ST_3 : Operation 122 [3/3] (1.05ns) (grouped into DSP with root node add_ln26_21)   --->   "%tmp33 = mul i29 %tmp7_cast15, i29 2260" [dct.cpp:24]   --->   Operation 122 'mul' 'tmp33' <Predicate = true> <Delay = 1.05> <CoreInst = "DSP48">   --->   Core 116 'DSP48' <Latency = 3> <II = 1> <Delay = 2.15> <IPBlock> <Opcode : '' 'add' 'sub' 'mul' 'select'> <InPorts = 0> <OutPorts = 1> <Sync> <CReg>
ST_3 : Operation 123 [2/3] (1.05ns) (grouped into DSP with root node add_ln26_22)   --->   "%mul_ln26_3 = mul i29 %sext_ln26, i29 6436" [dct.cpp:26]   --->   Operation 123 'mul' 'mul_ln26_3' <Predicate = true> <Delay = 1.05> <CoreInst = "DSP48">   --->   Core 116 'DSP48' <Latency = 3> <II = 1> <Delay = 2.15> <IPBlock> <Opcode : '' 'add' 'sub' 'mul' 'select'> <InPorts = 0> <OutPorts = 1> <Sync> <CReg>
ST_3 : Operation 124 [2/2] (2.10ns) (root node of the DSP)   --->   "%add_ln26_19 = add i29 %mul_ln24_7, i29 %mul_ln24_8" [dct.cpp:26]   --->   Operation 124 'add' 'add_ln26_19' <Predicate = true> <Delay = 2.10> <CoreInst = "DSP48">   --->   Core 116 'DSP48' <Latency = 3> <II = 1> <Delay = 2.15> <IPBlock> <Opcode : '' 'add' 'sub' 'mul' 'select'> <InPorts = 0> <OutPorts = 1> <Sync> <CReg>
ST_3 : Operation 125 [3/3] (1.05ns) (grouped into DSP with root node add_ln26_24)   --->   "%mul_ln26_4 = mul i29 %tmp19_cast, i29 4433" [dct.cpp:26]   --->   Operation 125 'mul' 'mul_ln26_4' <Predicate = true> <Delay = 1.05> <CoreInst = "DSP48">   --->   Core 116 'DSP48' <Latency = 3> <II = 1> <Delay = 2.15> <IPBlock> <Opcode : '' 'add' 'sub' 'mul' 'select'> <InPorts = 0> <OutPorts = 1> <Sync> <CReg>
ST_3 : Operation 126 [1/3] (0.00ns) (grouped into DSP with root node add_ln26_25)   --->   "%mul_ln24_12 = mul i29 %sext_ln24_17, i29 11363" [dct.cpp:24]   --->   Operation 126 'mul' 'mul_ln24_12' <Predicate = true> <Delay = 0.00> <CoreInst = "DSP48">   --->   Core 116 'DSP48' <Latency = 3> <II = 1> <Delay = 2.15> <IPBlock> <Opcode : '' 'add' 'sub' 'mul' 'select'> <InPorts = 0> <OutPorts = 1> <Sync> <CReg>
ST_3 : Operation 127 [3/3] (1.05ns) (grouped into DSP with root node add_ln26_27)   --->   "%tmp51 = mul i29 %tmp25_cast17, i29 6436" [dct.cpp:24]   --->   Operation 127 'mul' 'tmp51' <Predicate = true> <Delay = 1.05> <CoreInst = "DSP48">   --->   Core 116 'DSP48' <Latency = 3> <II = 1> <Delay = 2.15> <IPBlock> <Opcode : '' 'add' 'sub' 'mul' 'select'> <InPorts = 0> <OutPorts = 1> <Sync> <CReg>
ST_3 : Operation 128 [3/3] (1.05ns) (grouped into DSP with root node add_ln26_28)   --->   "%mul_ln26_5 = mul i29 %sext_ln26, i29 2260" [dct.cpp:26]   --->   Operation 128 'mul' 'mul_ln26_5' <Predicate = true> <Delay = 1.05> <CoreInst = "DSP48">   --->   Core 116 'DSP48' <Latency = 3> <II = 1> <Delay = 2.15> <IPBlock> <Opcode : '' 'add' 'sub' 'mul' 'select'> <InPorts = 0> <OutPorts = 1> <Sync> <CReg>
ST_3 : Operation 129 [2/2] (2.10ns) (root node of the DSP)   --->   "%add_ln26_25 = add i29 %mul_ln24_11, i29 %mul_ln24_12" [dct.cpp:26]   --->   Operation 129 'add' 'add_ln26_25' <Predicate = true> <Delay = 2.10> <CoreInst = "DSP48">   --->   Core 116 'DSP48' <Latency = 3> <II = 1> <Delay = 2.15> <IPBlock> <Opcode : '' 'add' 'sub' 'mul' 'select'> <InPorts = 0> <OutPorts = 1> <Sync> <CReg>

State 4 <SV = 3> <Delay = 5.58>
ST_4 : Operation 130 [1/1] (0.00ns)   --->   "%sext_ln24_7 = sext i16 %src_6_val_read" [dct.cpp:24]   --->   Operation 130 'sext' 'sext_ln24_7' <Predicate = true> <Delay = 0.00>
ST_4 : Operation 131 [2/3] (1.05ns) (grouped into DSP with root node add_ln26_9)   --->   "%mul_ln11 = mul i29 %sext_ln24_10, i29 11363" [dct.cpp:11]   --->   Operation 131 'mul' 'mul_ln11' <Predicate = true> <Delay = 1.05> <CoreInst = "DSP48">   --->   Core 116 'DSP48' <Latency = 3> <II = 1> <Delay = 2.15> <IPBlock> <Opcode : '' 'add' 'sub' 'mul' 'select'> <InPorts = 0> <OutPorts = 1> <Sync> <CReg>
ST_4 : Operation 132 [1/3] (0.00ns) (grouped into DSP with root node add_ln26_10)   --->   "%mul_ln26 = mul i29 %tmp7_cast15, i29 6436" [dct.cpp:26]   --->   Operation 132 'mul' 'mul_ln26' <Predicate = true> <Delay = 0.00> <CoreInst = "DSP48">   --->   Core 116 'DSP48' <Latency = 3> <II = 1> <Delay = 2.15> <IPBlock> <Opcode : '' 'add' 'sub' 'mul' 'select'> <InPorts = 0> <OutPorts = 1> <Sync> <CReg>
ST_4 : Operation 133 [1/2] (2.10ns) (root node of the DSP)   --->   "%add_ln26_8 = add i29 %mul_ln24, i29 %tmp5" [dct.cpp:26]   --->   Operation 133 'add' 'add_ln26_8' <Predicate = true> <Delay = 2.10> <CoreInst = "DSP48">   --->   Core 116 'DSP48' <Latency = 3> <II = 1> <Delay = 2.15> <IPBlock> <Opcode : '' 'add' 'sub' 'mul' 'select'> <InPorts = 0> <OutPorts = 1> <Sync> <CReg>
ST_4 : Operation 134 [2/2] (2.10ns) (root node of the DSP)   --->   "%add_ln26_10 = add i29 %mul_ln24_1, i29 %mul_ln26" [dct.cpp:26]   --->   Operation 134 'add' 'add_ln26_10' <Predicate = true> <Delay = 2.10> <CoreInst = "DSP48">   --->   Core 116 'DSP48' <Latency = 3> <II = 1> <Delay = 2.15> <IPBlock> <Opcode : '' 'add' 'sub' 'mul' 'select'> <InPorts = 0> <OutPorts = 1> <Sync> <CReg>
ST_4 : Operation 135 [1/2] (2.10ns) (root node of the DSP)   --->   "%add_ln26_11 = add i29 %mul_ln24_2, i29 4096" [dct.cpp:26]   --->   Operation 135 'add' 'add_ln26_11' <Predicate = true> <Delay = 2.10> <CoreInst = "DSP48">   --->   Core 116 'DSP48' <Latency = 3> <II = 1> <Delay = 2.15> <IPBlock> <Opcode : '' 'add' 'sub' 'mul' 'select'> <InPorts = 0> <OutPorts = 1> <Sync> <CReg>
ST_4 : Operation 136 [1/1] (1.65ns) (grouped into DSP with root node add_ln26_2)   --->   "%tmp13 = add i18 %tmp12, i18 %sext_ln24_7" [dct.cpp:24]   --->   Operation 136 'add' 'tmp13' <Predicate = true> <Delay = 1.65> <CoreInst = "DSP48">   --->   Core 116 'DSP48' <Latency = 3> <II = 1> <Delay = 2.15> <IPBlock> <Opcode : '' 'add' 'sub' 'mul' 'select'> <InPorts = 0> <OutPorts = 1> <Sync> <CReg>
ST_4 : Operation 137 [1/1] (0.00ns) (grouped into DSP with root node add_ln26_2)   --->   "%tmp13_cast = sext i18 %tmp13" [dct.cpp:24]   --->   Operation 137 'sext' 'tmp13_cast' <Predicate = true> <Delay = 0.00>
ST_4 : Operation 138 [3/3] (1.05ns) (grouped into DSP with root node add_ln26_2)   --->   "%tmp14 = mul i29 %tmp13_cast, i29 4433" [dct.cpp:24]   --->   Operation 138 'mul' 'tmp14' <Predicate = true> <Delay = 1.05> <CoreInst = "DSP48">   --->   Core 116 'DSP48' <Latency = 3> <II = 1> <Delay = 2.15> <IPBlock> <Opcode : '' 'add' 'sub' 'mul' 'select'> <InPorts = 0> <OutPorts = 1> <Sync> <CReg>
ST_4 : Operation 139 [1/3] (0.00ns) (grouped into DSP with root node add_ln26_13)   --->   "%mul_ln26_1 = mul i29 %tmp19_cast, i29 10703" [dct.cpp:26]   --->   Operation 139 'mul' 'mul_ln26_1' <Predicate = true> <Delay = 0.00> <CoreInst = "DSP48">   --->   Core 116 'DSP48' <Latency = 3> <II = 1> <Delay = 2.15> <IPBlock> <Opcode : '' 'add' 'sub' 'mul' 'select'> <InPorts = 0> <OutPorts = 1> <Sync> <CReg>
ST_4 : Operation 140 [2/2] (2.10ns) (root node of the DSP)   --->   "%add_ln26_13 = add i29 %mul_ln26_1, i29 4096" [dct.cpp:26]   --->   Operation 140 'add' 'add_ln26_13' <Predicate = true> <Delay = 2.10> <CoreInst = "DSP48">   --->   Core 116 'DSP48' <Latency = 3> <II = 1> <Delay = 2.15> <IPBlock> <Opcode : '' 'add' 'sub' 'mul' 'select'> <InPorts = 0> <OutPorts = 1> <Sync> <CReg>
ST_4 : Operation 141 [3/3] (1.05ns) (grouped into DSP with root node add_ln26_15)   --->   "%mul_ln11_1 = mul i29 %sext_ln24_10, i29 9633" [dct.cpp:11]   --->   Operation 141 'mul' 'mul_ln11_1' <Predicate = true> <Delay = 1.05> <CoreInst = "DSP48">   --->   Core 116 'DSP48' <Latency = 3> <II = 1> <Delay = 2.15> <IPBlock> <Opcode : '' 'add' 'sub' 'mul' 'select'> <InPorts = 0> <OutPorts = 1> <Sync> <CReg>
ST_4 : Operation 142 [1/3] (0.00ns) (grouped into DSP with root node add_ln26_16)   --->   "%tmp23 = mul i29 %tmp22_cast, i29 6436" [dct.cpp:11]   --->   Operation 142 'mul' 'tmp23' <Predicate = true> <Delay = 0.00> <CoreInst = "DSP48">   --->   Core 116 'DSP48' <Latency = 3> <II = 1> <Delay = 2.15> <IPBlock> <Opcode : '' 'add' 'sub' 'mul' 'select'> <InPorts = 0> <OutPorts = 1> <Sync> <CReg>
ST_4 : Operation 143 [1/3] (0.00ns) (grouped into DSP with root node add_ln26_17)   --->   "%mul_ln26_2 = mul i29 %tmp25_cast17, i29 2260" [dct.cpp:26]   --->   Operation 143 'mul' 'mul_ln26_2' <Predicate = true> <Delay = 0.00> <CoreInst = "DSP48">   --->   Core 116 'DSP48' <Latency = 3> <II = 1> <Delay = 2.15> <IPBlock> <Opcode : '' 'add' 'sub' 'mul' 'select'> <InPorts = 0> <OutPorts = 1> <Sync> <CReg>
ST_4 : Operation 144 [1/2] (2.10ns) (root node of the DSP)   --->   "%add_ln26_14 = add i29 %mul_ln24_3, i29 %mul_ln24_4" [dct.cpp:26]   --->   Operation 144 'add' 'add_ln26_14' <Predicate = true> <Delay = 2.10> <CoreInst = "DSP48">   --->   Core 116 'DSP48' <Latency = 3> <II = 1> <Delay = 2.15> <IPBlock> <Opcode : '' 'add' 'sub' 'mul' 'select'> <InPorts = 0> <OutPorts = 1> <Sync> <CReg>
ST_4 : Operation 145 [2/2] (2.10ns) (root node of the DSP)   --->   "%add_ln26_16 = add i29 %tmp23, i29 %mul_ln24_5" [dct.cpp:26]   --->   Operation 145 'add' 'add_ln26_16' <Predicate = true> <Delay = 2.10> <CoreInst = "DSP48">   --->   Core 116 'DSP48' <Latency = 3> <II = 1> <Delay = 2.15> <IPBlock> <Opcode : '' 'add' 'sub' 'mul' 'select'> <InPorts = 0> <OutPorts = 1> <Sync> <CReg>
ST_4 : Operation 146 [2/2] (2.10ns) (root node of the DSP)   --->   "%add_ln26_17 = add i29 %mul_ln26_2, i29 4096" [dct.cpp:26]   --->   Operation 146 'add' 'add_ln26_17' <Predicate = true> <Delay = 2.10> <CoreInst = "DSP48">   --->   Core 116 'DSP48' <Latency = 3> <II = 1> <Delay = 2.15> <IPBlock> <Opcode : '' 'add' 'sub' 'mul' 'select'> <InPorts = 0> <OutPorts = 1> <Sync> <CReg>
ST_4 : Operation 147 [3/3] (1.05ns) (grouped into DSP with root node add_ln26_20)   --->   "%mul_ln24_6 = mul i29 %sext_ln24_11, i29 536859550" [dct.cpp:24]   --->   Operation 147 'mul' 'mul_ln24_6' <Predicate = true> <Delay = 1.05> <CoreInst = "DSP48">   --->   Core 116 'DSP48' <Latency = 3> <II = 1> <Delay = 2.15> <IPBlock> <Opcode : '' 'add' 'sub' 'mul' 'select'> <InPorts = 0> <OutPorts = 1> <Sync> <CReg>
ST_4 : Operation 148 [1/1] (5.58ns)   --->   "%mul_ln24_9 = mul i29 %sext_ln24_12, i29 11363" [dct.cpp:24]   --->   Operation 148 'mul' 'mul_ln24_9' <Predicate = true> <Delay = 5.58> <CoreInst = "Multiplier">   --->   Core 3 'Multiplier' <Latency = 0> <II = 1> <Delay = 5.58> <FuncUnit> <Opcode : 'mul'> <InPorts = 2> <OutPorts = 1>
ST_4 : Operation 149 [2/3] (1.05ns) (grouped into DSP with root node add_ln26_21)   --->   "%tmp33 = mul i29 %tmp7_cast15, i29 2260" [dct.cpp:24]   --->   Operation 149 'mul' 'tmp33' <Predicate = true> <Delay = 1.05> <CoreInst = "DSP48">   --->   Core 116 'DSP48' <Latency = 3> <II = 1> <Delay = 2.15> <IPBlock> <Opcode : '' 'add' 'sub' 'mul' 'select'> <InPorts = 0> <OutPorts = 1> <Sync> <CReg>
ST_4 : Operation 150 [1/3] (0.00ns) (grouped into DSP with root node add_ln26_22)   --->   "%mul_ln26_3 = mul i29 %sext_ln26, i29 6436" [dct.cpp:26]   --->   Operation 150 'mul' 'mul_ln26_3' <Predicate = true> <Delay = 0.00> <CoreInst = "DSP48">   --->   Core 116 'DSP48' <Latency = 3> <II = 1> <Delay = 2.15> <IPBlock> <Opcode : '' 'add' 'sub' 'mul' 'select'> <InPorts = 0> <OutPorts = 1> <Sync> <CReg>
ST_4 : Operation 151 [1/2] (2.10ns) (root node of the DSP)   --->   "%add_ln26_19 = add i29 %mul_ln24_7, i29 %mul_ln24_8" [dct.cpp:26]   --->   Operation 151 'add' 'add_ln26_19' <Predicate = true> <Delay = 2.10> <CoreInst = "DSP48">   --->   Core 116 'DSP48' <Latency = 3> <II = 1> <Delay = 2.15> <IPBlock> <Opcode : '' 'add' 'sub' 'mul' 'select'> <InPorts = 0> <OutPorts = 1> <Sync> <CReg>
ST_4 : Operation 152 [2/2] (2.10ns) (root node of the DSP)   --->   "%add_ln26_22 = add i29 %mul_ln26_3, i29 4096" [dct.cpp:26]   --->   Operation 152 'add' 'add_ln26_22' <Predicate = true> <Delay = 2.10> <CoreInst = "DSP48">   --->   Core 116 'DSP48' <Latency = 3> <II = 1> <Delay = 2.15> <IPBlock> <Opcode : '' 'add' 'sub' 'mul' 'select'> <InPorts = 0> <OutPorts = 1> <Sync> <CReg>
ST_4 : Operation 153 [1/1] (1.65ns) (grouped into DSP with root node add_ln26_6)   --->   "%tmp41 = sub i18 %tmp40, i18 %sext_ln24_7" [dct.cpp:24]   --->   Operation 153 'sub' 'tmp41' <Predicate = true> <Delay = 1.65> <CoreInst = "DSP48">   --->   Core 116 'DSP48' <Latency = 3> <II = 1> <Delay = 2.15> <IPBlock> <Opcode : '' 'add' 'sub' 'mul' 'select'> <InPorts = 0> <OutPorts = 1> <Sync> <CReg>
ST_4 : Operation 154 [1/1] (0.00ns) (grouped into DSP with root node add_ln26_6)   --->   "%tmp41_cast = sext i18 %tmp41" [dct.cpp:24]   --->   Operation 154 'sext' 'tmp41_cast' <Predicate = true> <Delay = 0.00>
ST_4 : Operation 155 [3/3] (1.05ns) (grouped into DSP with root node add_ln26_6)   --->   "%tmp42 = mul i29 %tmp41_cast, i29 10703" [dct.cpp:24]   --->   Operation 155 'mul' 'tmp42' <Predicate = true> <Delay = 1.05> <CoreInst = "DSP48">   --->   Core 116 'DSP48' <Latency = 3> <II = 1> <Delay = 2.15> <IPBlock> <Opcode : '' 'add' 'sub' 'mul' 'select'> <InPorts = 0> <OutPorts = 1> <Sync> <CReg>
ST_4 : Operation 156 [2/3] (1.05ns) (grouped into DSP with root node add_ln26_24)   --->   "%mul_ln26_4 = mul i29 %tmp19_cast, i29 4433" [dct.cpp:26]   --->   Operation 156 'mul' 'mul_ln26_4' <Predicate = true> <Delay = 1.05> <CoreInst = "DSP48">   --->   Core 116 'DSP48' <Latency = 3> <II = 1> <Delay = 2.15> <IPBlock> <Opcode : '' 'add' 'sub' 'mul' 'select'> <InPorts = 0> <OutPorts = 1> <Sync> <CReg>
ST_4 : Operation 157 [3/3] (1.05ns) (grouped into DSP with root node add_ln26_26)   --->   "%mul_ln24_10 = mul i29 %sext_ln24_14, i29 9633" [dct.cpp:24]   --->   Operation 157 'mul' 'mul_ln24_10' <Predicate = true> <Delay = 1.05> <CoreInst = "DSP48">   --->   Core 116 'DSP48' <Latency = 3> <II = 1> <Delay = 2.15> <IPBlock> <Opcode : '' 'add' 'sub' 'mul' 'select'> <InPorts = 0> <OutPorts = 1> <Sync> <CReg>
ST_4 : Operation 158 [1/1] (5.58ns)   --->   "%mul_ln24_13 = mul i29 %sext_ln24_15, i29 536861280" [dct.cpp:24]   --->   Operation 158 'mul' 'mul_ln24_13' <Predicate = true> <Delay = 5.58> <CoreInst = "Multiplier">   --->   Core 3 'Multiplier' <Latency = 0> <II = 1> <Delay = 5.58> <FuncUnit> <Opcode : 'mul'> <InPorts = 2> <OutPorts = 1>
ST_4 : Operation 159 [2/3] (1.05ns) (grouped into DSP with root node add_ln26_27)   --->   "%tmp51 = mul i29 %tmp25_cast17, i29 6436" [dct.cpp:24]   --->   Operation 159 'mul' 'tmp51' <Predicate = true> <Delay = 1.05> <CoreInst = "DSP48">   --->   Core 116 'DSP48' <Latency = 3> <II = 1> <Delay = 2.15> <IPBlock> <Opcode : '' 'add' 'sub' 'mul' 'select'> <InPorts = 0> <OutPorts = 1> <Sync> <CReg>
ST_4 : Operation 160 [2/3] (1.05ns) (grouped into DSP with root node add_ln26_28)   --->   "%mul_ln26_5 = mul i29 %sext_ln26, i29 2260" [dct.cpp:26]   --->   Operation 160 'mul' 'mul_ln26_5' <Predicate = true> <Delay = 1.05> <CoreInst = "DSP48">   --->   Core 116 'DSP48' <Latency = 3> <II = 1> <Delay = 2.15> <IPBlock> <Opcode : '' 'add' 'sub' 'mul' 'select'> <InPorts = 0> <OutPorts = 1> <Sync> <CReg>
ST_4 : Operation 161 [1/2] (2.10ns) (root node of the DSP)   --->   "%add_ln26_25 = add i29 %mul_ln24_11, i29 %mul_ln24_12" [dct.cpp:26]   --->   Operation 161 'add' 'add_ln26_25' <Predicate = true> <Delay = 2.10> <CoreInst = "DSP48">   --->   Core 116 'DSP48' <Latency = 3> <II = 1> <Delay = 2.15> <IPBlock> <Opcode : '' 'add' 'sub' 'mul' 'select'> <InPorts = 0> <OutPorts = 1> <Sync> <CReg>

State 5 <SV = 4> <Delay = 2.10>
ST_5 : Operation 162 [1/3] (0.00ns) (grouped into DSP with root node add_ln26_9)   --->   "%mul_ln11 = mul i29 %sext_ln24_10, i29 11363" [dct.cpp:11]   --->   Operation 162 'mul' 'mul_ln11' <Predicate = true> <Delay = 0.00> <CoreInst = "DSP48">   --->   Core 116 'DSP48' <Latency = 3> <II = 1> <Delay = 2.15> <IPBlock> <Opcode : '' 'add' 'sub' 'mul' 'select'> <InPorts = 0> <OutPorts = 1> <Sync> <CReg>
ST_5 : Operation 163 [2/2] (2.10ns) (root node of the DSP)   --->   "%add_ln26_9 = add i29 %add_ln26_8, i29 %mul_ln11" [dct.cpp:26]   --->   Operation 163 'add' 'add_ln26_9' <Predicate = true> <Delay = 2.10> <CoreInst = "DSP48">   --->   Core 116 'DSP48' <Latency = 3> <II = 1> <Delay = 2.15> <IPBlock> <Opcode : '' 'add' 'sub' 'mul' 'select'> <InPorts = 0> <OutPorts = 1> <Sync> <CReg>
ST_5 : Operation 164 [1/2] (2.10ns) (root node of the DSP)   --->   "%add_ln26_10 = add i29 %mul_ln24_1, i29 %mul_ln26" [dct.cpp:26]   --->   Operation 164 'add' 'add_ln26_10' <Predicate = true> <Delay = 2.10> <CoreInst = "DSP48">   --->   Core 116 'DSP48' <Latency = 3> <II = 1> <Delay = 2.15> <IPBlock> <Opcode : '' 'add' 'sub' 'mul' 'select'> <InPorts = 0> <OutPorts = 1> <Sync> <CReg>
ST_5 : Operation 165 [2/3] (1.05ns) (grouped into DSP with root node add_ln26_2)   --->   "%tmp14 = mul i29 %tmp13_cast, i29 4433" [dct.cpp:24]   --->   Operation 165 'mul' 'tmp14' <Predicate = true> <Delay = 1.05> <CoreInst = "DSP48">   --->   Core 116 'DSP48' <Latency = 3> <II = 1> <Delay = 2.15> <IPBlock> <Opcode : '' 'add' 'sub' 'mul' 'select'> <InPorts = 0> <OutPorts = 1> <Sync> <CReg>
ST_5 : Operation 166 [1/2] (2.10ns) (root node of the DSP)   --->   "%add_ln26_13 = add i29 %mul_ln26_1, i29 4096" [dct.cpp:26]   --->   Operation 166 'add' 'add_ln26_13' <Predicate = true> <Delay = 2.10> <CoreInst = "DSP48">   --->   Core 116 'DSP48' <Latency = 3> <II = 1> <Delay = 2.15> <IPBlock> <Opcode : '' 'add' 'sub' 'mul' 'select'> <InPorts = 0> <OutPorts = 1> <Sync> <CReg>
ST_5 : Operation 167 [2/3] (1.05ns) (grouped into DSP with root node add_ln26_15)   --->   "%mul_ln11_1 = mul i29 %sext_ln24_10, i29 9633" [dct.cpp:11]   --->   Operation 167 'mul' 'mul_ln11_1' <Predicate = true> <Delay = 1.05> <CoreInst = "DSP48">   --->   Core 116 'DSP48' <Latency = 3> <II = 1> <Delay = 2.15> <IPBlock> <Opcode : '' 'add' 'sub' 'mul' 'select'> <InPorts = 0> <OutPorts = 1> <Sync> <CReg>
ST_5 : Operation 168 [1/2] (2.10ns) (root node of the DSP)   --->   "%add_ln26_16 = add i29 %tmp23, i29 %mul_ln24_5" [dct.cpp:26]   --->   Operation 168 'add' 'add_ln26_16' <Predicate = true> <Delay = 2.10> <CoreInst = "DSP48">   --->   Core 116 'DSP48' <Latency = 3> <II = 1> <Delay = 2.15> <IPBlock> <Opcode : '' 'add' 'sub' 'mul' 'select'> <InPorts = 0> <OutPorts = 1> <Sync> <CReg>
ST_5 : Operation 169 [1/2] (2.10ns) (root node of the DSP)   --->   "%add_ln26_17 = add i29 %mul_ln26_2, i29 4096" [dct.cpp:26]   --->   Operation 169 'add' 'add_ln26_17' <Predicate = true> <Delay = 2.10> <CoreInst = "DSP48">   --->   Core 116 'DSP48' <Latency = 3> <II = 1> <Delay = 2.15> <IPBlock> <Opcode : '' 'add' 'sub' 'mul' 'select'> <InPorts = 0> <OutPorts = 1> <Sync> <CReg>
ST_5 : Operation 170 [2/3] (1.05ns) (grouped into DSP with root node add_ln26_20)   --->   "%mul_ln24_6 = mul i29 %sext_ln24_11, i29 536859550" [dct.cpp:24]   --->   Operation 170 'mul' 'mul_ln24_6' <Predicate = true> <Delay = 1.05> <CoreInst = "DSP48">   --->   Core 116 'DSP48' <Latency = 3> <II = 1> <Delay = 2.15> <IPBlock> <Opcode : '' 'add' 'sub' 'mul' 'select'> <InPorts = 0> <OutPorts = 1> <Sync> <CReg>
ST_5 : Operation 171 [1/3] (0.00ns) (grouped into DSP with root node add_ln26_21)   --->   "%tmp33 = mul i29 %tmp7_cast15, i29 2260" [dct.cpp:24]   --->   Operation 171 'mul' 'tmp33' <Predicate = true> <Delay = 0.00> <CoreInst = "DSP48">   --->   Core 116 'DSP48' <Latency = 3> <II = 1> <Delay = 2.15> <IPBlock> <Opcode : '' 'add' 'sub' 'mul' 'select'> <InPorts = 0> <OutPorts = 1> <Sync> <CReg>
ST_5 : Operation 172 [2/2] (2.10ns) (root node of the DSP)   --->   "%add_ln26_21 = add i29 %mul_ln24_9, i29 %tmp33" [dct.cpp:26]   --->   Operation 172 'add' 'add_ln26_21' <Predicate = true> <Delay = 2.10> <CoreInst = "DSP48">   --->   Core 116 'DSP48' <Latency = 3> <II = 1> <Delay = 2.15> <IPBlock> <Opcode : '' 'add' 'sub' 'mul' 'select'> <InPorts = 0> <OutPorts = 1> <Sync> <CReg>
ST_5 : Operation 173 [1/2] (2.10ns) (root node of the DSP)   --->   "%add_ln26_22 = add i29 %mul_ln26_3, i29 4096" [dct.cpp:26]   --->   Operation 173 'add' 'add_ln26_22' <Predicate = true> <Delay = 2.10> <CoreInst = "DSP48">   --->   Core 116 'DSP48' <Latency = 3> <II = 1> <Delay = 2.15> <IPBlock> <Opcode : '' 'add' 'sub' 'mul' 'select'> <InPorts = 0> <OutPorts = 1> <Sync> <CReg>
ST_5 : Operation 174 [2/3] (1.05ns) (grouped into DSP with root node add_ln26_6)   --->   "%tmp42 = mul i29 %tmp41_cast, i29 10703" [dct.cpp:24]   --->   Operation 174 'mul' 'tmp42' <Predicate = true> <Delay = 1.05> <CoreInst = "DSP48">   --->   Core 116 'DSP48' <Latency = 3> <II = 1> <Delay = 2.15> <IPBlock> <Opcode : '' 'add' 'sub' 'mul' 'select'> <InPorts = 0> <OutPorts = 1> <Sync> <CReg>
ST_5 : Operation 175 [1/3] (0.00ns) (grouped into DSP with root node add_ln26_24)   --->   "%mul_ln26_4 = mul i29 %tmp19_cast, i29 4433" [dct.cpp:26]   --->   Operation 175 'mul' 'mul_ln26_4' <Predicate = true> <Delay = 0.00> <CoreInst = "DSP48">   --->   Core 116 'DSP48' <Latency = 3> <II = 1> <Delay = 2.15> <IPBlock> <Opcode : '' 'add' 'sub' 'mul' 'select'> <InPorts = 0> <OutPorts = 1> <Sync> <CReg>
ST_5 : Operation 176 [2/2] (2.10ns) (root node of the DSP)   --->   "%add_ln26_24 = add i29 %mul_ln26_4, i29 4096" [dct.cpp:26]   --->   Operation 176 'add' 'add_ln26_24' <Predicate = true> <Delay = 2.10> <CoreInst = "DSP48">   --->   Core 116 'DSP48' <Latency = 3> <II = 1> <Delay = 2.15> <IPBlock> <Opcode : '' 'add' 'sub' 'mul' 'select'> <InPorts = 0> <OutPorts = 1> <Sync> <CReg>
ST_5 : Operation 177 [2/3] (1.05ns) (grouped into DSP with root node add_ln26_26)   --->   "%mul_ln24_10 = mul i29 %sext_ln24_14, i29 9633" [dct.cpp:24]   --->   Operation 177 'mul' 'mul_ln24_10' <Predicate = true> <Delay = 1.05> <CoreInst = "DSP48">   --->   Core 116 'DSP48' <Latency = 3> <II = 1> <Delay = 2.15> <IPBlock> <Opcode : '' 'add' 'sub' 'mul' 'select'> <InPorts = 0> <OutPorts = 1> <Sync> <CReg>
ST_5 : Operation 178 [1/3] (0.00ns) (grouped into DSP with root node add_ln26_27)   --->   "%tmp51 = mul i29 %tmp25_cast17, i29 6436" [dct.cpp:24]   --->   Operation 178 'mul' 'tmp51' <Predicate = true> <Delay = 0.00> <CoreInst = "DSP48">   --->   Core 116 'DSP48' <Latency = 3> <II = 1> <Delay = 2.15> <IPBlock> <Opcode : '' 'add' 'sub' 'mul' 'select'> <InPorts = 0> <OutPorts = 1> <Sync> <CReg>
ST_5 : Operation 179 [1/3] (0.00ns) (grouped into DSP with root node add_ln26_28)   --->   "%mul_ln26_5 = mul i29 %sext_ln26, i29 2260" [dct.cpp:26]   --->   Operation 179 'mul' 'mul_ln26_5' <Predicate = true> <Delay = 0.00> <CoreInst = "DSP48">   --->   Core 116 'DSP48' <Latency = 3> <II = 1> <Delay = 2.15> <IPBlock> <Opcode : '' 'add' 'sub' 'mul' 'select'> <InPorts = 0> <OutPorts = 1> <Sync> <CReg>
ST_5 : Operation 180 [2/2] (2.10ns) (root node of the DSP)   --->   "%add_ln26_27 = add i29 %mul_ln24_13, i29 %tmp51" [dct.cpp:26]   --->   Operation 180 'add' 'add_ln26_27' <Predicate = true> <Delay = 2.10> <CoreInst = "DSP48">   --->   Core 116 'DSP48' <Latency = 3> <II = 1> <Delay = 2.15> <IPBlock> <Opcode : '' 'add' 'sub' 'mul' 'select'> <InPorts = 0> <OutPorts = 1> <Sync> <CReg>
ST_5 : Operation 181 [2/2] (2.10ns) (root node of the DSP)   --->   "%add_ln26_28 = add i29 %mul_ln26_5, i29 4096" [dct.cpp:26]   --->   Operation 181 'add' 'add_ln26_28' <Predicate = true> <Delay = 2.10> <CoreInst = "DSP48">   --->   Core 116 'DSP48' <Latency = 3> <II = 1> <Delay = 2.15> <IPBlock> <Opcode : '' 'add' 'sub' 'mul' 'select'> <InPorts = 0> <OutPorts = 1> <Sync> <CReg>

State 6 <SV = 5> <Delay = 6.38>
ST_6 : Operation 182 [1/2] (2.10ns) (root node of the DSP)   --->   "%add_ln26_9 = add i29 %add_ln26_8, i29 %mul_ln11" [dct.cpp:26]   --->   Operation 182 'add' 'add_ln26_9' <Predicate = true> <Delay = 2.10> <CoreInst = "DSP48">   --->   Core 116 'DSP48' <Latency = 3> <II = 1> <Delay = 2.15> <IPBlock> <Opcode : '' 'add' 'sub' 'mul' 'select'> <InPorts = 0> <OutPorts = 1> <Sync> <CReg>
ST_6 : Operation 183 [1/1] (0.00ns) (grouped into TernaryAdder)   --->   "%add_ln26_12 = add i29 %add_ln26_11, i29 %add_ln26_10" [dct.cpp:26]   --->   Operation 183 'add' 'add_ln26_12' <Predicate = true> <Delay = 0.00> <CoreInst = "TAddSub">   --->   Core 10 'TAddSub' <Latency = 0> <II = 1> <Delay = 2.14> <IPBlock> <Opcode : '' 'add' 'sub'> <InPorts = 3> <OutPorts = 1> <Sync> <CReg>
ST_6 : Operation 184 [1/1] (4.28ns) (root node of TernaryAdder)   --->   "%add_ln26_1 = add i29 %add_ln26_12, i29 %add_ln26_9" [dct.cpp:26]   --->   Operation 184 'add' 'add_ln26_1' <Predicate = true> <Delay = 4.28> <CoreInst = "TAddSub">   --->   Core 10 'TAddSub' <Latency = 0> <II = 1> <Delay = 2.14> <IPBlock> <Opcode : '' 'add' 'sub'> <InPorts = 3> <OutPorts = 1> <Sync> <CReg>
ST_6 : Operation 185 [1/1] (0.00ns)   --->   "%trunc_ln26_1 = partselect i16 @_ssdm_op_PartSelect.i16.i29.i32.i32, i29 %add_ln26_1, i32 13, i32 28" [dct.cpp:26]   --->   Operation 185 'partselect' 'trunc_ln26_1' <Predicate = true> <Delay = 0.00>
ST_6 : Operation 186 [1/3] (0.00ns) (grouped into DSP with root node add_ln26_2)   --->   "%tmp14 = mul i29 %tmp13_cast, i29 4433" [dct.cpp:24]   --->   Operation 186 'mul' 'tmp14' <Predicate = true> <Delay = 0.00> <CoreInst = "DSP48">   --->   Core 116 'DSP48' <Latency = 3> <II = 1> <Delay = 2.15> <IPBlock> <Opcode : '' 'add' 'sub' 'mul' 'select'> <InPorts = 0> <OutPorts = 1> <Sync> <CReg>
ST_6 : Operation 187 [2/2] (2.10ns) (root node of the DSP)   --->   "%add_ln26_2 = add i29 %add_ln26_13, i29 %tmp14" [dct.cpp:26]   --->   Operation 187 'add' 'add_ln26_2' <Predicate = true> <Delay = 2.10> <CoreInst = "DSP48">   --->   Core 116 'DSP48' <Latency = 3> <II = 1> <Delay = 2.15> <IPBlock> <Opcode : '' 'add' 'sub' 'mul' 'select'> <InPorts = 0> <OutPorts = 1> <Sync> <CReg>
ST_6 : Operation 188 [1/3] (0.00ns) (grouped into DSP with root node add_ln26_15)   --->   "%mul_ln11_1 = mul i29 %sext_ln24_10, i29 9633" [dct.cpp:11]   --->   Operation 188 'mul' 'mul_ln11_1' <Predicate = true> <Delay = 0.00> <CoreInst = "DSP48">   --->   Core 116 'DSP48' <Latency = 3> <II = 1> <Delay = 2.15> <IPBlock> <Opcode : '' 'add' 'sub' 'mul' 'select'> <InPorts = 0> <OutPorts = 1> <Sync> <CReg>
ST_6 : Operation 189 [2/2] (2.10ns) (root node of the DSP)   --->   "%add_ln26_15 = add i29 %add_ln26_14, i29 %mul_ln11_1" [dct.cpp:26]   --->   Operation 189 'add' 'add_ln26_15' <Predicate = true> <Delay = 2.10> <CoreInst = "DSP48">   --->   Core 116 'DSP48' <Latency = 3> <II = 1> <Delay = 2.15> <IPBlock> <Opcode : '' 'add' 'sub' 'mul' 'select'> <InPorts = 0> <OutPorts = 1> <Sync> <CReg>
ST_6 : Operation 190 [1/3] (0.00ns) (grouped into DSP with root node add_ln26_20)   --->   "%mul_ln24_6 = mul i29 %sext_ln24_11, i29 536859550" [dct.cpp:24]   --->   Operation 190 'mul' 'mul_ln24_6' <Predicate = true> <Delay = 0.00> <CoreInst = "DSP48">   --->   Core 116 'DSP48' <Latency = 3> <II = 1> <Delay = 2.15> <IPBlock> <Opcode : '' 'add' 'sub' 'mul' 'select'> <InPorts = 0> <OutPorts = 1> <Sync> <CReg>
ST_6 : Operation 191 [2/2] (2.10ns) (root node of the DSP)   --->   "%add_ln26_20 = add i29 %add_ln26_19, i29 %mul_ln24_6" [dct.cpp:26]   --->   Operation 191 'add' 'add_ln26_20' <Predicate = true> <Delay = 2.10> <CoreInst = "DSP48">   --->   Core 116 'DSP48' <Latency = 3> <II = 1> <Delay = 2.15> <IPBlock> <Opcode : '' 'add' 'sub' 'mul' 'select'> <InPorts = 0> <OutPorts = 1> <Sync> <CReg>
ST_6 : Operation 192 [1/2] (2.10ns) (root node of the DSP)   --->   "%add_ln26_21 = add i29 %mul_ln24_9, i29 %tmp33" [dct.cpp:26]   --->   Operation 192 'add' 'add_ln26_21' <Predicate = true> <Delay = 2.10> <CoreInst = "DSP48">   --->   Core 116 'DSP48' <Latency = 3> <II = 1> <Delay = 2.15> <IPBlock> <Opcode : '' 'add' 'sub' 'mul' 'select'> <InPorts = 0> <OutPorts = 1> <Sync> <CReg>
ST_6 : Operation 193 [1/3] (0.00ns) (grouped into DSP with root node add_ln26_6)   --->   "%tmp42 = mul i29 %tmp41_cast, i29 10703" [dct.cpp:24]   --->   Operation 193 'mul' 'tmp42' <Predicate = true> <Delay = 0.00> <CoreInst = "DSP48">   --->   Core 116 'DSP48' <Latency = 3> <II = 1> <Delay = 2.15> <IPBlock> <Opcode : '' 'add' 'sub' 'mul' 'select'> <InPorts = 0> <OutPorts = 1> <Sync> <CReg>
ST_6 : Operation 194 [1/2] (2.10ns) (root node of the DSP)   --->   "%add_ln26_24 = add i29 %mul_ln26_4, i29 4096" [dct.cpp:26]   --->   Operation 194 'add' 'add_ln26_24' <Predicate = true> <Delay = 2.10> <CoreInst = "DSP48">   --->   Core 116 'DSP48' <Latency = 3> <II = 1> <Delay = 2.15> <IPBlock> <Opcode : '' 'add' 'sub' 'mul' 'select'> <InPorts = 0> <OutPorts = 1> <Sync> <CReg>
ST_6 : Operation 195 [2/2] (2.10ns) (root node of the DSP)   --->   "%add_ln26_6 = add i29 %add_ln26_24, i29 %tmp42" [dct.cpp:26]   --->   Operation 195 'add' 'add_ln26_6' <Predicate = true> <Delay = 2.10> <CoreInst = "DSP48">   --->   Core 116 'DSP48' <Latency = 3> <II = 1> <Delay = 2.15> <IPBlock> <Opcode : '' 'add' 'sub' 'mul' 'select'> <InPorts = 0> <OutPorts = 1> <Sync> <CReg>
ST_6 : Operation 196 [1/3] (0.00ns) (grouped into DSP with root node add_ln26_26)   --->   "%mul_ln24_10 = mul i29 %sext_ln24_14, i29 9633" [dct.cpp:24]   --->   Operation 196 'mul' 'mul_ln24_10' <Predicate = true> <Delay = 0.00> <CoreInst = "DSP48">   --->   Core 116 'DSP48' <Latency = 3> <II = 1> <Delay = 2.15> <IPBlock> <Opcode : '' 'add' 'sub' 'mul' 'select'> <InPorts = 0> <OutPorts = 1> <Sync> <CReg>
ST_6 : Operation 197 [2/2] (2.10ns) (root node of the DSP)   --->   "%add_ln26_26 = add i29 %add_ln26_25, i29 %mul_ln24_10" [dct.cpp:26]   --->   Operation 197 'add' 'add_ln26_26' <Predicate = true> <Delay = 2.10> <CoreInst = "DSP48">   --->   Core 116 'DSP48' <Latency = 3> <II = 1> <Delay = 2.15> <IPBlock> <Opcode : '' 'add' 'sub' 'mul' 'select'> <InPorts = 0> <OutPorts = 1> <Sync> <CReg>
ST_6 : Operation 198 [1/2] (2.10ns) (root node of the DSP)   --->   "%add_ln26_27 = add i29 %mul_ln24_13, i29 %tmp51" [dct.cpp:26]   --->   Operation 198 'add' 'add_ln26_27' <Predicate = true> <Delay = 2.10> <CoreInst = "DSP48">   --->   Core 116 'DSP48' <Latency = 3> <II = 1> <Delay = 2.15> <IPBlock> <Opcode : '' 'add' 'sub' 'mul' 'select'> <InPorts = 0> <OutPorts = 1> <Sync> <CReg>
ST_6 : Operation 199 [1/2] (2.10ns) (root node of the DSP)   --->   "%add_ln26_28 = add i29 %mul_ln26_5, i29 4096" [dct.cpp:26]   --->   Operation 199 'add' 'add_ln26_28' <Predicate = true> <Delay = 2.10> <CoreInst = "DSP48">   --->   Core 116 'DSP48' <Latency = 3> <II = 1> <Delay = 2.15> <IPBlock> <Opcode : '' 'add' 'sub' 'mul' 'select'> <InPorts = 0> <OutPorts = 1> <Sync> <CReg>

State 7 <SV = 6> <Delay = 6.38>
ST_7 : Operation 200 [1/1] (0.00ns)   --->   "%tmp_3 = bitconcatenate i6 @_ssdm_op_BitConcatenate.i6.i3.i3, i3 %dst_offset_read, i3 2" [dct.cpp:26]   --->   Operation 200 'bitconcatenate' 'tmp_3' <Predicate = true> <Delay = 0.00>
ST_7 : Operation 201 [1/1] (0.00ns)   --->   "%zext_ln26_1 = zext i6 %tmp_3" [dct.cpp:26]   --->   Operation 201 'zext' 'zext_ln26_1' <Predicate = true> <Delay = 0.00>
ST_7 : Operation 202 [1/1] (0.00ns)   --->   "%dst_addr_2 = getelementptr i16 %dst, i64 0, i64 %zext_ln26_1" [dct.cpp:26]   --->   Operation 202 'getelementptr' 'dst_addr_2' <Predicate = true> <Delay = 0.00>
ST_7 : Operation 203 [1/2] (2.10ns) (root node of the DSP)   --->   "%add_ln26_2 = add i29 %add_ln26_13, i29 %tmp14" [dct.cpp:26]   --->   Operation 203 'add' 'add_ln26_2' <Predicate = true> <Delay = 2.10> <CoreInst = "DSP48">   --->   Core 116 'DSP48' <Latency = 3> <II = 1> <Delay = 2.15> <IPBlock> <Opcode : '' 'add' 'sub' 'mul' 'select'> <InPorts = 0> <OutPorts = 1> <Sync> <CReg>
ST_7 : Operation 204 [1/1] (0.00ns)   --->   "%trunc_ln26_2 = partselect i16 @_ssdm_op_PartSelect.i16.i29.i32.i32, i29 %add_ln26_2, i32 13, i32 28" [dct.cpp:26]   --->   Operation 204 'partselect' 'trunc_ln26_2' <Predicate = true> <Delay = 0.00>
ST_7 : Operation 205 [1/1] ( I:3.25ns O:3.25ns )   --->   "%store_ln26 = store i16 %trunc_ln26_2, i6 %dst_addr_2" [dct.cpp:26]   --->   Operation 205 'store' 'store_ln26' <Predicate = true> <Delay = 3.25> <CoreInst = "RAM">   --->   Core 81 'RAM' <Latency = 1> <II = 1> <Delay = 3.25> <Storage> <Opcode : 'load' 'store'> <Ports = 2> <Width = 16> <Depth = 64> <RAM>
ST_7 : Operation 206 [1/2] (2.10ns) (root node of the DSP)   --->   "%add_ln26_15 = add i29 %add_ln26_14, i29 %mul_ln11_1" [dct.cpp:26]   --->   Operation 206 'add' 'add_ln26_15' <Predicate = true> <Delay = 2.10> <CoreInst = "DSP48">   --->   Core 116 'DSP48' <Latency = 3> <II = 1> <Delay = 2.15> <IPBlock> <Opcode : '' 'add' 'sub' 'mul' 'select'> <InPorts = 0> <OutPorts = 1> <Sync> <CReg>
ST_7 : Operation 207 [1/1] (0.00ns) (grouped into TernaryAdder)   --->   "%add_ln26_18 = add i29 %add_ln26_17, i29 %add_ln26_16" [dct.cpp:26]   --->   Operation 207 'add' 'add_ln26_18' <Predicate = true> <Delay = 0.00> <CoreInst = "TAddSub">   --->   Core 10 'TAddSub' <Latency = 0> <II = 1> <Delay = 2.14> <IPBlock> <Opcode : '' 'add' 'sub'> <InPorts = 3> <OutPorts = 1> <Sync> <CReg>
ST_7 : Operation 208 [1/1] (4.28ns) (root node of TernaryAdder)   --->   "%add_ln26_3 = add i29 %add_ln26_18, i29 %add_ln26_15" [dct.cpp:26]   --->   Operation 208 'add' 'add_ln26_3' <Predicate = true> <Delay = 4.28> <CoreInst = "TAddSub">   --->   Core 10 'TAddSub' <Latency = 0> <II = 1> <Delay = 2.14> <IPBlock> <Opcode : '' 'add' 'sub'> <InPorts = 3> <OutPorts = 1> <Sync> <CReg>
ST_7 : Operation 209 [1/1] (0.00ns)   --->   "%trunc_ln26_3 = partselect i16 @_ssdm_op_PartSelect.i16.i29.i32.i32, i29 %add_ln26_3, i32 13, i32 28" [dct.cpp:26]   --->   Operation 209 'partselect' 'trunc_ln26_3' <Predicate = true> <Delay = 0.00>
ST_7 : Operation 210 [1/2] (2.10ns) (root node of the DSP)   --->   "%add_ln26_20 = add i29 %add_ln26_19, i29 %mul_ln24_6" [dct.cpp:26]   --->   Operation 210 'add' 'add_ln26_20' <Predicate = true> <Delay = 2.10> <CoreInst = "DSP48">   --->   Core 116 'DSP48' <Latency = 3> <II = 1> <Delay = 2.15> <IPBlock> <Opcode : '' 'add' 'sub' 'mul' 'select'> <InPorts = 0> <OutPorts = 1> <Sync> <CReg>
ST_7 : Operation 211 [1/1] (0.00ns) (grouped into TernaryAdder)   --->   "%add_ln26_23 = add i29 %add_ln26_22, i29 %add_ln26_21" [dct.cpp:26]   --->   Operation 211 'add' 'add_ln26_23' <Predicate = true> <Delay = 0.00> <CoreInst = "TAddSub">   --->   Core 10 'TAddSub' <Latency = 0> <II = 1> <Delay = 2.14> <IPBlock> <Opcode : '' 'add' 'sub'> <InPorts = 3> <OutPorts = 1> <Sync> <CReg>
ST_7 : Operation 212 [1/1] (4.28ns) (root node of TernaryAdder)   --->   "%add_ln26_5 = add i29 %add_ln26_23, i29 %add_ln26_20" [dct.cpp:26]   --->   Operation 212 'add' 'add_ln26_5' <Predicate = true> <Delay = 4.28> <CoreInst = "TAddSub">   --->   Core 10 'TAddSub' <Latency = 0> <II = 1> <Delay = 2.14> <IPBlock> <Opcode : '' 'add' 'sub'> <InPorts = 3> <OutPorts = 1> <Sync> <CReg>
ST_7 : Operation 213 [1/1] (0.00ns)   --->   "%trunc_ln26_5 = partselect i16 @_ssdm_op_PartSelect.i16.i29.i32.i32, i29 %add_ln26_5, i32 13, i32 28" [dct.cpp:26]   --->   Operation 213 'partselect' 'trunc_ln26_5' <Predicate = true> <Delay = 0.00>
ST_7 : Operation 214 [1/2] (2.10ns) (root node of the DSP)   --->   "%add_ln26_6 = add i29 %add_ln26_24, i29 %tmp42" [dct.cpp:26]   --->   Operation 214 'add' 'add_ln26_6' <Predicate = true> <Delay = 2.10> <CoreInst = "DSP48">   --->   Core 116 'DSP48' <Latency = 3> <II = 1> <Delay = 2.15> <IPBlock> <Opcode : '' 'add' 'sub' 'mul' 'select'> <InPorts = 0> <OutPorts = 1> <Sync> <CReg>
ST_7 : Operation 215 [1/1] (0.00ns)   --->   "%trunc_ln26_6 = partselect i16 @_ssdm_op_PartSelect.i16.i29.i32.i32, i29 %add_ln26_6, i32 13, i32 28" [dct.cpp:26]   --->   Operation 215 'partselect' 'trunc_ln26_6' <Predicate = true> <Delay = 0.00>
ST_7 : Operation 216 [1/2] (2.10ns) (root node of the DSP)   --->   "%add_ln26_26 = add i29 %add_ln26_25, i29 %mul_ln24_10" [dct.cpp:26]   --->   Operation 216 'add' 'add_ln26_26' <Predicate = true> <Delay = 2.10> <CoreInst = "DSP48">   --->   Core 116 'DSP48' <Latency = 3> <II = 1> <Delay = 2.15> <IPBlock> <Opcode : '' 'add' 'sub' 'mul' 'select'> <InPorts = 0> <OutPorts = 1> <Sync> <CReg>
ST_7 : Operation 217 [1/1] (0.00ns) (grouped into TernaryAdder)   --->   "%add_ln26_29 = add i29 %add_ln26_28, i29 %add_ln26_27" [dct.cpp:26]   --->   Operation 217 'add' 'add_ln26_29' <Predicate = true> <Delay = 0.00> <CoreInst = "TAddSub">   --->   Core 10 'TAddSub' <Latency = 0> <II = 1> <Delay = 2.14> <IPBlock> <Opcode : '' 'add' 'sub'> <InPorts = 3> <OutPorts = 1> <Sync> <CReg>
ST_7 : Operation 218 [1/1] (4.28ns) (root node of TernaryAdder)   --->   "%add_ln26_7 = add i29 %add_ln26_29, i29 %add_ln26_26" [dct.cpp:26]   --->   Operation 218 'add' 'add_ln26_7' <Predicate = true> <Delay = 4.28> <CoreInst = "TAddSub">   --->   Core 10 'TAddSub' <Latency = 0> <II = 1> <Delay = 2.14> <IPBlock> <Opcode : '' 'add' 'sub'> <InPorts = 3> <OutPorts = 1> <Sync> <CReg>
ST_7 : Operation 219 [1/1] (0.00ns)   --->   "%trunc_ln26_7 = partselect i16 @_ssdm_op_PartSelect.i16.i29.i32.i32, i29 %add_ln26_7, i32 13, i32 28" [dct.cpp:26]   --->   Operation 219 'partselect' 'trunc_ln26_7' <Predicate = true> <Delay = 0.00>

State 8 <SV = 7> <Delay = 3.25>
ST_8 : Operation 220 [1/1] (0.00ns)   --->   "%tmp_2 = bitconcatenate i6 @_ssdm_op_BitConcatenate.i6.i3.i3, i3 %dst_offset_read, i3 1" [dct.cpp:26]   --->   Operation 220 'bitconcatenate' 'tmp_2' <Predicate = true> <Delay = 0.00>
ST_8 : Operation 221 [1/1] (0.00ns)   --->   "%zext_ln26 = zext i6 %tmp_2" [dct.cpp:26]   --->   Operation 221 'zext' 'zext_ln26' <Predicate = true> <Delay = 0.00>
ST_8 : Operation 222 [1/1] (0.00ns)   --->   "%dst_addr_1 = getelementptr i16 %dst, i64 0, i64 %zext_ln26" [dct.cpp:26]   --->   Operation 222 'getelementptr' 'dst_addr_1' <Predicate = true> <Delay = 0.00>
ST_8 : Operation 223 [1/1] (0.00ns)   --->   "%tmp_9 = bitconcatenate i6 @_ssdm_op_BitConcatenate.i6.i3.i3, i3 %dst_offset_read, i3 6" [dct.cpp:26]   --->   Operation 223 'bitconcatenate' 'tmp_9' <Predicate = true> <Delay = 0.00>
ST_8 : Operation 224 [1/1] (0.00ns)   --->   "%zext_ln26_5 = zext i6 %tmp_9" [dct.cpp:26]   --->   Operation 224 'zext' 'zext_ln26_5' <Predicate = true> <Delay = 0.00>
ST_8 : Operation 225 [1/1] (0.00ns)   --->   "%dst_addr_6 = getelementptr i16 %dst, i64 0, i64 %zext_ln26_5" [dct.cpp:26]   --->   Operation 225 'getelementptr' 'dst_addr_6' <Predicate = true> <Delay = 0.00>
ST_8 : Operation 226 [1/1] ( I:3.25ns O:3.25ns )   --->   "%store_ln26 = store i16 %trunc_ln26_1, i6 %dst_addr_1" [dct.cpp:26]   --->   Operation 226 'store' 'store_ln26' <Predicate = true> <Delay = 3.25> <CoreInst = "RAM">   --->   Core 81 'RAM' <Latency = 1> <II = 1> <Delay = 3.25> <Storage> <Opcode : 'load' 'store'> <Ports = 2> <Width = 16> <Depth = 64> <RAM>
ST_8 : Operation 227 [1/1] ( I:3.25ns O:3.25ns )   --->   "%store_ln26 = store i16 %trunc_ln26_6, i6 %dst_addr_6" [dct.cpp:26]   --->   Operation 227 'store' 'store_ln26' <Predicate = true> <Delay = 3.25> <CoreInst = "RAM">   --->   Core 81 'RAM' <Latency = 1> <II = 1> <Delay = 3.25> <Storage> <Opcode : 'load' 'store'> <Ports = 2> <Width = 16> <Depth = 64> <RAM>

State 9 <SV = 8> <Delay = 3.25>
ST_9 : Operation 228 [1/1] (0.00ns)   --->   "%tmp_6 = bitconcatenate i6 @_ssdm_op_BitConcatenate.i6.i3.i3, i3 %dst_offset_read, i3 3" [dct.cpp:26]   --->   Operation 228 'bitconcatenate' 'tmp_6' <Predicate = true> <Delay = 0.00>
ST_9 : Operation 229 [1/1] (0.00ns)   --->   "%zext_ln26_2 = zext i6 %tmp_6" [dct.cpp:26]   --->   Operation 229 'zext' 'zext_ln26_2' <Predicate = true> <Delay = 0.00>
ST_9 : Operation 230 [1/1] (0.00ns)   --->   "%dst_addr_3 = getelementptr i16 %dst, i64 0, i64 %zext_ln26_2" [dct.cpp:26]   --->   Operation 230 'getelementptr' 'dst_addr_3' <Predicate = true> <Delay = 0.00>
ST_9 : Operation 231 [1/1] (0.00ns)   --->   "%tmp_8 = bitconcatenate i6 @_ssdm_op_BitConcatenate.i6.i3.i3, i3 %dst_offset_read, i3 5" [dct.cpp:26]   --->   Operation 231 'bitconcatenate' 'tmp_8' <Predicate = true> <Delay = 0.00>
ST_9 : Operation 232 [1/1] (0.00ns)   --->   "%zext_ln26_4 = zext i6 %tmp_8" [dct.cpp:26]   --->   Operation 232 'zext' 'zext_ln26_4' <Predicate = true> <Delay = 0.00>
ST_9 : Operation 233 [1/1] (0.00ns)   --->   "%dst_addr_5 = getelementptr i16 %dst, i64 0, i64 %zext_ln26_4" [dct.cpp:26]   --->   Operation 233 'getelementptr' 'dst_addr_5' <Predicate = true> <Delay = 0.00>
ST_9 : Operation 234 [1/1] ( I:3.25ns O:3.25ns )   --->   "%store_ln26 = store i16 %trunc_ln26_3, i6 %dst_addr_3" [dct.cpp:26]   --->   Operation 234 'store' 'store_ln26' <Predicate = true> <Delay = 3.25> <CoreInst = "RAM">   --->   Core 81 'RAM' <Latency = 1> <II = 1> <Delay = 3.25> <Storage> <Opcode : 'load' 'store'> <Ports = 2> <Width = 16> <Depth = 64> <RAM>
ST_9 : Operation 235 [1/1] ( I:3.25ns O:3.25ns )   --->   "%store_ln26 = store i16 %trunc_ln26_5, i6 %dst_addr_5" [dct.cpp:26]   --->   Operation 235 'store' 'store_ln26' <Predicate = true> <Delay = 3.25> <CoreInst = "RAM">   --->   Core 81 'RAM' <Latency = 1> <II = 1> <Delay = 3.25> <Storage> <Opcode : 'load' 'store'> <Ports = 2> <Width = 16> <Depth = 64> <RAM>

State 10 <SV = 9> <Delay = 3.25>
ST_10 : Operation 236 [1/1] (0.00ns)   --->   "%tmp_s = bitconcatenate i6 @_ssdm_op_BitConcatenate.i6.i3.i3, i3 %dst_offset_read, i3 7" [dct.cpp:26]   --->   Operation 236 'bitconcatenate' 'tmp_s' <Predicate = true> <Delay = 0.00>
ST_10 : Operation 237 [1/1] (0.00ns)   --->   "%zext_ln26_6 = zext i6 %tmp_s" [dct.cpp:26]   --->   Operation 237 'zext' 'zext_ln26_6' <Predicate = true> <Delay = 0.00>
ST_10 : Operation 238 [1/1] (0.00ns)   --->   "%dst_addr_7 = getelementptr i16 %dst, i64 0, i64 %zext_ln26_6" [dct.cpp:26]   --->   Operation 238 'getelementptr' 'dst_addr_7' <Predicate = true> <Delay = 0.00>
ST_10 : Operation 239 [1/1] ( I:3.25ns O:3.25ns )   --->   "%store_ln26 = store i16 %trunc_ln26_7, i6 %dst_addr_7" [dct.cpp:26]   --->   Operation 239 'store' 'store_ln26' <Predicate = true> <Delay = 3.25> <CoreInst = "RAM">   --->   Core 81 'RAM' <Latency = 1> <II = 1> <Delay = 3.25> <Storage> <Opcode : 'load' 'store'> <Ports = 2> <Width = 16> <Depth = 64> <RAM>
ST_10 : Operation 240 [1/1] (0.00ns)   --->   "%ret_ln28 = ret" [dct.cpp:28]   --->   Operation 240 'ret' 'ret_ln28' <Predicate = true> <Delay = 0.00>


============================================================
+ Verbose Summary: Timing violations
============================================================
Target clock period: 10.000ns, clock uncertainty: 2.700ns.

 <State 1>: 6.360ns
The critical path consists of the following:
	wire read operation ('src_4_val_read', dct.cpp:8) on port 'src_4_val' (dct.cpp:8) [15]  (0.000 ns)
	'add' operation 16 bit ('tmp5716', dct.cpp:8) [62]  (2.077 ns)
	'add' operation 29 bit ('tmp_10', dct.cpp:24) [65]  (4.283 ns)

 <State 2>: 7.088ns
The critical path consists of the following:
	'sub' operation 17 bit ('tmp17', dct.cpp:24) [97]  (2.077 ns)
	'sub' operation 18 bit ('tmp18', dct.cpp:24) [99]  (0.000 ns)
	'add' operation 18 bit ('tmp19', dct.cpp:24) [100]  (3.962 ns)
	'mul' operation 29 bit of DSP[103] ('mul_ln26_1', dct.cpp:26) [102]  (1.050 ns)

 <State 3>: 5.580ns
The critical path consists of the following:
	'mul' operation 29 bit ('mul_ln24_1', dct.cpp:24) [74]  (5.580 ns)

 <State 4>: 5.580ns
The critical path consists of the following:
	'mul' operation 29 bit ('mul_ln24_9', dct.cpp:24) [142]  (5.580 ns)

 <State 5>: 2.100ns
The critical path consists of the following:
	'mul' operation 29 bit of DSP[84] ('mul_ln11', dct.cpp:11) [70]  (0.000 ns)
	'add' operation 29 bit of DSP[84] ('add_ln26_9', dct.cpp:26) [84]  (2.100 ns)

 <State 6>: 6.383ns
The critical path consists of the following:
	'add' operation 29 bit of DSP[84] ('add_ln26_9', dct.cpp:26) [84]  (2.100 ns)
	'add' operation 29 bit ('add_ln26_1', dct.cpp:26) [88]  (4.283 ns)

 <State 7>: 6.383ns
The critical path consists of the following:
	'add' operation 29 bit of DSP[120] ('add_ln26_15', dct.cpp:26) [120]  (2.100 ns)
	'add' operation 29 bit ('add_ln26_3', dct.cpp:26) [124]  (4.283 ns)

 <State 8>: 3.254ns
The critical path consists of the following:
	'getelementptr' operation 6 bit ('dst_addr_1', dct.cpp:26) [25]  (0.000 ns)
	'store' operation 0 bit ('store_ln26', dct.cpp:26) of variable 'trunc_ln26_1', dct.cpp:26 on array 'dst' [90]  (3.254 ns)

 <State 9>: 3.254ns
The critical path consists of the following:
	'getelementptr' operation 6 bit ('dst_addr_3', dct.cpp:26) [31]  (0.000 ns)
	'store' operation 0 bit ('store_ln26', dct.cpp:26) of variable 'trunc_ln26_3', dct.cpp:26 on array 'dst' [126]  (3.254 ns)

 <State 10>: 3.254ns
The critical path consists of the following:
	'getelementptr' operation 6 bit ('dst_addr_7', dct.cpp:26) [43]  (0.000 ns)
	'store' operation 0 bit ('store_ln26', dct.cpp:26) of variable 'trunc_ln26_7', dct.cpp:26 on array 'dst' [179]  (3.254 ns)


============================================================
+ Verbose Summary: Binding
============================================================
N/A
* FSMD analyzer results:
  - Output states:
 - Input state : 
  - Chain level:
	State 1
	State 2
	State 3
	State 4
	State 5
	State 6
	State 7
	State 8
	State 9
	State 10


============================================================
+ Verbose Summary: Datapath Resource usage 
============================================================
N/A
