

================================================================
== Vitis HLS Report for 'dct_Pipeline_RD_Loop_Row_RD_Loop_Col'
================================================================
* Date:           Wed Jul 23 16:03:59 2025

* Version:        2024.2 (Build 5238294 on Nov  8 2024)
* Project:        dct_hls_solution
* Solution:       hls (Vivado IP Flow Target)
* Product family: zynq
* Target device:  xc7z020-clg400-1


================================================================
== Performance Estimates
================================================================
+ Timing: 
    * Summary: 
    +--------+----------+----------+------------+
    |  Clock |  Target  | Estimated| Uncertainty|
    +--------+----------+----------+------------+
    |ap_clk  |  10.00 ns|  6.082 ns|     2.70 ns|
    +--------+----------+----------+------------+

+ Latency: 
    * Summary: 
    +---------+---------+----------+----------+-----+-----+------------------------------------------------+
    |  Latency (cycles) |  Latency (absolute) |  Interval |                    Pipeline                    |
    |   min   |   max   |    min   |    max   | min | max |                      Type                      |
    +---------+---------+----------+----------+-----+-----+------------------------------------------------+
    |       68|       68|  0.680 us|  0.680 us|   65|   65|  loop auto-rewind stp (delay=0 clock cycles(s))|
    +---------+---------+----------+----------+-----+-----+------------------------------------------------+

    + Detail: 
        * Instance: 
        N/A

        * Loop: 
        +---------------------------+---------+---------+----------+-----------+-----------+------+----------+
        |                           |  Latency (cycles) | Iteration|  Initiation Interval  | Trip |          |
        |         Loop Name         |   min   |   max   |  Latency |  achieved |   target  | Count| Pipelined|
        +---------------------------+---------+---------+----------+-----------+-----------+------+----------+
        |- RD_Loop_Row_RD_Loop_Col  |       66|       66|         4|          1|          1|    64|       yes|
        +---------------------------+---------+---------+----------+-----------+-----------+------+----------+

============================================================
+ Verbose Summary: Synthesis Manager
============================================================
InlineROM: 1
ExposeGlobal: 0
============================================================
+ Verbose Summary: CDFG Model
============================================================
IsTopModel: 0
ResetActiveHigh: 1
IsCombinational: 0
IsDatapathOnly: 0
HasWiredReturn: 1
HasMFsm: 2
HasVarLatency: 1
IsPipeline: 0
IsRtlPipelined: 0
IsInstanceOverlapped: 0
IsDontTouch: 0
HasImplIP: 0
IsGatedGlobalClock: 0

+ Individual pipeline summary: 
  * Pipeline-0: initiation interval (II) = 1, depth = 4


============================================================
+ Verbose Summary: Schedule
============================================================
* Number of FSM states : 4
* Pipeline : 1
  Pipeline-0 : II = 1, D = 4, States = { 1 2 3 4 }
* Dataflow Pipeline: 0

* FSM state transitions: 
1 --> 2 
2 --> 3 
3 --> 4 
4 --> 

* FSM state operations: 

State 1 <SV = 0> <Delay = 5.04>
ST_1 : Operation 7 [1/1] (0.00ns)   --->   "%c = alloca i32 1" [dct.cpp:66->dct.cpp:101]   --->   Operation 7 'alloca' 'c' <Predicate = true> <Delay = 0.00>
ST_1 : Operation 8 [1/1] (0.00ns)   --->   "%r = alloca i32 1" [dct.cpp:66->dct.cpp:101]   --->   Operation 8 'alloca' 'r' <Predicate = true> <Delay = 0.00>
ST_1 : Operation 9 [1/1] (0.00ns)   --->   "%indvar_flatten = alloca i32 1"   --->   Operation 9 'alloca' 'indvar_flatten' <Predicate = true> <Delay = 0.00>
ST_1 : Operation 10 [1/1] (0.00ns)   --->   "%specmemcore_ln0 = specmemcore void @_ssdm_op_SpecMemCore, i16 %input_r, i64 666, i64 207, i64 1"   --->   Operation 10 'specmemcore' 'specmemcore_ln0' <Predicate = true> <Delay = 0.00>
ST_1 : Operation 11 [1/1] (0.00ns)   --->   "%specinterface_ln0 = specinterface void @_ssdm_op_SpecInterface, i16 %input_r, void @empty_2, i32 0, i32 0, void @empty, i32 1, i32 0, void @empty, void @empty, void @empty, i32 0, i32 0, i32 0, i32 0, void @empty, void @empty, i32 4294967295, i32 0, i32 0"   --->   Operation 11 'specinterface' 'specinterface_ln0' <Predicate = true> <Delay = 0.00>
ST_1 : Operation 12 [1/1] (1.58ns)   --->   "%store_ln0 = store i7 0, i7 %indvar_flatten"   --->   Operation 12 'store' 'store_ln0' <Predicate = true> <Delay = 1.58>
ST_1 : Operation 13 [1/1] (1.58ns)   --->   "%store_ln66 = store i4 0, i4 %r" [dct.cpp:66->dct.cpp:101]   --->   Operation 13 'store' 'store_ln66' <Predicate = true> <Delay = 1.58>
ST_1 : Operation 14 [1/1] (1.58ns)   --->   "%store_ln66 = store i4 0, i4 %c" [dct.cpp:66->dct.cpp:101]   --->   Operation 14 'store' 'store_ln66' <Predicate = true> <Delay = 1.58>
ST_1 : Operation 15 [1/1] (0.00ns)   --->   "%br_ln0 = br void %for.inc.i"   --->   Operation 15 'br' 'br_ln0' <Predicate = true> <Delay = 0.00>
ST_1 : Operation 16 [1/1] (0.00ns)   --->   "%indvar_flatten_load = load i7 %indvar_flatten" [dct.cpp:69->dct.cpp:101]   --->   Operation 16 'load' 'indvar_flatten_load' <Predicate = true> <Delay = 0.00>
ST_1 : Operation 17 [1/1] (1.87ns)   --->   "%icmp_ln69 = icmp_eq  i7 %indvar_flatten_load, i7 64" [dct.cpp:69->dct.cpp:101]   --->   Operation 17 'icmp' 'icmp_ln69' <Predicate = true> <Delay = 1.87> <CoreInst = "Cmp">   --->   Core 9 'Cmp' <Latency = 0> <II = 1> <Delay = 1.87> <FuncUnit> <Opcode : 'seteq' 'setne' 'setle' 'setge' 'setlt' 'setgt'> <InPorts = 2> <OutPorts = 1>
ST_1 : Operation 18 [1/1] (1.87ns)   --->   "%add_ln69_1 = add i7 %indvar_flatten_load, i7 1" [dct.cpp:69->dct.cpp:101]   --->   Operation 18 'add' 'add_ln69_1' <Predicate = true> <Delay = 1.87> <CoreInst = "Adder">   --->   Core 1 'Adder' <Latency = 0> <II = 1> <Delay = 1.87> <FuncUnit> <Opcode : 'add' 'sub'> <InPorts = 2> <OutPorts = 1>
ST_1 : Operation 19 [1/1] (0.00ns)   --->   "%br_ln69 = br i1 %icmp_ln69, void %for.inc8.i, void %for.inc.i1.preheader.exitStub" [dct.cpp:69->dct.cpp:101]   --->   Operation 19 'br' 'br_ln69' <Predicate = true> <Delay = 0.00>
ST_1 : Operation 20 [1/1] (1.58ns)   --->   "%store_ln69 = store i7 %add_ln69_1, i7 %indvar_flatten" [dct.cpp:69->dct.cpp:101]   --->   Operation 20 'store' 'store_ln69' <Predicate = (!icmp_ln69)> <Delay = 1.58>

State 2 <SV = 1> <Delay = 6.08>
ST_2 : Operation 21 [1/1] (0.00ns)   --->   "%c_load = load i4 %c" [dct.cpp:71->dct.cpp:101]   --->   Operation 21 'load' 'c_load' <Predicate = true> <Delay = 0.00>
ST_2 : Operation 22 [1/1] (0.00ns)   --->   "%r_load = load i4 %r" [dct.cpp:69->dct.cpp:101]   --->   Operation 22 'load' 'r_load' <Predicate = true> <Delay = 0.00>
ST_2 : Operation 23 [1/1] (1.73ns)   --->   "%add_ln69 = add i4 %r_load, i4 1" [dct.cpp:69->dct.cpp:101]   --->   Operation 23 'add' 'add_ln69' <Predicate = true> <Delay = 1.73> <CoreInst = "Adder">   --->   Core 1 'Adder' <Latency = 0> <II = 1> <Delay = 1.73> <FuncUnit> <Opcode : 'add' 'sub'> <InPorts = 2> <OutPorts = 1>
ST_2 : Operation 24 [1/1] (1.73ns)   --->   "%icmp_ln71 = icmp_eq  i4 %c_load, i4 8" [dct.cpp:71->dct.cpp:101]   --->   Operation 24 'icmp' 'icmp_ln71' <Predicate = true> <Delay = 1.73> <CoreInst = "Cmp">   --->   Core 9 'Cmp' <Latency = 0> <II = 1> <Delay = 1.73> <FuncUnit> <Opcode : 'seteq' 'setne' 'setle' 'setge' 'setlt' 'setgt'> <InPorts = 2> <OutPorts = 1>
ST_2 : Operation 25 [1/1] (1.02ns)   --->   "%select_ln66 = select i1 %icmp_ln71, i4 0, i4 %c_load" [dct.cpp:66->dct.cpp:101]   --->   Operation 25 'select' 'select_ln66' <Predicate = true> <Delay = 1.02> <CoreInst = "Sel">   --->   Core 73 'Sel' <Latency = 0> <II = 1> <Delay = 1.02> <FuncUnit> <Opcode : 'select'> <InPorts = 3> <OutPorts = 1>
ST_2 : Operation 26 [1/1] (1.02ns)   --->   "%select_ln69 = select i1 %icmp_ln71, i4 %add_ln69, i4 %r_load" [dct.cpp:69->dct.cpp:101]   --->   Operation 26 'select' 'select_ln69' <Predicate = true> <Delay = 1.02> <CoreInst = "Sel">   --->   Core 73 'Sel' <Latency = 0> <II = 1> <Delay = 1.02> <FuncUnit> <Opcode : 'select'> <InPorts = 3> <OutPorts = 1>
ST_2 : Operation 27 [1/1] (0.00ns)   --->   "%empty = trunc i4 %select_ln69" [dct.cpp:69->dct.cpp:101]   --->   Operation 27 'trunc' 'empty' <Predicate = true> <Delay = 0.00>
ST_2 : Operation 28 [1/1] (0.00ns)   --->   "%tmp_s = bitconcatenate i6 @_ssdm_op_BitConcatenate.i6.i3.i3, i3 %empty, i3 0" [dct.cpp:69->dct.cpp:101]   --->   Operation 28 'bitconcatenate' 'tmp_s' <Predicate = true> <Delay = 0.00>
ST_2 : Operation 29 [1/1] (0.00ns)   --->   "%zext_ln71 = zext i4 %select_ln66" [dct.cpp:71->dct.cpp:101]   --->   Operation 29 'zext' 'zext_ln71' <Predicate = true> <Delay = 0.00>
ST_2 : Operation 30 [1/1] (0.00ns)   --->   "%trunc_ln71 = trunc i4 %select_ln66" [dct.cpp:71->dct.cpp:101]   --->   Operation 30 'trunc' 'trunc_ln71' <Predicate = true> <Delay = 0.00>
ST_2 : Operation 31 [1/1] (1.82ns)   --->   "%add_ln73 = add i6 %zext_ln71, i6 %tmp_s" [dct.cpp:73->dct.cpp:101]   --->   Operation 31 'add' 'add_ln73' <Predicate = true> <Delay = 1.82> <CoreInst = "Adder">   --->   Core 1 'Adder' <Latency = 0> <II = 1> <Delay = 1.82> <FuncUnit> <Opcode : 'add' 'sub'> <InPorts = 2> <OutPorts = 1>
ST_2 : Operation 32 [1/1] (1.65ns)   --->   "%switch_ln73 = switch i3 %trunc_ln71, void %arrayidx71.i13.case.7, i3 0, void %arrayidx71.i13.case.0, i3 1, void %arrayidx71.i13.case.1, i3 2, void %arrayidx71.i13.case.2, i3 3, void %arrayidx71.i13.case.3, i3 4, void %arrayidx71.i13.case.4, i3 5, void %arrayidx71.i13.case.5, i3 6, void %arrayidx71.i13.case.6" [dct.cpp:73->dct.cpp:101]   --->   Operation 32 'switch' 'switch_ln73' <Predicate = true> <Delay = 1.65>
ST_2 : Operation 33 [1/1] (1.73ns)   --->   "%add_ln71 = add i4 %select_ln66, i4 1" [dct.cpp:71->dct.cpp:101]   --->   Operation 33 'add' 'add_ln71' <Predicate = true> <Delay = 1.73> <CoreInst = "Adder">   --->   Core 1 'Adder' <Latency = 0> <II = 1> <Delay = 1.73> <FuncUnit> <Opcode : 'add' 'sub'> <InPorts = 2> <OutPorts = 1>
ST_2 : Operation 34 [1/1] (1.58ns)   --->   "%store_ln66 = store i4 %select_ln69, i4 %r" [dct.cpp:66->dct.cpp:101]   --->   Operation 34 'store' 'store_ln66' <Predicate = true> <Delay = 1.58>
ST_2 : Operation 35 [1/1] (1.58ns)   --->   "%store_ln66 = store i4 %add_ln71, i4 %c" [dct.cpp:66->dct.cpp:101]   --->   Operation 35 'store' 'store_ln66' <Predicate = true> <Delay = 1.58>
ST_2 : Operation 36 [1/1] (0.00ns)   --->   "%br_ln71 = br void %for.inc.i" [dct.cpp:71->dct.cpp:101]   --->   Operation 36 'br' 'br_ln71' <Predicate = true> <Delay = 0.00>

State 3 <SV = 2> <Delay = 3.25>
ST_3 : Operation 37 [1/1] (0.00ns)   --->   "%zext_ln73 = zext i6 %add_ln73" [dct.cpp:73->dct.cpp:101]   --->   Operation 37 'zext' 'zext_ln73' <Predicate = true> <Delay = 0.00>
ST_3 : Operation 38 [1/1] (0.00ns)   --->   "%input_r_addr = getelementptr i16 %input_r, i64 0, i64 %zext_ln73" [dct.cpp:73->dct.cpp:101]   --->   Operation 38 'getelementptr' 'input_r_addr' <Predicate = true> <Delay = 0.00>
ST_3 : Operation 39 [2/2] (3.25ns)   --->   "%input_r_load = load i6 %input_r_addr" [dct.cpp:73->dct.cpp:101]   --->   Operation 39 'load' 'input_r_load' <Predicate = true> <Delay = 3.25> <CoreInst = "RAM_1P">   --->   Core 85 'RAM_1P' <Latency = 1> <II = 1> <Delay = 3.25> <Storage> <Opcode : 'load' 'store'> <Ports = 1> <Width = 16> <Depth = 64> <RAM>
ST_3 : Operation 69 [1/1] (1.58ns)   --->   "%ret_ln0 = ret"   --->   Operation 69 'ret' 'ret_ln0' <Predicate = (icmp_ln69)> <Delay = 1.58>

State 4 <SV = 3> <Delay = 5.57>
ST_4 : Operation 40 [1/1] (0.00ns)   --->   "%specloopname_ln0 = specloopname void @_ssdm_op_SpecLoopName, void @RD_Loop_Row_RD_Loop_Col_str"   --->   Operation 40 'specloopname' 'specloopname_ln0' <Predicate = true> <Delay = 0.00>
ST_4 : Operation 41 [1/1] (0.00ns)   --->   "%speclooptripcount_ln0 = speclooptripcount void @_ssdm_op_SpecLoopTripCount, i64 64, i64 64, i64 64"   --->   Operation 41 'speclooptripcount' 'speclooptripcount_ln0' <Predicate = true> <Delay = 0.00>
ST_4 : Operation 42 [1/1] (0.00ns)   --->   "%zext_ln69 = zext i4 %select_ln69" [dct.cpp:69->dct.cpp:101]   --->   Operation 42 'zext' 'zext_ln69' <Predicate = true> <Delay = 0.00>
ST_4 : Operation 43 [1/1] (0.00ns)   --->   "%buf_2d_in_addr = getelementptr i16 %buf_2d_in, i64 0, i64 %zext_ln69" [dct.cpp:69->dct.cpp:101]   --->   Operation 43 'getelementptr' 'buf_2d_in_addr' <Predicate = true> <Delay = 0.00>
ST_4 : Operation 44 [1/1] (0.00ns)   --->   "%buf_2d_in_1_addr = getelementptr i16 %buf_2d_in_1, i64 0, i64 %zext_ln69" [dct.cpp:69->dct.cpp:101]   --->   Operation 44 'getelementptr' 'buf_2d_in_1_addr' <Predicate = true> <Delay = 0.00>
ST_4 : Operation 45 [1/1] (0.00ns)   --->   "%buf_2d_in_2_addr = getelementptr i16 %buf_2d_in_2, i64 0, i64 %zext_ln69" [dct.cpp:69->dct.cpp:101]   --->   Operation 45 'getelementptr' 'buf_2d_in_2_addr' <Predicate = true> <Delay = 0.00>
ST_4 : Operation 46 [1/1] (0.00ns)   --->   "%buf_2d_in_3_addr = getelementptr i16 %buf_2d_in_3, i64 0, i64 %zext_ln69" [dct.cpp:69->dct.cpp:101]   --->   Operation 46 'getelementptr' 'buf_2d_in_3_addr' <Predicate = true> <Delay = 0.00>
ST_4 : Operation 47 [1/1] (0.00ns)   --->   "%buf_2d_in_4_addr = getelementptr i16 %buf_2d_in_4, i64 0, i64 %zext_ln69" [dct.cpp:69->dct.cpp:101]   --->   Operation 47 'getelementptr' 'buf_2d_in_4_addr' <Predicate = true> <Delay = 0.00>
ST_4 : Operation 48 [1/1] (0.00ns)   --->   "%buf_2d_in_5_addr = getelementptr i16 %buf_2d_in_5, i64 0, i64 %zext_ln69" [dct.cpp:69->dct.cpp:101]   --->   Operation 48 'getelementptr' 'buf_2d_in_5_addr' <Predicate = true> <Delay = 0.00>
ST_4 : Operation 49 [1/1] (0.00ns)   --->   "%buf_2d_in_6_addr = getelementptr i16 %buf_2d_in_6, i64 0, i64 %zext_ln69" [dct.cpp:69->dct.cpp:101]   --->   Operation 49 'getelementptr' 'buf_2d_in_6_addr' <Predicate = true> <Delay = 0.00>
ST_4 : Operation 50 [1/1] (0.00ns)   --->   "%buf_2d_in_7_addr = getelementptr i16 %buf_2d_in_7, i64 0, i64 %zext_ln69" [dct.cpp:69->dct.cpp:101]   --->   Operation 50 'getelementptr' 'buf_2d_in_7_addr' <Predicate = true> <Delay = 0.00>
ST_4 : Operation 51 [1/1] (0.00ns)   --->   "%specpipeline_ln72 = specpipeline void @_ssdm_op_SpecPipeline, i32 4294967295, i32 0, i32 0, i32 0, void @empty" [dct.cpp:72->dct.cpp:101]   --->   Operation 51 'specpipeline' 'specpipeline_ln72' <Predicate = true> <Delay = 0.00>
ST_4 : Operation 52 [1/2] ( I:3.25ns O:3.25ns )   --->   "%input_r_load = load i6 %input_r_addr" [dct.cpp:73->dct.cpp:101]   --->   Operation 52 'load' 'input_r_load' <Predicate = true> <Delay = 3.25> <CoreInst = "RAM_1P">   --->   Core 85 'RAM_1P' <Latency = 1> <II = 1> <Delay = 3.25> <Storage> <Opcode : 'load' 'store'> <Ports = 1> <Width = 16> <Depth = 64> <RAM>
ST_4 : Operation 53 [1/1] ( I:2.32ns O:2.32ns )   --->   "%store_ln73 = store i16 %input_r_load, i3 %buf_2d_in_6_addr" [dct.cpp:73->dct.cpp:101]   --->   Operation 53 'store' 'store_ln73' <Predicate = (trunc_ln71 == 6)> <Delay = 2.32> <CoreInst = "RAM">   --->   Core 81 'RAM' <Latency = 1> <II = 1> <Delay = 2.32> <Storage> <Opcode : 'load' 'store'> <Ports = 2> <Width = 16> <Depth = 8> <RAM>
ST_4 : Operation 54 [1/1] (0.00ns)   --->   "%br_ln73 = br void %arrayidx71.i13.exit" [dct.cpp:73->dct.cpp:101]   --->   Operation 54 'br' 'br_ln73' <Predicate = (trunc_ln71 == 6)> <Delay = 0.00>
ST_4 : Operation 55 [1/1] ( I:2.32ns O:2.32ns )   --->   "%store_ln73 = store i16 %input_r_load, i3 %buf_2d_in_5_addr" [dct.cpp:73->dct.cpp:101]   --->   Operation 55 'store' 'store_ln73' <Predicate = (trunc_ln71 == 5)> <Delay = 2.32> <CoreInst = "RAM">   --->   Core 81 'RAM' <Latency = 1> <II = 1> <Delay = 2.32> <Storage> <Opcode : 'load' 'store'> <Ports = 2> <Width = 16> <Depth = 8> <RAM>
ST_4 : Operation 56 [1/1] (0.00ns)   --->   "%br_ln73 = br void %arrayidx71.i13.exit" [dct.cpp:73->dct.cpp:101]   --->   Operation 56 'br' 'br_ln73' <Predicate = (trunc_ln71 == 5)> <Delay = 0.00>
ST_4 : Operation 57 [1/1] ( I:2.32ns O:2.32ns )   --->   "%store_ln73 = store i16 %input_r_load, i3 %buf_2d_in_4_addr" [dct.cpp:73->dct.cpp:101]   --->   Operation 57 'store' 'store_ln73' <Predicate = (trunc_ln71 == 4)> <Delay = 2.32> <CoreInst = "RAM">   --->   Core 81 'RAM' <Latency = 1> <II = 1> <Delay = 2.32> <Storage> <Opcode : 'load' 'store'> <Ports = 2> <Width = 16> <Depth = 8> <RAM>
ST_4 : Operation 58 [1/1] (0.00ns)   --->   "%br_ln73 = br void %arrayidx71.i13.exit" [dct.cpp:73->dct.cpp:101]   --->   Operation 58 'br' 'br_ln73' <Predicate = (trunc_ln71 == 4)> <Delay = 0.00>
ST_4 : Operation 59 [1/1] ( I:2.32ns O:2.32ns )   --->   "%store_ln73 = store i16 %input_r_load, i3 %buf_2d_in_3_addr" [dct.cpp:73->dct.cpp:101]   --->   Operation 59 'store' 'store_ln73' <Predicate = (trunc_ln71 == 3)> <Delay = 2.32> <CoreInst = "RAM">   --->   Core 81 'RAM' <Latency = 1> <II = 1> <Delay = 2.32> <Storage> <Opcode : 'load' 'store'> <Ports = 2> <Width = 16> <Depth = 8> <RAM>
ST_4 : Operation 60 [1/1] (0.00ns)   --->   "%br_ln73 = br void %arrayidx71.i13.exit" [dct.cpp:73->dct.cpp:101]   --->   Operation 60 'br' 'br_ln73' <Predicate = (trunc_ln71 == 3)> <Delay = 0.00>
ST_4 : Operation 61 [1/1] ( I:2.32ns O:2.32ns )   --->   "%store_ln73 = store i16 %input_r_load, i3 %buf_2d_in_2_addr" [dct.cpp:73->dct.cpp:101]   --->   Operation 61 'store' 'store_ln73' <Predicate = (trunc_ln71 == 2)> <Delay = 2.32> <CoreInst = "RAM">   --->   Core 81 'RAM' <Latency = 1> <II = 1> <Delay = 2.32> <Storage> <Opcode : 'load' 'store'> <Ports = 2> <Width = 16> <Depth = 8> <RAM>
ST_4 : Operation 62 [1/1] (0.00ns)   --->   "%br_ln73 = br void %arrayidx71.i13.exit" [dct.cpp:73->dct.cpp:101]   --->   Operation 62 'br' 'br_ln73' <Predicate = (trunc_ln71 == 2)> <Delay = 0.00>
ST_4 : Operation 63 [1/1] ( I:2.32ns O:2.32ns )   --->   "%store_ln73 = store i16 %input_r_load, i3 %buf_2d_in_1_addr" [dct.cpp:73->dct.cpp:101]   --->   Operation 63 'store' 'store_ln73' <Predicate = (trunc_ln71 == 1)> <Delay = 2.32> <CoreInst = "RAM">   --->   Core 81 'RAM' <Latency = 1> <II = 1> <Delay = 2.32> <Storage> <Opcode : 'load' 'store'> <Ports = 2> <Width = 16> <Depth = 8> <RAM>
ST_4 : Operation 64 [1/1] (0.00ns)   --->   "%br_ln73 = br void %arrayidx71.i13.exit" [dct.cpp:73->dct.cpp:101]   --->   Operation 64 'br' 'br_ln73' <Predicate = (trunc_ln71 == 1)> <Delay = 0.00>
ST_4 : Operation 65 [1/1] ( I:2.32ns O:2.32ns )   --->   "%store_ln73 = store i16 %input_r_load, i3 %buf_2d_in_addr" [dct.cpp:73->dct.cpp:101]   --->   Operation 65 'store' 'store_ln73' <Predicate = (trunc_ln71 == 0)> <Delay = 2.32> <CoreInst = "RAM">   --->   Core 81 'RAM' <Latency = 1> <II = 1> <Delay = 2.32> <Storage> <Opcode : 'load' 'store'> <Ports = 2> <Width = 16> <Depth = 8> <RAM>
ST_4 : Operation 66 [1/1] (0.00ns)   --->   "%br_ln73 = br void %arrayidx71.i13.exit" [dct.cpp:73->dct.cpp:101]   --->   Operation 66 'br' 'br_ln73' <Predicate = (trunc_ln71 == 0)> <Delay = 0.00>
ST_4 : Operation 67 [1/1] ( I:2.32ns O:2.32ns )   --->   "%store_ln73 = store i16 %input_r_load, i3 %buf_2d_in_7_addr" [dct.cpp:73->dct.cpp:101]   --->   Operation 67 'store' 'store_ln73' <Predicate = (trunc_ln71 == 7)> <Delay = 2.32> <CoreInst = "RAM">   --->   Core 81 'RAM' <Latency = 1> <II = 1> <Delay = 2.32> <Storage> <Opcode : 'load' 'store'> <Ports = 2> <Width = 16> <Depth = 8> <RAM>
ST_4 : Operation 68 [1/1] (0.00ns)   --->   "%br_ln73 = br void %arrayidx71.i13.exit" [dct.cpp:73->dct.cpp:101]   --->   Operation 68 'br' 'br_ln73' <Predicate = (trunc_ln71 == 7)> <Delay = 0.00>


============================================================
+ Verbose Summary: Timing violations
============================================================
Target clock period: 10.000ns, clock uncertainty: 2.700ns.

 <State 1>: 5.046ns
The critical path consists of the following:
	'store' operation 0 bit ('store_ln0') of constant 0 on local variable 'indvar_flatten' [15]  (1.588 ns)
	'load' operation 7 bit ('indvar_flatten_load', dct.cpp:69->dct.cpp:101) on local variable 'indvar_flatten' [20]  (0.000 ns)
	'icmp' operation 1 bit ('icmp_ln69', dct.cpp:69->dct.cpp:101) [21]  (1.870 ns)
	'store' operation 0 bit ('store_ln69', dct.cpp:69->dct.cpp:101) of variable 'add_ln69_1', dct.cpp:69->dct.cpp:101 on local variable 'indvar_flatten' [78]  (1.588 ns)

 <State 2>: 6.082ns
The critical path consists of the following:
	'load' operation 4 bit ('c_load', dct.cpp:71->dct.cpp:101) on local variable 'c', dct.cpp:66->dct.cpp:101 [25]  (0.000 ns)
	'icmp' operation 1 bit ('icmp_ln71', dct.cpp:71->dct.cpp:101) [30]  (1.735 ns)
	'select' operation 4 bit ('select_ln66', dct.cpp:66->dct.cpp:101) [31]  (1.024 ns)
	'add' operation 4 bit ('add_ln71', dct.cpp:71->dct.cpp:101) [77]  (1.735 ns)
	'store' operation 0 bit ('store_ln66', dct.cpp:66->dct.cpp:101) of variable 'add_ln71', dct.cpp:71->dct.cpp:101 on local variable 'c', dct.cpp:66->dct.cpp:101 [80]  (1.588 ns)

 <State 3>: 3.254ns
The critical path consists of the following:
	'getelementptr' operation 6 bit ('input_r_addr', dct.cpp:73->dct.cpp:101) [49]  (0.000 ns)
	'load' operation 16 bit ('input_r_load', dct.cpp:73->dct.cpp:101) on array 'input_r' [50]  (3.254 ns)

 <State 4>: 5.576ns
The critical path consists of the following:
	'load' operation 16 bit ('input_r_load', dct.cpp:73->dct.cpp:101) on array 'input_r' [50]  (3.254 ns)
	'store' operation 0 bit ('store_ln73', dct.cpp:73->dct.cpp:101) of variable 'input_r_load', dct.cpp:73->dct.cpp:101 on array 'buf_2d_in_5' [56]  (2.322 ns)


============================================================
+ Verbose Summary: Binding
============================================================
N/A
* FSMD analyzer results:
  - Output states:
 - Input state : 
  - Chain level:
	State 1
	State 2
	State 3
	State 4


============================================================
+ Verbose Summary: Datapath Resource usage 
============================================================
N/A
