dfgPass::INFOR: DFG Pass going to run on Module: /home/hyeon/vitis_hls/workspace/sha3_opt/sha3_hls/hls/csim/code_analyzer/.internal/instrument/app_0/project.symbols.bc
dfgPass::INFOR:     Parsing the provided input trace files...
dfgPass::INFOR:     Initializing InstructionCounter...
dfgPass::VERBO:     +0 is not a loop
dfgPass::VERBO:       - BEFORE BREAK
dfgPass::VERBO:       - for.cond
dfgPass::VERBO:         - memlocal of :i:0
dfgPass::VERBO:         - LCV conditional branch 6:48
dfgPass::VERBO:       - AFTER BREAK
dfgPass::VERBO:       - for.body
dfgPass::VERBO:         - memlocal of :i:0
dfgPass::VERBO:         - memlocal offset is invalid:0:4
dfgPass::VERBO:         - memlocal of :i:0
dfgPass::VERBO:         - memlocal offset is invalid:0:4
dfgPass::VERBO:         - invalid TR:4:0
dfgPass::VERBO:     +0 is not a loop
dfgPass::VERBO:     +0 is not a loop
dfgPass::VERBO:       - BEFORE BREAK
dfgPass::VERBO:       - for.cond
dfgPass::VERBO:         - memlocal of :i:0
dfgPass::VERBO:         - LCV conditional branch 6:48
dfgPass::VERBO:       - AFTER BREAK
dfgPass::VERBO:       - for.body
dfgPass::VERBO:         - memlocal of :s:0
dfgPass::VERBO:         - memlocal of :i:0
dfgPass::VERBO:       - AFTER BREAK
dfgPass::VERBO:       - for.inc
dfgPass::VERBO:         - memlocal of :i:0
dfgPass::VERBO:         - memlocal of :i:1
dfgPass::VERBO:       - AFTER BREAK
dfgPass::VERBO:     +0 is not a loop
dfgPass::VERBO:     +0 is not a loop
dfgPass::VERBO:       - BEFORE BREAK
dfgPass::VERBO:       - for.cond8
dfgPass::VERBO:         - memlocal of :i:0
dfgPass::VERBO:         - memlocal of :pos:0
dfgPass::VERBO:         - memlocal of :inlen:0
dfgPass::VERBO:       - AFTER BREAK
dfgPass::VERBO:       - for.body14
dfgPass::VERBO:         - memlocal of :in:0
dfgPass::VERBO:         - memlocal of :in:1
dfgPass::VERBO:         - memlocal of :i:0
dfgPass::VERBO:         - memlocal of :s:0
dfgPass::VERBO:         - memlocal of :i:0
dfgPass::VERBO:       - AFTER BREAK
dfgPass::VERBO:       - for.inc25
dfgPass::VERBO:         - memlocal of :i:0
dfgPass::VERBO:         - memlocal of :i:1
dfgPass::VERBO:       - AFTER BREAK
dfgPass::VERBO:     +2 is not an innermost loop
dfgPass::VERBO:       - BEFORE BREAK
dfgPass::VERBO:       - for.cond
dfgPass::VERBO:         - memlocal of :i:0
dfgPass::VERBO:         - memlocal of :r:0
dfgPass::VERBO:       - AFTER BREAK
dfgPass::VERBO:       - for.body
dfgPass::VERBO:         - memlocal of :in:0
dfgPass::VERBO:         - memlocal of :in:1
dfgPass::VERBO:         - memlocal of :i:0
dfgPass::VERBO:         - memlocal of :s:0
dfgPass::VERBO:         - memlocal of :i:0
dfgPass::VERBO:       - AFTER BREAK
dfgPass::VERBO:       - for.inc
dfgPass::VERBO:         - memlocal of :i:0
dfgPass::VERBO:         - memlocal of :i:1
dfgPass::VERBO:       - AFTER BREAK
dfgPass::VERBO:     +0 is not a loop
dfgPass::VERBO:       - BEFORE BREAK
dfgPass::VERBO:       - for.cond
dfgPass::VERBO:         - memlocal of :round:0
dfgPass::VERBO:         - LCV conditional branch 6:48
dfgPass::VERBO:       - AFTER BREAK
dfgPass::VERBO:       - for.body
dfgPass::VERBO:         - memlocal of :Aba:0
dfgPass::VERBO:         - memlocal of :Aga:0
dfgPass::VERBO:         - memlocal of :Aka:0
dfgPass::VERBO:         - memlocal of :Ama:0
dfgPass::VERBO:         - memlocal of :Asa:0
dfgPass::VERBO:         - memlocal of :BCa:1
dfgPass::VERBO:         - memlocal of :Abe:0
dfgPass::VERBO:         - memlocal of :Age:0
dfgPass::VERBO:         - memlocal of :Ake:0
dfgPass::VERBO:         - memlocal of :Ame:0
dfgPass::VERBO:         - memlocal of :Ase:0
dfgPass::VERBO:         - memlocal of :BCe:1
dfgPass::VERBO:         - memlocal of :Abi:0
dfgPass::VERBO:         - memlocal of :Agi:0
dfgPass::VERBO:         - memlocal of :Aki:0
dfgPass::VERBO:         - memlocal of :Ami:0
dfgPass::VERBO:         - memlocal of :Asi:0
dfgPass::VERBO:         - memlocal of :BCi:1
dfgPass::VERBO:         - memlocal of :Abo:0
dfgPass::VERBO:         - memlocal of :Ago:0
dfgPass::VERBO:         - memlocal of :Ako:0
dfgPass::VERBO:         - memlocal of :Amo:0
dfgPass::VERBO:         - memlocal of :Aso:0
dfgPass::VERBO:         - memlocal of :BCo:1
dfgPass::VERBO:         - memlocal of :Abu:0
dfgPass::VERBO:         - memlocal of :Agu:0
dfgPass::VERBO:         - memlocal of :Aku:0
dfgPass::VERBO:         - memlocal of :Amu:0
dfgPass::VERBO:         - memlocal of :Asu:0
dfgPass::VERBO:         - memlocal of :BCu:1
dfgPass::VERBO:         - memlocal of :BCu:0
dfgPass::VERBO:         - memlocal of :BCe:0
dfgPass::VERBO:         - memlocal of :BCe:0
dfgPass::VERBO:         - memlocal of :Da:1
dfgPass::VERBO:         - memlocal of :BCa:0
dfgPass::VERBO:         - memlocal of :BCi:0
dfgPass::VERBO:         - memlocal of :BCi:0
dfgPass::VERBO:         - memlocal of :De:1
dfgPass::VERBO:         - memlocal of :BCe:0
dfgPass::VERBO:         - memlocal of :BCo:0
dfgPass::VERBO:         - memlocal of :BCo:0
dfgPass::VERBO:         - memlocal of :Di:1
dfgPass::VERBO:         - memlocal of :BCi:0
dfgPass::VERBO:         - memlocal of :BCu:0
dfgPass::VERBO:         - memlocal of :BCu:0
dfgPass::VERBO:         - memlocal of :Do:1
dfgPass::VERBO:         - memlocal of :BCo:0
dfgPass::VERBO:         - memlocal of :BCa:0
dfgPass::VERBO:         - memlocal of :BCa:0
dfgPass::VERBO:         - memlocal of :Du:1
dfgPass::VERBO:         - memlocal of :Da:0
dfgPass::VERBO:         - memlocal of :Aba:0
dfgPass::VERBO:         - memlocal of :Aba:1
dfgPass::VERBO:         - memlocal of :Aba:0
dfgPass::VERBO:         - memlocal of :BCa:1
dfgPass::VERBO:         - memlocal of :De:0
dfgPass::VERBO:         - memlocal of :Age:0
dfgPass::VERBO:         - memlocal of :Age:1
dfgPass::VERBO:         - memlocal of :Age:0
dfgPass::VERBO:         - memlocal of :Age:0
dfgPass::VERBO:         - memlocal of :BCe:1
dfgPass::VERBO:         - memlocal of :Di:0
dfgPass::VERBO:         - memlocal of :Aki:0
dfgPass::VERBO:         - memlocal of :Aki:1
dfgPass::VERBO:         - memlocal of :Aki:0
dfgPass::VERBO:         - memlocal of :Aki:0
dfgPass::VERBO:         - memlocal of :BCi:1
dfgPass::VERBO:         - memlocal of :Do:0
dfgPass::VERBO:         - memlocal of :Amo:0
dfgPass::VERBO:         - memlocal of :Amo:1
dfgPass::VERBO:         - memlocal of :Amo:0
dfgPass::VERBO:         - memlocal of :Amo:0
dfgPass::VERBO:         - memlocal of :BCo:1
dfgPass::VERBO:         - memlocal of :Du:0
dfgPass::VERBO:         - memlocal of :Asu:0
dfgPass::VERBO:         - memlocal of :Asu:1
dfgPass::VERBO:         - memlocal of :Asu:0
dfgPass::VERBO:         - memlocal of :Asu:0
dfgPass::VERBO:         - memlocal of :BCu:1
dfgPass::VERBO:         - memlocal of :BCa:0
dfgPass::VERBO:         - memlocal of :BCe:0
dfgPass::VERBO:         - memlocal of :BCi:0
dfgPass::VERBO:         - memlocal of :Eba:1
dfgPass::VERBO:         - memlocal of :round:0
dfgPass::VERBO:         - memlocal of :Eba:0
dfgPass::VERBO:         - memlocal of :Eba:1
dfgPass::VERBO:         - memlocal of :BCe:0
dfgPass::VERBO:         - memlocal of :BCi:0
dfgPass::VERBO:         - memlocal of :BCo:0
dfgPass::VERBO:         - memlocal of :Ebe:1
dfgPass::VERBO:         - memlocal of :BCi:0
dfgPass::VERBO:         - memlocal of :BCo:0
dfgPass::VERBO:         - memlocal of :BCu:0
dfgPass::VERBO:         - memlocal of :Ebi:1
dfgPass::VERBO:         - memlocal of :BCo:0
dfgPass::VERBO:         - memlocal of :BCu:0
dfgPass::VERBO:         - memlocal of :BCa:0
dfgPass::VERBO:         - memlocal of :Ebo:1
dfgPass::VERBO:         - memlocal of :BCu:0
dfgPass::VERBO:         - memlocal of :BCa:0
dfgPass::VERBO:         - memlocal of :BCe:0
dfgPass::VERBO:         - memlocal of :Ebu:1
dfgPass::VERBO:         - memlocal of :Do:0
dfgPass::VERBO:         - memlocal of :Abo:0
dfgPass::VERBO:         - memlocal of :Abo:1
dfgPass::VERBO:         - memlocal of :Abo:0
dfgPass::VERBO:         - memlocal of :Abo:0
dfgPass::VERBO:         - memlocal of :BCa:1
dfgPass::VERBO:         - memlocal of :Du:0
dfgPass::VERBO:         - memlocal of :Agu:0
dfgPass::VERBO:         - memlocal of :Agu:1
dfgPass::VERBO:         - memlocal of :Agu:0
dfgPass::VERBO:         - memlocal of :Agu:0
dfgPass::VERBO:         - memlocal of :BCe:1
dfgPass::VERBO:         - memlocal of :Da:0
dfgPass::VERBO:         - memlocal of :Aka:0
dfgPass::VERBO:         - memlocal of :Aka:1
dfgPass::VERBO:         - memlocal of :Aka:0
dfgPass::VERBO:         - memlocal of :Aka:0
dfgPass::VERBO:         - memlocal of :BCi:1
dfgPass::VERBO:         - memlocal of :De:0
dfgPass::VERBO:         - memlocal of :Ame:0
dfgPass::VERBO:         - memlocal of :Ame:1
dfgPass::VERBO:         - memlocal of :Ame:0
dfgPass::VERBO:         - memlocal of :Ame:0
dfgPass::VERBO:         - memlocal of :BCo:1
dfgPass::VERBO:         - memlocal of :Di:0
dfgPass::VERBO:         - memlocal of :Asi:0
dfgPass::VERBO:         - memlocal of :Asi:1
dfgPass::VERBO:         - memlocal of :Asi:0
dfgPass::VERBO:         - memlocal of :Asi:0
dfgPass::VERBO:         - memlocal of :BCu:1
dfgPass::VERBO:         - memlocal of :BCa:0
dfgPass::VERBO:         - memlocal of :BCe:0
dfgPass::VERBO:         - memlocal of :BCi:0
dfgPass::VERBO:         - memlocal of :Ega:1
dfgPass::VERBO:         - memlocal of :BCe:0
dfgPass::VERBO:         - memlocal of :BCi:0
dfgPass::VERBO:         - memlocal of :BCo:0
dfgPass::VERBO:         - memlocal of :Ege:1
dfgPass::VERBO:         - memlocal of :BCi:0
dfgPass::VERBO:         - memlocal of :BCo:0
dfgPass::VERBO:         - memlocal of :BCu:0
dfgPass::VERBO:         - memlocal of :Egi:1
dfgPass::VERBO:         - memlocal of :BCo:0
dfgPass::VERBO:         - memlocal of :BCu:0
dfgPass::VERBO:         - memlocal of :BCa:0
dfgPass::VERBO:         - memlocal of :Ego:1
dfgPass::VERBO:         - memlocal of :BCu:0
dfgPass::VERBO:         - memlocal of :BCa:0
dfgPass::VERBO:         - memlocal of :BCe:0
dfgPass::VERBO:         - memlocal of :Egu:1
dfgPass::VERBO:         - memlocal of :De:0
dfgPass::VERBO:         - memlocal of :Abe:0
dfgPass::VERBO:         - memlocal of :Abe:1
dfgPass::VERBO:         - memlocal of :Abe:0
dfgPass::VERBO:         - memlocal of :Abe:0
dfgPass::VERBO:         - memlocal of :BCa:1
dfgPass::VERBO:         - memlocal of :Di:0
dfgPass::VERBO:         - memlocal of :Agi:0
dfgPass::VERBO:         - memlocal of :Agi:1
dfgPass::VERBO:         - memlocal of :Agi:0
dfgPass::VERBO:         - memlocal of :Agi:0
dfgPass::VERBO:         - memlocal of :BCe:1
dfgPass::VERBO:         - memlocal of :Do:0
dfgPass::VERBO:         - memlocal of :Ako:0
dfgPass::VERBO:         - memlocal of :Ako:1
dfgPass::VERBO:         - memlocal of :Ako:0
dfgPass::VERBO:         - memlocal of :Ako:0
dfgPass::VERBO:         - memlocal of :BCi:1
dfgPass::VERBO:         - memlocal of :Du:0
dfgPass::VERBO:         - memlocal of :Amu:0
dfgPass::VERBO:         - memlocal of :Amu:1
dfgPass::VERBO:         - memlocal of :Amu:0
dfgPass::VERBO:         - memlocal of :Amu:0
dfgPass::VERBO:         - memlocal of :BCo:1
dfgPass::VERBO:         - memlocal of :Da:0
dfgPass::VERBO:         - memlocal of :Asa:0
dfgPass::VERBO:         - memlocal of :Asa:1
dfgPass::VERBO:         - memlocal of :Asa:0
dfgPass::VERBO:         - memlocal of :Asa:0
dfgPass::VERBO:         - memlocal of :BCu:1
dfgPass::VERBO:         - memlocal of :BCa:0
dfgPass::VERBO:         - memlocal of :BCe:0
dfgPass::VERBO:         - memlocal of :BCi:0
dfgPass::VERBO:         - memlocal of :Eka:1
dfgPass::VERBO:         - memlocal of :BCe:0
dfgPass::VERBO:         - memlocal of :BCi:0
dfgPass::VERBO:         - memlocal of :BCo:0
dfgPass::VERBO:         - memlocal of :Eke:1
dfgPass::VERBO:         - memlocal of :BCi:0
dfgPass::VERBO:         - memlocal of :BCo:0
dfgPass::VERBO:         - memlocal of :BCu:0
dfgPass::VERBO:         - memlocal of :Eki:1
dfgPass::VERBO:         - memlocal of :BCo:0
dfgPass::VERBO:         - memlocal of :BCu:0
dfgPass::VERBO:         - memlocal of :BCa:0
dfgPass::VERBO:         - memlocal of :Eko:1
dfgPass::VERBO:         - memlocal of :BCu:0
dfgPass::VERBO:         - memlocal of :BCa:0
dfgPass::VERBO:         - memlocal of :BCe:0
dfgPass::VERBO:         - memlocal of :Eku:1
dfgPass::VERBO:         - memlocal of :Du:0
dfgPass::VERBO:         - memlocal of :Abu:0
dfgPass::VERBO:         - memlocal of :Abu:1
dfgPass::VERBO:         - memlocal of :Abu:0
dfgPass::VERBO:         - memlocal of :Abu:0
dfgPass::VERBO:         - memlocal of :BCa:1
dfgPass::VERBO:         - memlocal of :Da:0
dfgPass::VERBO:         - memlocal of :Aga:0
dfgPass::VERBO:         - memlocal of :Aga:1
dfgPass::VERBO:         - memlocal of :Aga:0
dfgPass::VERBO:         - memlocal of :Aga:0
dfgPass::VERBO:         - memlocal of :BCe:1
dfgPass::VERBO:         - memlocal of :De:0
dfgPass::VERBO:         - memlocal of :Ake:0
dfgPass::VERBO:         - memlocal of :Ake:1
dfgPass::VERBO:         - memlocal of :Ake:0
dfgPass::VERBO:         - memlocal of :Ake:0
dfgPass::VERBO:         - memlocal of :BCi:1
dfgPass::VERBO:         - memlocal of :Di:0
dfgPass::VERBO:         - memlocal of :Ami:0
dfgPass::VERBO:         - memlocal of :Ami:1
dfgPass::VERBO:         - memlocal of :Ami:0
dfgPass::VERBO:         - memlocal of :Ami:0
dfgPass::VERBO:         - memlocal of :BCo:1
dfgPass::VERBO:         - memlocal of :Do:0
dfgPass::VERBO:         - memlocal of :Aso:0
dfgPass::VERBO:         - memlocal of :Aso:1
dfgPass::VERBO:         - memlocal of :Aso:0
dfgPass::VERBO:         - memlocal of :Aso:0
dfgPass::VERBO:         - memlocal of :BCu:1
dfgPass::VERBO:         - memlocal of :BCa:0
dfgPass::VERBO:         - memlocal of :BCe:0
dfgPass::VERBO:         - memlocal of :BCi:0
dfgPass::VERBO:         - memlocal of :Ema:1
dfgPass::VERBO:         - memlocal of :BCe:0
dfgPass::VERBO:         - memlocal of :BCi:0
dfgPass::VERBO:         - memlocal of :BCo:0
dfgPass::VERBO:         - memlocal of :Eme:1
dfgPass::VERBO:         - memlocal of :BCi:0
dfgPass::VERBO:         - memlocal of :BCo:0
dfgPass::VERBO:         - memlocal of :BCu:0
dfgPass::VERBO:         - memlocal of :Emi:1
dfgPass::VERBO:         - memlocal of :BCo:0
dfgPass::VERBO:         - memlocal of :BCu:0
dfgPass::VERBO:         - memlocal of :BCa:0
dfgPass::VERBO:         - memlocal of :Emo:1
dfgPass::VERBO:         - memlocal of :BCu:0
dfgPass::VERBO:         - memlocal of :BCa:0
dfgPass::VERBO:         - memlocal of :BCe:0
dfgPass::VERBO:         - memlocal of :Emu:1
dfgPass::VERBO:         - memlocal of :Di:0
dfgPass::VERBO:         - memlocal of :Abi:0
dfgPass::VERBO:         - memlocal of :Abi:1
dfgPass::VERBO:         - memlocal of :Abi:0
dfgPass::VERBO:         - memlocal of :Abi:0
dfgPass::VERBO:         - memlocal of :BCa:1
dfgPass::VERBO:         - memlocal of :Do:0
dfgPass::VERBO:         - memlocal of :Ago:0
dfgPass::VERBO:         - memlocal of :Ago:1
dfgPass::VERBO:         - memlocal of :Ago:0
dfgPass::VERBO:         - memlocal of :Ago:0
dfgPass::VERBO:         - memlocal of :BCe:1
dfgPass::VERBO:         - memlocal of :Du:0
dfgPass::VERBO:         - memlocal of :Aku:0
dfgPass::VERBO:         - memlocal of :Aku:1
dfgPass::VERBO:         - memlocal of :Aku:0
dfgPass::VERBO:         - memlocal of :Aku:0
dfgPass::VERBO:         - memlocal of :BCi:1
dfgPass::VERBO:         - memlocal of :Da:0
dfgPass::VERBO:         - memlocal of :Ama:0
dfgPass::VERBO:         - memlocal of :Ama:1
dfgPass::VERBO:         - memlocal of :Ama:0
dfgPass::VERBO:         - memlocal of :Ama:0
dfgPass::VERBO:         - memlocal of :BCo:1
dfgPass::VERBO:         - memlocal of :De:0
dfgPass::VERBO:         - memlocal of :Ase:0
dfgPass::VERBO:         - memlocal of :Ase:1
dfgPass::VERBO:         - memlocal of :Ase:0
dfgPass::VERBO:         - memlocal of :Ase:0
dfgPass::VERBO:         - memlocal of :BCu:1
dfgPass::VERBO:         - memlocal of :BCa:0
dfgPass::VERBO:         - memlocal of :BCe:0
dfgPass::VERBO:         - memlocal of :BCi:0
dfgPass::VERBO:         - memlocal of :Esa:1
dfgPass::VERBO:         - memlocal of :BCe:0
dfgPass::VERBO:         - memlocal of :BCi:0
dfgPass::VERBO:         - memlocal of :BCo:0
dfgPass::VERBO:         - memlocal of :Ese:1
dfgPass::VERBO:         - memlocal of :BCi:0
dfgPass::VERBO:         - memlocal of :BCo:0
dfgPass::VERBO:         - memlocal of :BCu:0
dfgPass::VERBO:         - memlocal of :Esi:1
dfgPass::VERBO:         - memlocal of :BCo:0
dfgPass::VERBO:         - memlocal of :BCu:0
dfgPass::VERBO:         - memlocal of :BCa:0
dfgPass::VERBO:         - memlocal of :Eso:1
dfgPass::VERBO:         - memlocal of :BCu:0
dfgPass::VERBO:         - memlocal of :BCa:0
dfgPass::VERBO:         - memlocal of :BCe:0
dfgPass::VERBO:         - memlocal of :Esu:1
dfgPass::VERBO:         - memlocal of :Eba:0
dfgPass::VERBO:         - memlocal of :Ega:0
dfgPass::VERBO:         - memlocal of :Eka:0
dfgPass::VERBO:         - memlocal of :Ema:0
dfgPass::VERBO:         - memlocal of :Esa:0
dfgPass::VERBO:         - memlocal of :BCa:1
dfgPass::VERBO:         - memlocal of :Ebe:0
dfgPass::VERBO:         - memlocal of :Ege:0
dfgPass::VERBO:         - memlocal of :Eke:0
dfgPass::VERBO:         - memlocal of :Eme:0
dfgPass::VERBO:         - memlocal of :Ese:0
dfgPass::VERBO:         - memlocal of :BCe:1
dfgPass::VERBO:         - memlocal of :Ebi:0
dfgPass::VERBO:         - memlocal of :Egi:0
dfgPass::VERBO:         - memlocal of :Eki:0
dfgPass::VERBO:         - memlocal of :Emi:0
dfgPass::VERBO:         - memlocal of :Esi:0
dfgPass::VERBO:         - memlocal of :BCi:1
dfgPass::VERBO:         - memlocal of :Ebo:0
dfgPass::VERBO:         - memlocal of :Ego:0
dfgPass::VERBO:         - memlocal of :Eko:0
dfgPass::VERBO:         - memlocal of :Emo:0
dfgPass::VERBO:         - memlocal of :Eso:0
dfgPass::VERBO:         - memlocal of :BCo:1
dfgPass::VERBO:         - memlocal of :Ebu:0
dfgPass::VERBO:         - memlocal of :Egu:0
dfgPass::VERBO:         - memlocal of :Eku:0
dfgPass::VERBO:         - memlocal of :Emu:0
dfgPass::VERBO:         - memlocal of :Esu:0
dfgPass::VERBO:         - memlocal of :BCu:1
dfgPass::VERBO:         - memlocal of :BCu:0
dfgPass::VERBO:         - memlocal of :BCe:0
dfgPass::VERBO:         - memlocal of :BCe:0
dfgPass::VERBO:         - memlocal of :Da:1
dfgPass::VERBO:         - memlocal of :BCa:0
dfgPass::VERBO:         - memlocal of :BCi:0
dfgPass::VERBO:         - memlocal of :BCi:0
dfgPass::VERBO:         - memlocal of :De:1
dfgPass::VERBO:         - memlocal of :BCe:0
dfgPass::VERBO:         - memlocal of :BCo:0
dfgPass::VERBO:         - memlocal of :BCo:0
dfgPass::VERBO:         - memlocal of :Di:1
dfgPass::VERBO:         - memlocal of :BCi:0
dfgPass::VERBO:         - memlocal of :BCu:0
dfgPass::VERBO:         - memlocal of :BCu:0
dfgPass::VERBO:         - memlocal of :Do:1
dfgPass::VERBO:         - memlocal of :BCo:0
dfgPass::VERBO:         - memlocal of :BCa:0
dfgPass::VERBO:         - memlocal of :BCa:0
dfgPass::VERBO:         - memlocal of :Du:1
dfgPass::VERBO:         - memlocal of :Da:0
dfgPass::VERBO:         - memlocal of :Eba:0
dfgPass::VERBO:         - memlocal of :Eba:1
dfgPass::VERBO:         - memlocal of :Eba:0
dfgPass::VERBO:         - memlocal of :BCa:1
dfgPass::VERBO:         - memlocal of :De:0
dfgPass::VERBO:         - memlocal of :Ege:0
dfgPass::VERBO:         - memlocal of :Ege:1
dfgPass::VERBO:         - memlocal of :Ege:0
dfgPass::VERBO:         - memlocal of :Ege:0
dfgPass::VERBO:         - memlocal of :BCe:1
dfgPass::VERBO:         - memlocal of :Di:0
dfgPass::VERBO:         - memlocal of :Eki:0
dfgPass::VERBO:         - memlocal of :Eki:1
dfgPass::VERBO:         - memlocal of :Eki:0
dfgPass::VERBO:         - memlocal of :Eki:0
dfgPass::VERBO:         - memlocal of :BCi:1
dfgPass::VERBO:         - memlocal of :Do:0
dfgPass::VERBO:         - memlocal of :Emo:0
dfgPass::VERBO:         - memlocal of :Emo:1
dfgPass::VERBO:         - memlocal of :Emo:0
dfgPass::VERBO:         - memlocal of :Emo:0
dfgPass::VERBO:         - memlocal of :BCo:1
dfgPass::VERBO:         - memlocal of :Du:0
dfgPass::VERBO:         - memlocal of :Esu:0
dfgPass::VERBO:         - memlocal of :Esu:1
dfgPass::VERBO:         - memlocal of :Esu:0
dfgPass::VERBO:         - memlocal of :Esu:0
dfgPass::VERBO:         - memlocal of :BCu:1
dfgPass::VERBO:         - memlocal of :BCa:0
dfgPass::VERBO:         - memlocal of :BCe:0
dfgPass::VERBO:         - memlocal of :BCi:0
dfgPass::VERBO:         - memlocal of :Aba:1
dfgPass::VERBO:         - memlocal of :round:0
dfgPass::VERBO:         - memlocal of :Aba:0
dfgPass::VERBO:         - memlocal of :Aba:1
dfgPass::VERBO:         - memlocal of :BCe:0
dfgPass::VERBO:         - memlocal of :BCi:0
dfgPass::VERBO:         - memlocal of :BCo:0
dfgPass::VERBO:         - memlocal of :Abe:1
dfgPass::VERBO:         - memlocal of :BCi:0
dfgPass::VERBO:         - memlocal of :BCo:0
dfgPass::VERBO:         - memlocal of :BCu:0
dfgPass::VERBO:         - memlocal of :Abi:1
dfgPass::VERBO:         - memlocal of :BCo:0
dfgPass::VERBO:         - memlocal of :BCu:0
dfgPass::VERBO:         - memlocal of :BCa:0
dfgPass::VERBO:         - memlocal of :Abo:1
dfgPass::VERBO:         - memlocal of :BCu:0
dfgPass::VERBO:         - memlocal of :BCa:0
dfgPass::VERBO:         - memlocal of :BCe:0
dfgPass::VERBO:         - memlocal of :Abu:1
dfgPass::VERBO:         - memlocal of :Do:0
dfgPass::VERBO:         - memlocal of :Ebo:0
dfgPass::VERBO:         - memlocal of :Ebo:1
dfgPass::VERBO:         - memlocal of :Ebo:0
dfgPass::VERBO:         - memlocal of :Ebo:0
dfgPass::VERBO:         - memlocal of :BCa:1
dfgPass::VERBO:         - memlocal of :Du:0
dfgPass::VERBO:         - memlocal of :Egu:0
dfgPass::VERBO:         - memlocal of :Egu:1
dfgPass::VERBO:         - memlocal of :Egu:0
dfgPass::VERBO:         - memlocal of :Egu:0
dfgPass::VERBO:         - memlocal of :BCe:1
dfgPass::VERBO:         - memlocal of :Da:0
dfgPass::VERBO:         - memlocal of :Eka:0
dfgPass::VERBO:         - memlocal of :Eka:1
dfgPass::VERBO:         - memlocal of :Eka:0
dfgPass::VERBO:         - memlocal of :Eka:0
dfgPass::VERBO:         - memlocal of :BCi:1
dfgPass::VERBO:         - memlocal of :De:0
dfgPass::VERBO:         - memlocal of :Eme:0
dfgPass::VERBO:         - memlocal of :Eme:1
dfgPass::VERBO:         - memlocal of :Eme:0
dfgPass::VERBO:         - memlocal of :Eme:0
dfgPass::VERBO:         - memlocal of :BCo:1
dfgPass::VERBO:         - memlocal of :Di:0
dfgPass::VERBO:         - memlocal of :Esi:0
dfgPass::VERBO:         - memlocal of :Esi:1
dfgPass::VERBO:         - memlocal of :Esi:0
dfgPass::VERBO:         - memlocal of :Esi:0
dfgPass::VERBO:         - memlocal of :BCu:1
dfgPass::VERBO:         - memlocal of :BCa:0
dfgPass::VERBO:         - memlocal of :BCe:0
dfgPass::VERBO:         - memlocal of :BCi:0
dfgPass::VERBO:         - memlocal of :Aga:1
dfgPass::VERBO:         - memlocal of :BCe:0
dfgPass::VERBO:         - memlocal of :BCi:0
dfgPass::VERBO:         - memlocal of :BCo:0
dfgPass::VERBO:         - memlocal of :Age:1
dfgPass::VERBO:         - memlocal of :BCi:0
dfgPass::VERBO:         - memlocal of :BCo:0
dfgPass::VERBO:         - memlocal of :BCu:0
dfgPass::VERBO:         - memlocal of :Agi:1
dfgPass::VERBO:         - memlocal of :BCo:0
dfgPass::VERBO:         - memlocal of :BCu:0
dfgPass::VERBO:         - memlocal of :BCa:0
dfgPass::VERBO:         - memlocal of :Ago:1
dfgPass::VERBO:         - memlocal of :BCu:0
dfgPass::VERBO:         - memlocal of :BCa:0
dfgPass::VERBO:         - memlocal of :BCe:0
dfgPass::VERBO:         - memlocal of :Agu:1
dfgPass::VERBO:         - memlocal of :De:0
dfgPass::VERBO:         - memlocal of :Ebe:0
dfgPass::VERBO:         - memlocal of :Ebe:1
dfgPass::VERBO:         - memlocal of :Ebe:0
dfgPass::VERBO:         - memlocal of :Ebe:0
dfgPass::VERBO:         - memlocal of :BCa:1
dfgPass::VERBO:         - memlocal of :Di:0
dfgPass::VERBO:         - memlocal of :Egi:0
dfgPass::VERBO:         - memlocal of :Egi:1
dfgPass::VERBO:         - memlocal of :Egi:0
dfgPass::VERBO:         - memlocal of :Egi:0
dfgPass::VERBO:         - memlocal of :BCe:1
dfgPass::VERBO:         - memlocal of :Do:0
dfgPass::VERBO:         - memlocal of :Eko:0
dfgPass::VERBO:         - memlocal of :Eko:1
dfgPass::VERBO:         - memlocal of :Eko:0
dfgPass::VERBO:         - memlocal of :Eko:0
dfgPass::VERBO:         - memlocal of :BCi:1
dfgPass::VERBO:         - memlocal of :Du:0
dfgPass::VERBO:         - memlocal of :Emu:0
dfgPass::VERBO:         - memlocal of :Emu:1
dfgPass::VERBO:         - memlocal of :Emu:0
dfgPass::VERBO:         - memlocal of :Emu:0
dfgPass::VERBO:         - memlocal of :BCo:1
dfgPass::VERBO:         - memlocal of :Da:0
dfgPass::VERBO:         - memlocal of :Esa:0
dfgPass::VERBO:         - memlocal of :Esa:1
dfgPass::VERBO:         - memlocal of :Esa:0
dfgPass::VERBO:         - memlocal of :Esa:0
dfgPass::VERBO:         - memlocal of :BCu:1
dfgPass::VERBO:         - memlocal of :BCa:0
dfgPass::VERBO:         - memlocal of :BCe:0
dfgPass::VERBO:         - memlocal of :BCi:0
dfgPass::VERBO:         - memlocal of :Aka:1
dfgPass::VERBO:         - memlocal of :BCe:0
dfgPass::VERBO:         - memlocal of :BCi:0
dfgPass::VERBO:         - memlocal of :BCo:0
dfgPass::VERBO:         - memlocal of :Ake:1
dfgPass::VERBO:         - memlocal of :BCi:0
dfgPass::VERBO:         - memlocal of :BCo:0
dfgPass::VERBO:         - memlocal of :BCu:0
dfgPass::VERBO:         - memlocal of :Aki:1
dfgPass::VERBO:         - memlocal of :BCo:0
dfgPass::VERBO:         - memlocal of :BCu:0
dfgPass::VERBO:         - memlocal of :BCa:0
dfgPass::VERBO:         - memlocal of :Ako:1
dfgPass::VERBO:         - memlocal of :BCu:0
dfgPass::VERBO:         - memlocal of :BCa:0
dfgPass::VERBO:         - memlocal of :BCe:0
dfgPass::VERBO:         - memlocal of :Aku:1
dfgPass::VERBO:         - memlocal of :Du:0
dfgPass::VERBO:         - memlocal of :Ebu:0
dfgPass::VERBO:         - memlocal of :Ebu:1
dfgPass::VERBO:         - memlocal of :Ebu:0
dfgPass::VERBO:         - memlocal of :Ebu:0
dfgPass::VERBO:         - memlocal of :BCa:1
dfgPass::VERBO:         - memlocal of :Da:0
dfgPass::VERBO:         - memlocal of :Ega:0
dfgPass::VERBO:         - memlocal of :Ega:1
dfgPass::VERBO:         - memlocal of :Ega:0
dfgPass::VERBO:         - memlocal of :Ega:0
dfgPass::VERBO:         - memlocal of :BCe:1
dfgPass::VERBO:         - memlocal of :De:0
dfgPass::VERBO:         - memlocal of :Eke:0
dfgPass::VERBO:         - memlocal of :Eke:1
dfgPass::VERBO:         - memlocal of :Eke:0
dfgPass::VERBO:         - memlocal of :Eke:0
dfgPass::VERBO:         - memlocal of :BCi:1
dfgPass::VERBO:         - memlocal of :Di:0
dfgPass::VERBO:         - memlocal of :Emi:0
dfgPass::VERBO:         - memlocal of :Emi:1
dfgPass::VERBO:         - memlocal of :Emi:0
dfgPass::VERBO:         - memlocal of :Emi:0
dfgPass::VERBO:         - memlocal of :BCo:1
dfgPass::VERBO:         - memlocal of :Do:0
dfgPass::VERBO:         - memlocal of :Eso:0
dfgPass::VERBO:         - memlocal of :Eso:1
dfgPass::VERBO:         - memlocal of :Eso:0
dfgPass::VERBO:         - memlocal of :Eso:0
dfgPass::VERBO:         - memlocal of :BCu:1
dfgPass::VERBO:         - memlocal of :BCa:0
dfgPass::VERBO:         - memlocal of :BCe:0
dfgPass::VERBO:         - memlocal of :BCi:0
dfgPass::VERBO:         - memlocal of :Ama:1
dfgPass::VERBO:         - memlocal of :BCe:0
dfgPass::VERBO:         - memlocal of :BCi:0
dfgPass::VERBO:         - memlocal of :BCo:0
dfgPass::VERBO:         - memlocal of :Ame:1
dfgPass::VERBO:         - memlocal of :BCi:0
dfgPass::VERBO:         - memlocal of :BCo:0
dfgPass::VERBO:         - memlocal of :BCu:0
dfgPass::VERBO:         - memlocal of :Ami:1
dfgPass::VERBO:         - memlocal of :BCo:0
dfgPass::VERBO:         - memlocal of :BCu:0
dfgPass::VERBO:         - memlocal of :BCa:0
dfgPass::VERBO:         - memlocal of :Amo:1
dfgPass::VERBO:         - memlocal of :BCu:0
dfgPass::VERBO:         - memlocal of :BCa:0
dfgPass::VERBO:         - memlocal of :BCe:0
dfgPass::VERBO:         - memlocal of :Amu:1
dfgPass::VERBO:         - memlocal of :Di:0
dfgPass::VERBO:         - memlocal of :Ebi:0
dfgPass::VERBO:         - memlocal of :Ebi:1
dfgPass::VERBO:         - memlocal of :Ebi:0
dfgPass::VERBO:         - memlocal of :Ebi:0
dfgPass::VERBO:         - memlocal of :BCa:1
dfgPass::VERBO:         - memlocal of :Do:0
dfgPass::VERBO:         - memlocal of :Ego:0
dfgPass::VERBO:         - memlocal of :Ego:1
dfgPass::VERBO:         - memlocal of :Ego:0
dfgPass::VERBO:         - memlocal of :Ego:0
dfgPass::VERBO:         - memlocal of :BCe:1
dfgPass::VERBO:         - memlocal of :Du:0
dfgPass::VERBO:         - memlocal of :Eku:0
dfgPass::VERBO:         - memlocal of :Eku:1
dfgPass::VERBO:         - memlocal of :Eku:0
dfgPass::VERBO:         - memlocal of :Eku:0
dfgPass::VERBO:         - memlocal of :BCi:1
dfgPass::VERBO:         - memlocal of :Da:0
dfgPass::VERBO:         - memlocal of :Ema:0
dfgPass::VERBO:         - memlocal of :Ema:1
dfgPass::VERBO:         - memlocal of :Ema:0
dfgPass::VERBO:         - memlocal of :Ema:0
dfgPass::VERBO:         - memlocal of :BCo:1
dfgPass::VERBO:         - memlocal of :De:0
dfgPass::VERBO:         - memlocal of :Ese:0
dfgPass::VERBO:         - memlocal of :Ese:1
dfgPass::VERBO:         - memlocal of :Ese:0
dfgPass::VERBO:         - memlocal of :Ese:0
dfgPass::VERBO:         - memlocal of :BCu:1
dfgPass::VERBO:         - memlocal of :BCa:0
dfgPass::VERBO:         - memlocal of :BCe:0
dfgPass::VERBO:         - memlocal of :BCi:0
dfgPass::VERBO:         - memlocal of :Asa:1
dfgPass::VERBO:         - memlocal of :BCe:0
dfgPass::VERBO:         - memlocal of :BCi:0
dfgPass::VERBO:         - memlocal of :BCo:0
dfgPass::VERBO:         - memlocal of :Ase:1
dfgPass::VERBO:         - memlocal of :BCi:0
dfgPass::VERBO:         - memlocal of :BCo:0
dfgPass::VERBO:         - memlocal of :BCu:0
dfgPass::VERBO:         - memlocal of :Asi:1
dfgPass::VERBO:         - memlocal of :BCo:0
dfgPass::VERBO:         - memlocal of :BCu:0
dfgPass::VERBO:         - memlocal of :BCa:0
dfgPass::VERBO:         - memlocal of :Aso:1
dfgPass::VERBO:         - memlocal of :BCu:0
dfgPass::VERBO:         - memlocal of :BCa:0
dfgPass::VERBO:         - memlocal of :BCe:0
dfgPass::VERBO:         - memlocal of :Asu:1
dfgPass::VERBO:       - AFTER BREAK
dfgPass::VERBO:       - for.inc
dfgPass::VERBO:         - memlocal of :round:0
dfgPass::VERBO:         - memlocal of :round:1
dfgPass::VERBO:       - AFTER BREAK
dfgPass::VERBO:     +0 is not a loop
dfgPass::VERBO:     +0 is not a loop
dfgPass::VERBO:     +0 is not a loop
dfgPass::VERBO:     +0 is not a loop
dfgPass::VERBO:     +1 is not an innermost loop
dfgPass::VERBO:     +2 fails R.hasBlockSchema
dfgPass::VERBO:     +0 is not a loop
dfgPass::VERBO:     +0 is not a loop
dfgPass::VERBO:       - BEFORE BREAK
dfgPass::VERBO:       - for.cond26
dfgPass::VERBO:         - memlocal of :i:0
dfgPass::VERBO:         - memlocal of :inlen:0
dfgPass::VERBO:       - AFTER BREAK
dfgPass::VERBO:       - for.body30
dfgPass::VERBO:         - memlocal of :in:0
dfgPass::VERBO:         - memlocal of :i:0
dfgPass::VERBO:         - memlocal of :i:0
dfgPass::VERBO:         - memlocal of :s:0
dfgPass::VERBO:         - memlocal of :i:0
dfgPass::VERBO:       - AFTER BREAK
dfgPass::VERBO:       - for.inc39
dfgPass::VERBO:         - memlocal of :i:0
dfgPass::VERBO:         - memlocal of :i:1
dfgPass::VERBO:       - AFTER BREAK
dfgPass::VERBO:     +2 is not an innermost loop
dfgPass::VERBO:       - BEFORE BREAK
dfgPass::VERBO:       - for.cond3
dfgPass::VERBO:         - memlocal of :i:0
dfgPass::VERBO:         - memlocal of :r_words:0
dfgPass::VERBO:       - AFTER BREAK
dfgPass::VERBO:       - for.body6
dfgPass::VERBO:         - memlocal of :in:0
dfgPass::VERBO:         - memlocal of :i:0
dfgPass::VERBO:         - invalid TR:4:0
dfgPass::VERBO:       - BEFORE BREAK
dfgPass::VERBO:       - for.cond12
dfgPass::VERBO:         - memlocal of :i:0
dfgPass::VERBO:         - memlocal of :r_words:0
dfgPass::VERBO:       - AFTER BREAK
dfgPass::VERBO:       - for.body15
dfgPass::VERBO:         - memlocal of :i:0
dfgPass::VERBO:         - memlocal offset is invalid:2:4
dfgPass::VERBO:         - memlocal of :s:0
dfgPass::VERBO:         - memlocal of :i:0
dfgPass::VERBO:       - AFTER BREAK
dfgPass::VERBO:       - for.inc20
dfgPass::VERBO:         - memlocal of :i:0
dfgPass::VERBO:         - memlocal of :i:1
dfgPass::VERBO:       - AFTER BREAK
dfgPass::VERBO:       - BEFORE BREAK
dfgPass::VERBO:       - for.cond
dfgPass::VERBO:         - memlocal of :i:0
dfgPass::VERBO:         - LCV conditional branch 6:48
dfgPass::VERBO:       - AFTER BREAK
dfgPass::VERBO:       - for.body
dfgPass::VERBO:         - memlocal of :s:0
dfgPass::VERBO:         - memlocal of :i:0
dfgPass::VERBO:       - AFTER BREAK
dfgPass::VERBO:       - for.inc
dfgPass::VERBO:         - memlocal of :i:0
dfgPass::VERBO:         - memlocal of :i:1
dfgPass::VERBO:       - AFTER BREAK
dfgPass::VERBO:     +0 is not a loop
dfgPass::VERBO:       - BEFORE BREAK
dfgPass::VERBO:       - for.cond
dfgPass::VERBO:         - memlocal of :i:0
dfgPass::VERBO:         - LCV conditional branch 6:48
dfgPass::VERBO:       - AFTER BREAK
dfgPass::VERBO:       - for.body
dfgPass::VERBO:         - memlocal of :x:0
dfgPass::VERBO:         - memlocal of :i:0
dfgPass::VERBO:         - memlocal of :i:0
dfgPass::VERBO:         - memlocal of :r:0
dfgPass::VERBO:         - memlocal of :r:1
dfgPass::VERBO:       - AFTER BREAK
dfgPass::VERBO:       - for.inc
dfgPass::VERBO:         - memlocal of :i:0
dfgPass::VERBO:         - memlocal of :i:1
dfgPass::VERBO:       - AFTER BREAK
dfgPass::VERBO:     +0 is not a loop
dfgPass::VERBO:     +0 is not a loop
dfgPass::VERBO:     +1 is not an innermost loop
dfgPass::VERBO:       - BEFORE BREAK
dfgPass::VERBO:       - for.cond
dfgPass::VERBO:         - memlocal of :i:0
dfgPass::VERBO:         - memlocal of :r:0
dfgPass::VERBO:       - AFTER BREAK
dfgPass::VERBO:       - for.body
dfgPass::VERBO:         - memlocal of :out:0
dfgPass::VERBO:         - memlocal of :i:0
dfgPass::VERBO:         - memlocal of :s:0
dfgPass::VERBO:         - memlocal of :i:0
dfgPass::VERBO:         - invalid TR:4:0
dfgPass::VERBO:     +0 is not a loop
dfgPass::VERBO:       - BEFORE BREAK
dfgPass::VERBO:       - for.cond
dfgPass::VERBO:         - memlocal of :i:0
dfgPass::VERBO:         - LCV conditional branch 6:48
dfgPass::VERBO:       - AFTER BREAK
dfgPass::VERBO:       - for.body
dfgPass::VERBO:         - memlocal of :u:0
dfgPass::VERBO:         - memlocal of :i:0
dfgPass::VERBO:         - memlocal of :x:0
dfgPass::VERBO:         - memlocal of :i:0
dfgPass::VERBO:       - AFTER BREAK
dfgPass::VERBO:       - for.inc
dfgPass::VERBO:         - memlocal of :i:0
dfgPass::VERBO:         - memlocal of :i:1
dfgPass::VERBO:       - AFTER BREAK
dfgPass::VERBO:     +0 is not a loop
dfgPass::VERBO:     +0 is not a loop
dfgPass::VERBO:     +0 is not a loop
dfgPass::VERBO:     +0 is not a loop
dfgPass::VERBO:     +0 is not a loop
dfgPass::VERBO:     +0 is not a loop
dfgPass::VERBO:     +0 is not a loop
dfgPass::VERBO:     +0 is not a loop
dfgPass::VERBO:     +0 is not a loop
dfgPass::VERBO:       - BEFORE BREAK
dfgPass::VERBO:       - for.cond
dfgPass::VERBO:         - memlocal of :i:0
dfgPass::VERBO:         - LCV conditional branch 6:48
dfgPass::VERBO:       - AFTER BREAK
dfgPass::VERBO:       - for.body
dfgPass::VERBO:         - memlocal of :h:0
dfgPass::VERBO:         - memlocal of :i:0
dfgPass::VERBO:         - memlocal of :i:0
dfgPass::VERBO:         - memlocal offset is invalid:2:4
dfgPass::VERBO:         - invalid TR:4:0
dfgPass::VERBO:     +0 is not a loop
dfgPass::VERBO:       - BEFORE BREAK
dfgPass::VERBO:       - for.cond
dfgPass::VERBO:         - memlocal of :i:0
dfgPass::VERBO:         - LCV conditional branch 6:48
dfgPass::VERBO:       - AFTER BREAK
dfgPass::VERBO:       - for.body
dfgPass::VERBO:         - memlocal of :h:0
dfgPass::VERBO:         - memlocal of :i:0
dfgPass::VERBO:         - memlocal of :i:0
dfgPass::VERBO:         - memlocal offset is invalid:2:4
dfgPass::VERBO:         - invalid TR:4:0
dfgPass::VERBO:     +0 is not a loop
dfgPass::VERBO:     +0 is not a loop
dfgPass::VERBO:       - BEFORE BREAK
dfgPass::VERBO:       - for.cond
dfgPass::VERBO:         - memlocal of :i:0
dfgPass::VERBO:         - LCV conditional branch 6:48
dfgPass::VERBO:       - AFTER BREAK
dfgPass::VERBO:       - for.body
dfgPass::VERBO:         - memlocal of :h:0
dfgPass::VERBO:         - memlocal of :i:0
dfgPass::VERBO:         - memlocal of :i:0
dfgPass::VERBO:         - memlocal offset is invalid:2:4
dfgPass::VERBO:         - invalid TR:4:0
dfgPass::VERBO:     +0 is not a loop
dfgPass::VERBO:       - BEFORE BREAK
dfgPass::VERBO:       - for.cond26
dfgPass::VERBO:         - memlocal of :i:0
dfgPass::VERBO:         - memlocal of :inlen:0
dfgPass::VERBO:       - AFTER BREAK
dfgPass::VERBO:       - for.body30
dfgPass::VERBO:         - memlocal of :in:0
dfgPass::VERBO:         - memlocal of :i:0
dfgPass::VERBO:         - memlocal of :i:0
dfgPass::VERBO:         - memlocal of :s:0
dfgPass::VERBO:         - memlocal of :i:0
dfgPass::VERBO:       - AFTER BREAK
dfgPass::VERBO:       - for.inc39
dfgPass::VERBO:         - memlocal of :i:0
dfgPass::VERBO:         - memlocal of :i:1
dfgPass::VERBO:       - AFTER BREAK
dfgPass::VERBO:     +2 is not an innermost loop
dfgPass::VERBO:       - BEFORE BREAK
dfgPass::VERBO:       - for.cond3
dfgPass::VERBO:         - memlocal of :i:0
dfgPass::VERBO:         - memlocal of :r_words:0
dfgPass::VERBO:       - AFTER BREAK
dfgPass::VERBO:       - for.body6
dfgPass::VERBO:         - memlocal of :in:0
dfgPass::VERBO:         - memlocal of :i:0
dfgPass::VERBO:         - invalid TR:4:0
dfgPass::VERBO:       - BEFORE BREAK
dfgPass::VERBO:       - for.cond12
dfgPass::VERBO:         - memlocal of :i:0
dfgPass::VERBO:         - memlocal of :r_words:0
dfgPass::VERBO:       - AFTER BREAK
dfgPass::VERBO:       - for.body15
dfgPass::VERBO:         - memlocal of :i:0
dfgPass::VERBO:         - memlocal offset is invalid:2:4
dfgPass::VERBO:         - memlocal of :s:0
dfgPass::VERBO:         - memlocal of :i:0
dfgPass::VERBO:       - AFTER BREAK
dfgPass::VERBO:       - for.inc20
dfgPass::VERBO:         - memlocal of :i:0
dfgPass::VERBO:         - memlocal of :i:1
dfgPass::VERBO:       - AFTER BREAK
dfgPass::VERBO:       - BEFORE BREAK
dfgPass::VERBO:       - for.cond
dfgPass::VERBO:         - memlocal of :i:0
dfgPass::VERBO:         - LCV conditional branch 6:48
dfgPass::VERBO:       - AFTER BREAK
dfgPass::VERBO:       - for.body
dfgPass::VERBO:         - memlocal of :s:0
dfgPass::VERBO:         - memlocal of :i:0
dfgPass::VERBO:       - AFTER BREAK
dfgPass::VERBO:       - for.inc
dfgPass::VERBO:         - memlocal of :i:0
dfgPass::VERBO:         - memlocal of :i:1
dfgPass::VERBO:       - AFTER BREAK
dfgPass::VERBO:     +0 is not a loop
dfgPass::VERBO:       - BEFORE BREAK
dfgPass::VERBO:       - for.cond
dfgPass::VERBO:         - memlocal of :round:0
dfgPass::VERBO:         - LCV conditional branch 6:48
dfgPass::VERBO:       - AFTER BREAK
dfgPass::VERBO:       - for.body
dfgPass::VERBO:         - memlocal of :Aba:0
dfgPass::VERBO:         - memlocal of :Aga:0
dfgPass::VERBO:         - memlocal of :Aka:0
dfgPass::VERBO:         - memlocal of :Ama:0
dfgPass::VERBO:         - memlocal of :Asa:0
dfgPass::VERBO:         - memlocal of :BCa:1
dfgPass::VERBO:         - memlocal of :Abe:0
dfgPass::VERBO:         - memlocal of :Age:0
dfgPass::VERBO:         - memlocal of :Ake:0
dfgPass::VERBO:         - memlocal of :Ame:0
dfgPass::VERBO:         - memlocal of :Ase:0
dfgPass::VERBO:         - memlocal of :BCe:1
dfgPass::VERBO:         - memlocal of :Abi:0
dfgPass::VERBO:         - memlocal of :Agi:0
dfgPass::VERBO:         - memlocal of :Aki:0
dfgPass::VERBO:         - memlocal of :Ami:0
dfgPass::VERBO:         - memlocal of :Asi:0
dfgPass::VERBO:         - memlocal of :BCi:1
dfgPass::VERBO:         - memlocal of :Abo:0
dfgPass::VERBO:         - memlocal of :Ago:0
dfgPass::VERBO:         - memlocal of :Ako:0
dfgPass::VERBO:         - memlocal of :Amo:0
dfgPass::VERBO:         - memlocal of :Aso:0
dfgPass::VERBO:         - memlocal of :BCo:1
dfgPass::VERBO:         - memlocal of :Abu:0
dfgPass::VERBO:         - memlocal of :Agu:0
dfgPass::VERBO:         - memlocal of :Aku:0
dfgPass::VERBO:         - memlocal of :Amu:0
dfgPass::VERBO:         - memlocal of :Asu:0
dfgPass::VERBO:         - memlocal of :BCu:1
dfgPass::VERBO:         - memlocal of :BCu:0
dfgPass::VERBO:         - memlocal of :BCe:0
dfgPass::VERBO:         - memlocal of :BCe:0
dfgPass::VERBO:         - memlocal of :Da:1
dfgPass::VERBO:         - memlocal of :BCa:0
dfgPass::VERBO:         - memlocal of :BCi:0
dfgPass::VERBO:         - memlocal of :BCi:0
dfgPass::VERBO:         - memlocal of :De:1
dfgPass::VERBO:         - memlocal of :BCe:0
dfgPass::VERBO:         - memlocal of :BCo:0
dfgPass::VERBO:         - memlocal of :BCo:0
dfgPass::VERBO:         - memlocal of :Di:1
dfgPass::VERBO:         - memlocal of :BCi:0
dfgPass::VERBO:         - memlocal of :BCu:0
dfgPass::VERBO:         - memlocal of :BCu:0
dfgPass::VERBO:         - memlocal of :Do:1
dfgPass::VERBO:         - memlocal of :BCo:0
dfgPass::VERBO:         - memlocal of :BCa:0
dfgPass::VERBO:         - memlocal of :BCa:0
dfgPass::VERBO:         - memlocal of :Du:1
dfgPass::VERBO:         - memlocal of :Da:0
dfgPass::VERBO:         - memlocal of :Aba:0
dfgPass::VERBO:         - memlocal of :Aba:1
dfgPass::VERBO:         - memlocal of :Aba:0
dfgPass::VERBO:         - memlocal of :BCa:1
dfgPass::VERBO:         - memlocal of :De:0
dfgPass::VERBO:         - memlocal of :Age:0
dfgPass::VERBO:         - memlocal of :Age:1
dfgPass::VERBO:         - memlocal of :Age:0
dfgPass::VERBO:         - memlocal of :Age:0
dfgPass::VERBO:         - memlocal of :BCe:1
dfgPass::VERBO:         - memlocal of :Di:0
dfgPass::VERBO:         - memlocal of :Aki:0
dfgPass::VERBO:         - memlocal of :Aki:1
dfgPass::VERBO:         - memlocal of :Aki:0
dfgPass::VERBO:         - memlocal of :Aki:0
dfgPass::VERBO:         - memlocal of :BCi:1
dfgPass::VERBO:         - memlocal of :Do:0
dfgPass::VERBO:         - memlocal of :Amo:0
dfgPass::VERBO:         - memlocal of :Amo:1
dfgPass::VERBO:         - memlocal of :Amo:0
dfgPass::VERBO:         - memlocal of :Amo:0
dfgPass::VERBO:         - memlocal of :BCo:1
dfgPass::VERBO:         - memlocal of :Du:0
dfgPass::VERBO:         - memlocal of :Asu:0
dfgPass::VERBO:         - memlocal of :Asu:1
dfgPass::VERBO:         - memlocal of :Asu:0
dfgPass::VERBO:         - memlocal of :Asu:0
dfgPass::VERBO:         - memlocal of :BCu:1
dfgPass::VERBO:         - memlocal of :BCa:0
dfgPass::VERBO:         - memlocal of :BCe:0
dfgPass::VERBO:         - memlocal of :BCi:0
dfgPass::VERBO:         - memlocal of :Eba:1
dfgPass::VERBO:         - memlocal of :round:0
dfgPass::VERBO:         - memlocal of :Eba:0
dfgPass::VERBO:         - memlocal of :Eba:1
dfgPass::VERBO:         - memlocal of :BCe:0
dfgPass::VERBO:         - memlocal of :BCi:0
dfgPass::VERBO:         - memlocal of :BCo:0
dfgPass::VERBO:         - memlocal of :Ebe:1
dfgPass::VERBO:         - memlocal of :BCi:0
dfgPass::VERBO:         - memlocal of :BCo:0
dfgPass::VERBO:         - memlocal of :BCu:0
dfgPass::VERBO:         - memlocal of :Ebi:1
dfgPass::VERBO:         - memlocal of :BCo:0
dfgPass::VERBO:         - memlocal of :BCu:0
dfgPass::VERBO:         - memlocal of :BCa:0
dfgPass::VERBO:         - memlocal of :Ebo:1
dfgPass::VERBO:         - memlocal of :BCu:0
dfgPass::VERBO:         - memlocal of :BCa:0
dfgPass::VERBO:         - memlocal of :BCe:0
dfgPass::VERBO:         - memlocal of :Ebu:1
dfgPass::VERBO:         - memlocal of :Do:0
dfgPass::VERBO:         - memlocal of :Abo:0
dfgPass::VERBO:         - memlocal of :Abo:1
dfgPass::VERBO:         - memlocal of :Abo:0
dfgPass::VERBO:         - memlocal of :Abo:0
dfgPass::VERBO:         - memlocal of :BCa:1
dfgPass::VERBO:         - memlocal of :Du:0
dfgPass::VERBO:         - memlocal of :Agu:0
dfgPass::VERBO:         - memlocal of :Agu:1
dfgPass::VERBO:         - memlocal of :Agu:0
dfgPass::VERBO:         - memlocal of :Agu:0
dfgPass::VERBO:         - memlocal of :BCe:1
dfgPass::VERBO:         - memlocal of :Da:0
dfgPass::VERBO:         - memlocal of :Aka:0
dfgPass::VERBO:         - memlocal of :Aka:1
dfgPass::VERBO:         - memlocal of :Aka:0
dfgPass::VERBO:         - memlocal of :Aka:0
dfgPass::VERBO:         - memlocal of :BCi:1
dfgPass::VERBO:         - memlocal of :De:0
dfgPass::VERBO:         - memlocal of :Ame:0
dfgPass::VERBO:         - memlocal of :Ame:1
dfgPass::VERBO:         - memlocal of :Ame:0
dfgPass::VERBO:         - memlocal of :Ame:0
dfgPass::VERBO:         - memlocal of :BCo:1
dfgPass::VERBO:         - memlocal of :Di:0
dfgPass::VERBO:         - memlocal of :Asi:0
dfgPass::VERBO:         - memlocal of :Asi:1
dfgPass::VERBO:         - memlocal of :Asi:0
dfgPass::VERBO:         - memlocal of :Asi:0
dfgPass::VERBO:         - memlocal of :BCu:1
dfgPass::VERBO:         - memlocal of :BCa:0
dfgPass::VERBO:         - memlocal of :BCe:0
dfgPass::VERBO:         - memlocal of :BCi:0
dfgPass::VERBO:         - memlocal of :Ega:1
dfgPass::VERBO:         - memlocal of :BCe:0
dfgPass::VERBO:         - memlocal of :BCi:0
dfgPass::VERBO:         - memlocal of :BCo:0
dfgPass::VERBO:         - memlocal of :Ege:1
dfgPass::VERBO:         - memlocal of :BCi:0
dfgPass::VERBO:         - memlocal of :BCo:0
dfgPass::VERBO:         - memlocal of :BCu:0
dfgPass::VERBO:         - memlocal of :Egi:1
dfgPass::VERBO:         - memlocal of :BCo:0
dfgPass::VERBO:         - memlocal of :BCu:0
dfgPass::VERBO:         - memlocal of :BCa:0
dfgPass::VERBO:         - memlocal of :Ego:1
dfgPass::VERBO:         - memlocal of :BCu:0
dfgPass::VERBO:         - memlocal of :BCa:0
dfgPass::VERBO:         - memlocal of :BCe:0
dfgPass::VERBO:         - memlocal of :Egu:1
dfgPass::VERBO:         - memlocal of :De:0
dfgPass::VERBO:         - memlocal of :Abe:0
dfgPass::VERBO:         - memlocal of :Abe:1
dfgPass::VERBO:         - memlocal of :Abe:0
dfgPass::VERBO:         - memlocal of :Abe:0
dfgPass::VERBO:         - memlocal of :BCa:1
dfgPass::VERBO:         - memlocal of :Di:0
dfgPass::VERBO:         - memlocal of :Agi:0
dfgPass::VERBO:         - memlocal of :Agi:1
dfgPass::VERBO:         - memlocal of :Agi:0
dfgPass::VERBO:         - memlocal of :Agi:0
dfgPass::VERBO:         - memlocal of :BCe:1
dfgPass::VERBO:         - memlocal of :Do:0
dfgPass::VERBO:         - memlocal of :Ako:0
dfgPass::VERBO:         - memlocal of :Ako:1
dfgPass::VERBO:         - memlocal of :Ako:0
dfgPass::VERBO:         - memlocal of :Ako:0
dfgPass::VERBO:         - memlocal of :BCi:1
dfgPass::VERBO:         - memlocal of :Du:0
dfgPass::VERBO:         - memlocal of :Amu:0
dfgPass::VERBO:         - memlocal of :Amu:1
dfgPass::VERBO:         - memlocal of :Amu:0
dfgPass::VERBO:         - memlocal of :Amu:0
dfgPass::VERBO:         - memlocal of :BCo:1
dfgPass::VERBO:         - memlocal of :Da:0
dfgPass::VERBO:         - memlocal of :Asa:0
dfgPass::VERBO:         - memlocal of :Asa:1
dfgPass::VERBO:         - memlocal of :Asa:0
dfgPass::VERBO:         - memlocal of :Asa:0
dfgPass::VERBO:         - memlocal of :BCu:1
dfgPass::VERBO:         - memlocal of :BCa:0
dfgPass::VERBO:         - memlocal of :BCe:0
dfgPass::VERBO:         - memlocal of :BCi:0
dfgPass::VERBO:         - memlocal of :Eka:1
dfgPass::VERBO:         - memlocal of :BCe:0
dfgPass::VERBO:         - memlocal of :BCi:0
dfgPass::VERBO:         - memlocal of :BCo:0
dfgPass::VERBO:         - memlocal of :Eke:1
dfgPass::VERBO:         - memlocal of :BCi:0
dfgPass::VERBO:         - memlocal of :BCo:0
dfgPass::VERBO:         - memlocal of :BCu:0
dfgPass::VERBO:         - memlocal of :Eki:1
dfgPass::VERBO:         - memlocal of :BCo:0
dfgPass::VERBO:         - memlocal of :BCu:0
dfgPass::VERBO:         - memlocal of :BCa:0
dfgPass::VERBO:         - memlocal of :Eko:1
dfgPass::VERBO:         - memlocal of :BCu:0
dfgPass::VERBO:         - memlocal of :BCa:0
dfgPass::VERBO:         - memlocal of :BCe:0
dfgPass::VERBO:         - memlocal of :Eku:1
dfgPass::VERBO:         - memlocal of :Du:0
dfgPass::VERBO:         - memlocal of :Abu:0
dfgPass::VERBO:         - memlocal of :Abu:1
dfgPass::VERBO:         - memlocal of :Abu:0
dfgPass::VERBO:         - memlocal of :Abu:0
dfgPass::VERBO:         - memlocal of :BCa:1
dfgPass::VERBO:         - memlocal of :Da:0
dfgPass::VERBO:         - memlocal of :Aga:0
dfgPass::VERBO:         - memlocal of :Aga:1
dfgPass::VERBO:         - memlocal of :Aga:0
dfgPass::VERBO:         - memlocal of :Aga:0
dfgPass::VERBO:         - memlocal of :BCe:1
dfgPass::VERBO:         - memlocal of :De:0
dfgPass::VERBO:         - memlocal of :Ake:0
dfgPass::VERBO:         - memlocal of :Ake:1
dfgPass::VERBO:         - memlocal of :Ake:0
dfgPass::VERBO:         - memlocal of :Ake:0
dfgPass::VERBO:         - memlocal of :BCi:1
dfgPass::VERBO:         - memlocal of :Di:0
dfgPass::VERBO:         - memlocal of :Ami:0
dfgPass::VERBO:         - memlocal of :Ami:1
dfgPass::VERBO:         - memlocal of :Ami:0
dfgPass::VERBO:         - memlocal of :Ami:0
dfgPass::VERBO:         - memlocal of :BCo:1
dfgPass::VERBO:         - memlocal of :Do:0
dfgPass::VERBO:         - memlocal of :Aso:0
dfgPass::VERBO:         - memlocal of :Aso:1
dfgPass::VERBO:         - memlocal of :Aso:0
dfgPass::VERBO:         - memlocal of :Aso:0
dfgPass::VERBO:         - memlocal of :BCu:1
dfgPass::VERBO:         - memlocal of :BCa:0
dfgPass::VERBO:         - memlocal of :BCe:0
dfgPass::VERBO:         - memlocal of :BCi:0
dfgPass::VERBO:         - memlocal of :Ema:1
dfgPass::VERBO:         - memlocal of :BCe:0
dfgPass::VERBO:         - memlocal of :BCi:0
dfgPass::VERBO:         - memlocal of :BCo:0
dfgPass::VERBO:         - memlocal of :Eme:1
dfgPass::VERBO:         - memlocal of :BCi:0
dfgPass::VERBO:         - memlocal of :BCo:0
dfgPass::VERBO:         - memlocal of :BCu:0
dfgPass::VERBO:         - memlocal of :Emi:1
dfgPass::VERBO:         - memlocal of :BCo:0
dfgPass::VERBO:         - memlocal of :BCu:0
dfgPass::VERBO:         - memlocal of :BCa:0
dfgPass::VERBO:         - memlocal of :Emo:1
dfgPass::VERBO:         - memlocal of :BCu:0
dfgPass::VERBO:         - memlocal of :BCa:0
dfgPass::VERBO:         - memlocal of :BCe:0
dfgPass::VERBO:         - memlocal of :Emu:1
dfgPass::VERBO:         - memlocal of :Di:0
dfgPass::VERBO:         - memlocal of :Abi:0
dfgPass::VERBO:         - memlocal of :Abi:1
dfgPass::VERBO:         - memlocal of :Abi:0
dfgPass::VERBO:         - memlocal of :Abi:0
dfgPass::VERBO:         - memlocal of :BCa:1
dfgPass::VERBO:         - memlocal of :Do:0
dfgPass::VERBO:         - memlocal of :Ago:0
dfgPass::VERBO:         - memlocal of :Ago:1
dfgPass::VERBO:         - memlocal of :Ago:0
dfgPass::VERBO:         - memlocal of :Ago:0
dfgPass::VERBO:         - memlocal of :BCe:1
dfgPass::VERBO:         - memlocal of :Du:0
dfgPass::VERBO:         - memlocal of :Aku:0
dfgPass::VERBO:         - memlocal of :Aku:1
dfgPass::VERBO:         - memlocal of :Aku:0
dfgPass::VERBO:         - memlocal of :Aku:0
dfgPass::VERBO:         - memlocal of :BCi:1
dfgPass::VERBO:         - memlocal of :Da:0
dfgPass::VERBO:         - memlocal of :Ama:0
dfgPass::VERBO:         - memlocal of :Ama:1
dfgPass::VERBO:         - memlocal of :Ama:0
dfgPass::VERBO:         - memlocal of :Ama:0
dfgPass::VERBO:         - memlocal of :BCo:1
dfgPass::VERBO:         - memlocal of :De:0
dfgPass::VERBO:         - memlocal of :Ase:0
dfgPass::VERBO:         - memlocal of :Ase:1
dfgPass::VERBO:         - memlocal of :Ase:0
dfgPass::VERBO:         - memlocal of :Ase:0
dfgPass::VERBO:         - memlocal of :BCu:1
dfgPass::VERBO:         - memlocal of :BCa:0
dfgPass::VERBO:         - memlocal of :BCe:0
dfgPass::VERBO:         - memlocal of :BCi:0
dfgPass::VERBO:         - memlocal of :Esa:1
dfgPass::VERBO:         - memlocal of :BCe:0
dfgPass::VERBO:         - memlocal of :BCi:0
dfgPass::VERBO:         - memlocal of :BCo:0
dfgPass::VERBO:         - memlocal of :Ese:1
dfgPass::VERBO:         - memlocal of :BCi:0
dfgPass::VERBO:         - memlocal of :BCo:0
dfgPass::VERBO:         - memlocal of :BCu:0
dfgPass::VERBO:         - memlocal of :Esi:1
dfgPass::VERBO:         - memlocal of :BCo:0
dfgPass::VERBO:         - memlocal of :BCu:0
dfgPass::VERBO:         - memlocal of :BCa:0
dfgPass::VERBO:         - memlocal of :Eso:1
dfgPass::VERBO:         - memlocal of :BCu:0
dfgPass::VERBO:         - memlocal of :BCa:0
dfgPass::VERBO:         - memlocal of :BCe:0
dfgPass::VERBO:         - memlocal of :Esu:1
dfgPass::VERBO:         - memlocal of :Eba:0
dfgPass::VERBO:         - memlocal of :Ega:0
dfgPass::VERBO:         - memlocal of :Eka:0
dfgPass::VERBO:         - memlocal of :Ema:0
dfgPass::VERBO:         - memlocal of :Esa:0
dfgPass::VERBO:         - memlocal of :BCa:1
dfgPass::VERBO:         - memlocal of :Ebe:0
dfgPass::VERBO:         - memlocal of :Ege:0
dfgPass::VERBO:         - memlocal of :Eke:0
dfgPass::VERBO:         - memlocal of :Eme:0
dfgPass::VERBO:         - memlocal of :Ese:0
dfgPass::VERBO:         - memlocal of :BCe:1
dfgPass::VERBO:         - memlocal of :Ebi:0
dfgPass::VERBO:         - memlocal of :Egi:0
dfgPass::VERBO:         - memlocal of :Eki:0
dfgPass::VERBO:         - memlocal of :Emi:0
dfgPass::VERBO:         - memlocal of :Esi:0
dfgPass::VERBO:         - memlocal of :BCi:1
dfgPass::VERBO:         - memlocal of :Ebo:0
dfgPass::VERBO:         - memlocal of :Ego:0
dfgPass::VERBO:         - memlocal of :Eko:0
dfgPass::VERBO:         - memlocal of :Emo:0
dfgPass::VERBO:         - memlocal of :Eso:0
dfgPass::VERBO:         - memlocal of :BCo:1
dfgPass::VERBO:         - memlocal of :Ebu:0
dfgPass::VERBO:         - memlocal of :Egu:0
dfgPass::VERBO:         - memlocal of :Eku:0
dfgPass::VERBO:         - memlocal of :Emu:0
dfgPass::VERBO:         - memlocal of :Esu:0
dfgPass::VERBO:         - memlocal of :BCu:1
dfgPass::VERBO:         - memlocal of :BCu:0
dfgPass::VERBO:         - memlocal of :BCe:0
dfgPass::VERBO:         - memlocal of :BCe:0
dfgPass::VERBO:         - memlocal of :Da:1
dfgPass::VERBO:         - memlocal of :BCa:0
dfgPass::VERBO:         - memlocal of :BCi:0
dfgPass::VERBO:         - memlocal of :BCi:0
dfgPass::VERBO:         - memlocal of :De:1
dfgPass::VERBO:         - memlocal of :BCe:0
dfgPass::VERBO:         - memlocal of :BCo:0
dfgPass::VERBO:         - memlocal of :BCo:0
dfgPass::VERBO:         - memlocal of :Di:1
dfgPass::VERBO:         - memlocal of :BCi:0
dfgPass::VERBO:         - memlocal of :BCu:0
dfgPass::VERBO:         - memlocal of :BCu:0
dfgPass::VERBO:         - memlocal of :Do:1
dfgPass::VERBO:         - memlocal of :BCo:0
dfgPass::VERBO:         - memlocal of :BCa:0
dfgPass::VERBO:         - memlocal of :BCa:0
dfgPass::VERBO:         - memlocal of :Du:1
dfgPass::VERBO:         - memlocal of :Da:0
dfgPass::VERBO:         - memlocal of :Eba:0
dfgPass::VERBO:         - memlocal of :Eba:1
dfgPass::VERBO:         - memlocal of :Eba:0
dfgPass::VERBO:         - memlocal of :BCa:1
dfgPass::VERBO:         - memlocal of :De:0
dfgPass::VERBO:         - memlocal of :Ege:0
dfgPass::VERBO:         - memlocal of :Ege:1
dfgPass::VERBO:         - memlocal of :Ege:0
dfgPass::VERBO:         - memlocal of :Ege:0
dfgPass::VERBO:         - memlocal of :BCe:1
dfgPass::VERBO:         - memlocal of :Di:0
dfgPass::VERBO:         - memlocal of :Eki:0
dfgPass::VERBO:         - memlocal of :Eki:1
dfgPass::VERBO:         - memlocal of :Eki:0
dfgPass::VERBO:         - memlocal of :Eki:0
dfgPass::VERBO:         - memlocal of :BCi:1
dfgPass::VERBO:         - memlocal of :Do:0
dfgPass::VERBO:         - memlocal of :Emo:0
dfgPass::VERBO:         - memlocal of :Emo:1
dfgPass::VERBO:         - memlocal of :Emo:0
dfgPass::VERBO:         - memlocal of :Emo:0
dfgPass::VERBO:         - memlocal of :BCo:1
dfgPass::VERBO:         - memlocal of :Du:0
dfgPass::VERBO:         - memlocal of :Esu:0
dfgPass::VERBO:         - memlocal of :Esu:1
dfgPass::VERBO:         - memlocal of :Esu:0
dfgPass::VERBO:         - memlocal of :Esu:0
dfgPass::VERBO:         - memlocal of :BCu:1
dfgPass::VERBO:         - memlocal of :BCa:0
dfgPass::VERBO:         - memlocal of :BCe:0
dfgPass::VERBO:         - memlocal of :BCi:0
dfgPass::VERBO:         - memlocal of :Aba:1
dfgPass::VERBO:         - memlocal of :round:0
dfgPass::VERBO:         - memlocal of :Aba:0
dfgPass::VERBO:         - memlocal of :Aba:1
dfgPass::VERBO:         - memlocal of :BCe:0
dfgPass::VERBO:         - memlocal of :BCi:0
dfgPass::VERBO:         - memlocal of :BCo:0
dfgPass::VERBO:         - memlocal of :Abe:1
dfgPass::VERBO:         - memlocal of :BCi:0
dfgPass::VERBO:         - memlocal of :BCo:0
dfgPass::VERBO:         - memlocal of :BCu:0
dfgPass::VERBO:         - memlocal of :Abi:1
dfgPass::VERBO:         - memlocal of :BCo:0
dfgPass::VERBO:         - memlocal of :BCu:0
dfgPass::VERBO:         - memlocal of :BCa:0
dfgPass::VERBO:         - memlocal of :Abo:1
dfgPass::VERBO:         - memlocal of :BCu:0
dfgPass::VERBO:         - memlocal of :BCa:0
dfgPass::VERBO:         - memlocal of :BCe:0
dfgPass::VERBO:         - memlocal of :Abu:1
dfgPass::VERBO:         - memlocal of :Do:0
dfgPass::VERBO:         - memlocal of :Ebo:0
dfgPass::VERBO:         - memlocal of :Ebo:1
dfgPass::VERBO:         - memlocal of :Ebo:0
dfgPass::VERBO:         - memlocal of :Ebo:0
dfgPass::VERBO:         - memlocal of :BCa:1
dfgPass::VERBO:         - memlocal of :Du:0
dfgPass::VERBO:         - memlocal of :Egu:0
dfgPass::VERBO:         - memlocal of :Egu:1
dfgPass::VERBO:         - memlocal of :Egu:0
dfgPass::VERBO:         - memlocal of :Egu:0
dfgPass::VERBO:         - memlocal of :BCe:1
dfgPass::VERBO:         - memlocal of :Da:0
dfgPass::VERBO:         - memlocal of :Eka:0
dfgPass::VERBO:         - memlocal of :Eka:1
dfgPass::VERBO:         - memlocal of :Eka:0
dfgPass::VERBO:         - memlocal of :Eka:0
dfgPass::VERBO:         - memlocal of :BCi:1
dfgPass::VERBO:         - memlocal of :De:0
dfgPass::VERBO:         - memlocal of :Eme:0
dfgPass::VERBO:         - memlocal of :Eme:1
dfgPass::VERBO:         - memlocal of :Eme:0
dfgPass::VERBO:         - memlocal of :Eme:0
dfgPass::VERBO:         - memlocal of :BCo:1
dfgPass::VERBO:         - memlocal of :Di:0
dfgPass::VERBO:         - memlocal of :Esi:0
dfgPass::VERBO:         - memlocal of :Esi:1
dfgPass::VERBO:         - memlocal of :Esi:0
dfgPass::VERBO:         - memlocal of :Esi:0
dfgPass::VERBO:         - memlocal of :BCu:1
dfgPass::VERBO:         - memlocal of :BCa:0
dfgPass::VERBO:         - memlocal of :BCe:0
dfgPass::VERBO:         - memlocal of :BCi:0
dfgPass::VERBO:         - memlocal of :Aga:1
dfgPass::VERBO:         - memlocal of :BCe:0
dfgPass::VERBO:         - memlocal of :BCi:0
dfgPass::VERBO:         - memlocal of :BCo:0
dfgPass::VERBO:         - memlocal of :Age:1
dfgPass::VERBO:         - memlocal of :BCi:0
dfgPass::VERBO:         - memlocal of :BCo:0
dfgPass::VERBO:         - memlocal of :BCu:0
dfgPass::VERBO:         - memlocal of :Agi:1
dfgPass::VERBO:         - memlocal of :BCo:0
dfgPass::VERBO:         - memlocal of :BCu:0
dfgPass::VERBO:         - memlocal of :BCa:0
dfgPass::VERBO:         - memlocal of :Ago:1
dfgPass::VERBO:         - memlocal of :BCu:0
dfgPass::VERBO:         - memlocal of :BCa:0
dfgPass::VERBO:         - memlocal of :BCe:0
dfgPass::VERBO:         - memlocal of :Agu:1
dfgPass::VERBO:         - memlocal of :De:0
dfgPass::VERBO:         - memlocal of :Ebe:0
dfgPass::VERBO:         - memlocal of :Ebe:1
dfgPass::VERBO:         - memlocal of :Ebe:0
dfgPass::VERBO:         - memlocal of :Ebe:0
dfgPass::VERBO:         - memlocal of :BCa:1
dfgPass::VERBO:         - memlocal of :Di:0
dfgPass::VERBO:         - memlocal of :Egi:0
dfgPass::VERBO:         - memlocal of :Egi:1
dfgPass::VERBO:         - memlocal of :Egi:0
dfgPass::VERBO:         - memlocal of :Egi:0
dfgPass::VERBO:         - memlocal of :BCe:1
dfgPass::VERBO:         - memlocal of :Do:0
dfgPass::VERBO:         - memlocal of :Eko:0
dfgPass::VERBO:         - memlocal of :Eko:1
dfgPass::VERBO:         - memlocal of :Eko:0
dfgPass::VERBO:         - memlocal of :Eko:0
dfgPass::VERBO:         - memlocal of :BCi:1
dfgPass::VERBO:         - memlocal of :Du:0
dfgPass::VERBO:         - memlocal of :Emu:0
dfgPass::VERBO:         - memlocal of :Emu:1
dfgPass::VERBO:         - memlocal of :Emu:0
dfgPass::VERBO:         - memlocal of :Emu:0
dfgPass::VERBO:         - memlocal of :BCo:1
dfgPass::VERBO:         - memlocal of :Da:0
dfgPass::VERBO:         - memlocal of :Esa:0
dfgPass::VERBO:         - memlocal of :Esa:1
dfgPass::VERBO:         - memlocal of :Esa:0
dfgPass::VERBO:         - memlocal of :Esa:0
dfgPass::VERBO:         - memlocal of :BCu:1
dfgPass::VERBO:         - memlocal of :BCa:0
dfgPass::VERBO:         - memlocal of :BCe:0
dfgPass::VERBO:         - memlocal of :BCi:0
dfgPass::VERBO:         - memlocal of :Aka:1
dfgPass::VERBO:         - memlocal of :BCe:0
dfgPass::VERBO:         - memlocal of :BCi:0
dfgPass::VERBO:         - memlocal of :BCo:0
dfgPass::VERBO:         - memlocal of :Ake:1
dfgPass::VERBO:         - memlocal of :BCi:0
dfgPass::VERBO:         - memlocal of :BCo:0
dfgPass::VERBO:         - memlocal of :BCu:0
dfgPass::VERBO:         - memlocal of :Aki:1
dfgPass::VERBO:         - memlocal of :BCo:0
dfgPass::VERBO:         - memlocal of :BCu:0
dfgPass::VERBO:         - memlocal of :BCa:0
dfgPass::VERBO:         - memlocal of :Ako:1
dfgPass::VERBO:         - memlocal of :BCu:0
dfgPass::VERBO:         - memlocal of :BCa:0
dfgPass::VERBO:         - memlocal of :BCe:0
dfgPass::VERBO:         - memlocal of :Aku:1
dfgPass::VERBO:         - memlocal of :Du:0
dfgPass::VERBO:         - memlocal of :Ebu:0
dfgPass::VERBO:         - memlocal of :Ebu:1
dfgPass::VERBO:         - memlocal of :Ebu:0
dfgPass::VERBO:         - memlocal of :Ebu:0
dfgPass::VERBO:         - memlocal of :BCa:1
dfgPass::VERBO:         - memlocal of :Da:0
dfgPass::VERBO:         - memlocal of :Ega:0
dfgPass::VERBO:         - memlocal of :Ega:1
dfgPass::VERBO:         - memlocal of :Ega:0
dfgPass::VERBO:         - memlocal of :Ega:0
dfgPass::VERBO:         - memlocal of :BCe:1
dfgPass::VERBO:         - memlocal of :De:0
dfgPass::VERBO:         - memlocal of :Eke:0
dfgPass::VERBO:         - memlocal of :Eke:1
dfgPass::VERBO:         - memlocal of :Eke:0
dfgPass::VERBO:         - memlocal of :Eke:0
dfgPass::VERBO:         - memlocal of :BCi:1
dfgPass::VERBO:         - memlocal of :Di:0
dfgPass::VERBO:         - memlocal of :Emi:0
dfgPass::VERBO:         - memlocal of :Emi:1
dfgPass::VERBO:         - memlocal of :Emi:0
dfgPass::VERBO:         - memlocal of :Emi:0
dfgPass::VERBO:         - memlocal of :BCo:1
dfgPass::VERBO:         - memlocal of :Do:0
dfgPass::VERBO:         - memlocal of :Eso:0
dfgPass::VERBO:         - memlocal of :Eso:1
dfgPass::VERBO:         - memlocal of :Eso:0
dfgPass::VERBO:         - memlocal of :Eso:0
dfgPass::VERBO:         - memlocal of :BCu:1
dfgPass::VERBO:         - memlocal of :BCa:0
dfgPass::VERBO:         - memlocal of :BCe:0
dfgPass::VERBO:         - memlocal of :BCi:0
dfgPass::VERBO:         - memlocal of :Ama:1
dfgPass::VERBO:         - memlocal of :BCe:0
dfgPass::VERBO:         - memlocal of :BCi:0
dfgPass::VERBO:         - memlocal of :BCo:0
dfgPass::VERBO:         - memlocal of :Ame:1
dfgPass::VERBO:         - memlocal of :BCi:0
dfgPass::VERBO:         - memlocal of :BCo:0
dfgPass::VERBO:         - memlocal of :BCu:0
dfgPass::VERBO:         - memlocal of :Ami:1
dfgPass::VERBO:         - memlocal of :BCo:0
dfgPass::VERBO:         - memlocal of :BCu:0
dfgPass::VERBO:         - memlocal of :BCa:0
dfgPass::VERBO:         - memlocal of :Amo:1
dfgPass::VERBO:         - memlocal of :BCu:0
dfgPass::VERBO:         - memlocal of :BCa:0
dfgPass::VERBO:         - memlocal of :BCe:0
dfgPass::VERBO:         - memlocal of :Amu:1
dfgPass::VERBO:         - memlocal of :Di:0
dfgPass::VERBO:         - memlocal of :Ebi:0
dfgPass::VERBO:         - memlocal of :Ebi:1
dfgPass::VERBO:         - memlocal of :Ebi:0
dfgPass::VERBO:         - memlocal of :Ebi:0
dfgPass::VERBO:         - memlocal of :BCa:1
dfgPass::VERBO:         - memlocal of :Do:0
dfgPass::VERBO:         - memlocal of :Ego:0
dfgPass::VERBO:         - memlocal of :Ego:1
dfgPass::VERBO:         - memlocal of :Ego:0
dfgPass::VERBO:         - memlocal of :Ego:0
dfgPass::VERBO:         - memlocal of :BCe:1
dfgPass::VERBO:         - memlocal of :Du:0
dfgPass::VERBO:         - memlocal of :Eku:0
dfgPass::VERBO:         - memlocal of :Eku:1
dfgPass::VERBO:         - memlocal of :Eku:0
dfgPass::VERBO:         - memlocal of :Eku:0
dfgPass::VERBO:         - memlocal of :BCi:1
dfgPass::VERBO:         - memlocal of :Da:0
dfgPass::VERBO:         - memlocal of :Ema:0
dfgPass::VERBO:         - memlocal of :Ema:1
dfgPass::VERBO:         - memlocal of :Ema:0
dfgPass::VERBO:         - memlocal of :Ema:0
dfgPass::VERBO:         - memlocal of :BCo:1
dfgPass::VERBO:         - memlocal of :De:0
dfgPass::VERBO:         - memlocal of :Ese:0
dfgPass::VERBO:         - memlocal of :Ese:1
dfgPass::VERBO:         - memlocal of :Ese:0
dfgPass::VERBO:         - memlocal of :Ese:0
dfgPass::VERBO:         - memlocal of :BCu:1
dfgPass::VERBO:         - memlocal of :BCa:0
dfgPass::VERBO:         - memlocal of :BCe:0
dfgPass::VERBO:         - memlocal of :BCi:0
dfgPass::VERBO:         - memlocal of :Asa:1
dfgPass::VERBO:         - memlocal of :BCe:0
dfgPass::VERBO:         - memlocal of :BCi:0
dfgPass::VERBO:         - memlocal of :BCo:0
dfgPass::VERBO:         - memlocal of :Ase:1
dfgPass::VERBO:         - memlocal of :BCi:0
dfgPass::VERBO:         - memlocal of :BCo:0
dfgPass::VERBO:         - memlocal of :BCu:0
dfgPass::VERBO:         - memlocal of :Asi:1
dfgPass::VERBO:         - memlocal of :BCo:0
dfgPass::VERBO:         - memlocal of :BCu:0
dfgPass::VERBO:         - memlocal of :BCa:0
dfgPass::VERBO:         - memlocal of :Aso:1
dfgPass::VERBO:         - memlocal of :BCu:0
dfgPass::VERBO:         - memlocal of :BCa:0
dfgPass::VERBO:         - memlocal of :BCe:0
dfgPass::VERBO:         - memlocal of :Asu:1
dfgPass::VERBO:       - AFTER BREAK
dfgPass::VERBO:       - for.inc
dfgPass::VERBO:         - memlocal of :round:0
dfgPass::VERBO:         - memlocal of :round:1
dfgPass::VERBO:       - AFTER BREAK
dfgPass::VERBO:     +0 is not a loop
dfgPass::VERBO:       - BEFORE BREAK
dfgPass::VERBO:       - for.cond
dfgPass::VERBO:         - memlocal of :i:0
dfgPass::VERBO:         - LCV conditional branch 6:48
dfgPass::VERBO:       - AFTER BREAK
dfgPass::VERBO:       - for.body
dfgPass::VERBO:         - memlocal of :u:0
dfgPass::VERBO:         - memlocal of :i:0
dfgPass::VERBO:         - memlocal of :x:0
dfgPass::VERBO:         - memlocal of :i:0
dfgPass::VERBO:       - AFTER BREAK
dfgPass::VERBO:       - for.inc
dfgPass::VERBO:         - memlocal of :i:0
dfgPass::VERBO:         - memlocal of :i:1
dfgPass::VERBO:       - AFTER BREAK
dfgPass::VERBO:     +0 is not a loop
dfgPass::VERBO:       - BEFORE BREAK
dfgPass::VERBO:       - for.cond
dfgPass::VERBO:         - memlocal of :i:0
dfgPass::VERBO:         - LCV conditional branch 6:48
dfgPass::VERBO:       - AFTER BREAK
dfgPass::VERBO:       - for.body
dfgPass::VERBO:         - memlocal of :x:0
dfgPass::VERBO:         - memlocal of :i:0
dfgPass::VERBO:         - memlocal of :i:0
dfgPass::VERBO:         - memlocal of :r:0
dfgPass::VERBO:         - memlocal of :r:1
dfgPass::VERBO:       - AFTER BREAK
dfgPass::VERBO:       - for.inc
dfgPass::VERBO:         - memlocal of :i:0
dfgPass::VERBO:         - memlocal of :i:1
dfgPass::VERBO:       - AFTER BREAK
dfgPass::INFOR:     Parsing trace...
dfgPass::INFOR:     End of the trace parse
