  **** HLS Build v2024.2 5238294
INFO: [HLS 200-1465] Applying ini 'param.hls.enable_hidden_option_error=false' from /home/hyeon/workspace/array_blcokcyc/component_array_partition_block_cyclic/hls_config.cfg(4)
INFO: [HLS 200-2005] Using work_dir /home/hyeon/workspace/array_blcokcyc/component_array_partition_block_cyclic 
INFO: [HLS 200-1505] Using default flow_target 'vivado'
Resolution: For help on HLS 200-1505 see docs.xilinx.com/access/sources/dita/topic?Doc_Version=2024.2%20English&url=ug1448-hls-guidance&resourceid=200-1505.html
INFO: [HLS 200-1465] Applying ini 'param.hls.enable_hidden_option_error=false' from /home/hyeon/workspace/array_blcokcyc/component_array_partition_block_cyclic/hls_config.cfg(4)
INFO: [HLS 200-1465] Applying ini 'syn.file=../matmul_partition.cpp' from /home/hyeon/workspace/array_blcokcyc/component_array_partition_block_cyclic/hls_config.cfg(7)
INFO: [HLS 200-10] Adding design file '/home/hyeon/workspace/array_blcokcyc/matmul_partition.cpp' to the project
INFO: [HLS 200-1465] Applying ini 'tb.file=../matmul_partition_test.cpp' from /home/hyeon/workspace/array_blcokcyc/component_array_partition_block_cyclic/hls_config.cfg(9)
INFO: [HLS 200-10] Adding test bench file '/home/hyeon/workspace/array_blcokcyc/matmul_partition_test.cpp' to the project
INFO: [HLS 200-1465] Applying ini 'syn.top=matmul_partition' from /home/hyeon/workspace/array_blcokcyc/component_array_partition_block_cyclic/hls_config.cfg(8)
INFO: [HLS 200-1465] Applying ini 'flow_target=vivado' from /home/hyeon/workspace/array_blcokcyc/component_array_partition_block_cyclic/hls_config.cfg(6)
INFO: [HLS 200-1505] Using flow_target 'vivado'
Resolution: For help on HLS 200-1505 see docs.xilinx.com/access/sources/dita/topic?Doc_Version=2024.2%20English&url=ug1448-hls-guidance&resourceid=200-1505.html
INFO: [HLS 200-1465] Applying ini 'part=xc7z020-clg400-1' from /home/hyeon/workspace/array_blcokcyc/component_array_partition_block_cyclic/hls_config.cfg(1)
INFO: [HLS 200-1611] Setting target device to 'xc7z020-clg400-1'
INFO: [HLS 200-1465] Applying ini 'clock=10ns' from /home/hyeon/workspace/array_blcokcyc/component_array_partition_block_cyclic/hls_config.cfg(5)
INFO: [SYN 201-201] Setting up clock 'default' with a period of 10ns.
INFO: [HLS 200-1465] Applying ini 'csim.code_analyzer=1' from /home/hyeon/workspace/array_blcokcyc/component_array_partition_block_cyclic/hls_config.cfg(10)
INFO: [SIM 211-200] Executing Code Analyzer instead of classic HLS C simulation
INFO: [HLS 211-200] Compiling source code ../matmul_partition.cpp as hardware code with instrumentation
INFO: [HLS 211-200] Compiling source code /home/hyeon/workspace/array_blcokcyc/matmul_partition_test.cpp as test bench code with instrumentation
INFO: [HLS 211-200] Compiling source code ../matmul_partition.cpp as test bench code with instrumentation
INFO: [HLS 211-200] Linking hardware code
INFO: [HLS 211-200] Transforming hardware bitcode
INFO: [HLS 211-200] Linking executable
INFO: [HLS 211-200] Computing HLS IR Information
INFO: [HLS 211-200] Determining source code dependencies
INFO: [SIM 211-200] Running executable
A:
   0    1    8    5    5    2    0    7    7   10 …
   7    0    4    0    4    7    6   10    9    5 …
   2    0    8    3    6    8   10    4    2   10 …
   2    4    8    5    2    3    3    1    5    9 …
  10    5    2    0   10    0    5    4    3   10 …
   9    1    0    7    9    6    8    7   10    9 …
   4    9    2    4    5    5    3    1    1    6 …
   6    9    6    9    1    2    7    1    1    3 …
   1    3    9    7    1    7    4    4    5    1 …
  10    4    1    6    2    5    5   10    1    2 …
   …    …    …    …    …    …    …    …    …    … ⋱

B:
   7    7    2    9    7    9    1    0    8    6 …
   4    2    7    3    8    8    4    3    2    0 …
   6    1    9    1   10    2    2    1    2    6 …
   0    6    2    3    7    1    8    5    6    6 …
   8    6    8    3    1    5    3    6    5    4 …
   3    0    4    2    7    7    5    8    7   10 …
   4    6   10    1    7    3    5    5    9    0 …
   2    9    7    5    8    0    1    7    7    4 …
   1    0    5    0    1    9    8    8    4    0 …
   4    6    7    7    5    3    8    4    7    3 …
   …    …    …    …    …    …    …    …    …    … ⋱

Gold1:
 196  311  428  206  384  291  305  363  405  243 …
 286  472  448  296  490  425  382  430  500  367 …
 269  439  555  260  529  390  416  425  559  370 …
 231  293  419  231  365  385  361  356  384  235 …
 307  479  484  313  453  477  368  366  529  295 …
 317  474  488  357  472  458  439  457  564  341 …
 246  339  385  272  381  424  364  324  386  263 …
 234  367  312  217  430  307  334  248  314  284 …
 231  370  403  197  453  334  353  410  382  344 …
 246  432  363  321  462  324  291  330  436  322 …
   …    …    …    …    …    …    …    …    …    … ⋱

TEST PASSED

INFO: [SIM 211-200] Analyzing trace data
INFO: [SIM 211-208] Running Code Analyzer
WARNING: [SIM 211-206] Code Analyzer does not display the impact of the partition pragma for dataflow channels (/home/hyeon/workspace/array_blcokcyc/matmul_partition.cpp:34:1)
WARNING: [SIM 211-206] Code Analyzer does not display the impact of the partition pragma for dataflow channels (/home/hyeon/workspace/array_blcokcyc/matmul_partition.cpp:37:1)
WARNING: [HLS 211-200] /home/hyeon/workspace/array_blcokcyc/matmul_partition.cpp:68:1: Pragma 'tripcount' has been kept but may be incorrect: The maximum tripcount in the pragma (1) is less than the maximum dynamic tripcount computed for the loop (16)
INFO: [SIM 211-210] Code Analyzer finished
INFO: [HLS 200-112] Total CPU user time: 12.05 seconds. Total CPU system time: 3.07 seconds. Total elapsed time: 37.73 seconds; peak allocated memory: 322.938 MB.
INFO: [vitis-run 60-791] Total elapsed time: 0h 0m 41s
