INFO: [HLS 200-1465] Applying ini 'param.hls.enable_hidden_option_error=false' from /home/hyeon/workspace/array_blcokcyc/component_array_partition_block_cyclic/hls_config.cfg(4)
INFO: [HLS 200-2005] Using work_dir /home/hyeon/workspace/array_blcokcyc/component_array_partition_block_cyclic 
INFO: [HLS 200-1505] Using default flow_target 'vivado'
Resolution: For help on HLS 200-1505 see docs.xilinx.com/access/sources/dita/topic?Doc_Version=2024.2%20English&url=ug1448-hls-guidance&resourceid=200-1505.html
INFO: [HLS 200-1465] Applying ini 'param.hls.enable_hidden_option_error=false' from /home/hyeon/workspace/array_blcokcyc/component_array_partition_block_cyclic/hls_config.cfg(4)
INFO: [HLS 200-1465] Applying ini 'syn.file=../matmul_partition.cpp' from /home/hyeon/workspace/array_blcokcyc/component_array_partition_block_cyclic/hls_config.cfg(7)
INFO: [HLS 200-10] Adding design file '/home/hyeon/workspace/array_blcokcyc/matmul_partition.cpp' to the project
INFO: [HLS 200-1465] Applying ini 'tb.file=../matmul_partition_test.cpp' from /home/hyeon/workspace/array_blcokcyc/component_array_partition_block_cyclic/hls_config.cfg(9)
INFO: [HLS 200-10] Adding test bench file '/home/hyeon/workspace/array_blcokcyc/matmul_partition_test.cpp' to the project
INFO: [HLS 200-1465] Applying ini 'syn.top=matmul_partition' from /home/hyeon/workspace/array_blcokcyc/component_array_partition_block_cyclic/hls_config.cfg(8)
INFO: [HLS 200-1465] Applying ini 'flow_target=vivado' from /home/hyeon/workspace/array_blcokcyc/component_array_partition_block_cyclic/hls_config.cfg(6)
INFO: [HLS 200-1505] Using flow_target 'vivado'
Resolution: For help on HLS 200-1505 see docs.xilinx.com/access/sources/dita/topic?Doc_Version=2024.2%20English&url=ug1448-hls-guidance&resourceid=200-1505.html
INFO: [HLS 200-1465] Applying ini 'part=xc7z020-clg400-1' from /home/hyeon/workspace/array_blcokcyc/component_array_partition_block_cyclic/hls_config.cfg(1)
INFO: [HLS 200-1611] Setting target device to 'xc7z020-clg400-1'
INFO: [HLS 200-1465] Applying ini 'clock=10ns' from /home/hyeon/workspace/array_blcokcyc/component_array_partition_block_cyclic/hls_config.cfg(5)
INFO: [SYN 201-201] Setting up clock 'default' with a period of 10ns.
INFO: [HLS 200-1465] Applying ini 'csim.code_analyzer=1' from /home/hyeon/workspace/array_blcokcyc/component_array_partition_block_cyclic/hls_config.cfg(10)
INFO: [SIM 211-200] Executing Code Analyzer instead of classic HLS C simulation
INFO: [SIM 211-210] Code Analyzer finished
INFO: [HLS 200-112] Total CPU user time: 6.9 seconds. Total CPU system time: 0.95 seconds. Total elapsed time: 9.54 seconds; peak allocated memory: 323.000 MB.
INFO: [vitis-run 60-791] Total elapsed time: 0h 0m 14s
