INFO: [HLS 200-1465] Applying ini 'param.hls.enable_hidden_option_error=false' from /home/hyeon/workspace/array_blcokcyc/component_array_partition_block_cyclic/hls_config.cfg(4)
INFO: [HLS 200-2005] Using work_dir /home/hyeon/workspace/array_blcokcyc/component_array_partition_block_cyclic 
INFO: [HLS 200-1505] Using default flow_target 'vivado'
Resolution: For help on HLS 200-1505 see docs.xilinx.com/access/sources/dita/topic?Doc_Version=2024.2%20English&url=ug1448-hls-guidance&resourceid=200-1505.html
INFO: [HLS 200-1465] Applying ini 'param.hls.enable_hidden_option_error=false' from /home/hyeon/workspace/array_blcokcyc/component_array_partition_block_cyclic/hls_config.cfg(4)
INFO: [HLS 200-1465] Applying ini 'syn.file=../matmul_partition.cpp' from /home/hyeon/workspace/array_blcokcyc/component_array_partition_block_cyclic/hls_config.cfg(7)
INFO: [HLS 200-10] Adding design file '/home/hyeon/workspace/array_blcokcyc/matmul_partition.cpp' to the project
INFO: [HLS 200-1465] Applying ini 'tb.file=../matmul_partition_test.cpp' from /home/hyeon/workspace/array_blcokcyc/component_array_partition_block_cyclic/hls_config.cfg(9)
INFO: [HLS 200-10] Adding test bench file '/home/hyeon/workspace/array_blcokcyc/matmul_partition_test.cpp' to the project
INFO: [HLS 200-1465] Applying ini 'syn.top=matmul_partition' from /home/hyeon/workspace/array_blcokcyc/component_array_partition_block_cyclic/hls_config.cfg(8)
INFO: [HLS 200-1465] Applying ini 'flow_target=vivado' from /home/hyeon/workspace/array_blcokcyc/component_array_partition_block_cyclic/hls_config.cfg(6)
INFO: [HLS 200-1505] Using flow_target 'vivado'
Resolution: For help on HLS 200-1505 see docs.xilinx.com/access/sources/dita/topic?Doc_Version=2024.2%20English&url=ug1448-hls-guidance&resourceid=200-1505.html
INFO: [HLS 200-1465] Applying ini 'part=xc7z020-clg400-1' from /home/hyeon/workspace/array_blcokcyc/component_array_partition_block_cyclic/hls_config.cfg(1)
INFO: [HLS 200-1611] Setting target device to 'xc7z020-clg400-1'
INFO: [HLS 200-1465] Applying ini 'clock=10ns' from /home/hyeon/workspace/array_blcokcyc/component_array_partition_block_cyclic/hls_config.cfg(5)
INFO: [SYN 201-201] Setting up clock 'default' with a period of 10ns.
INFO: [HLS 200-1465] Applying ini 'csim.code_analyzer=1' from /home/hyeon/workspace/array_blcokcyc/component_array_partition_block_cyclic/hls_config.cfg(10)
INFO: [HLS 200-111] Finished File checks and directory preparation: CPU user time: 4.75 seconds. CPU system time: 0.81 seconds. Elapsed time: 5.64 seconds; current allocated memory: 323.016 MB.
INFO: [HLS 200-10] Analyzing design file '../matmul_partition.cpp' ... 
INFO: [HLS 200-111] Finished Source Code Analysis and Preprocessing: CPU user time: 0.42 seconds. CPU system time: 0.61 seconds. Elapsed time: 3.43 seconds; current allocated memory: 324.801 MB.
INFO: [HLS 200-777] Using interface defaults for 'Vivado' flow target.
INFO: [HLS 200-1995] There were 156 instructions in the design after the 'Compile/Link' phase of compilation. See the Design Size Report for more details: /home/hyeon/workspace/array_blcokcyc/component_array_partition_block_cyclic/hls/syn/report/csynth_design_size.rpt
INFO: [HLS 200-1995] There were 155 instructions in the design after the 'Unroll/Inline (step 1)' phase of compilation. See the Design Size Report for more details: /home/hyeon/workspace/array_blcokcyc/component_array_partition_block_cyclic/hls/syn/report/csynth_design_size.rpt
INFO: [HLS 200-1995] There were 114 instructions in the design after the 'Unroll/Inline (step 2)' phase of compilation. See the Design Size Report for more details: /home/hyeon/workspace/array_blcokcyc/component_array_partition_block_cyclic/hls/syn/report/csynth_design_size.rpt
INFO: [HLS 200-1995] There were 118 instructions in the design after the 'Unroll/Inline (step 3)' phase of compilation. See the Design Size Report for more details: /home/hyeon/workspace/array_blcokcyc/component_array_partition_block_cyclic/hls/syn/report/csynth_design_size.rpt
INFO: [HLS 200-1995] There were 118 instructions in the design after the 'Unroll/Inline (step 4)' phase of compilation. See the Design Size Report for more details: /home/hyeon/workspace/array_blcokcyc/component_array_partition_block_cyclic/hls/syn/report/csynth_design_size.rpt
INFO: [HLS 200-1995] There were 451 instructions in the design after the 'Array/Struct (step 1)' phase of compilation. See the Design Size Report for more details: /home/hyeon/workspace/array_blcokcyc/component_array_partition_block_cyclic/hls/syn/report/csynth_design_size.rpt
INFO: [HLS 200-1995] There were 441 instructions in the design after the 'Array/Struct (step 2)' phase of compilation. See the Design Size Report for more details: /home/hyeon/workspace/array_blcokcyc/component_array_partition_block_cyclic/hls/syn/report/csynth_design_size.rpt
INFO: [HLS 200-1995] There were 441 instructions in the design after the 'Array/Struct (step 3)' phase of compilation. See the Design Size Report for more details: /home/hyeon/workspace/array_blcokcyc/component_array_partition_block_cyclic/hls/syn/report/csynth_design_size.rpt
INFO: [HLS 200-1995] There were 441 instructions in the design after the 'Array/Struct (step 4)' phase of compilation. See the Design Size Report for more details: /home/hyeon/workspace/array_blcokcyc/component_array_partition_block_cyclic/hls/syn/report/csynth_design_size.rpt
INFO: [HLS 200-1995] There were 449 instructions in the design after the 'Array/Struct (step 5)' phase of compilation. See the Design Size Report for more details: /home/hyeon/workspace/array_blcokcyc/component_array_partition_block_cyclic/hls/syn/report/csynth_design_size.rpt
INFO: [HLS 200-1995] There were 446 instructions in the design after the 'Performance (step 1)' phase of compilation. See the Design Size Report for more details: /home/hyeon/workspace/array_blcokcyc/component_array_partition_block_cyclic/hls/syn/report/csynth_design_size.rpt
INFO: [HLS 200-1995] There were 481 instructions in the design after the 'Performance (step 2)' phase of compilation. See the Design Size Report for more details: /home/hyeon/workspace/array_blcokcyc/component_array_partition_block_cyclic/hls/syn/report/csynth_design_size.rpt
INFO: [HLS 200-1995] There were 479 instructions in the design after the 'Performance (step 3)' phase of compilation. See the Design Size Report for more details: /home/hyeon/workspace/array_blcokcyc/component_array_partition_block_cyclic/hls/syn/report/csynth_design_size.rpt
INFO: [HLS 200-1995] There were 479 instructions in the design after the 'Performance (step 4)' phase of compilation. See the Design Size Report for more details: /home/hyeon/workspace/array_blcokcyc/component_array_partition_block_cyclic/hls/syn/report/csynth_design_size.rpt
INFO: [HLS 200-1995] There were 488 instructions in the design after the 'HW Transforms (step 1)' phase of compilation. See the Design Size Report for more details: /home/hyeon/workspace/array_blcokcyc/component_array_partition_block_cyclic/hls/syn/report/csynth_design_size.rpt
INFO: [HLS 200-1995] There were 506 instructions in the design after the 'HW Transforms (step 2)' phase of compilation. See the Design Size Report for more details: /home/hyeon/workspace/array_blcokcyc/component_array_partition_block_cyclic/hls/syn/report/csynth_design_size.rpt
INFO: [HLS 214-248] Applying array_partition to 'A': Cyclic partitioning with factor 16 on dimension 1. (../matmul_partition.cpp:29:6)
INFO: [HLS 214-248] Applying array_partition to 'B': Block partitioning with factor 16 on dimension 1. (../matmul_partition.cpp:30:9)
INFO: [HLS 214-376] automatically set the pipeline for Loop< readA> at ../matmul_partition.cpp:46:5 
INFO: [HLS 214-376] automatically set the pipeline for Loop< readB> at ../matmul_partition.cpp:57:5 
INFO: [HLS 214-376] automatically set the pipeline for Loop< lreorder2> at ../matmul_partition.cpp:75:13 
INFO: [HLS 214-376] automatically set the pipeline for Loop< writeC> at ../matmul_partition.cpp:91:5 
INFO: [HLS 214-291] Loop 'lreorder3' is marked as complete unroll implied by the pipeline pragma (../matmul_partition.cpp:79:17)
INFO: [HLS 214-186] Unrolling loop 'lreorder3' (../matmul_partition.cpp:79:17) in function 'matmul_partition' completely with a factor of 16 (../matmul_partition.cpp:24:0)
INFO: [HLS 214-115] Multiple burst reads of variable length and bit width 32 in loop 'readA'(../matmul_partition.cpp:46:5) has been inferred on bundle 'gmem'. These burst requests might be further partitioned into multiple requests during RTL generation, based on max_read_burst_length or max_write_burst_length settings. (../matmul_partition.cpp:46:5)
INFO: [HLS 214-115] Multiple burst reads of variable length and bit width 32 in loop 'readB'(../matmul_partition.cpp:57:5) has been inferred on bundle 'gmem'. These burst requests might be further partitioned into multiple requests during RTL generation, based on max_read_burst_length or max_write_burst_length settings. (../matmul_partition.cpp:57:5)
INFO: [HLS 214-115] Multiple burst writes of variable length and bit width 32 in loop 'writeC'(../matmul_partition.cpp:91:5) has been inferred on bundle 'gmem'. These burst requests might be further partitioned into multiple requests during RTL generation, based on max_read_burst_length or max_write_burst_length settings. (../matmul_partition.cpp:91:5)
INFO: [HLS 200-111] Finished Compiling Optimization and Transform: CPU user time: 3.46 seconds. CPU system time: 0.84 seconds. Elapsed time: 10.11 seconds; current allocated memory: 327.047 MB.
INFO: [HLS 200-111] Finished Checking Pragmas: CPU user time: 0 seconds. CPU system time: 0 seconds. Elapsed time: 0 seconds; current allocated memory: 327.047 MB.
INFO: [HLS 200-10] Starting code transformations ...
INFO: [HLS 200-111] Finished Standard Transforms: CPU user time: 0.1 seconds. CPU system time: 0.02 seconds. Elapsed time: 0.47 seconds; current allocated memory: 327.617 MB.
INFO: [HLS 200-10] Checking synthesizability ...
INFO: [HLS 200-111] Finished Checking Synthesizability: CPU user time: 0.03 seconds. CPU system time: 0 seconds. Elapsed time: 0.07 seconds; current allocated memory: 327.695 MB.
INFO: [XFORM 203-11] Balancing expressions in function 'matmul_partition' (../matmul_partition.cpp:24:13)...15 expression(s) balanced.
INFO: [HLS 200-111] Finished Loop, function and other optimizations: CPU user time: 0.11 seconds. CPU system time: 0.01 seconds. Elapsed time: 0.14 seconds; current allocated memory: 351.008 MB.
INFO: [HLS 200-2061] Successfully converted nested loops 'lreorder1'(../matmul_partition.cpp:70:9) and 'lreorder2'(../matmul_partition.cpp:75:13) in function 'matmul_partition' into perfectly nested loops.
INFO: [XFORM 203-541] Flattening a loop nest 'lreorder1' (../matmul_partition.cpp:70:9) in function 'matmul_partition'.
INFO: [XFORM 203-541] Flattening a loop nest 'loop2' (../matmul_partition.cpp:67:5) in function 'matmul_partition'.
INFO: [HLS 200-111] Finished Architecture Synthesis: CPU user time: 0.2 seconds. CPU system time: 0.03 seconds. Elapsed time: 0.25 seconds; current allocated memory: 380.059 MB.
INFO: [HLS 200-10] Starting hardware synthesis ...
INFO: [HLS 200-10] Synthesizing 'matmul_partition' ...
INFO: [HLS 200-10] ----------------------------------------------------------------
INFO: [HLS 200-42] -- Implementing module 'matmul_partition_Pipeline_readA' 
INFO: [HLS 200-10] ----------------------------------------------------------------
INFO: [SCHED 204-11] Starting scheduling ...
INFO: [SCHED 204-61] Pipelining loop 'readA'.
INFO: [HLS 200-1470] Pipelining result : Target II = NA, Final II = 1, Depth = 3, loop 'readA'
INFO: [SCHED 204-11] Finished scheduling.
INFO: [HLS 200-111] Finished Scheduling: CPU user time: 0.18 seconds. CPU system time: 0.07 seconds. Elapsed time: 0.4 seconds; current allocated memory: 381.508 MB.
INFO: [BIND 205-100] Starting micro-architecture generation ...
INFO: [BIND 205-101] Performing variable lifetime analysis.
INFO: [BIND 205-101] Exploring resource sharing.
INFO: [BIND 205-101] Binding ...
INFO: [BIND 205-100] Finished micro-architecture generation.
INFO: [HLS 200-111] Finished Binding: CPU user time: 0.07 seconds. CPU system time: 0.03 seconds. Elapsed time: 0.14 seconds; current allocated memory: 381.508 MB.
INFO: [HLS 200-10] ----------------------------------------------------------------
INFO: [HLS 200-42] -- Implementing module 'matmul_partition_Pipeline_readB' 
INFO: [HLS 200-10] ----------------------------------------------------------------
INFO: [SCHED 204-11] Starting scheduling ...
INFO: [SCHED 204-61] Pipelining loop 'readB'.
INFO: [HLS 200-1470] Pipelining result : Target II = NA, Final II = 1, Depth = 4, loop 'readB'
INFO: [SCHED 204-11] Finished scheduling.
INFO: [HLS 200-111] Finished Scheduling: CPU user time: 0.09 seconds. CPU system time: 0.01 seconds. Elapsed time: 0.11 seconds; current allocated memory: 381.508 MB.
INFO: [BIND 205-100] Starting micro-architecture generation ...
INFO: [BIND 205-101] Performing variable lifetime analysis.
INFO: [BIND 205-101] Exploring resource sharing.
INFO: [BIND 205-101] Binding ...
INFO: [BIND 205-100] Finished micro-architecture generation.
INFO: [HLS 200-111] Finished Binding: CPU user time: 0.02 seconds. CPU system time: 0 seconds. Elapsed time: 0.02 seconds; current allocated memory: 381.508 MB.
INFO: [HLS 200-10] ----------------------------------------------------------------
INFO: [HLS 200-42] -- Implementing module 'matmul_partition_Pipeline_loop2_lreorder1_lreorder2' 
INFO: [HLS 200-10] ----------------------------------------------------------------
INFO: [SCHED 204-11] Starting scheduling ...
INFO: [SCHED 204-61] Pipelining loop 'loop2_lreorder1_lreorder2'.
INFO: [HLS 200-1470] Pipelining result : Target II = NA, Final II = 1, Depth = 11, loop 'loop2_lreorder1_lreorder2'
INFO: [SCHED 204-11] Finished scheduling.
INFO: [HLS 200-111] Finished Scheduling: CPU user time: 0.14 seconds. CPU system time: 0 seconds. Elapsed time: 0.17 seconds; current allocated memory: 383.500 MB.
INFO: [BIND 205-100] Starting micro-architecture generation ...
INFO: [BIND 205-101] Performing variable lifetime analysis.
INFO: [BIND 205-101] Exploring resource sharing.
INFO: [BIND 205-101] Binding ...
INFO: [BIND 205-100] Finished micro-architecture generation.
INFO: [HLS 200-111] Finished Binding: CPU user time: 0.02 seconds. CPU system time: 0.02 seconds. Elapsed time: 0.05 seconds; current allocated memory: 383.500 MB.
INFO: [HLS 200-10] ----------------------------------------------------------------
INFO: [HLS 200-42] -- Implementing module 'matmul_partition_Pipeline_writeC' 
INFO: [HLS 200-10] ----------------------------------------------------------------
INFO: [SCHED 204-11] Starting scheduling ...
INFO: [SCHED 204-61] Pipelining loop 'writeC'.
INFO: [HLS 200-1470] Pipelining result : Target II = NA, Final II = 1, Depth = 5, loop 'writeC'
INFO: [SCHED 204-11] Finished scheduling.
INFO: [HLS 200-111] Finished Scheduling: CPU user time: 0.05 seconds. CPU system time: 0.03 seconds. Elapsed time: 0.07 seconds; current allocated memory: 383.500 MB.
INFO: [BIND 205-100] Starting micro-architecture generation ...
INFO: [BIND 205-101] Performing variable lifetime analysis.
INFO: [BIND 205-101] Exploring resource sharing.
INFO: [BIND 205-101] Binding ...
INFO: [BIND 205-100] Finished micro-architecture generation.
INFO: [HLS 200-111] Finished Binding: CPU user time: 0.01 seconds. CPU system time: 0 seconds. Elapsed time: 0.03 seconds; current allocated memory: 383.500 MB.
INFO: [HLS 200-10] ----------------------------------------------------------------
INFO: [HLS 200-42] -- Implementing module 'matmul_partition' 
INFO: [HLS 200-10] ----------------------------------------------------------------
INFO: [SCHED 204-11] Starting scheduling ...
INFO: [SCHED 204-11] Finished scheduling.
INFO: [HLS 200-111] Finished Scheduling: CPU user time: 0.04 seconds. CPU system time: 0.01 seconds. Elapsed time: 0.06 seconds; current allocated memory: 383.711 MB.
INFO: [BIND 205-100] Starting micro-architecture generation ...
INFO: [BIND 205-101] Performing variable lifetime analysis.
INFO: [BIND 205-101] Exploring resource sharing.
INFO: [BIND 205-101] Binding ...
INFO: [BIND 205-100] Finished micro-architecture generation.
INFO: [HLS 200-111] Finished Binding: CPU user time: 0.03 seconds. CPU system time: 0.01 seconds. Elapsed time: 0.05 seconds; current allocated memory: 383.711 MB.
INFO: [HLS 200-10] ----------------------------------------------------------------
INFO: [HLS 200-10] -- Generating RTL for module 'matmul_partition_Pipeline_readA' 
INFO: [HLS 200-10] ----------------------------------------------------------------
INFO: [HLS 200-1030] Apply Unified Pipeline Control on module 'matmul_partition_Pipeline_readA' pipeline 'readA' pipeline type 'loop pipeline'
WARNING: [RTGEN 206-101] Setting dangling out port 'matmul_partition_Pipeline_readA/m_axi_gmem_0_ARVALID' to 0.
WARNING: [RTGEN 206-101] Setting dangling out port 'matmul_partition_Pipeline_readA/m_axi_gmem_0_ARADDR' to 0.
WARNING: [RTGEN 206-101] Setting dangling out port 'matmul_partition_Pipeline_readA/m_axi_gmem_0_ARID' to 0.
WARNING: [RTGEN 206-101] Setting dangling out port 'matmul_partition_Pipeline_readA/m_axi_gmem_0_ARLEN' to 0.
WARNING: [RTGEN 206-101] Setting dangling out port 'matmul_partition_Pipeline_readA/m_axi_gmem_0_ARSIZE' to 0.
WARNING: [RTGEN 206-101] Setting dangling out port 'matmul_partition_Pipeline_readA/m_axi_gmem_0_ARBURST' to 0.
WARNING: [RTGEN 206-101] Setting dangling out port 'matmul_partition_Pipeline_readA/m_axi_gmem_0_ARLOCK' to 0.
WARNING: [RTGEN 206-101] Setting dangling out port 'matmul_partition_Pipeline_readA/m_axi_gmem_0_ARCACHE' to 0.
WARNING: [RTGEN 206-101] Setting dangling out port 'matmul_partition_Pipeline_readA/m_axi_gmem_0_ARPROT' to 0.
WARNING: [RTGEN 206-101] Setting dangling out port 'matmul_partition_Pipeline_readA/m_axi_gmem_0_ARQOS' to 0.
WARNING: [RTGEN 206-101] Setting dangling out port 'matmul_partition_Pipeline_readA/m_axi_gmem_0_ARREGION' to 0.
WARNING: [RTGEN 206-101] Setting dangling out port 'matmul_partition_Pipeline_readA/m_axi_gmem_0_ARUSER' to 0.
INFO: [RTGEN 206-100] Finished creating RTL model for 'matmul_partition_Pipeline_readA'.
INFO: [HLS 200-111] Finished Creating RTL model: CPU user time: 0.08 seconds. CPU system time: 0.02 seconds. Elapsed time: 0.12 seconds; current allocated memory: 384.184 MB.
INFO: [HLS 200-10] ----------------------------------------------------------------
INFO: [HLS 200-10] -- Generating RTL for module 'matmul_partition_Pipeline_readB' 
INFO: [HLS 200-10] ----------------------------------------------------------------
INFO: [HLS 200-1030] Apply Unified Pipeline Control on module 'matmul_partition_Pipeline_readB' pipeline 'readB' pipeline type 'loop pipeline'
WARNING: [RTGEN 206-101] Setting dangling out port 'matmul_partition_Pipeline_readB/m_axi_gmem_0_ARVALID' to 0.
WARNING: [RTGEN 206-101] Setting dangling out port 'matmul_partition_Pipeline_readB/m_axi_gmem_0_ARADDR' to 0.
WARNING: [RTGEN 206-101] Setting dangling out port 'matmul_partition_Pipeline_readB/m_axi_gmem_0_ARID' to 0.
WARNING: [RTGEN 206-101] Setting dangling out port 'matmul_partition_Pipeline_readB/m_axi_gmem_0_ARLEN' to 0.
WARNING: [RTGEN 206-101] Setting dangling out port 'matmul_partition_Pipeline_readB/m_axi_gmem_0_ARSIZE' to 0.
WARNING: [RTGEN 206-101] Setting dangling out port 'matmul_partition_Pipeline_readB/m_axi_gmem_0_ARBURST' to 0.
WARNING: [RTGEN 206-101] Setting dangling out port 'matmul_partition_Pipeline_readB/m_axi_gmem_0_ARLOCK' to 0.
WARNING: [RTGEN 206-101] Setting dangling out port 'matmul_partition_Pipeline_readB/m_axi_gmem_0_ARCACHE' to 0.
WARNING: [RTGEN 206-101] Setting dangling out port 'matmul_partition_Pipeline_readB/m_axi_gmem_0_ARPROT' to 0.
WARNING: [RTGEN 206-101] Setting dangling out port 'matmul_partition_Pipeline_readB/m_axi_gmem_0_ARQOS' to 0.
WARNING: [RTGEN 206-101] Setting dangling out port 'matmul_partition_Pipeline_readB/m_axi_gmem_0_ARREGION' to 0.
WARNING: [RTGEN 206-101] Setting dangling out port 'matmul_partition_Pipeline_readB/m_axi_gmem_0_ARUSER' to 0.
INFO: [RTGEN 206-100] Finished creating RTL model for 'matmul_partition_Pipeline_readB'.
INFO: [HLS 200-111] Finished Creating RTL model: CPU user time: 0.14 seconds. CPU system time: 0.05 seconds. Elapsed time: 0.2 seconds; current allocated memory: 386.930 MB.
INFO: [HLS 200-10] ----------------------------------------------------------------
INFO: [HLS 200-10] -- Generating RTL for module 'matmul_partition_Pipeline_loop2_lreorder1_lreorder2' 
INFO: [HLS 200-10] ----------------------------------------------------------------
INFO: [HLS 200-1030] Apply Unified Pipeline Control on module 'matmul_partition_Pipeline_loop2_lreorder1_lreorder2' pipeline 'loop2_lreorder1_lreorder2' pipeline type 'loop pipeline'
INFO: [RTGEN 206-100] Generating core module 'mul_32s_32s_32_2_1': 16 instance(s).
INFO: [RTGEN 206-100] Generating core module 'sparsemux_11_3_32_1_1': 1 instance(s).
INFO: [RTGEN 206-100] Generating core module 'sparsemux_13_3_32_1_1': 1 instance(s).
INFO: [RTGEN 206-100] Generating core module 'sparsemux_15_3_32_1_1': 1 instance(s).
INFO: [RTGEN 206-100] Generating core module 'sparsemux_17_3_32_1_1': 1 instance(s).
INFO: [RTGEN 206-100] Generating core module 'sparsemux_19_4_32_1_1': 1 instance(s).
INFO: [RTGEN 206-100] Generating core module 'sparsemux_21_4_32_1_1': 1 instance(s).
INFO: [RTGEN 206-100] Generating core module 'sparsemux_23_4_32_1_1': 1 instance(s).
INFO: [RTGEN 206-100] Generating core module 'sparsemux_25_4_32_1_1': 1 instance(s).
INFO: [RTGEN 206-100] Generating core module 'sparsemux_27_4_32_1_1': 1 instance(s).
INFO: [RTGEN 206-100] Generating core module 'sparsemux_29_4_32_1_1': 1 instance(s).
INFO: [RTGEN 206-100] Generating core module 'sparsemux_31_4_32_1_1': 1 instance(s).
INFO: [RTGEN 206-100] Generating core module 'sparsemux_33_4_32_1_1': 1 instance(s).
INFO: [RTGEN 206-100] Generating core module 'sparsemux_7_2_32_1_1': 1 instance(s).
INFO: [RTGEN 206-100] Generating core module 'sparsemux_9_2_32_1_1': 1 instance(s).
INFO: [RTGEN 206-100] Finished creating RTL model for 'matmul_partition_Pipeline_loop2_lreorder1_lreorder2'.
INFO: [HLS 200-111] Finished Creating RTL model: CPU user time: 0.16 seconds. CPU system time: 0.05 seconds. Elapsed time: 0.26 seconds; current allocated memory: 391.727 MB.
INFO: [HLS 200-10] ----------------------------------------------------------------
INFO: [HLS 200-10] -- Generating RTL for module 'matmul_partition_Pipeline_writeC' 
INFO: [HLS 200-10] ----------------------------------------------------------------
INFO: [HLS 200-1030] Apply Unified Pipeline Control on module 'matmul_partition_Pipeline_writeC' pipeline 'writeC' pipeline type 'loop pipeline'
WARNING: [RTGEN 206-101] Setting dangling out port 'matmul_partition_Pipeline_writeC/m_axi_gmem_0_AWVALID' to 0.
WARNING: [RTGEN 206-101] Setting dangling out port 'matmul_partition_Pipeline_writeC/m_axi_gmem_0_AWADDR' to 0.
WARNING: [RTGEN 206-101] Setting dangling out port 'matmul_partition_Pipeline_writeC/m_axi_gmem_0_AWID' to 0.
WARNING: [RTGEN 206-101] Setting dangling out port 'matmul_partition_Pipeline_writeC/m_axi_gmem_0_AWLEN' to 0.
WARNING: [RTGEN 206-101] Setting dangling out port 'matmul_partition_Pipeline_writeC/m_axi_gmem_0_AWSIZE' to 0.
WARNING: [RTGEN 206-101] Setting dangling out port 'matmul_partition_Pipeline_writeC/m_axi_gmem_0_AWBURST' to 0.
WARNING: [RTGEN 206-101] Setting dangling out port 'matmul_partition_Pipeline_writeC/m_axi_gmem_0_AWLOCK' to 0.
WARNING: [RTGEN 206-101] Setting dangling out port 'matmul_partition_Pipeline_writeC/m_axi_gmem_0_AWCACHE' to 0.
WARNING: [RTGEN 206-101] Setting dangling out port 'matmul_partition_Pipeline_writeC/m_axi_gmem_0_AWPROT' to 0.
WARNING: [RTGEN 206-101] Setting dangling out port 'matmul_partition_Pipeline_writeC/m_axi_gmem_0_AWQOS' to 0.
WARNING: [RTGEN 206-101] Setting dangling out port 'matmul_partition_Pipeline_writeC/m_axi_gmem_0_AWREGION' to 0.
WARNING: [RTGEN 206-101] Setting dangling out port 'matmul_partition_Pipeline_writeC/m_axi_gmem_0_AWUSER' to 0.
WARNING: [RTGEN 206-101] Setting dangling out port 'matmul_partition_Pipeline_writeC/m_axi_gmem_0_BREADY' to 0.
INFO: [RTGEN 206-100] Finished creating RTL model for 'matmul_partition_Pipeline_writeC'.
INFO: [HLS 200-111] Finished Creating RTL model: CPU user time: 0.22 seconds. CPU system time: 0.06 seconds. Elapsed time: 0.33 seconds; current allocated memory: 395.957 MB.
INFO: [HLS 200-10] ----------------------------------------------------------------
INFO: [HLS 200-10] -- Generating RTL for module 'matmul_partition' 
INFO: [HLS 200-10] ----------------------------------------------------------------
WARNING: [RTGEN 206-101] Design contains AXI ports. Reset is fixed to synchronous and active low.
INFO: [RTGEN 206-500] Setting interface mode on port 'matmul_partition/gmem' to 'm_axi'.
INFO: [RTGEN 206-500] Setting interface mode on port 'matmul_partition/in1' to 's_axilite & ap_none'.
INFO: [RTGEN 206-500] Setting interface mode on port 'matmul_partition/in2' to 's_axilite & ap_none'.
INFO: [RTGEN 206-500] Setting interface mode on port 'matmul_partition/out_r' to 's_axilite & ap_none'.
INFO: [RTGEN 206-500] Setting interface mode on port 'matmul_partition/dim' to 'ap_none'.
INFO: [RTGEN 206-500] Setting interface mode on port 'matmul_partition/rep_count' to 'ap_none'.
INFO: [RTGEN 206-500] Setting interface mode on function 'matmul_partition' to 'ap_ctrl_hs'.
INFO: [RTGEN 206-100] Bundling port 'in1', 'in2' and 'out_r' to AXI-Lite port control.
INFO: [RTGEN 206-100] Generating core module 'mul_31ns_32ns_63_2_1': 1 instance(s).
INFO: [RTGEN 206-100] Generating core module 'mul_31ns_63ns_94_5_1': 1 instance(s).
INFO: [RTGEN 206-100] Generating core module 'mul_32s_32s_32_2_1': 1 instance(s).
INFO: [RTGEN 206-100] Finished creating RTL model for 'matmul_partition'.
INFO: [RTMG 210-278] Implementing memory 'matmul_partition_A_RAM_AUTO_1R1W' using auto RAMs.
INFO: [RTMG 210-278] Implementing memory 'matmul_partition_C_RAM_AUTO_1R1W' using auto RAMs.
INFO: [HLS 200-111] Finished Creating RTL model: CPU user time: 0.16 seconds. CPU system time: 0.04 seconds. Elapsed time: 0.31 seconds; current allocated memory: 400.539 MB.
INFO: [HLS 200-111] Finished Generating all RTL models: CPU user time: 0.37 seconds. CPU system time: 0.09 seconds. Elapsed time: 0.58 seconds; current allocated memory: 405.117 MB.
INFO: [HLS 200-1603] Design has inferred MAXI bursts and missed bursts, see Vitis HLS GUI synthesis summary report for detailed information.
INFO: [HLS 200-111] Finished Updating report files: CPU user time: 0.6 seconds. CPU system time: 0.07 seconds. Elapsed time: 0.7 seconds; current allocated memory: 412.527 MB.
INFO: [VHDL 208-304] Generating VHDL RTL for matmul_partition.
INFO: [VLOG 209-307] Generating Verilog RTL for matmul_partition.
INFO: [HLS 200-790] **** Loop Constraint Status: All loop constraints were satisfied.
INFO: [HLS 200-789] **** Estimated Fmax: 136.99 MHz
INFO: [IMPL 213-8] Exporting RTL as a Vivado IP.
WARNING: /tools/xilinx/Vivado/2024.2/tps/lnx64/jre11.0.16_1 does not exist.

****** Vivado v2024.2 (64-bit)
  **** SW Build 5239630 on Fri Nov 08 22:34:34 MST 2024
  **** IP Build 5239520 on Sun Nov 10 16:12:51 MST 2024
  **** SharedData Build 5239561 on Fri Nov 08 14:39:27 MST 2024
  **** Start of session at: Mon Jul 21 16:19:33 2025
    ** Copyright 1986-2022 Xilinx, Inc. All Rights Reserved.
    ** Copyright 2022-2024 Advanced Micro Devices, Inc. All Rights Reserved.

source run_ippack.tcl -notrace
INFO: calling package_hls_ip ip_types=vitis sysgen json_file=/home/hyeon/workspace/array_blcokcyc/component_array_partition_block_cyclic/hls/hls_data.json outdir=/home/hyeon/workspace/array_blcokcyc/component_array_partition_block_cyclic/hls/impl/ip srcdir=/home/hyeon/workspace/array_blcokcyc/component_array_partition_block_cyclic/hls sort_interfaces_ports=false
INFO: Copied 1 ipmisc file(s) to /home/hyeon/workspace/array_blcokcyc/component_array_partition_block_cyclic/hls/impl/ip/misc
INFO: Copied 27 verilog file(s) to /home/hyeon/workspace/array_blcokcyc/component_array_partition_block_cyclic/hls/impl/ip/hdl/verilog
INFO: Copied 27 vhdl file(s) to /home/hyeon/workspace/array_blcokcyc/component_array_partition_block_cyclic/hls/impl/ip/hdl/vhdl
INFO: Copied 10 swdriver file(s) to /home/hyeon/workspace/array_blcokcyc/component_array_partition_block_cyclic/hls/impl/ip/drivers
INFO: Import ports from HDL: /home/hyeon/workspace/array_blcokcyc/component_array_partition_block_cyclic/hls/impl/ip/hdl/vhdl/matmul_partition.vhd (matmul_partition)
INFO: Add axi4lite interface s_axi_control
INFO: Add clock interface ap_clk
INFO: Add reset interface ap_rst_n
INFO: Add ap_ctrl interface ap_ctrl
INFO: Add axi4full interface m_axi_gmem
INFO: [IP_Flow 19-234] Refreshing IP repositories
INFO: [IP_Flow 19-1704] No user IP repositories specified
INFO: [IP_Flow 19-2313] Loaded Vivado IP repository '/tools/xilinx/Vivado/2024.2/data/ip'.
INFO: Add data interface dim
INFO: Add data interface rep_count
INFO: Calling post_process_vitis to specialize IP
INFO: Calling post_process_sysgen to specialize IP
Generating sysgen info xml from json file
INFO: Created IP /home/hyeon/workspace/array_blcokcyc/component_array_partition_block_cyclic/hls/impl/ip/component.xml
INFO: Created IP archive /home/hyeon/workspace/array_blcokcyc/component_array_partition_block_cyclic/hls/impl/ip/xilinx_com_hls_matmul_partition_1_0.zip
INFO: [Common 17-206] Exiting Vivado at Mon Jul 21 16:20:17 2025...
INFO: [HLS 200-802] Generated output file matmul_partition.zip
INFO: [HLS 200-112] Total CPU user time: 22.93 seconds. Total CPU system time: 10.4 seconds. Total elapsed time: 81.62 seconds; peak allocated memory: 416.250 MB.
INFO: [v++ 60-791] Total elapsed time: 0h 1m 21s
