common::set_param: Time (s): cpu = 00:00:00.01 ; elapsed = 00:00:12 . Memory (MB): peak = 520.523 ; gain = 0.000 ; free physical = 108 ; free virtual = 148
get_param: Time (s): cpu = 00:00:00 ; elapsed = 00:00:21 . Memory (MB): peak = 520.523 ; gain = 0.000 ; free physical = 108 ; free virtual = 148
set_param: Time (s): cpu = 00:00:00 ; elapsed = 00:00:09 . Memory (MB): peak = 520.523 ; gain = 0.000 ; free physical = 105 ; free virtual = 145
set_param: Time (s): cpu = 00:00:00 ; elapsed = 00:00:07 . Memory (MB): peak = 520.523 ; gain = 0.000 ; free physical = 104 ; free virtual = 143
get_param: Time (s): cpu = 00:00:00.01 ; elapsed = 00:00:06 . Memory (MB): peak = 520.523 ; gain = 0.000 ; free physical = 104 ; free virtual = 144
set_param: Time (s): cpu = 00:00:00.01 ; elapsed = 00:00:11 . Memory (MB): peak = 520.523 ; gain = 0.000 ; free physical = 100 ; free virtual = 144
set_param: Time (s): cpu = 00:00:00 ; elapsed = 00:00:23 . Memory (MB): peak = 520.523 ; gain = 0.000 ; free physical = 98 ; free virtual = 143
set_param: Time (s): cpu = 00:00:00 ; elapsed = 00:00:24 . Memory (MB): peak = 520.523 ; gain = 0.000 ; free physical = 106 ; free virtual = 138
set_param: Time (s): cpu = 00:00:00.01 ; elapsed = 00:00:32 . Memory (MB): peak = 520.523 ; gain = 0.000 ; free physical = 108 ; free virtual = 137
set_param: Time (s): cpu = 00:00:00.01 ; elapsed = 00:00:33 . Memory (MB): peak = 520.523 ; gain = 0.000 ; free physical = 106 ; free virtual = 139
get_param: Time (s): cpu = 00:00:00.01 ; elapsed = 00:00:27 . Memory (MB): peak = 520.523 ; gain = 0.000 ; free physical = 97 ; free virtual = 137
set_param: Time (s): cpu = 00:00:00.02 ; elapsed = 00:00:25 . Memory (MB): peak = 520.523 ; gain = 0.000 ; free physical = 106 ; free virtual = 138
set_param: Time (s): cpu = 00:00:00 ; elapsed = 00:00:31 . Memory (MB): peak = 520.523 ; gain = 0.000 ; free physical = 97 ; free virtual = 137
get_param: Time (s): cpu = 00:00:00.01 ; elapsed = 00:00:28 . Memory (MB): peak = 520.523 ; gain = 0.000 ; free physical = 104 ; free virtual = 132
set_param: Time (s): cpu = 00:00:00.01 ; elapsed = 00:00:56 . Memory (MB): peak = 520.523 ; gain = 0.000 ; free physical = 104 ; free virtual = 132
set_param: Time (s): cpu = 00:00:00.01 ; elapsed = 00:00:48 . Memory (MB): peak = 520.523 ; gain = 0.000 ; free physical = 104 ; free virtual = 131
get_param: Time (s): cpu = 00:00:00 ; elapsed = 00:00:30 . Memory (MB): peak = 520.523 ; gain = 0.000 ; free physical = 88 ; free virtual = 126
set_param: Time (s): cpu = 00:00:00 ; elapsed = 00:00:45 . Memory (MB): peak = 520.523 ; gain = 0.000 ; free physical = 97 ; free virtual = 126
set_param: Time (s): cpu = 00:00:00.01 ; elapsed = 00:00:40 . Memory (MB): peak = 520.523 ; gain = 0.000 ; free physical = 90 ; free virtual = 126
INFO: [HLS 200-1465] Applying ini 'param.hls.enable_hidden_option_error=false' from /home/hyeon/workspace/array_blcokcyc/component_array_partition_block_cyclic/hls_config.cfg(4)
INFO: [HLS 200-2005] Using work_dir /home/hyeon/workspace/array_blcokcyc/component_array_partition_block_cyclic 
INFO: [HLS 200-1611] Setting target device to 'xc7z020-clg400-1'
INFO: [HLS 200-1505] Using default flow_target 'vivado'
Resolution: For help on HLS 200-1505 see docs.xilinx.com/access/sources/dita/topic?Doc_Version=2024.2%20English&url=ug1448-hls-guidance&resourceid=200-1505.html
INFO: [HLS 200-1465] Applying ini 'param.hls.enable_hidden_option_error=false' from /home/hyeon/workspace/array_blcokcyc/component_array_partition_block_cyclic/hls_config.cfg(4)
INFO: [HLS 200-1465] Applying ini 'syn.file=../matmul_partition.cpp' from /home/hyeon/workspace/array_blcokcyc/component_array_partition_block_cyclic/hls_config.cfg(7)
INFO: [HLS 200-10] Adding design file '/home/hyeon/workspace/array_blcokcyc/matmul_partition.cpp' to the project
INFO: [HLS 200-1465] Applying ini 'tb.file=../matmul_partition_test.cpp' from /home/hyeon/workspace/array_blcokcyc/component_array_partition_block_cyclic/hls_config.cfg(9)
INFO: [HLS 200-10] Adding test bench file '/home/hyeon/workspace/array_blcokcyc/matmul_partition_test.cpp' to the project
INFO: [HLS 200-1465] Applying ini 'syn.top=matmul_partition' from /home/hyeon/workspace/array_blcokcyc/component_array_partition_block_cyclic/hls_config.cfg(8)
INFO: [HLS 200-1465] Applying ini 'flow_target=vivado' from /home/hyeon/workspace/array_blcokcyc/component_array_partition_block_cyclic/hls_config.cfg(6)
INFO: [HLS 200-1505] Using flow_target 'vivado'
Resolution: For help on HLS 200-1505 see docs.xilinx.com/access/sources/dita/topic?Doc_Version=2024.2%20English&url=ug1448-hls-guidance&resourceid=200-1505.html
INFO: [HLS 200-1465] Applying ini 'part=xc7z020-clg400-1' from /home/hyeon/workspace/array_blcokcyc/component_array_partition_block_cyclic/hls_config.cfg(1)
INFO: [HLS 200-1465] Applying ini 'clock=10ns' from /home/hyeon/workspace/array_blcokcyc/component_array_partition_block_cyclic/hls_config.cfg(5)
INFO: [SYN 201-201] Setting up clock 'default' with a period of 10ns.
INFO: [HLS 200-1465] Applying ini 'cosim.trace_level=all' from /home/hyeon/workspace/array_blcokcyc/component_array_partition_block_cyclic/hls_config.cfg(12)
INFO: [HLS 200-1465] Applying ini 'cosim.wave_debug=1' from /home/hyeon/workspace/array_blcokcyc/component_array_partition_block_cyclic/hls_config.cfg(11)
INFO: [HLS 200-1465] Applying ini 'csim.code_analyzer=1' from /home/hyeon/workspace/array_blcokcyc/component_array_partition_block_cyclic/hls_config.cfg(10)
INFO: [IMPL 213-8] Exporting RTL as a Vivado IP.
WARNING: /tools/xilinx/Vivado/2024.2/tps/lnx64/jre11.0.16_1 does not exist.
