Mon Jul 21 12:02:32 2025: Running xcd server. This server was built by gradle.
Mon Jul 21 12:02:32 2025: Server was asked to start on port: '37023'
Mon Jul 21 12:02:32 2025: Server is using token UUID: '48f41dae-29cb-43b7-8cf4-f4620109f975'
Mon Jul 21 12:02:32 2025: SESSION_MGR: creating session with session uuid: '6d04a3e9-ade5-4ab9-8d63-1f78fcd2ec76' and name 'default'
Mon Jul 21 12:02:32 2025: Attempting to start server on port '37023'
Mon Jul 21 12:02:32 2025: XCD main fifo: created main fifo '/tmp/xcdmain48f41dae-29cb-43b7-8cf4-f4620109f975', fd read = 13
Mon Jul 21 12:02:32 2025: Running Dispatch Server
Mon Jul 21 12:02:32 2025: Version 2.2.0
Mon Jul 21 12:02:33 2025: Dispatch Server: Accepted socket connection from client
Mon Jul 21 12:02:33 2025: Starting Socket connection
Mon Jul 21 12:02:33 2025: EXCHANGE_TOKEN received, server token: 48f41dae-29cb-43b7-8cf4-f4620109f975, passed token: 48f41dae-29cb-43b7-8cf4-f4620109f975
Mon Jul 21 12:02:34 2025: DISPATCH_HANDLER: Adding handler from function makeHandler in library libxv_system_diagram
Mon Jul 21 12:02:34 2025: SESSION_MGR: creating session with session uuid: 'b4f2ac1e-0c5d-45c3-8ba3-054eda62e115' and name 'vitis-run_compile_component_array_partition_block_cyclic'
Mon Jul 21 12:02:34 2025: KERNEL_SVC: creating session with uuid: 'b4f2ac1e-0c5d-45c3-8ba3-054eda62e115' and name 'vitis-run_compile_component_array_partition_block_cyclic'
Mon Jul 21 12:02:34 2025: GUIDANCE_SMGR: creating guidance session with uuid: 'b4f2ac1e-0c5d-45c3-8ba3-054eda62e115' and name 'vitis-run_compile_component_array_partition_block_cyclic'
Mon Jul 21 12:02:34 2025: SYSTEM_DIAGRAM: creating session with uuid: 'b4f2ac1e-0c5d-45c3-8ba3-054eda62e115' and name 'vitis-run_compile_component_array_partition_block_cyclic'
Mon Jul 21 12:02:49 2025: Dispatch Server: Accepted socket connection from client
Mon Jul 21 12:02:49 2025: Starting Socket connection
Mon Jul 21 12:03:12 2025: SESSION_MGR: closing session for UUID 'b4f2ac1e-0c5d-45c3-8ba3-054eda62e115' with name 'vitis-run_compile_component_array_partition_block_cyclic'
Mon Jul 21 12:03:12 2025: KERNEL_SVC: closing session for UUID 'b4f2ac1e-0c5d-45c3-8ba3-054eda62e115' with name 'vitis-run_compile_component_array_partition_block_cyclic'
Mon Jul 21 12:03:12 2025: GUIDANCE_SMGR: closing session for UUID 'b4f2ac1e-0c5d-45c3-8ba3-054eda62e115' with name 'vitis-run_compile_component_array_partition_block_cyclic'
Mon Jul 21 12:03:12 2025: SYSTEM_DIAGRAM: closing session for UUID 'b4f2ac1e-0c5d-45c3-8ba3-054eda62e115' with name 'vitis-run_compile_component_array_partition_block_cyclic'
Mon Jul 21 12:03:12 2025: STOP_SERVER received, server token: 48f41dae-29cb-43b7-8cf4-f4620109f975, passed token: 48f41dae-29cb-43b7-8cf4-f4620109f975
Mon Jul 21 12:03:12 2025: Socket received request to stop server.
Mon Jul 21 12:03:12 2025: Dispatch Server: do_await_stop
Mon Jul 21 12:03:12 2025: Dispatch Server: stopping mainFifo_
Mon Jul 21 12:03:12 2025: XCD main fifo: Stopping
Mon Jul 21 12:03:12 2025: XCD main fifo: do_read error code: Operation canceled
Mon Jul 21 12:03:12 2025: XCD main fifo: bytes_transferred: 0
Mon Jul 21 12:03:12 2025: SERVER: destructor for server bound to port 37023
Mon Jul 21 12:03:12 2025: XCD main fifo: Good unlink of /tmp/xcdmain48f41dae-29cb-43b7-8cf4-f4620109f975
Mon Jul 21 12:03:12 2025: Server exiting with status 0.
Mon Jul 21 12:03:12 2025: Closing log file.
Mon Jul 21 16:02:39 2025: Running xcd server. This server was built by gradle.
Mon Jul 21 16:02:39 2025: Server was asked to start on port: '36013'
Mon Jul 21 16:02:39 2025: Server is using token UUID: 'fadadfe5-9abe-4526-960f-5f7d6ccdf823'
Mon Jul 21 16:02:39 2025: SESSION_MGR: creating session with session uuid: '6d04a3e9-ade5-4ab9-8d63-1f78fcd2ec76' and name 'default'
Mon Jul 21 16:02:39 2025: Attempting to start server on port '36013'
Mon Jul 21 16:02:39 2025: XCD main fifo: created main fifo '/tmp/xcdmainfadadfe5-9abe-4526-960f-5f7d6ccdf823', fd read = 13
Mon Jul 21 16:02:39 2025: Running Dispatch Server
Mon Jul 21 16:02:39 2025: Version 2.2.0
Mon Jul 21 16:02:40 2025: Dispatch Server: Accepted socket connection from client
Mon Jul 21 16:02:40 2025: Starting Socket connection
Mon Jul 21 16:02:40 2025: EXCHANGE_TOKEN received, server token: fadadfe5-9abe-4526-960f-5f7d6ccdf823, passed token: fadadfe5-9abe-4526-960f-5f7d6ccdf823
Mon Jul 21 16:02:41 2025: DISPATCH_HANDLER: Adding handler from function makeHandler in library libxv_system_diagram
Mon Jul 21 16:02:41 2025: SESSION_MGR: creating session with session uuid: '03e686a7-34ce-41a7-8dc6-7345b8ebbb04' and name 'vitis-run_compile_component_array_partition_block_cyclic'
Mon Jul 21 16:02:41 2025: KERNEL_SVC: creating session with uuid: '03e686a7-34ce-41a7-8dc6-7345b8ebbb04' and name 'vitis-run_compile_component_array_partition_block_cyclic'
Mon Jul 21 16:02:41 2025: GUIDANCE_SMGR: creating guidance session with uuid: '03e686a7-34ce-41a7-8dc6-7345b8ebbb04' and name 'vitis-run_compile_component_array_partition_block_cyclic'
Mon Jul 21 16:02:41 2025: SYSTEM_DIAGRAM: creating session with uuid: '03e686a7-34ce-41a7-8dc6-7345b8ebbb04' and name 'vitis-run_compile_component_array_partition_block_cyclic'
Mon Jul 21 16:02:48 2025: Dispatch Server: Accepted socket connection from client
Mon Jul 21 16:02:48 2025: Starting Socket connection
Mon Jul 21 16:02:54 2025: SESSION_MGR: closing session for UUID '03e686a7-34ce-41a7-8dc6-7345b8ebbb04' with name 'vitis-run_compile_component_array_partition_block_cyclic'
Mon Jul 21 16:02:54 2025: KERNEL_SVC: closing session for UUID '03e686a7-34ce-41a7-8dc6-7345b8ebbb04' with name 'vitis-run_compile_component_array_partition_block_cyclic'
Mon Jul 21 16:02:54 2025: GUIDANCE_SMGR: closing session for UUID '03e686a7-34ce-41a7-8dc6-7345b8ebbb04' with name 'vitis-run_compile_component_array_partition_block_cyclic'
Mon Jul 21 16:02:54 2025: SYSTEM_DIAGRAM: closing session for UUID '03e686a7-34ce-41a7-8dc6-7345b8ebbb04' with name 'vitis-run_compile_component_array_partition_block_cyclic'
Mon Jul 21 16:02:54 2025: STOP_SERVER received, server token: fadadfe5-9abe-4526-960f-5f7d6ccdf823, passed token: fadadfe5-9abe-4526-960f-5f7d6ccdf823
Mon Jul 21 16:02:54 2025: Socket received request to stop server.
Mon Jul 21 16:02:54 2025: Dispatch Server: do_await_stop
Mon Jul 21 16:02:54 2025: Dispatch Server: stopping mainFifo_
Mon Jul 21 16:02:54 2025: XCD main fifo: Stopping
Mon Jul 21 16:02:54 2025: XCD main fifo: do_read error code: Operation canceled
Mon Jul 21 16:02:54 2025: XCD main fifo: bytes_transferred: 0
Mon Jul 21 16:02:54 2025: SERVER: destructor for server bound to port 36013
Mon Jul 21 16:02:54 2025: XCD main fifo: Good unlink of /tmp/xcdmainfadadfe5-9abe-4526-960f-5f7d6ccdf823
Mon Jul 21 16:02:54 2025: Server exiting with status 0.
Mon Jul 21 16:02:54 2025: Closing log file.
Mon Jul 21 16:07:54 2025: Running xcd server. This server was built by gradle.
Mon Jul 21 16:07:54 2025: Server was asked to start on port: '41731'
Mon Jul 21 16:07:54 2025: Server is using token UUID: '2b49a690-5d27-4284-958b-bf45051f11bb'
Mon Jul 21 16:07:54 2025: SESSION_MGR: creating session with session uuid: '6d04a3e9-ade5-4ab9-8d63-1f78fcd2ec76' and name 'default'
Mon Jul 21 16:07:54 2025: Attempting to start server on port '41731'
Mon Jul 21 16:07:54 2025: XCD main fifo: created main fifo '/tmp/xcdmain2b49a690-5d27-4284-958b-bf45051f11bb', fd read = 13
Mon Jul 21 16:07:54 2025: Running Dispatch Server
Mon Jul 21 16:07:54 2025: Version 2.2.0
Mon Jul 21 16:07:56 2025: Dispatch Server: Accepted socket connection from client
Mon Jul 21 16:07:56 2025: Starting Socket connection
Mon Jul 21 16:07:56 2025: EXCHANGE_TOKEN received, server token: 2b49a690-5d27-4284-958b-bf45051f11bb, passed token: 2b49a690-5d27-4284-958b-bf45051f11bb
Mon Jul 21 16:07:56 2025: DISPATCH_HANDLER: Adding handler from function makeHandler in library libxv_system_diagram
Mon Jul 21 16:07:56 2025: SESSION_MGR: creating session with session uuid: '742bbbe6-481d-44fd-a51f-111e55792ad6' and name 'vitis-run_compile_component_array_partition_block_cyclic'
Mon Jul 21 16:07:56 2025: KERNEL_SVC: creating session with uuid: '742bbbe6-481d-44fd-a51f-111e55792ad6' and name 'vitis-run_compile_component_array_partition_block_cyclic'
Mon Jul 21 16:07:56 2025: GUIDANCE_SMGR: creating guidance session with uuid: '742bbbe6-481d-44fd-a51f-111e55792ad6' and name 'vitis-run_compile_component_array_partition_block_cyclic'
Mon Jul 21 16:07:56 2025: SYSTEM_DIAGRAM: creating session with uuid: '742bbbe6-481d-44fd-a51f-111e55792ad6' and name 'vitis-run_compile_component_array_partition_block_cyclic'
Mon Jul 21 16:08:02 2025: Dispatch Server: Accepted socket connection from client
Mon Jul 21 16:08:02 2025: Starting Socket connection
Mon Jul 21 16:08:08 2025: SESSION_MGR: closing session for UUID '742bbbe6-481d-44fd-a51f-111e55792ad6' with name 'vitis-run_compile_component_array_partition_block_cyclic'
Mon Jul 21 16:08:08 2025: KERNEL_SVC: closing session for UUID '742bbbe6-481d-44fd-a51f-111e55792ad6' with name 'vitis-run_compile_component_array_partition_block_cyclic'
Mon Jul 21 16:08:08 2025: GUIDANCE_SMGR: closing session for UUID '742bbbe6-481d-44fd-a51f-111e55792ad6' with name 'vitis-run_compile_component_array_partition_block_cyclic'
Mon Jul 21 16:08:08 2025: SYSTEM_DIAGRAM: closing session for UUID '742bbbe6-481d-44fd-a51f-111e55792ad6' with name 'vitis-run_compile_component_array_partition_block_cyclic'
Mon Jul 21 16:08:08 2025: STOP_SERVER received, server token: 2b49a690-5d27-4284-958b-bf45051f11bb, passed token: 2b49a690-5d27-4284-958b-bf45051f11bb
Mon Jul 21 16:08:08 2025: Socket received request to stop server.
Mon Jul 21 16:08:08 2025: Dispatch Server: do_await_stop
Mon Jul 21 16:08:08 2025: Dispatch Server: stopping mainFifo_
Mon Jul 21 16:08:08 2025: XCD main fifo: Stopping
Mon Jul 21 16:08:08 2025: XCD main fifo: do_read error code: Operation canceled
Mon Jul 21 16:08:08 2025: XCD main fifo: bytes_transferred: 0
Mon Jul 21 16:08:08 2025: SERVER: destructor for server bound to port 41731
Mon Jul 21 16:08:08 2025: XCD main fifo: Good unlink of /tmp/xcdmain2b49a690-5d27-4284-958b-bf45051f11bb
Mon Jul 21 16:08:08 2025: Server exiting with status 0.
Mon Jul 21 16:08:08 2025: Closing log file.
Mon Jul 21 16:19:03 2025: Running xcd server. This server was built by gradle.
Mon Jul 21 16:19:03 2025: Server was asked to start on port: '33535'
Mon Jul 21 16:19:03 2025: Server is using token UUID: '209da3b5-bef4-43a4-9566-890c196f759a'
Mon Jul 21 16:19:03 2025: SESSION_MGR: creating session with session uuid: '6d04a3e9-ade5-4ab9-8d63-1f78fcd2ec76' and name 'default'
Mon Jul 21 16:19:03 2025: Attempting to start server on port '33535'
Mon Jul 21 16:19:03 2025: XCD main fifo: created main fifo '/tmp/xcdmain209da3b5-bef4-43a4-9566-890c196f759a', fd read = 13
Mon Jul 21 16:19:03 2025: Running Dispatch Server
Mon Jul 21 16:19:03 2025: Version 2.2.0
Mon Jul 21 16:19:05 2025: Dispatch Server: Accepted socket connection from client
Mon Jul 21 16:19:05 2025: Starting Socket connection
Mon Jul 21 16:19:05 2025: EXCHANGE_TOKEN received, server token: 209da3b5-bef4-43a4-9566-890c196f759a, passed token: 209da3b5-bef4-43a4-9566-890c196f759a
Mon Jul 21 16:19:05 2025: DISPATCH_HANDLER: Adding handler from function makeHandler in library libxv_system_diagram
Mon Jul 21 16:19:05 2025: SESSION_MGR: creating session with session uuid: '131d1d3a-8cf6-491a-a6a3-8ed4f9410a43' and name 'v++_compile_component_array_partition_block_cyclic'
Mon Jul 21 16:19:05 2025: KERNEL_SVC: creating session with uuid: '131d1d3a-8cf6-491a-a6a3-8ed4f9410a43' and name 'v++_compile_component_array_partition_block_cyclic'
Mon Jul 21 16:19:05 2025: GUIDANCE_SMGR: creating guidance session with uuid: '131d1d3a-8cf6-491a-a6a3-8ed4f9410a43' and name 'v++_compile_component_array_partition_block_cyclic'
Mon Jul 21 16:19:05 2025: SYSTEM_DIAGRAM: creating session with uuid: '131d1d3a-8cf6-491a-a6a3-8ed4f9410a43' and name 'v++_compile_component_array_partition_block_cyclic'
Mon Jul 21 16:19:12 2025: Dispatch Server: Accepted socket connection from client
Mon Jul 21 16:19:12 2025: Starting Socket connection
Mon Jul 21 16:20:24 2025: SESSION_MGR: closing session for UUID '131d1d3a-8cf6-491a-a6a3-8ed4f9410a43' with name 'v++_compile_component_array_partition_block_cyclic'
Mon Jul 21 16:20:24 2025: KERNEL_SVC: closing session for UUID '131d1d3a-8cf6-491a-a6a3-8ed4f9410a43' with name 'v++_compile_component_array_partition_block_cyclic'
Mon Jul 21 16:20:24 2025: GUIDANCE_SMGR: closing session for UUID '131d1d3a-8cf6-491a-a6a3-8ed4f9410a43' with name 'v++_compile_component_array_partition_block_cyclic'
Mon Jul 21 16:20:25 2025: SYSTEM_DIAGRAM: closing session for UUID '131d1d3a-8cf6-491a-a6a3-8ed4f9410a43' with name 'v++_compile_component_array_partition_block_cyclic'
Mon Jul 21 16:20:25 2025: STOP_SERVER received, server token: 209da3b5-bef4-43a4-9566-890c196f759a, passed token: 209da3b5-bef4-43a4-9566-890c196f759a
Mon Jul 21 16:20:25 2025: Socket received request to stop server.
Mon Jul 21 16:20:25 2025: Dispatch Server: do_await_stop
Mon Jul 21 16:20:25 2025: Dispatch Server: stopping mainFifo_
Mon Jul 21 16:20:25 2025: XCD main fifo: Stopping
Mon Jul 21 16:20:25 2025: XCD main fifo: do_read error code: Operation canceled
Mon Jul 21 16:20:25 2025: XCD main fifo: bytes_transferred: 0
Mon Jul 21 16:20:25 2025: SERVER: destructor for server bound to port 33535
Mon Jul 21 16:20:25 2025: XCD main fifo: Good unlink of /tmp/xcdmain209da3b5-bef4-43a4-9566-890c196f759a
Mon Jul 21 16:20:25 2025: Server exiting with status 0.
Mon Jul 21 16:20:25 2025: Closing log file.
Mon Jul 21 16:21:30 2025: Running xcd server. This server was built by gradle.
Mon Jul 21 16:21:30 2025: Server was asked to start on port: '41425'
Mon Jul 21 16:21:30 2025: Server is using token UUID: '9514647e-0fac-4014-91f2-e37e0ccdb415'
Mon Jul 21 16:21:30 2025: SESSION_MGR: creating session with session uuid: '6d04a3e9-ade5-4ab9-8d63-1f78fcd2ec76' and name 'default'
Mon Jul 21 16:21:30 2025: Attempting to start server on port '41425'
Mon Jul 21 16:21:30 2025: XCD main fifo: created main fifo '/tmp/xcdmain9514647e-0fac-4014-91f2-e37e0ccdb415', fd read = 13
Mon Jul 21 16:21:30 2025: Running Dispatch Server
Mon Jul 21 16:21:30 2025: Version 2.2.0
Mon Jul 21 16:21:31 2025: Dispatch Server: Accepted socket connection from client
Mon Jul 21 16:21:31 2025: Starting Socket connection
Mon Jul 21 16:21:31 2025: EXCHANGE_TOKEN received, server token: 9514647e-0fac-4014-91f2-e37e0ccdb415, passed token: 9514647e-0fac-4014-91f2-e37e0ccdb415
Mon Jul 21 16:21:31 2025: DISPATCH_HANDLER: Adding handler from function makeHandler in library libxv_system_diagram
Mon Jul 21 16:21:31 2025: SESSION_MGR: creating session with session uuid: 'c76a88d9-0ab3-4d1c-8f9f-2536a2157948' and name 'vitis-run_compile_component_array_partition_block_cyclic'
Mon Jul 21 16:21:31 2025: KERNEL_SVC: creating session with uuid: 'c76a88d9-0ab3-4d1c-8f9f-2536a2157948' and name 'vitis-run_compile_component_array_partition_block_cyclic'
Mon Jul 21 16:21:31 2025: GUIDANCE_SMGR: creating guidance session with uuid: 'c76a88d9-0ab3-4d1c-8f9f-2536a2157948' and name 'vitis-run_compile_component_array_partition_block_cyclic'
Mon Jul 21 16:21:31 2025: SYSTEM_DIAGRAM: creating session with uuid: 'c76a88d9-0ab3-4d1c-8f9f-2536a2157948' and name 'vitis-run_compile_component_array_partition_block_cyclic'
Mon Jul 21 16:21:43 2025: Dispatch Server: Accepted socket connection from client
Mon Jul 21 16:21:43 2025: Starting Socket connection
Mon Jul 21 16:22:38 2025: SESSION_MGR: closing session for UUID 'c76a88d9-0ab3-4d1c-8f9f-2536a2157948' with name 'vitis-run_compile_component_array_partition_block_cyclic'
Mon Jul 21 16:22:38 2025: KERNEL_SVC: closing session for UUID 'c76a88d9-0ab3-4d1c-8f9f-2536a2157948' with name 'vitis-run_compile_component_array_partition_block_cyclic'
Mon Jul 21 16:22:38 2025: GUIDANCE_SMGR: closing session for UUID 'c76a88d9-0ab3-4d1c-8f9f-2536a2157948' with name 'vitis-run_compile_component_array_partition_block_cyclic'
Mon Jul 21 16:22:38 2025: SYSTEM_DIAGRAM: closing session for UUID 'c76a88d9-0ab3-4d1c-8f9f-2536a2157948' with name 'vitis-run_compile_component_array_partition_block_cyclic'
Mon Jul 21 16:22:38 2025: STOP_SERVER received, server token: 9514647e-0fac-4014-91f2-e37e0ccdb415, passed token: 9514647e-0fac-4014-91f2-e37e0ccdb415
Mon Jul 21 16:22:38 2025: Socket received request to stop server.
Mon Jul 21 16:22:38 2025: Dispatch Server: do_await_stop
Mon Jul 21 16:22:38 2025: Dispatch Server: stopping mainFifo_
Mon Jul 21 16:22:38 2025: XCD main fifo: Stopping
Mon Jul 21 16:22:38 2025: XCD main fifo: do_read error code: Operation canceled
Mon Jul 21 16:22:38 2025: XCD main fifo: bytes_transferred: 0
Mon Jul 21 16:22:38 2025: SERVER: destructor for server bound to port 41425
Mon Jul 21 16:22:38 2025: XCD main fifo: Good unlink of /tmp/xcdmain9514647e-0fac-4014-91f2-e37e0ccdb415
Mon Jul 21 16:22:38 2025: Server exiting with status 0.
Mon Jul 21 16:22:38 2025: Closing log file.
Mon Jul 21 16:24:43 2025: Running xcd server. This server was built by gradle.
Mon Jul 21 16:24:43 2025: Server was asked to start on port: '42561'
Mon Jul 21 16:24:43 2025: Server is using token UUID: '2fbeed6d-2761-4f9d-aa5e-96f58cab9b7c'
Mon Jul 21 16:24:43 2025: SESSION_MGR: creating session with session uuid: '6d04a3e9-ade5-4ab9-8d63-1f78fcd2ec76' and name 'default'
Mon Jul 21 16:24:43 2025: Attempting to start server on port '42561'
Mon Jul 21 16:24:43 2025: XCD main fifo: created main fifo '/tmp/xcdmain2fbeed6d-2761-4f9d-aa5e-96f58cab9b7c', fd read = 13
Mon Jul 21 16:24:43 2025: Running Dispatch Server
Mon Jul 21 16:24:43 2025: Version 2.2.0
Mon Jul 21 16:24:44 2025: Dispatch Server: Accepted socket connection from client
Mon Jul 21 16:24:44 2025: Starting Socket connection
Mon Jul 21 16:24:44 2025: EXCHANGE_TOKEN received, server token: 2fbeed6d-2761-4f9d-aa5e-96f58cab9b7c, passed token: 2fbeed6d-2761-4f9d-aa5e-96f58cab9b7c
Mon Jul 21 16:24:45 2025: DISPATCH_HANDLER: Adding handler from function makeHandler in library libxv_system_diagram
Mon Jul 21 16:24:45 2025: SESSION_MGR: creating session with session uuid: '992eecd8-cb36-42dd-8c0d-bdcc6e50263b' and name 'vitis-run_compile_component_array_partition_block_cyclic'
Mon Jul 21 16:24:45 2025: KERNEL_SVC: creating session with uuid: '992eecd8-cb36-42dd-8c0d-bdcc6e50263b' and name 'vitis-run_compile_component_array_partition_block_cyclic'
Mon Jul 21 16:24:45 2025: GUIDANCE_SMGR: creating guidance session with uuid: '992eecd8-cb36-42dd-8c0d-bdcc6e50263b' and name 'vitis-run_compile_component_array_partition_block_cyclic'
Mon Jul 21 16:24:45 2025: SYSTEM_DIAGRAM: creating session with uuid: '992eecd8-cb36-42dd-8c0d-bdcc6e50263b' and name 'vitis-run_compile_component_array_partition_block_cyclic'
Mon Jul 21 16:24:49 2025: Dispatch Server: Accepted socket connection from client
Mon Jul 21 16:24:49 2025: Starting Socket connection
Mon Jul 21 16:24:58 2025: SESSION_MGR: closing session for UUID '992eecd8-cb36-42dd-8c0d-bdcc6e50263b' with name 'vitis-run_compile_component_array_partition_block_cyclic'
Mon Jul 21 16:24:58 2025: KERNEL_SVC: closing session for UUID '992eecd8-cb36-42dd-8c0d-bdcc6e50263b' with name 'vitis-run_compile_component_array_partition_block_cyclic'
Mon Jul 21 16:24:58 2025: GUIDANCE_SMGR: closing session for UUID '992eecd8-cb36-42dd-8c0d-bdcc6e50263b' with name 'vitis-run_compile_component_array_partition_block_cyclic'
Mon Jul 21 16:24:58 2025: SYSTEM_DIAGRAM: closing session for UUID '992eecd8-cb36-42dd-8c0d-bdcc6e50263b' with name 'vitis-run_compile_component_array_partition_block_cyclic'
Mon Jul 21 16:24:58 2025: STOP_SERVER received, server token: 2fbeed6d-2761-4f9d-aa5e-96f58cab9b7c, passed token: 2fbeed6d-2761-4f9d-aa5e-96f58cab9b7c
Mon Jul 21 16:24:58 2025: Socket received request to stop server.
Mon Jul 21 16:24:58 2025: Dispatch Server: do_await_stop
Mon Jul 21 16:24:58 2025: Dispatch Server: stopping mainFifo_
Mon Jul 21 16:24:58 2025: XCD main fifo: Stopping
Mon Jul 21 16:24:58 2025: XCD main fifo: do_read error code: Operation canceled
Mon Jul 21 16:24:58 2025: XCD main fifo: bytes_transferred: 0
Mon Jul 21 16:24:58 2025: SERVER: destructor for server bound to port 42561
Mon Jul 21 16:24:58 2025: XCD main fifo: Good unlink of /tmp/xcdmain2fbeed6d-2761-4f9d-aa5e-96f58cab9b7c
Mon Jul 21 16:24:58 2025: Server exiting with status 0.
Mon Jul 21 16:24:58 2025: Closing log file.
Mon Jul 21 16:25:11 2025: Running xcd server. This server was built by gradle.
Mon Jul 21 16:25:11 2025: Server was asked to start on port: '43803'
Mon Jul 21 16:25:11 2025: Server is using token UUID: '5992a6d9-304a-4b94-9f0c-cc82e0152d00'
Mon Jul 21 16:25:11 2025: SESSION_MGR: creating session with session uuid: '6d04a3e9-ade5-4ab9-8d63-1f78fcd2ec76' and name 'default'
Mon Jul 21 16:25:11 2025: Attempting to start server on port '43803'
Mon Jul 21 16:25:11 2025: XCD main fifo: created main fifo '/tmp/xcdmain5992a6d9-304a-4b94-9f0c-cc82e0152d00', fd read = 13
Mon Jul 21 16:25:11 2025: Running Dispatch Server
Mon Jul 21 16:25:11 2025: Version 2.2.0
Mon Jul 21 16:25:12 2025: Dispatch Server: Accepted socket connection from client
Mon Jul 21 16:25:12 2025: Starting Socket connection
Mon Jul 21 16:25:12 2025: EXCHANGE_TOKEN received, server token: 5992a6d9-304a-4b94-9f0c-cc82e0152d00, passed token: 5992a6d9-304a-4b94-9f0c-cc82e0152d00
Mon Jul 21 16:25:13 2025: DISPATCH_HANDLER: Adding handler from function makeHandler in library libxv_system_diagram
Mon Jul 21 16:25:13 2025: SESSION_MGR: creating session with session uuid: '468cbdfd-ffcb-499e-aa46-781a002dd006' and name 'vitis-run_compile_component_array_partition_block_cyclic'
Mon Jul 21 16:25:13 2025: KERNEL_SVC: creating session with uuid: '468cbdfd-ffcb-499e-aa46-781a002dd006' and name 'vitis-run_compile_component_array_partition_block_cyclic'
Mon Jul 21 16:25:13 2025: GUIDANCE_SMGR: creating guidance session with uuid: '468cbdfd-ffcb-499e-aa46-781a002dd006' and name 'vitis-run_compile_component_array_partition_block_cyclic'
Mon Jul 21 16:25:13 2025: SYSTEM_DIAGRAM: creating session with uuid: '468cbdfd-ffcb-499e-aa46-781a002dd006' and name 'vitis-run_compile_component_array_partition_block_cyclic'
Mon Jul 21 16:25:17 2025: Dispatch Server: Accepted socket connection from client
Mon Jul 21 16:25:17 2025: Starting Socket connection
Mon Jul 21 16:25:22 2025: SESSION_MGR: closing session for UUID '468cbdfd-ffcb-499e-aa46-781a002dd006' with name 'vitis-run_compile_component_array_partition_block_cyclic'
Mon Jul 21 16:25:22 2025: KERNEL_SVC: closing session for UUID '468cbdfd-ffcb-499e-aa46-781a002dd006' with name 'vitis-run_compile_component_array_partition_block_cyclic'
Mon Jul 21 16:25:22 2025: GUIDANCE_SMGR: closing session for UUID '468cbdfd-ffcb-499e-aa46-781a002dd006' with name 'vitis-run_compile_component_array_partition_block_cyclic'
Mon Jul 21 16:25:22 2025: SYSTEM_DIAGRAM: closing session for UUID '468cbdfd-ffcb-499e-aa46-781a002dd006' with name 'vitis-run_compile_component_array_partition_block_cyclic'
Mon Jul 21 16:25:22 2025: STOP_SERVER received, server token: 5992a6d9-304a-4b94-9f0c-cc82e0152d00, passed token: 5992a6d9-304a-4b94-9f0c-cc82e0152d00
Mon Jul 21 16:25:22 2025: Socket received request to stop server.
Mon Jul 21 16:25:22 2025: Dispatch Server: do_await_stop
Mon Jul 21 16:25:22 2025: Dispatch Server: stopping mainFifo_
Mon Jul 21 16:25:22 2025: XCD main fifo: Stopping
Mon Jul 21 16:25:22 2025: XCD main fifo: do_read error code: Operation canceled
Mon Jul 21 16:25:22 2025: XCD main fifo: bytes_transferred: 0
Mon Jul 21 16:25:22 2025: SERVER: destructor for server bound to port 43803
Mon Jul 21 16:25:22 2025: XCD main fifo: Good unlink of /tmp/xcdmain5992a6d9-304a-4b94-9f0c-cc82e0152d00
Mon Jul 21 16:25:22 2025: Server exiting with status 0.
Mon Jul 21 16:25:22 2025: Closing log file.
Mon Jul 21 16:25:33 2025: Running xcd server. This server was built by gradle.
Mon Jul 21 16:25:33 2025: Server was asked to start on port: '46095'
Mon Jul 21 16:25:33 2025: Server is using token UUID: '8f28f6b6-f8bf-42e5-ba4d-c3a4ffb5f6c7'
Mon Jul 21 16:25:33 2025: SESSION_MGR: creating session with session uuid: '6d04a3e9-ade5-4ab9-8d63-1f78fcd2ec76' and name 'default'
Mon Jul 21 16:25:33 2025: Attempting to start server on port '46095'
Mon Jul 21 16:25:33 2025: XCD main fifo: created main fifo '/tmp/xcdmain8f28f6b6-f8bf-42e5-ba4d-c3a4ffb5f6c7', fd read = 13
Mon Jul 21 16:25:33 2025: Running Dispatch Server
Mon Jul 21 16:25:33 2025: Version 2.2.0
Mon Jul 21 16:25:35 2025: Dispatch Server: Accepted socket connection from client
Mon Jul 21 16:25:35 2025: Starting Socket connection
Mon Jul 21 16:25:35 2025: EXCHANGE_TOKEN received, server token: 8f28f6b6-f8bf-42e5-ba4d-c3a4ffb5f6c7, passed token: 8f28f6b6-f8bf-42e5-ba4d-c3a4ffb5f6c7
Mon Jul 21 16:25:35 2025: DISPATCH_HANDLER: Adding handler from function makeHandler in library libxv_system_diagram
Mon Jul 21 16:25:35 2025: SESSION_MGR: creating session with session uuid: 'f1fb257c-634a-47e1-976e-1b3ade280593' and name 'v++_compile_component_array_partition_block_cyclic'
Mon Jul 21 16:25:35 2025: KERNEL_SVC: creating session with uuid: 'f1fb257c-634a-47e1-976e-1b3ade280593' and name 'v++_compile_component_array_partition_block_cyclic'
Mon Jul 21 16:25:35 2025: GUIDANCE_SMGR: creating guidance session with uuid: 'f1fb257c-634a-47e1-976e-1b3ade280593' and name 'v++_compile_component_array_partition_block_cyclic'
Mon Jul 21 16:25:35 2025: SYSTEM_DIAGRAM: creating session with uuid: 'f1fb257c-634a-47e1-976e-1b3ade280593' and name 'v++_compile_component_array_partition_block_cyclic'
Mon Jul 21 16:25:41 2025: Dispatch Server: Accepted socket connection from client
Mon Jul 21 16:25:41 2025: Starting Socket connection
Mon Jul 21 16:26:22 2025: SESSION_MGR: closing session for UUID 'f1fb257c-634a-47e1-976e-1b3ade280593' with name 'v++_compile_component_array_partition_block_cyclic'
Mon Jul 21 16:26:22 2025: KERNEL_SVC: closing session for UUID 'f1fb257c-634a-47e1-976e-1b3ade280593' with name 'v++_compile_component_array_partition_block_cyclic'
Mon Jul 21 16:26:22 2025: GUIDANCE_SMGR: closing session for UUID 'f1fb257c-634a-47e1-976e-1b3ade280593' with name 'v++_compile_component_array_partition_block_cyclic'
Mon Jul 21 16:26:22 2025: SYSTEM_DIAGRAM: closing session for UUID 'f1fb257c-634a-47e1-976e-1b3ade280593' with name 'v++_compile_component_array_partition_block_cyclic'
Mon Jul 21 16:26:22 2025: STOP_SERVER received, server token: 8f28f6b6-f8bf-42e5-ba4d-c3a4ffb5f6c7, passed token: 8f28f6b6-f8bf-42e5-ba4d-c3a4ffb5f6c7
Mon Jul 21 16:26:22 2025: Socket received request to stop server.
Mon Jul 21 16:26:22 2025: Dispatch Server: do_await_stop
Mon Jul 21 16:26:22 2025: Dispatch Server: stopping mainFifo_
Mon Jul 21 16:26:22 2025: XCD main fifo: Stopping
Mon Jul 21 16:26:22 2025: XCD main fifo: do_read error code: Operation canceled
Mon Jul 21 16:26:22 2025: XCD main fifo: bytes_transferred: 0
Mon Jul 21 16:26:22 2025: SERVER: destructor for server bound to port 46095
Mon Jul 21 16:26:22 2025: XCD main fifo: Good unlink of /tmp/xcdmain8f28f6b6-f8bf-42e5-ba4d-c3a4ffb5f6c7
Mon Jul 21 16:26:22 2025: Server exiting with status 0.
Mon Jul 21 16:26:22 2025: Closing log file.
Mon Jul 21 16:27:05 2025: Running xcd server. This server was built by gradle.
Mon Jul 21 16:27:05 2025: Server was asked to start on port: '35885'
Mon Jul 21 16:27:05 2025: Server is using token UUID: '82b2fc1d-ae97-4829-a846-3b564ccd64b3'
Mon Jul 21 16:27:05 2025: SESSION_MGR: creating session with session uuid: '6d04a3e9-ade5-4ab9-8d63-1f78fcd2ec76' and name 'default'
Mon Jul 21 16:27:05 2025: Attempting to start server on port '35885'
Mon Jul 21 16:27:05 2025: XCD main fifo: created main fifo '/tmp/xcdmain82b2fc1d-ae97-4829-a846-3b564ccd64b3', fd read = 13
Mon Jul 21 16:27:05 2025: Running Dispatch Server
Mon Jul 21 16:27:05 2025: Version 2.2.0
Mon Jul 21 16:27:07 2025: Dispatch Server: Accepted socket connection from client
Mon Jul 21 16:27:07 2025: Starting Socket connection
Mon Jul 21 16:27:07 2025: EXCHANGE_TOKEN received, server token: 82b2fc1d-ae97-4829-a846-3b564ccd64b3, passed token: 82b2fc1d-ae97-4829-a846-3b564ccd64b3
Mon Jul 21 16:27:07 2025: DISPATCH_HANDLER: Adding handler from function makeHandler in library libxv_system_diagram
Mon Jul 21 16:27:07 2025: SESSION_MGR: creating session with session uuid: 'e8053b64-2236-4eff-b746-4fcd0161a95a' and name 'vitis-run_compile_component_array_partition_block_cyclic'
Mon Jul 21 16:27:07 2025: KERNEL_SVC: creating session with uuid: 'e8053b64-2236-4eff-b746-4fcd0161a95a' and name 'vitis-run_compile_component_array_partition_block_cyclic'
Mon Jul 21 16:27:07 2025: GUIDANCE_SMGR: creating guidance session with uuid: 'e8053b64-2236-4eff-b746-4fcd0161a95a' and name 'vitis-run_compile_component_array_partition_block_cyclic'
Mon Jul 21 16:27:07 2025: SYSTEM_DIAGRAM: creating session with uuid: 'e8053b64-2236-4eff-b746-4fcd0161a95a' and name 'vitis-run_compile_component_array_partition_block_cyclic'
Mon Jul 21 16:27:14 2025: Dispatch Server: Accepted socket connection from client
Mon Jul 21 16:27:14 2025: Starting Socket connection
Mon Jul 21 16:31:54 2025: SESSION_MGR: closing session for UUID 'e8053b64-2236-4eff-b746-4fcd0161a95a' with name 'vitis-run_compile_component_array_partition_block_cyclic'
Mon Jul 21 16:31:54 2025: KERNEL_SVC: closing session for UUID 'e8053b64-2236-4eff-b746-4fcd0161a95a' with name 'vitis-run_compile_component_array_partition_block_cyclic'
Mon Jul 21 16:31:54 2025: GUIDANCE_SMGR: closing session for UUID 'e8053b64-2236-4eff-b746-4fcd0161a95a' with name 'vitis-run_compile_component_array_partition_block_cyclic'
Mon Jul 21 16:31:54 2025: SYSTEM_DIAGRAM: closing session for UUID 'e8053b64-2236-4eff-b746-4fcd0161a95a' with name 'vitis-run_compile_component_array_partition_block_cyclic'
Mon Jul 21 16:31:54 2025: STOP_SERVER received, server token: 82b2fc1d-ae97-4829-a846-3b564ccd64b3, passed token: 82b2fc1d-ae97-4829-a846-3b564ccd64b3
Mon Jul 21 16:31:54 2025: Socket received request to stop server.
Mon Jul 21 16:31:54 2025: Dispatch Server: do_await_stop
Mon Jul 21 16:31:54 2025: Dispatch Server: stopping mainFifo_
Mon Jul 21 16:31:54 2025: XCD main fifo: Stopping
Mon Jul 21 16:31:54 2025: XCD main fifo: do_read error code: Operation canceled
Mon Jul 21 16:31:54 2025: XCD main fifo: bytes_transferred: 0
Mon Jul 21 16:31:54 2025: SERVER: destructor for server bound to port 35885
Mon Jul 21 16:31:54 2025: XCD main fifo: Good unlink of /tmp/xcdmain82b2fc1d-ae97-4829-a846-3b564ccd64b3
Mon Jul 21 16:31:54 2025: Server exiting with status 0.
Mon Jul 21 16:31:55 2025: Closing log file.
Mon Jul 21 16:40:43 2025: Running xcd server. This server was built by gradle.
Mon Jul 21 16:40:44 2025: Server was asked to start on port: '46307'
Mon Jul 21 16:40:44 2025: Server is using token UUID: '947157f4-9384-4544-83c4-168d5c24038e'
Mon Jul 21 16:40:44 2025: SESSION_MGR: creating session with session uuid: '6d04a3e9-ade5-4ab9-8d63-1f78fcd2ec76' and name 'default'
Mon Jul 21 16:40:45 2025: Attempting to start server on port '46307'
Mon Jul 21 16:40:46 2025: XCD main fifo: created main fifo '/tmp/xcdmain947157f4-9384-4544-83c4-168d5c24038e', fd read = 12
Mon Jul 21 16:40:46 2025: Running Dispatch Server
Mon Jul 21 16:40:46 2025: Version 2.2.0
Mon Jul 21 16:40:55 2025: Dispatch Server: Accepted socket connection from client
Mon Jul 21 16:40:55 2025: Starting Socket connection
Mon Jul 21 16:40:58 2025: EXCHANGE_TOKEN received, server token: 947157f4-9384-4544-83c4-168d5c24038e, passed token: 947157f4-9384-4544-83c4-168d5c24038e
Mon Jul 21 17:03:31 2025: DISPATCH_HANDLER: Adding handler from function makeHandler in library libxv_system_diagram
Mon Jul 21 17:03:35 2025: SESSION_MGR: creating session with session uuid: '4d45f602-0124-4c70-9c50-c2f3b19c690e' and name 'vitis-run_compile_component_array_partition_block_cyclic'
Mon Jul 21 17:03:35 2025: KERNEL_SVC: creating session with uuid: '4d45f602-0124-4c70-9c50-c2f3b19c690e' and name 'vitis-run_compile_component_array_partition_block_cyclic'
Mon Jul 21 17:03:36 2025: GUIDANCE_SMGR: creating guidance session with uuid: '4d45f602-0124-4c70-9c50-c2f3b19c690e' and name 'vitis-run_compile_component_array_partition_block_cyclic'
Mon Jul 21 17:03:36 2025: SYSTEM_DIAGRAM: creating session with uuid: '4d45f602-0124-4c70-9c50-c2f3b19c690e' and name 'vitis-run_compile_component_array_partition_block_cyclic'
Tue Jul 22 10:51:00 2025: Dispatch Server: Accepted socket connection from client
Tue Jul 22 10:51:00 2025: Starting Socket connection
Tue Jul 22 11:58:10 2025: Dispatch Server: do_await_stop
