Wed Jul 23 12:45:13 2025: Running xcd server. This server was built by gradle.
Wed Jul 23 12:45:13 2025: Server was asked to start on port: '58523'
Wed Jul 23 12:45:13 2025: Server is using token UUID: '6fc92d64-6777-11f0-81db-356bea69b329'
Wed Jul 23 12:45:13 2025: SESSION_MGR: creating session with session uuid: '6d04a3e9-ade5-4ab9-8d63-1f78fcd2ec76' and name 'default'
Wed Jul 23 12:45:13 2025: Attempting to start server on port '58523'
Wed Jul 23 12:45:13 2025: XCD main fifo: created main fifo '/tmp/xcdmain6fc92d64-6777-11f0-81db-356bea69b329', fd read = 11
Wed Jul 23 12:45:13 2025: Running Dispatch Server
Wed Jul 23 12:45:13 2025: Version 2.2.0
Wed Jul 23 12:45:13 2025: Dispatch Server: Accepted socket connection from client
Wed Jul 23 12:45:13 2025: Starting Socket connection
Wed Jul 23 12:45:13 2025: EXCHANGE_TOKEN received, server token: 6fc92d64-6777-11f0-81db-356bea69b329, passed token: 6fc92d64-6777-11f0-81db-356bea69b329
Wed Jul 23 12:45:13 2025: SESSION_MGR: creating session with session uuid: '5d9e7070-6313-456a-b046-0ac53d488648' and name 'Code Analyzer'
Wed Jul 23 12:45:13 2025: KERNEL_SVC: creating session with uuid: '5d9e7070-6313-456a-b046-0ac53d488648' and name 'Code Analyzer'
Wed Jul 23 12:45:13 2025: GUIDANCE_SMGR: creating guidance session with uuid: '5d9e7070-6313-456a-b046-0ac53d488648' and name 'Code Analyzer'
Wed Jul 23 12:45:13 2025: SESSION_MGR: closing session for UUID '5d9e7070-6313-456a-b046-0ac53d488648' with name ''
Wed Jul 23 12:45:13 2025: KERNEL_SVC: closing session for UUID '5d9e7070-6313-456a-b046-0ac53d488648' with name ''
Wed Jul 23 12:45:13 2025: GUIDANCE_SMGR: closing session for UUID '5d9e7070-6313-456a-b046-0ac53d488648' with name ''
Wed Jul 23 12:45:13 2025: STOP_SERVER received, server token: 6fc92d64-6777-11f0-81db-356bea69b329, passed token: 6fc92d64-6777-11f0-81db-356bea69b329
Wed Jul 23 12:45:13 2025: Socket received request to stop server.
Wed Jul 23 12:45:13 2025: Dispatch Server: do_await_stop
Wed Jul 23 12:45:13 2025: Dispatch Server: stopping mainFifo_
Wed Jul 23 12:45:13 2025: XCD main fifo: Stopping
Wed Jul 23 12:45:13 2025: XCD main fifo: do_read error code: Operation canceled
Wed Jul 23 12:45:13 2025: XCD main fifo: bytes_transferred: 0
Wed Jul 23 12:45:13 2025: SERVER: destructor for server bound to port 58523
Wed Jul 23 12:45:13 2025: XCD main fifo: Good unlink of /tmp/xcdmain6fc92d64-6777-11f0-81db-356bea69b329
Wed Jul 23 12:45:13 2025: Server exiting with status 0.
Wed Jul 23 12:45:13 2025: Closing log file.
Wed Jul 23 12:46:16 2025: Running xcd server. This server was built by gradle.
Wed Jul 23 12:46:16 2025: Server was asked to start on port: '52729'
Wed Jul 23 12:46:16 2025: Server is using token UUID: '9527906e-6777-11f0-81db-356bea69b329'
Wed Jul 23 12:46:16 2025: SESSION_MGR: creating session with session uuid: '6d04a3e9-ade5-4ab9-8d63-1f78fcd2ec76' and name 'default'
Wed Jul 23 12:46:16 2025: Attempting to start server on port '52729'
Wed Jul 23 12:46:16 2025: XCD main fifo: created main fifo '/tmp/xcdmain9527906e-6777-11f0-81db-356bea69b329', fd read = 11
Wed Jul 23 12:46:16 2025: Running Dispatch Server
Wed Jul 23 12:46:16 2025: Version 2.2.0
Wed Jul 23 12:46:18 2025: Dispatch Server: Accepted socket connection from client
Wed Jul 23 12:46:18 2025: Starting Socket connection
Wed Jul 23 12:46:18 2025: EXCHANGE_TOKEN received, server token: 9527906e-6777-11f0-81db-356bea69b329, passed token: 9527906e-6777-11f0-81db-356bea69b329
Wed Jul 23 12:46:18 2025: SESSION_MGR: creating session with session uuid: 'fd93ffb5-4946-45fd-b284-f9ab2fc176f3' and name 'Code Analyzer'
Wed Jul 23 12:46:18 2025: KERNEL_SVC: creating session with uuid: 'fd93ffb5-4946-45fd-b284-f9ab2fc176f3' and name 'Code Analyzer'
Wed Jul 23 12:46:18 2025: GUIDANCE_SMGR: creating guidance session with uuid: 'fd93ffb5-4946-45fd-b284-f9ab2fc176f3' and name 'Code Analyzer'
Wed Jul 23 12:46:18 2025: SESSION_MGR: closing session for UUID 'fd93ffb5-4946-45fd-b284-f9ab2fc176f3' with name ''
Wed Jul 23 12:46:18 2025: KERNEL_SVC: closing session for UUID 'fd93ffb5-4946-45fd-b284-f9ab2fc176f3' with name ''
Wed Jul 23 12:46:18 2025: GUIDANCE_SMGR: closing session for UUID 'fd93ffb5-4946-45fd-b284-f9ab2fc176f3' with name ''
Wed Jul 23 12:46:18 2025: STOP_SERVER received, server token: 9527906e-6777-11f0-81db-356bea69b329, passed token: 9527906e-6777-11f0-81db-356bea69b329
Wed Jul 23 12:46:18 2025: Socket received request to stop server.
Wed Jul 23 12:46:18 2025: Dispatch Server: do_await_stop
Wed Jul 23 12:46:18 2025: Dispatch Server: stopping mainFifo_
Wed Jul 23 12:46:18 2025: XCD main fifo: Stopping
Wed Jul 23 12:46:18 2025: XCD main fifo: do_read error code: Operation canceled
Wed Jul 23 12:46:18 2025: XCD main fifo: bytes_transferred: 0
Wed Jul 23 12:46:18 2025: SERVER: destructor for server bound to port 52729
Wed Jul 23 12:46:18 2025: XCD main fifo: Good unlink of /tmp/xcdmain9527906e-6777-11f0-81db-356bea69b329
Wed Jul 23 12:46:18 2025: Server exiting with status 0.
Wed Jul 23 12:46:18 2025: Closing log file.
Wed Jul 23 12:47:11 2025: Running xcd server. This server was built by gradle.
Wed Jul 23 12:47:11 2025: Server was asked to start on port: '36013'
Wed Jul 23 12:47:11 2025: Server is using token UUID: 'b67ae8e2-6777-11f0-81db-356bea69b329'
Wed Jul 23 12:47:11 2025: SESSION_MGR: creating session with session uuid: '6d04a3e9-ade5-4ab9-8d63-1f78fcd2ec76' and name 'default'
Wed Jul 23 12:47:11 2025: Attempting to start server on port '36013'
Wed Jul 23 12:47:11 2025: XCD main fifo: created main fifo '/tmp/xcdmainb67ae8e2-6777-11f0-81db-356bea69b329', fd read = 11
Wed Jul 23 12:47:11 2025: Running Dispatch Server
Wed Jul 23 12:47:11 2025: Version 2.2.0
Wed Jul 23 12:47:12 2025: Dispatch Server: Accepted socket connection from client
Wed Jul 23 12:47:12 2025: Starting Socket connection
Wed Jul 23 12:47:12 2025: EXCHANGE_TOKEN received, server token: b67ae8e2-6777-11f0-81db-356bea69b329, passed token: b67ae8e2-6777-11f0-81db-356bea69b329
Wed Jul 23 12:47:12 2025: SESSION_MGR: creating session with session uuid: 'ffbb6cae-c670-4126-981d-4d4eec3c91cb' and name 'Code Analyzer'
Wed Jul 23 12:47:12 2025: KERNEL_SVC: creating session with uuid: 'ffbb6cae-c670-4126-981d-4d4eec3c91cb' and name 'Code Analyzer'
Wed Jul 23 12:47:12 2025: GUIDANCE_SMGR: creating guidance session with uuid: 'ffbb6cae-c670-4126-981d-4d4eec3c91cb' and name 'Code Analyzer'
Wed Jul 23 12:47:16 2025: SESSION_MGR: closing session for UUID 'ffbb6cae-c670-4126-981d-4d4eec3c91cb' with name ''
Wed Jul 23 12:47:16 2025: KERNEL_SVC: closing session for UUID 'ffbb6cae-c670-4126-981d-4d4eec3c91cb' with name ''
Wed Jul 23 12:47:16 2025: GUIDANCE_SMGR: closing session for UUID 'ffbb6cae-c670-4126-981d-4d4eec3c91cb' with name ''
Wed Jul 23 12:47:16 2025: STOP_SERVER received, server token: b67ae8e2-6777-11f0-81db-356bea69b329, passed token: b67ae8e2-6777-11f0-81db-356bea69b329
Wed Jul 23 12:47:16 2025: Socket received request to stop server.
Wed Jul 23 12:47:16 2025: Dispatch Server: do_await_stop
Wed Jul 23 12:47:16 2025: Dispatch Server: stopping mainFifo_
Wed Jul 23 12:47:16 2025: XCD main fifo: Stopping
Wed Jul 23 12:47:16 2025: XCD main fifo: do_read error code: Operation canceled
Wed Jul 23 12:47:16 2025: XCD main fifo: bytes_transferred: 0
Wed Jul 23 12:47:16 2025: SERVER: destructor for server bound to port 36013
Wed Jul 23 12:47:16 2025: XCD main fifo: Good unlink of /tmp/xcdmainb67ae8e2-6777-11f0-81db-356bea69b329
Wed Jul 23 12:47:16 2025: Server exiting with status 0.
Wed Jul 23 12:47:16 2025: Closing log file.
Wed Jul 23 12:48:11 2025: Running xcd server. This server was built by gradle.
Wed Jul 23 12:48:11 2025: Server was asked to start on port: '59525'
Wed Jul 23 12:48:11 2025: Server is using token UUID: 'd9791a12-6777-11f0-81db-356bea69b329'
Wed Jul 23 12:48:11 2025: SESSION_MGR: creating session with session uuid: '6d04a3e9-ade5-4ab9-8d63-1f78fcd2ec76' and name 'default'
Wed Jul 23 12:48:11 2025: Attempting to start server on port '59525'
Wed Jul 23 12:48:11 2025: XCD main fifo: created main fifo '/tmp/xcdmaind9791a12-6777-11f0-81db-356bea69b329', fd read = 11
Wed Jul 23 12:48:11 2025: Running Dispatch Server
Wed Jul 23 12:48:11 2025: Version 2.2.0
Wed Jul 23 12:48:12 2025: Dispatch Server: Accepted socket connection from client
Wed Jul 23 12:48:12 2025: Starting Socket connection
Wed Jul 23 12:48:12 2025: EXCHANGE_TOKEN received, server token: d9791a12-6777-11f0-81db-356bea69b329, passed token: d9791a12-6777-11f0-81db-356bea69b329
Wed Jul 23 12:48:12 2025: SESSION_MGR: creating session with session uuid: '5d25b81f-dbe5-452f-8be9-7a12d51af20b' and name 'Code Analyzer'
Wed Jul 23 12:48:12 2025: KERNEL_SVC: creating session with uuid: '5d25b81f-dbe5-452f-8be9-7a12d51af20b' and name 'Code Analyzer'
Wed Jul 23 12:48:12 2025: GUIDANCE_SMGR: creating guidance session with uuid: '5d25b81f-dbe5-452f-8be9-7a12d51af20b' and name 'Code Analyzer'
Wed Jul 23 12:48:12 2025: SESSION_MGR: closing session for UUID '5d25b81f-dbe5-452f-8be9-7a12d51af20b' with name ''
Wed Jul 23 12:48:12 2025: KERNEL_SVC: closing session for UUID '5d25b81f-dbe5-452f-8be9-7a12d51af20b' with name ''
Wed Jul 23 12:48:12 2025: GUIDANCE_SMGR: closing session for UUID '5d25b81f-dbe5-452f-8be9-7a12d51af20b' with name ''
Wed Jul 23 12:48:12 2025: STOP_SERVER received, server token: d9791a12-6777-11f0-81db-356bea69b329, passed token: d9791a12-6777-11f0-81db-356bea69b329
Wed Jul 23 12:48:12 2025: Socket received request to stop server.
Wed Jul 23 12:48:12 2025: Dispatch Server: do_await_stop
Wed Jul 23 12:48:12 2025: Dispatch Server: stopping mainFifo_
Wed Jul 23 12:48:12 2025: XCD main fifo: Stopping
Wed Jul 23 12:48:12 2025: XCD main fifo: do_read error code: Operation canceled
Wed Jul 23 12:48:12 2025: XCD main fifo: bytes_transferred: 0
Wed Jul 23 12:48:12 2025: SERVER: destructor for server bound to port 59525
Wed Jul 23 12:48:12 2025: XCD main fifo: Good unlink of /tmp/xcdmaind9791a12-6777-11f0-81db-356bea69b329
Wed Jul 23 12:48:12 2025: Server exiting with status 0.
Wed Jul 23 12:48:12 2025: Closing log file.
Wed Jul 23 12:55:01 2025: Running xcd server. This server was built by gradle.
Wed Jul 23 12:55:01 2025: Server was asked to start on port: '47013'
Wed Jul 23 12:55:01 2025: Server is using token UUID: 'ce1ae85c-6778-11f0-81db-356bea69b329'
Wed Jul 23 12:55:01 2025: SESSION_MGR: creating session with session uuid: '6d04a3e9-ade5-4ab9-8d63-1f78fcd2ec76' and name 'default'
Wed Jul 23 12:55:01 2025: Attempting to start server on port '47013'
Wed Jul 23 12:55:01 2025: XCD main fifo: created main fifo '/tmp/xcdmaince1ae85c-6778-11f0-81db-356bea69b329', fd read = 11
Wed Jul 23 12:55:01 2025: Running Dispatch Server
Wed Jul 23 12:55:01 2025: Version 2.2.0
Wed Jul 23 12:55:01 2025: Dispatch Server: Accepted socket connection from client
Wed Jul 23 12:55:01 2025: Starting Socket connection
Wed Jul 23 12:55:01 2025: EXCHANGE_TOKEN received, server token: ce1ae85c-6778-11f0-81db-356bea69b329, passed token: ce1ae85c-6778-11f0-81db-356bea69b329
Wed Jul 23 12:55:01 2025: SESSION_MGR: creating session with session uuid: 'fc4f707a-3daf-4f7e-8f88-0d31f9e94ac4' and name 'Code Analyzer'
Wed Jul 23 12:55:01 2025: KERNEL_SVC: creating session with uuid: 'fc4f707a-3daf-4f7e-8f88-0d31f9e94ac4' and name 'Code Analyzer'
Wed Jul 23 12:55:01 2025: GUIDANCE_SMGR: creating guidance session with uuid: 'fc4f707a-3daf-4f7e-8f88-0d31f9e94ac4' and name 'Code Analyzer'
Wed Jul 23 12:55:01 2025: SESSION_MGR: closing session for UUID 'fc4f707a-3daf-4f7e-8f88-0d31f9e94ac4' with name ''
Wed Jul 23 12:55:01 2025: KERNEL_SVC: closing session for UUID 'fc4f707a-3daf-4f7e-8f88-0d31f9e94ac4' with name ''
Wed Jul 23 12:55:01 2025: GUIDANCE_SMGR: closing session for UUID 'fc4f707a-3daf-4f7e-8f88-0d31f9e94ac4' with name ''
Wed Jul 23 12:55:01 2025: STOP_SERVER received, server token: ce1ae85c-6778-11f0-81db-356bea69b329, passed token: ce1ae85c-6778-11f0-81db-356bea69b329
Wed Jul 23 12:55:01 2025: Socket received request to stop server.
Wed Jul 23 12:55:01 2025: Dispatch Server: do_await_stop
Wed Jul 23 12:55:01 2025: Dispatch Server: stopping mainFifo_
Wed Jul 23 12:55:01 2025: XCD main fifo: Stopping
Wed Jul 23 12:55:01 2025: XCD main fifo: do_read error code: Operation canceled
Wed Jul 23 12:55:01 2025: XCD main fifo: bytes_transferred: 0
Wed Jul 23 12:55:01 2025: SERVER: destructor for server bound to port 47013
Wed Jul 23 12:55:01 2025: XCD main fifo: Good unlink of /tmp/xcdmaince1ae85c-6778-11f0-81db-356bea69b329
Wed Jul 23 12:55:01 2025: Server exiting with status 0.
Wed Jul 23 12:55:01 2025: Closing log file.
Wed Jul 23 12:57:34 2025: Running xcd server. This server was built by gradle.
Wed Jul 23 12:57:34 2025: Server was asked to start on port: '57907'
Wed Jul 23 12:57:34 2025: Server is using token UUID: '292084d2-6779-11f0-81db-356bea69b329'
Wed Jul 23 12:57:34 2025: SESSION_MGR: creating session with session uuid: '6d04a3e9-ade5-4ab9-8d63-1f78fcd2ec76' and name 'default'
Wed Jul 23 12:57:34 2025: Attempting to start server on port '57907'
Wed Jul 23 12:57:34 2025: XCD main fifo: created main fifo '/tmp/xcdmain292084d2-6779-11f0-81db-356bea69b329', fd read = 11
Wed Jul 23 12:57:34 2025: Running Dispatch Server
Wed Jul 23 12:57:34 2025: Version 2.2.0
Wed Jul 23 12:57:34 2025: Dispatch Server: Accepted socket connection from client
Wed Jul 23 12:57:34 2025: Starting Socket connection
Wed Jul 23 12:57:34 2025: EXCHANGE_TOKEN received, server token: 292084d2-6779-11f0-81db-356bea69b329, passed token: 292084d2-6779-11f0-81db-356bea69b329
Wed Jul 23 12:57:34 2025: SESSION_MGR: creating session with session uuid: '5d942485-4dbb-4189-b562-998d3c40a617' and name 'Code Analyzer'
Wed Jul 23 12:57:34 2025: KERNEL_SVC: creating session with uuid: '5d942485-4dbb-4189-b562-998d3c40a617' and name 'Code Analyzer'
Wed Jul 23 12:57:34 2025: GUIDANCE_SMGR: creating guidance session with uuid: '5d942485-4dbb-4189-b562-998d3c40a617' and name 'Code Analyzer'
Wed Jul 23 12:57:34 2025: SESSION_MGR: closing session for UUID '5d942485-4dbb-4189-b562-998d3c40a617' with name ''
Wed Jul 23 12:57:34 2025: KERNEL_SVC: closing session for UUID '5d942485-4dbb-4189-b562-998d3c40a617' with name ''
Wed Jul 23 12:57:34 2025: GUIDANCE_SMGR: closing session for UUID '5d942485-4dbb-4189-b562-998d3c40a617' with name ''
Wed Jul 23 12:57:34 2025: STOP_SERVER received, server token: 292084d2-6779-11f0-81db-356bea69b329, passed token: 292084d2-6779-11f0-81db-356bea69b329
Wed Jul 23 12:57:34 2025: Socket received request to stop server.
Wed Jul 23 12:57:34 2025: Dispatch Server: do_await_stop
Wed Jul 23 12:57:34 2025: Dispatch Server: stopping mainFifo_
Wed Jul 23 12:57:34 2025: XCD main fifo: Stopping
Wed Jul 23 12:57:34 2025: XCD main fifo: do_read error code: Operation canceled
Wed Jul 23 12:57:34 2025: XCD main fifo: bytes_transferred: 0
Wed Jul 23 12:57:34 2025: SERVER: destructor for server bound to port 57907
Wed Jul 23 12:57:34 2025: XCD main fifo: Good unlink of /tmp/xcdmain292084d2-6779-11f0-81db-356bea69b329
Wed Jul 23 12:57:34 2025: Server exiting with status 0.
Wed Jul 23 12:57:34 2025: Closing log file.
Wed Jul 23 12:57:57 2025: Running xcd server. This server was built by gradle.
Wed Jul 23 12:57:57 2025: Server was asked to start on port: '50967'
Wed Jul 23 12:57:57 2025: Server is using token UUID: '373c3d5e-6779-11f0-81db-356bea69b329'
Wed Jul 23 12:57:57 2025: SESSION_MGR: creating session with session uuid: '6d04a3e9-ade5-4ab9-8d63-1f78fcd2ec76' and name 'default'
Wed Jul 23 12:57:57 2025: Attempting to start server on port '50967'
Wed Jul 23 12:57:57 2025: XCD main fifo: created main fifo '/tmp/xcdmain373c3d5e-6779-11f0-81db-356bea69b329', fd read = 11
Wed Jul 23 12:57:57 2025: Running Dispatch Server
Wed Jul 23 12:57:57 2025: Version 2.2.0
Wed Jul 23 12:57:57 2025: Dispatch Server: Accepted socket connection from client
Wed Jul 23 12:57:57 2025: Starting Socket connection
Wed Jul 23 12:57:57 2025: EXCHANGE_TOKEN received, server token: 373c3d5e-6779-11f0-81db-356bea69b329, passed token: 373c3d5e-6779-11f0-81db-356bea69b329
Wed Jul 23 12:57:57 2025: SESSION_MGR: creating session with session uuid: '5b266423-8d93-46b8-94e1-00e304cf5aff' and name 'Code Analyzer'
Wed Jul 23 12:57:57 2025: KERNEL_SVC: creating session with uuid: '5b266423-8d93-46b8-94e1-00e304cf5aff' and name 'Code Analyzer'
Wed Jul 23 12:57:57 2025: GUIDANCE_SMGR: creating guidance session with uuid: '5b266423-8d93-46b8-94e1-00e304cf5aff' and name 'Code Analyzer'
Wed Jul 23 12:57:58 2025: SESSION_MGR: closing session for UUID '5b266423-8d93-46b8-94e1-00e304cf5aff' with name ''
Wed Jul 23 12:57:58 2025: KERNEL_SVC: closing session for UUID '5b266423-8d93-46b8-94e1-00e304cf5aff' with name ''
Wed Jul 23 12:57:58 2025: GUIDANCE_SMGR: closing session for UUID '5b266423-8d93-46b8-94e1-00e304cf5aff' with name ''
Wed Jul 23 12:57:58 2025: STOP_SERVER received, server token: 373c3d5e-6779-11f0-81db-356bea69b329, passed token: 373c3d5e-6779-11f0-81db-356bea69b329
Wed Jul 23 12:57:58 2025: Socket received request to stop server.
Wed Jul 23 12:57:58 2025: Dispatch Server: do_await_stop
Wed Jul 23 12:57:58 2025: Dispatch Server: stopping mainFifo_
Wed Jul 23 12:57:58 2025: XCD main fifo: Stopping
Wed Jul 23 12:57:58 2025: XCD main fifo: do_read error code: Operation canceled
Wed Jul 23 12:57:58 2025: XCD main fifo: bytes_transferred: 0
Wed Jul 23 12:57:58 2025: SERVER: destructor for server bound to port 50967
Wed Jul 23 12:57:58 2025: XCD main fifo: Good unlink of /tmp/xcdmain373c3d5e-6779-11f0-81db-356bea69b329
Wed Jul 23 12:57:58 2025: Server exiting with status 0.
Wed Jul 23 12:57:58 2025: Closing log file.
Wed Jul 23 14:35:38 2025: Running xcd server. This server was built by gradle.
Wed Jul 23 14:35:38 2025: Server was asked to start on port: '58211'
Wed Jul 23 14:35:38 2025: Server is using token UUID: 'dc8a1a8a-6786-11f0-81db-356bea69b329'
Wed Jul 23 14:35:38 2025: SESSION_MGR: creating session with session uuid: '6d04a3e9-ade5-4ab9-8d63-1f78fcd2ec76' and name 'default'
Wed Jul 23 14:35:38 2025: Attempting to start server on port '58211'
Wed Jul 23 14:35:38 2025: XCD main fifo: created main fifo '/tmp/xcdmaindc8a1a8a-6786-11f0-81db-356bea69b329', fd read = 11
Wed Jul 23 14:35:38 2025: Running Dispatch Server
Wed Jul 23 14:35:38 2025: Version 2.2.0
Wed Jul 23 14:35:38 2025: Dispatch Server: Accepted socket connection from client
Wed Jul 23 14:35:38 2025: Starting Socket connection
Wed Jul 23 14:35:38 2025: EXCHANGE_TOKEN received, server token: dc8a1a8a-6786-11f0-81db-356bea69b329, passed token: dc8a1a8a-6786-11f0-81db-356bea69b329
Wed Jul 23 14:35:38 2025: SESSION_MGR: creating session with session uuid: 'e9d5983c-fdb0-4b36-a840-d91f5b40004a' and name 'Code Analyzer'
Wed Jul 23 14:35:38 2025: KERNEL_SVC: creating session with uuid: 'e9d5983c-fdb0-4b36-a840-d91f5b40004a' and name 'Code Analyzer'
Wed Jul 23 14:35:38 2025: GUIDANCE_SMGR: creating guidance session with uuid: 'e9d5983c-fdb0-4b36-a840-d91f5b40004a' and name 'Code Analyzer'
Wed Jul 23 14:35:38 2025: SESSION_MGR: closing session for UUID 'e9d5983c-fdb0-4b36-a840-d91f5b40004a' with name ''
Wed Jul 23 14:35:38 2025: KERNEL_SVC: closing session for UUID 'e9d5983c-fdb0-4b36-a840-d91f5b40004a' with name ''
Wed Jul 23 14:35:38 2025: GUIDANCE_SMGR: closing session for UUID 'e9d5983c-fdb0-4b36-a840-d91f5b40004a' with name ''
Wed Jul 23 14:35:38 2025: STOP_SERVER received, server token: dc8a1a8a-6786-11f0-81db-356bea69b329, passed token: dc8a1a8a-6786-11f0-81db-356bea69b329
Wed Jul 23 14:35:38 2025: Socket received request to stop server.
Wed Jul 23 14:35:38 2025: Dispatch Server: do_await_stop
Wed Jul 23 14:35:38 2025: Dispatch Server: stopping mainFifo_
Wed Jul 23 14:35:38 2025: XCD main fifo: Stopping
Wed Jul 23 14:35:38 2025: XCD main fifo: do_read error code: Operation canceled
Wed Jul 23 14:35:38 2025: XCD main fifo: bytes_transferred: 0
Wed Jul 23 14:35:38 2025: SERVER: destructor for server bound to port 58211
Wed Jul 23 14:35:38 2025: XCD main fifo: Good unlink of /tmp/xcdmaindc8a1a8a-6786-11f0-81db-356bea69b329
Wed Jul 23 14:35:38 2025: Server exiting with status 0.
Wed Jul 23 14:35:38 2025: Closing log file.
Wed Jul 23 14:36:21 2025: Running xcd server. This server was built by gradle.
Wed Jul 23 14:36:21 2025: Server was asked to start on port: '55991'
Wed Jul 23 14:36:21 2025: Server is using token UUID: 'f6451a4c-6786-11f0-81db-356bea69b329'
Wed Jul 23 14:36:21 2025: SESSION_MGR: creating session with session uuid: '6d04a3e9-ade5-4ab9-8d63-1f78fcd2ec76' and name 'default'
Wed Jul 23 14:36:21 2025: Attempting to start server on port '55991'
Wed Jul 23 14:36:21 2025: XCD main fifo: created main fifo '/tmp/xcdmainf6451a4c-6786-11f0-81db-356bea69b329', fd read = 11
Wed Jul 23 14:36:21 2025: Running Dispatch Server
Wed Jul 23 14:36:21 2025: Version 2.2.0
Wed Jul 23 14:36:23 2025: Dispatch Server: Accepted socket connection from client
Wed Jul 23 14:36:23 2025: Starting Socket connection
Wed Jul 23 14:36:23 2025: EXCHANGE_TOKEN received, server token: f6451a4c-6786-11f0-81db-356bea69b329, passed token: f6451a4c-6786-11f0-81db-356bea69b329
Wed Jul 23 14:36:23 2025: SESSION_MGR: creating session with session uuid: '3b297a70-cf2e-4788-b363-99112b6d6295' and name 'Code Analyzer'
Wed Jul 23 14:36:23 2025: KERNEL_SVC: creating session with uuid: '3b297a70-cf2e-4788-b363-99112b6d6295' and name 'Code Analyzer'
Wed Jul 23 14:36:23 2025: GUIDANCE_SMGR: creating guidance session with uuid: '3b297a70-cf2e-4788-b363-99112b6d6295' and name 'Code Analyzer'
Wed Jul 23 14:36:23 2025: SESSION_MGR: closing session for UUID '3b297a70-cf2e-4788-b363-99112b6d6295' with name ''
Wed Jul 23 14:36:23 2025: KERNEL_SVC: closing session for UUID '3b297a70-cf2e-4788-b363-99112b6d6295' with name ''
Wed Jul 23 14:36:23 2025: GUIDANCE_SMGR: closing session for UUID '3b297a70-cf2e-4788-b363-99112b6d6295' with name ''
Wed Jul 23 14:36:23 2025: STOP_SERVER received, server token: f6451a4c-6786-11f0-81db-356bea69b329, passed token: f6451a4c-6786-11f0-81db-356bea69b329
Wed Jul 23 14:36:23 2025: Socket received request to stop server.
Wed Jul 23 14:36:23 2025: Dispatch Server: do_await_stop
Wed Jul 23 14:36:23 2025: Dispatch Server: stopping mainFifo_
Wed Jul 23 14:36:23 2025: XCD main fifo: Stopping
Wed Jul 23 14:36:23 2025: XCD main fifo: do_read error code: Operation canceled
Wed Jul 23 14:36:23 2025: XCD main fifo: bytes_transferred: 0
Wed Jul 23 14:36:23 2025: SERVER: destructor for server bound to port 55991
Wed Jul 23 14:36:23 2025: XCD main fifo: Good unlink of /tmp/xcdmainf6451a4c-6786-11f0-81db-356bea69b329
Wed Jul 23 14:36:23 2025: Server exiting with status 0.
Wed Jul 23 14:36:23 2025: Closing log file.
Wed Jul 23 14:37:28 2025: Running xcd server. This server was built by gradle.
Wed Jul 23 14:37:28 2025: Server was asked to start on port: '37251'
Wed Jul 23 14:37:28 2025: Server is using token UUID: '1df41534-6787-11f0-81db-356bea69b329'
Wed Jul 23 14:37:28 2025: SESSION_MGR: creating session with session uuid: '6d04a3e9-ade5-4ab9-8d63-1f78fcd2ec76' and name 'default'
Wed Jul 23 14:37:28 2025: Attempting to start server on port '37251'
Wed Jul 23 14:37:28 2025: XCD main fifo: created main fifo '/tmp/xcdmain1df41534-6787-11f0-81db-356bea69b329', fd read = 11
Wed Jul 23 14:37:28 2025: Running Dispatch Server
Wed Jul 23 14:37:28 2025: Version 2.2.0
Wed Jul 23 14:37:28 2025: Dispatch Server: Accepted socket connection from client
Wed Jul 23 14:37:28 2025: Starting Socket connection
Wed Jul 23 14:37:28 2025: EXCHANGE_TOKEN received, server token: 1df41534-6787-11f0-81db-356bea69b329, passed token: 1df41534-6787-11f0-81db-356bea69b329
Wed Jul 23 14:37:28 2025: SESSION_MGR: creating session with session uuid: '39d86a3c-bbfc-47c8-9e2a-6cc50d16330f' and name 'Code Analyzer'
Wed Jul 23 14:37:28 2025: KERNEL_SVC: creating session with uuid: '39d86a3c-bbfc-47c8-9e2a-6cc50d16330f' and name 'Code Analyzer'
Wed Jul 23 14:37:28 2025: GUIDANCE_SMGR: creating guidance session with uuid: '39d86a3c-bbfc-47c8-9e2a-6cc50d16330f' and name 'Code Analyzer'
Wed Jul 23 14:37:28 2025: SESSION_MGR: closing session for UUID '39d86a3c-bbfc-47c8-9e2a-6cc50d16330f' with name ''
Wed Jul 23 14:37:28 2025: KERNEL_SVC: closing session for UUID '39d86a3c-bbfc-47c8-9e2a-6cc50d16330f' with name ''
Wed Jul 23 14:37:28 2025: GUIDANCE_SMGR: closing session for UUID '39d86a3c-bbfc-47c8-9e2a-6cc50d16330f' with name ''
Wed Jul 23 14:37:28 2025: STOP_SERVER received, server token: 1df41534-6787-11f0-81db-356bea69b329, passed token: 1df41534-6787-11f0-81db-356bea69b329
Wed Jul 23 14:37:28 2025: Socket received request to stop server.
Wed Jul 23 14:37:28 2025: Dispatch Server: do_await_stop
Wed Jul 23 14:37:28 2025: Dispatch Server: stopping mainFifo_
Wed Jul 23 14:37:28 2025: XCD main fifo: Stopping
Wed Jul 23 14:37:28 2025: XCD main fifo: do_read error code: Operation canceled
Wed Jul 23 14:37:28 2025: XCD main fifo: bytes_transferred: 0
Wed Jul 23 14:37:28 2025: SERVER: destructor for server bound to port 37251
Wed Jul 23 14:37:28 2025: XCD main fifo: Good unlink of /tmp/xcdmain1df41534-6787-11f0-81db-356bea69b329
Wed Jul 23 14:37:28 2025: Server exiting with status 0.
Wed Jul 23 14:37:28 2025: Closing log file.
Wed Jul 23 14:37:55 2025: Running xcd server. This server was built by gradle.
Wed Jul 23 14:37:55 2025: Server was asked to start on port: '60147'
Wed Jul 23 14:37:55 2025: Server is using token UUID: '2dd8d962-6787-11f0-81db-356bea69b329'
Wed Jul 23 14:37:55 2025: SESSION_MGR: creating session with session uuid: '6d04a3e9-ade5-4ab9-8d63-1f78fcd2ec76' and name 'default'
Wed Jul 23 14:37:55 2025: Attempting to start server on port '60147'
Wed Jul 23 14:37:55 2025: XCD main fifo: created main fifo '/tmp/xcdmain2dd8d962-6787-11f0-81db-356bea69b329', fd read = 11
Wed Jul 23 14:37:55 2025: Running Dispatch Server
Wed Jul 23 14:37:55 2025: Version 2.2.0
Wed Jul 23 14:37:56 2025: Dispatch Server: Accepted socket connection from client
Wed Jul 23 14:37:56 2025: Starting Socket connection
Wed Jul 23 14:37:56 2025: EXCHANGE_TOKEN received, server token: 2dd8d962-6787-11f0-81db-356bea69b329, passed token: 2dd8d962-6787-11f0-81db-356bea69b329
Wed Jul 23 14:37:56 2025: SESSION_MGR: creating session with session uuid: 'dff22b8a-24fc-432b-8282-9e5f272b4c94' and name 'Code Analyzer'
Wed Jul 23 14:37:56 2025: KERNEL_SVC: creating session with uuid: 'dff22b8a-24fc-432b-8282-9e5f272b4c94' and name 'Code Analyzer'
Wed Jul 23 14:37:56 2025: GUIDANCE_SMGR: creating guidance session with uuid: 'dff22b8a-24fc-432b-8282-9e5f272b4c94' and name 'Code Analyzer'
Wed Jul 23 14:38:00 2025: SESSION_MGR: closing session for UUID 'dff22b8a-24fc-432b-8282-9e5f272b4c94' with name ''
Wed Jul 23 14:38:00 2025: KERNEL_SVC: closing session for UUID 'dff22b8a-24fc-432b-8282-9e5f272b4c94' with name ''
Wed Jul 23 14:38:00 2025: GUIDANCE_SMGR: closing session for UUID 'dff22b8a-24fc-432b-8282-9e5f272b4c94' with name ''
Wed Jul 23 14:38:00 2025: STOP_SERVER received, server token: 2dd8d962-6787-11f0-81db-356bea69b329, passed token: 2dd8d962-6787-11f0-81db-356bea69b329
Wed Jul 23 14:38:00 2025: Socket received request to stop server.
Wed Jul 23 14:38:00 2025: Dispatch Server: do_await_stop
Wed Jul 23 14:38:00 2025: Dispatch Server: stopping mainFifo_
Wed Jul 23 14:38:00 2025: XCD main fifo: Stopping
Wed Jul 23 14:38:00 2025: XCD main fifo: do_read error code: Operation canceled
Wed Jul 23 14:38:00 2025: XCD main fifo: bytes_transferred: 0
Wed Jul 23 14:38:00 2025: SERVER: destructor for server bound to port 60147
Wed Jul 23 14:38:00 2025: XCD main fifo: Good unlink of /tmp/xcdmain2dd8d962-6787-11f0-81db-356bea69b329
Wed Jul 23 14:38:00 2025: Server exiting with status 0.
Wed Jul 23 14:38:00 2025: Closing log file.
Wed Jul 23 14:41:13 2025: Running xcd server. This server was built by gradle.
Wed Jul 23 14:41:13 2025: Server was asked to start on port: '47715'
Wed Jul 23 14:41:13 2025: Server is using token UUID: 'a42acbac-6787-11f0-81db-356bea69b329'
Wed Jul 23 14:41:13 2025: SESSION_MGR: creating session with session uuid: '6d04a3e9-ade5-4ab9-8d63-1f78fcd2ec76' and name 'default'
Wed Jul 23 14:41:13 2025: Attempting to start server on port '47715'
Wed Jul 23 14:41:13 2025: XCD main fifo: created main fifo '/tmp/xcdmaina42acbac-6787-11f0-81db-356bea69b329', fd read = 11
Wed Jul 23 14:41:13 2025: Running Dispatch Server
Wed Jul 23 14:41:13 2025: Version 2.2.0
Wed Jul 23 14:41:13 2025: Dispatch Server: Accepted socket connection from client
Wed Jul 23 14:41:13 2025: Starting Socket connection
Wed Jul 23 14:41:13 2025: EXCHANGE_TOKEN received, server token: a42acbac-6787-11f0-81db-356bea69b329, passed token: a42acbac-6787-11f0-81db-356bea69b329
Wed Jul 23 14:41:13 2025: SESSION_MGR: creating session with session uuid: 'da8e3c1b-47e7-4f92-b130-8f21dacaddfd' and name 'Code Analyzer'
Wed Jul 23 14:41:13 2025: KERNEL_SVC: creating session with uuid: 'da8e3c1b-47e7-4f92-b130-8f21dacaddfd' and name 'Code Analyzer'
Wed Jul 23 14:41:13 2025: GUIDANCE_SMGR: creating guidance session with uuid: 'da8e3c1b-47e7-4f92-b130-8f21dacaddfd' and name 'Code Analyzer'
Wed Jul 23 14:41:15 2025: SESSION_MGR: closing session for UUID 'da8e3c1b-47e7-4f92-b130-8f21dacaddfd' with name ''
Wed Jul 23 14:41:15 2025: KERNEL_SVC: closing session for UUID 'da8e3c1b-47e7-4f92-b130-8f21dacaddfd' with name ''
Wed Jul 23 14:41:15 2025: GUIDANCE_SMGR: closing session for UUID 'da8e3c1b-47e7-4f92-b130-8f21dacaddfd' with name ''
Wed Jul 23 14:41:15 2025: STOP_SERVER received, server token: a42acbac-6787-11f0-81db-356bea69b329, passed token: a42acbac-6787-11f0-81db-356bea69b329
Wed Jul 23 14:41:15 2025: Socket received request to stop server.
Wed Jul 23 14:41:15 2025: Dispatch Server: do_await_stop
Wed Jul 23 14:41:15 2025: Dispatch Server: stopping mainFifo_
Wed Jul 23 14:41:15 2025: XCD main fifo: Stopping
Wed Jul 23 14:41:15 2025: XCD main fifo: do_read error code: Operation canceled
Wed Jul 23 14:41:15 2025: XCD main fifo: bytes_transferred: 0
Wed Jul 23 14:41:15 2025: SERVER: destructor for server bound to port 47715
Wed Jul 23 14:41:15 2025: XCD main fifo: Good unlink of /tmp/xcdmaina42acbac-6787-11f0-81db-356bea69b329
Wed Jul 23 14:41:15 2025: Server exiting with status 0.
Wed Jul 23 14:41:15 2025: Closing log file.
Wed Jul 23 14:42:24 2025: Running xcd server. This server was built by gradle.
Wed Jul 23 14:42:24 2025: Server was asked to start on port: '50363'
Wed Jul 23 14:42:24 2025: Server is using token UUID: 'cea98350-6787-11f0-81db-356bea69b329'
Wed Jul 23 14:42:24 2025: SESSION_MGR: creating session with session uuid: '6d04a3e9-ade5-4ab9-8d63-1f78fcd2ec76' and name 'default'
Wed Jul 23 14:42:24 2025: Attempting to start server on port '50363'
Wed Jul 23 14:42:24 2025: XCD main fifo: created main fifo '/tmp/xcdmaincea98350-6787-11f0-81db-356bea69b329', fd read = 11
Wed Jul 23 14:42:24 2025: Running Dispatch Server
Wed Jul 23 14:42:24 2025: Version 2.2.0
Wed Jul 23 14:42:26 2025: Dispatch Server: Accepted socket connection from client
Wed Jul 23 14:42:26 2025: Starting Socket connection
Wed Jul 23 14:42:26 2025: EXCHANGE_TOKEN received, server token: cea98350-6787-11f0-81db-356bea69b329, passed token: cea98350-6787-11f0-81db-356bea69b329
Wed Jul 23 14:42:26 2025: SESSION_MGR: creating session with session uuid: 'e1acf73d-50a2-46f0-a6ae-ffaa7bb53e09' and name 'Code Analyzer'
Wed Jul 23 14:42:26 2025: KERNEL_SVC: creating session with uuid: 'e1acf73d-50a2-46f0-a6ae-ffaa7bb53e09' and name 'Code Analyzer'
Wed Jul 23 14:42:26 2025: GUIDANCE_SMGR: creating guidance session with uuid: 'e1acf73d-50a2-46f0-a6ae-ffaa7bb53e09' and name 'Code Analyzer'
Wed Jul 23 14:42:27 2025: SESSION_MGR: closing session for UUID 'e1acf73d-50a2-46f0-a6ae-ffaa7bb53e09' with name ''
Wed Jul 23 14:42:27 2025: KERNEL_SVC: closing session for UUID 'e1acf73d-50a2-46f0-a6ae-ffaa7bb53e09' with name ''
Wed Jul 23 14:42:27 2025: GUIDANCE_SMGR: closing session for UUID 'e1acf73d-50a2-46f0-a6ae-ffaa7bb53e09' with name ''
Wed Jul 23 14:42:27 2025: STOP_SERVER received, server token: cea98350-6787-11f0-81db-356bea69b329, passed token: cea98350-6787-11f0-81db-356bea69b329
Wed Jul 23 14:42:27 2025: Socket received request to stop server.
Wed Jul 23 14:42:27 2025: Dispatch Server: do_await_stop
Wed Jul 23 14:42:27 2025: Dispatch Server: stopping mainFifo_
Wed Jul 23 14:42:27 2025: XCD main fifo: Stopping
Wed Jul 23 14:42:27 2025: XCD main fifo: do_read error code: Operation canceled
Wed Jul 23 14:42:27 2025: XCD main fifo: bytes_transferred: 0
Wed Jul 23 14:42:27 2025: SERVER: destructor for server bound to port 50363
Wed Jul 23 14:42:27 2025: XCD main fifo: Good unlink of /tmp/xcdmaincea98350-6787-11f0-81db-356bea69b329
Wed Jul 23 14:42:27 2025: Server exiting with status 0.
Wed Jul 23 14:42:27 2025: Closing log file.
Wed Jul 23 14:43:42 2025: Running xcd server. This server was built by gradle.
Wed Jul 23 14:43:42 2025: Server was asked to start on port: '43285'
Wed Jul 23 14:43:42 2025: Server is using token UUID: 'fca6b070-6787-11f0-81db-356bea69b329'
Wed Jul 23 14:43:42 2025: SESSION_MGR: creating session with session uuid: '6d04a3e9-ade5-4ab9-8d63-1f78fcd2ec76' and name 'default'
Wed Jul 23 14:43:42 2025: Attempting to start server on port '43285'
Wed Jul 23 14:43:42 2025: XCD main fifo: created main fifo '/tmp/xcdmainfca6b070-6787-11f0-81db-356bea69b329', fd read = 11
Wed Jul 23 14:43:42 2025: Running Dispatch Server
Wed Jul 23 14:43:42 2025: Version 2.2.0
Wed Jul 23 14:43:43 2025: Dispatch Server: Accepted socket connection from client
Wed Jul 23 14:43:43 2025: Starting Socket connection
Wed Jul 23 14:43:43 2025: EXCHANGE_TOKEN received, server token: fca6b070-6787-11f0-81db-356bea69b329, passed token: fca6b070-6787-11f0-81db-356bea69b329
Wed Jul 23 14:43:43 2025: SESSION_MGR: creating session with session uuid: '01cf9525-4a82-4142-b532-2d6e9ac19e7e' and name 'Code Analyzer'
Wed Jul 23 14:43:43 2025: KERNEL_SVC: creating session with uuid: '01cf9525-4a82-4142-b532-2d6e9ac19e7e' and name 'Code Analyzer'
Wed Jul 23 14:43:43 2025: GUIDANCE_SMGR: creating guidance session with uuid: '01cf9525-4a82-4142-b532-2d6e9ac19e7e' and name 'Code Analyzer'
Wed Jul 23 14:43:45 2025: SESSION_MGR: closing session for UUID '01cf9525-4a82-4142-b532-2d6e9ac19e7e' with name ''
Wed Jul 23 14:43:45 2025: KERNEL_SVC: closing session for UUID '01cf9525-4a82-4142-b532-2d6e9ac19e7e' with name ''
Wed Jul 23 14:43:45 2025: GUIDANCE_SMGR: closing session for UUID '01cf9525-4a82-4142-b532-2d6e9ac19e7e' with name ''
Wed Jul 23 14:43:45 2025: STOP_SERVER received, server token: fca6b070-6787-11f0-81db-356bea69b329, passed token: fca6b070-6787-11f0-81db-356bea69b329
Wed Jul 23 14:43:45 2025: Socket received request to stop server.
Wed Jul 23 14:43:45 2025: Dispatch Server: do_await_stop
Wed Jul 23 14:43:45 2025: Dispatch Server: stopping mainFifo_
Wed Jul 23 14:43:45 2025: XCD main fifo: Stopping
Wed Jul 23 14:43:45 2025: XCD main fifo: do_read error code: Operation canceled
Wed Jul 23 14:43:45 2025: XCD main fifo: bytes_transferred: 0
Wed Jul 23 14:43:45 2025: SERVER: destructor for server bound to port 43285
Wed Jul 23 14:43:45 2025: XCD main fifo: Good unlink of /tmp/xcdmainfca6b070-6787-11f0-81db-356bea69b329
Wed Jul 23 14:43:45 2025: Server exiting with status 0.
Wed Jul 23 14:43:45 2025: Closing log file.
Wed Jul 23 14:45:03 2025: Running xcd server. This server was built by gradle.
Wed Jul 23 14:45:03 2025: Server was asked to start on port: '50607'
Wed Jul 23 14:45:03 2025: Server is using token UUID: '2e165b2e-6788-11f0-81db-356bea69b329'
Wed Jul 23 14:45:03 2025: SESSION_MGR: creating session with session uuid: '6d04a3e9-ade5-4ab9-8d63-1f78fcd2ec76' and name 'default'
Wed Jul 23 14:45:03 2025: Attempting to start server on port '50607'
Wed Jul 23 14:45:03 2025: XCD main fifo: created main fifo '/tmp/xcdmain2e165b2e-6788-11f0-81db-356bea69b329', fd read = 11
Wed Jul 23 14:45:03 2025: Running Dispatch Server
Wed Jul 23 14:45:03 2025: Version 2.2.0
Wed Jul 23 14:45:03 2025: Dispatch Server: Accepted socket connection from client
Wed Jul 23 14:45:03 2025: Starting Socket connection
Wed Jul 23 14:45:03 2025: EXCHANGE_TOKEN received, server token: 2e165b2e-6788-11f0-81db-356bea69b329, passed token: 2e165b2e-6788-11f0-81db-356bea69b329
Wed Jul 23 14:45:03 2025: SESSION_MGR: creating session with session uuid: 'b74e292b-3574-4534-9301-00d318a0cea0' and name 'Code Analyzer'
Wed Jul 23 14:45:03 2025: KERNEL_SVC: creating session with uuid: 'b74e292b-3574-4534-9301-00d318a0cea0' and name 'Code Analyzer'
Wed Jul 23 14:45:03 2025: GUIDANCE_SMGR: creating guidance session with uuid: 'b74e292b-3574-4534-9301-00d318a0cea0' and name 'Code Analyzer'
Wed Jul 23 14:45:05 2025: SESSION_MGR: closing session for UUID 'b74e292b-3574-4534-9301-00d318a0cea0' with name ''
Wed Jul 23 14:45:05 2025: KERNEL_SVC: closing session for UUID 'b74e292b-3574-4534-9301-00d318a0cea0' with name ''
Wed Jul 23 14:45:05 2025: GUIDANCE_SMGR: closing session for UUID 'b74e292b-3574-4534-9301-00d318a0cea0' with name ''
Wed Jul 23 14:45:05 2025: STOP_SERVER received, server token: 2e165b2e-6788-11f0-81db-356bea69b329, passed token: 2e165b2e-6788-11f0-81db-356bea69b329
Wed Jul 23 14:45:05 2025: Socket received request to stop server.
Wed Jul 23 14:45:05 2025: Dispatch Server: do_await_stop
Wed Jul 23 14:45:05 2025: Dispatch Server: stopping mainFifo_
Wed Jul 23 14:45:05 2025: XCD main fifo: Stopping
Wed Jul 23 14:45:05 2025: XCD main fifo: do_read error code: Operation canceled
Wed Jul 23 14:45:05 2025: XCD main fifo: bytes_transferred: 0
Wed Jul 23 14:45:05 2025: SERVER: destructor for server bound to port 50607
Wed Jul 23 14:45:05 2025: XCD main fifo: Good unlink of /tmp/xcdmain2e165b2e-6788-11f0-81db-356bea69b329
Wed Jul 23 14:45:05 2025: Server exiting with status 0.
Wed Jul 23 14:45:05 2025: Closing log file.
Wed Jul 23 14:47:01 2025: Running xcd server. This server was built by gradle.
Wed Jul 23 14:47:01 2025: Server was asked to start on port: '45053'
Wed Jul 23 14:47:01 2025: Server is using token UUID: '734f0f38-6788-11f0-81db-356bea69b329'
Wed Jul 23 14:47:01 2025: SESSION_MGR: creating session with session uuid: '6d04a3e9-ade5-4ab9-8d63-1f78fcd2ec76' and name 'default'
Wed Jul 23 14:47:01 2025: Attempting to start server on port '45053'
Wed Jul 23 14:47:01 2025: XCD main fifo: created main fifo '/tmp/xcdmain734f0f38-6788-11f0-81db-356bea69b329', fd read = 11
Wed Jul 23 14:47:01 2025: Running Dispatch Server
Wed Jul 23 14:47:01 2025: Version 2.2.0
Wed Jul 23 14:47:01 2025: Dispatch Server: Accepted socket connection from client
Wed Jul 23 14:47:01 2025: Starting Socket connection
Wed Jul 23 14:47:01 2025: EXCHANGE_TOKEN received, server token: 734f0f38-6788-11f0-81db-356bea69b329, passed token: 734f0f38-6788-11f0-81db-356bea69b329
Wed Jul 23 14:47:01 2025: SESSION_MGR: creating session with session uuid: 'f44fc69f-5d6e-4efa-aed9-e5fb1ed9bbb5' and name 'Code Analyzer'
Wed Jul 23 14:47:01 2025: KERNEL_SVC: creating session with uuid: 'f44fc69f-5d6e-4efa-aed9-e5fb1ed9bbb5' and name 'Code Analyzer'
Wed Jul 23 14:47:01 2025: GUIDANCE_SMGR: creating guidance session with uuid: 'f44fc69f-5d6e-4efa-aed9-e5fb1ed9bbb5' and name 'Code Analyzer'
Wed Jul 23 14:47:03 2025: SESSION_MGR: closing session for UUID 'f44fc69f-5d6e-4efa-aed9-e5fb1ed9bbb5' with name ''
Wed Jul 23 14:47:03 2025: KERNEL_SVC: closing session for UUID 'f44fc69f-5d6e-4efa-aed9-e5fb1ed9bbb5' with name ''
Wed Jul 23 14:47:03 2025: GUIDANCE_SMGR: closing session for UUID 'f44fc69f-5d6e-4efa-aed9-e5fb1ed9bbb5' with name ''
Wed Jul 23 14:47:03 2025: STOP_SERVER received, server token: 734f0f38-6788-11f0-81db-356bea69b329, passed token: 734f0f38-6788-11f0-81db-356bea69b329
Wed Jul 23 14:47:03 2025: Socket received request to stop server.
Wed Jul 23 14:47:03 2025: Dispatch Server: do_await_stop
Wed Jul 23 14:47:03 2025: Dispatch Server: stopping mainFifo_
Wed Jul 23 14:47:03 2025: XCD main fifo: Stopping
Wed Jul 23 14:47:03 2025: XCD main fifo: do_read error code: Operation canceled
Wed Jul 23 14:47:03 2025: XCD main fifo: bytes_transferred: 0
Wed Jul 23 14:47:03 2025: SERVER: destructor for server bound to port 45053
Wed Jul 23 14:47:03 2025: XCD main fifo: Good unlink of /tmp/xcdmain734f0f38-6788-11f0-81db-356bea69b329
Wed Jul 23 14:47:03 2025: Server exiting with status 0.
Wed Jul 23 14:47:03 2025: Closing log file.
Thu Jul 24 15:08:10 2025: Running xcd server. This server was built by gradle.
Thu Jul 24 15:08:10 2025: Server was asked to start on port: '49613'
Thu Jul 24 15:08:10 2025: Server is using token UUID: '922cc77a-6854-11f0-a662-95f89f7886fe'
Thu Jul 24 15:08:10 2025: SESSION_MGR: creating session with session uuid: '6d04a3e9-ade5-4ab9-8d63-1f78fcd2ec76' and name 'default'
Thu Jul 24 15:08:10 2025: Attempting to start server on port '49613'
Thu Jul 24 15:08:10 2025: XCD main fifo: created main fifo '/tmp/xcdmain922cc77a-6854-11f0-a662-95f89f7886fe', fd read = 11
Thu Jul 24 15:08:10 2025: Running Dispatch Server
Thu Jul 24 15:08:10 2025: Version 2.2.0
Thu Jul 24 15:08:11 2025: Dispatch Server: Accepted socket connection from client
Thu Jul 24 15:08:11 2025: Starting Socket connection
Thu Jul 24 15:08:11 2025: EXCHANGE_TOKEN received, server token: 922cc77a-6854-11f0-a662-95f89f7886fe, passed token: 922cc77a-6854-11f0-a662-95f89f7886fe
Thu Jul 24 15:08:11 2025: SESSION_MGR: creating session with session uuid: 'a63b2e20-c49b-4b3d-b22b-9505c4e09164' and name 'Code Analyzer'
Thu Jul 24 15:08:11 2025: KERNEL_SVC: creating session with uuid: 'a63b2e20-c49b-4b3d-b22b-9505c4e09164' and name 'Code Analyzer'
Thu Jul 24 15:08:11 2025: GUIDANCE_SMGR: creating guidance session with uuid: 'a63b2e20-c49b-4b3d-b22b-9505c4e09164' and name 'Code Analyzer'
Thu Jul 24 15:08:11 2025: SESSION_MGR: closing session for UUID 'a63b2e20-c49b-4b3d-b22b-9505c4e09164' with name ''
Thu Jul 24 15:08:11 2025: KERNEL_SVC: closing session for UUID 'a63b2e20-c49b-4b3d-b22b-9505c4e09164' with name ''
Thu Jul 24 15:08:11 2025: GUIDANCE_SMGR: closing session for UUID 'a63b2e20-c49b-4b3d-b22b-9505c4e09164' with name ''
Thu Jul 24 15:08:11 2025: STOP_SERVER received, server token: 922cc77a-6854-11f0-a662-95f89f7886fe, passed token: 922cc77a-6854-11f0-a662-95f89f7886fe
Thu Jul 24 15:08:11 2025: Socket received request to stop server.
Thu Jul 24 15:08:11 2025: Dispatch Server: do_await_stop
Thu Jul 24 15:08:11 2025: Dispatch Server: stopping mainFifo_
Thu Jul 24 15:08:11 2025: XCD main fifo: Stopping
Thu Jul 24 15:08:11 2025: XCD main fifo: do_read error code: Operation canceled
Thu Jul 24 15:08:11 2025: XCD main fifo: bytes_transferred: 0
Thu Jul 24 15:08:11 2025: SERVER: destructor for server bound to port 49613
Thu Jul 24 15:08:11 2025: XCD main fifo: Good unlink of /tmp/xcdmain922cc77a-6854-11f0-a662-95f89f7886fe
Thu Jul 24 15:08:11 2025: Server exiting with status 0.
Thu Jul 24 15:08:11 2025: Closing log file.
Thu Jul 24 15:08:52 2025: Running xcd server. This server was built by gradle.
Thu Jul 24 15:08:52 2025: Server was asked to start on port: '35689'
Thu Jul 24 15:08:52 2025: Server is using token UUID: 'ab8efc9c-6854-11f0-a662-95f89f7886fe'
Thu Jul 24 15:08:52 2025: SESSION_MGR: creating session with session uuid: '6d04a3e9-ade5-4ab9-8d63-1f78fcd2ec76' and name 'default'
Thu Jul 24 15:08:52 2025: Attempting to start server on port '35689'
Thu Jul 24 15:08:52 2025: XCD main fifo: created main fifo '/tmp/xcdmainab8efc9c-6854-11f0-a662-95f89f7886fe', fd read = 11
Thu Jul 24 15:08:52 2025: Running Dispatch Server
Thu Jul 24 15:08:52 2025: Version 2.2.0
Thu Jul 24 15:08:54 2025: Dispatch Server: Accepted socket connection from client
Thu Jul 24 15:08:54 2025: Starting Socket connection
Thu Jul 24 15:08:54 2025: EXCHANGE_TOKEN received, server token: ab8efc9c-6854-11f0-a662-95f89f7886fe, passed token: ab8efc9c-6854-11f0-a662-95f89f7886fe
Thu Jul 24 15:08:54 2025: SESSION_MGR: creating session with session uuid: 'c1cf21df-b973-4168-b0ad-f53ac42f18f7' and name 'Code Analyzer'
Thu Jul 24 15:08:54 2025: KERNEL_SVC: creating session with uuid: 'c1cf21df-b973-4168-b0ad-f53ac42f18f7' and name 'Code Analyzer'
Thu Jul 24 15:08:54 2025: GUIDANCE_SMGR: creating guidance session with uuid: 'c1cf21df-b973-4168-b0ad-f53ac42f18f7' and name 'Code Analyzer'
Thu Jul 24 15:09:01 2025: SESSION_MGR: closing session for UUID 'c1cf21df-b973-4168-b0ad-f53ac42f18f7' with name ''
Thu Jul 24 15:09:01 2025: KERNEL_SVC: closing session for UUID 'c1cf21df-b973-4168-b0ad-f53ac42f18f7' with name ''
Thu Jul 24 15:09:01 2025: GUIDANCE_SMGR: closing session for UUID 'c1cf21df-b973-4168-b0ad-f53ac42f18f7' with name ''
Thu Jul 24 15:09:01 2025: STOP_SERVER received, server token: ab8efc9c-6854-11f0-a662-95f89f7886fe, passed token: ab8efc9c-6854-11f0-a662-95f89f7886fe
Thu Jul 24 15:09:01 2025: Socket received request to stop server.
Thu Jul 24 15:09:01 2025: Dispatch Server: do_await_stop
Thu Jul 24 15:09:01 2025: Dispatch Server: stopping mainFifo_
Thu Jul 24 15:09:01 2025: XCD main fifo: Stopping
Thu Jul 24 15:09:01 2025: XCD main fifo: do_read error code: Operation canceled
Thu Jul 24 15:09:01 2025: XCD main fifo: bytes_transferred: 0
Thu Jul 24 15:09:01 2025: SERVER: destructor for server bound to port 35689
Thu Jul 24 15:09:01 2025: XCD main fifo: Good unlink of /tmp/xcdmainab8efc9c-6854-11f0-a662-95f89f7886fe
Thu Jul 24 15:09:01 2025: Server exiting with status 0.
Thu Jul 24 15:09:01 2025: Closing log file.
Thu Jul 24 15:12:47 2025: Running xcd server. This server was built by gradle.
Thu Jul 24 15:12:47 2025: Server was asked to start on port: '51103'
Thu Jul 24 15:12:47 2025: Server is using token UUID: '3748b93a-6855-11f0-a662-95f89f7886fe'
Thu Jul 24 15:12:47 2025: SESSION_MGR: creating session with session uuid: '6d04a3e9-ade5-4ab9-8d63-1f78fcd2ec76' and name 'default'
Thu Jul 24 15:12:47 2025: Attempting to start server on port '51103'
Thu Jul 24 15:12:47 2025: XCD main fifo: created main fifo '/tmp/xcdmain3748b93a-6855-11f0-a662-95f89f7886fe', fd read = 11
Thu Jul 24 15:12:47 2025: Running Dispatch Server
Thu Jul 24 15:12:47 2025: Version 2.2.0
Thu Jul 24 15:12:48 2025: Dispatch Server: Accepted socket connection from client
Thu Jul 24 15:12:48 2025: Starting Socket connection
Thu Jul 24 15:12:48 2025: EXCHANGE_TOKEN received, server token: 3748b93a-6855-11f0-a662-95f89f7886fe, passed token: 3748b93a-6855-11f0-a662-95f89f7886fe
Thu Jul 24 15:12:48 2025: SESSION_MGR: creating session with session uuid: '80d11070-9595-4a08-8d1f-957d8634f0d6' and name 'Code Analyzer'
Thu Jul 24 15:12:48 2025: KERNEL_SVC: creating session with uuid: '80d11070-9595-4a08-8d1f-957d8634f0d6' and name 'Code Analyzer'
Thu Jul 24 15:12:48 2025: GUIDANCE_SMGR: creating guidance session with uuid: '80d11070-9595-4a08-8d1f-957d8634f0d6' and name 'Code Analyzer'
Thu Jul 24 15:12:50 2025: SESSION_MGR: closing session for UUID '80d11070-9595-4a08-8d1f-957d8634f0d6' with name ''
Thu Jul 24 15:12:50 2025: KERNEL_SVC: closing session for UUID '80d11070-9595-4a08-8d1f-957d8634f0d6' with name ''
Thu Jul 24 15:12:50 2025: GUIDANCE_SMGR: closing session for UUID '80d11070-9595-4a08-8d1f-957d8634f0d6' with name ''
Thu Jul 24 15:12:50 2025: STOP_SERVER received, server token: 3748b93a-6855-11f0-a662-95f89f7886fe, passed token: 3748b93a-6855-11f0-a662-95f89f7886fe
Thu Jul 24 15:12:50 2025: Socket received request to stop server.
Thu Jul 24 15:12:50 2025: Dispatch Server: do_await_stop
Thu Jul 24 15:12:50 2025: Dispatch Server: stopping mainFifo_
Thu Jul 24 15:12:50 2025: XCD main fifo: Stopping
Thu Jul 24 15:12:50 2025: XCD main fifo: do_read error code: Operation canceled
Thu Jul 24 15:12:50 2025: XCD main fifo: bytes_transferred: 0
Thu Jul 24 15:12:50 2025: SERVER: destructor for server bound to port 51103
Thu Jul 24 15:12:50 2025: XCD main fifo: Good unlink of /tmp/xcdmain3748b93a-6855-11f0-a662-95f89f7886fe
Thu Jul 24 15:12:50 2025: Server exiting with status 0.
Thu Jul 24 15:12:50 2025: Closing log file.
Thu Jul 24 15:13:19 2025: Running xcd server. This server was built by gradle.
Thu Jul 24 15:13:19 2025: Server was asked to start on port: '52929'
Thu Jul 24 15:13:19 2025: Server is using token UUID: '4ac86578-6855-11f0-a662-95f89f7886fe'
Thu Jul 24 15:13:19 2025: SESSION_MGR: creating session with session uuid: '6d04a3e9-ade5-4ab9-8d63-1f78fcd2ec76' and name 'default'
Thu Jul 24 15:13:19 2025: Attempting to start server on port '52929'
Thu Jul 24 15:13:19 2025: XCD main fifo: created main fifo '/tmp/xcdmain4ac86578-6855-11f0-a662-95f89f7886fe', fd read = 11
Thu Jul 24 15:13:19 2025: Running Dispatch Server
Thu Jul 24 15:13:19 2025: Version 2.2.0
Thu Jul 24 15:13:19 2025: Dispatch Server: Accepted socket connection from client
Thu Jul 24 15:13:19 2025: Starting Socket connection
Thu Jul 24 15:13:19 2025: EXCHANGE_TOKEN received, server token: 4ac86578-6855-11f0-a662-95f89f7886fe, passed token: 4ac86578-6855-11f0-a662-95f89f7886fe
Thu Jul 24 15:13:19 2025: SESSION_MGR: creating session with session uuid: 'b383d569-c9f7-46c5-9f89-6937d0e4baee' and name 'Code Analyzer'
Thu Jul 24 15:13:19 2025: KERNEL_SVC: creating session with uuid: 'b383d569-c9f7-46c5-9f89-6937d0e4baee' and name 'Code Analyzer'
Thu Jul 24 15:13:19 2025: GUIDANCE_SMGR: creating guidance session with uuid: 'b383d569-c9f7-46c5-9f89-6937d0e4baee' and name 'Code Analyzer'
Thu Jul 24 15:13:20 2025: SESSION_MGR: closing session for UUID 'b383d569-c9f7-46c5-9f89-6937d0e4baee' with name ''
Thu Jul 24 15:13:20 2025: KERNEL_SVC: closing session for UUID 'b383d569-c9f7-46c5-9f89-6937d0e4baee' with name ''
Thu Jul 24 15:13:20 2025: GUIDANCE_SMGR: closing session for UUID 'b383d569-c9f7-46c5-9f89-6937d0e4baee' with name ''
Thu Jul 24 15:13:20 2025: STOP_SERVER received, server token: 4ac86578-6855-11f0-a662-95f89f7886fe, passed token: 4ac86578-6855-11f0-a662-95f89f7886fe
Thu Jul 24 15:13:20 2025: Socket received request to stop server.
Thu Jul 24 15:13:20 2025: Dispatch Server: do_await_stop
Thu Jul 24 15:13:20 2025: Dispatch Server: stopping mainFifo_
Thu Jul 24 15:13:20 2025: XCD main fifo: Stopping
Thu Jul 24 15:13:20 2025: XCD main fifo: do_read error code: Operation canceled
Thu Jul 24 15:13:20 2025: XCD main fifo: bytes_transferred: 0
Thu Jul 24 15:13:20 2025: SERVER: destructor for server bound to port 52929
Thu Jul 24 15:13:20 2025: XCD main fifo: Good unlink of /tmp/xcdmain4ac86578-6855-11f0-a662-95f89f7886fe
Thu Jul 24 15:13:20 2025: Server exiting with status 0.
Thu Jul 24 15:13:20 2025: Closing log file.
