==============================================================
Vitis HLS - High-Level Synthesis from C, C++ and OpenCL v2024.2 (64-bit)
Tool Version Limit: 2024.11
Copyright 1986-2022 Xilinx, Inc. All Rights Reserved.
Copyright 2022-2024 Advanced Micro Devices, Inc. All Rights Reserved.

==============================================================
INFO: [HLS 200-1505] Using default flow_target 'vivado'
INFO: [HLS 200-1510] Running: set_part xc7z020clg400-1 
INFO: [HLS 200-1611] Setting target device to 'xc7z020-clg400-1'
INFO: [HLS 200-1510] Running: create_clock -period 10 
INFO: [SYN 201-201] Setting up clock 'default' with a period of 10ns.
INFO: [HLS 200-1510] Running: csim_design 
INFO: [SIM 211-2] *************** CSIM start ***************
INFO: [SIM 211-4] CSIM will launch CLANG as the compiler.
INFO: [HLS 200-2036] Building debug C Simulation binaries
INFO: [SIM 211-1] CSim done with 0 errors.
INFO: [SIM 211-3] *************** CSIM finish ***************
INFO: [HLS 200-2161] Finished Command csim_design Elapsed time: 00:00:03; Allocated memory: 16.000 MB.
INFO: [HLS 200-1510] Running: csynth_design 
INFO: [HLS 200-111] Finished File checks and directory preparation: CPU user time: 1.23 seconds. CPU system time: 0.12 seconds. Elapsed time: 2.66 seconds; current allocated memory: 343.660 MB.
INFO: [HLS 200-10] Analyzing design file 'sha3_256.c' ... 
INFO: [HLS 200-10] Analyzing design file 'fips202.c' ... 
INFO: [HLS 200-111] Finished Source Code Analysis and Preprocessing: CPU user time: 0.59 seconds. CPU system time: 0.62 seconds. Elapsed time: 1.67 seconds; current allocated memory: 345.953 MB.
INFO: [HLS 200-777] Using interface defaults for 'Vivado' flow target.
INFO: [HLS 200-1995] There were 1,303 instructions in the design after the 'Compile/Link' phase of compilation. See the Design Size Report for more details: /home/hyeon/vitis_hls/workspace/sha3_opt/sha3_hls_solution/hls/syn/report/csynth_design_size.rpt
INFO: [HLS 200-1995] There were 1,356 instructions in the design after the 'Unroll/Inline (step 1)' phase of compilation. See the Design Size Report for more details: /home/hyeon/vitis_hls/workspace/sha3_opt/sha3_hls_solution/hls/syn/report/csynth_design_size.rpt
INFO: [HLS 200-1995] There were 1,237 instructions in the design after the 'Unroll/Inline (step 2)' phase of compilation. See the Design Size Report for more details: /home/hyeon/vitis_hls/workspace/sha3_opt/sha3_hls_solution/hls/syn/report/csynth_design_size.rpt
INFO: [HLS 200-1995] There were 1,227 instructions in the design after the 'Unroll/Inline (step 3)' phase of compilation. See the Design Size Report for more details: /home/hyeon/vitis_hls/workspace/sha3_opt/sha3_hls_solution/hls/syn/report/csynth_design_size.rpt
INFO: [HLS 200-1995] There were 1,233 instructions in the design after the 'Unroll/Inline (step 4)' phase of compilation. See the Design Size Report for more details: /home/hyeon/vitis_hls/workspace/sha3_opt/sha3_hls_solution/hls/syn/report/csynth_design_size.rpt
INFO: [HLS 200-1995] There were 1,244 instructions in the design after the 'Array/Struct (step 1)' phase of compilation. See the Design Size Report for more details: /home/hyeon/vitis_hls/workspace/sha3_opt/sha3_hls_solution/hls/syn/report/csynth_design_size.rpt
INFO: [HLS 200-1995] There were 1,244 instructions in the design after the 'Array/Struct (step 2)' phase of compilation. See the Design Size Report for more details: /home/hyeon/vitis_hls/workspace/sha3_opt/sha3_hls_solution/hls/syn/report/csynth_design_size.rpt
INFO: [HLS 200-1995] There were 1,244 instructions in the design after the 'Array/Struct (step 3)' phase of compilation. See the Design Size Report for more details: /home/hyeon/vitis_hls/workspace/sha3_opt/sha3_hls_solution/hls/syn/report/csynth_design_size.rpt
INFO: [HLS 200-1995] There were 1,244 instructions in the design after the 'Array/Struct (step 4)' phase of compilation. See the Design Size Report for more details: /home/hyeon/vitis_hls/workspace/sha3_opt/sha3_hls_solution/hls/syn/report/csynth_design_size.rpt
INFO: [HLS 200-1995] There were 1,302 instructions in the design after the 'Array/Struct (step 5)' phase of compilation. See the Design Size Report for more details: /home/hyeon/vitis_hls/workspace/sha3_opt/sha3_hls_solution/hls/syn/report/csynth_design_size.rpt
INFO: [HLS 200-1995] There were 1,301 instructions in the design after the 'Performance (step 1)' phase of compilation. See the Design Size Report for more details: /home/hyeon/vitis_hls/workspace/sha3_opt/sha3_hls_solution/hls/syn/report/csynth_design_size.rpt
INFO: [HLS 200-1995] There were 1,248 instructions in the design after the 'Performance (step 2)' phase of compilation. See the Design Size Report for more details: /home/hyeon/vitis_hls/workspace/sha3_opt/sha3_hls_solution/hls/syn/report/csynth_design_size.rpt
INFO: [HLS 200-1995] There were 1,248 instructions in the design after the 'Performance (step 3)' phase of compilation. See the Design Size Report for more details: /home/hyeon/vitis_hls/workspace/sha3_opt/sha3_hls_solution/hls/syn/report/csynth_design_size.rpt
INFO: [HLS 200-1995] There were 1,248 instructions in the design after the 'Performance (step 4)' phase of compilation. See the Design Size Report for more details: /home/hyeon/vitis_hls/workspace/sha3_opt/sha3_hls_solution/hls/syn/report/csynth_design_size.rpt
INFO: [HLS 200-1995] There were 1,252 instructions in the design after the 'HW Transforms (step 1)' phase of compilation. See the Design Size Report for more details: /home/hyeon/vitis_hls/workspace/sha3_opt/sha3_hls_solution/hls/syn/report/csynth_design_size.rpt
INFO: [HLS 200-1995] There were 1,255 instructions in the design after the 'HW Transforms (step 2)' phase of compilation. See the Design Size Report for more details: /home/hyeon/vitis_hls/workspace/sha3_opt/sha3_hls_solution/hls/syn/report/csynth_design_size.rpt
INFO: [HLS 214-186] Unrolling loop 'VITIS_LOOP_26_1' (fips202.c:26:20) in function 'load64' completely with a factor of 8 (fips202.c:22:0)
INFO: [HLS 214-178] Inlining function 'load64' into 'keccak_absorb_once' (fips202.c:473:0)
INFO: [HLS 214-178] Inlining function 'store64' into 'pqcrystals_kyber_fips202_ref_sha3_256' (fips202.c:783:0)
INFO: [HLS 214-178] Inlining function 'pqcrystals_kyber_fips202_ref_sha3_256' into 'sha3_256_hw' (sha3_256.c:4:0)
WARNING: [HLS 214-167] The program may have out of bound array access on variable 'in' (fips202.c:28:17)
INFO: [HLS 214-376] automatically set the pipeline for Loop< VITIS_LOOP_477_1> at fips202.c:477:21 
INFO: [HLS 214-115] Multiple burst reads of variable length and bit width 8 in loop 'process_blocks_loop'(fips202.c:482:5) has been inferred on bundle 'gmem'. These burst requests might be further partitioned into multiple requests during RTL generation, based on max_read_burst_length or max_write_burst_length settings. (fips202.c:482:5)
INFO: [HLS 214-115] Multiple burst reads of variable length and bit width 8 in loop 'absorb_loop3'(fips202.c:515:16) has been inferred on bundle 'gmem'. These burst requests might be further partitioned into multiple requests during RTL generation, based on max_read_burst_length or max_write_burst_length settings. (fips202.c:515:16)
INFO: [HLS 214-115] Multiple burst writes of length 32 and bit width 8 in loop 'VITIS_LOOP_790_1'(fips202.c:790:21) has been inferred on bundle 'gmem'. These burst requests might be further partitioned into multiple requests during RTL generation, based on max_read_burst_length or max_write_burst_length settings. (fips202.c:790:21)
INFO: [HLS 200-111] Finished Compiling Optimization and Transform: CPU user time: 2.77 seconds. CPU system time: 0.59 seconds. Elapsed time: 7.66 seconds; current allocated memory: 348.109 MB.
INFO: [HLS 200-111] Finished Checking Pragmas: CPU user time: 0 seconds. CPU system time: 0 seconds. Elapsed time: 0 seconds; current allocated memory: 348.109 MB.
INFO: [HLS 200-10] Starting code transformations ...
INFO: [HLS 200-111] Finished Standard Transforms: CPU user time: 0.05 seconds. CPU system time: 0 seconds. Elapsed time: 0.04 seconds; current allocated memory: 348.574 MB.
INFO: [HLS 200-10] Checking synthesizability ...
INFO: [HLS 200-111] Finished Checking Synthesizability: CPU user time: 0.04 seconds. CPU system time: 0 seconds. Elapsed time: 0.04 seconds; current allocated memory: 349.242 MB.
INFO: [XFORM 203-11] Balancing expressions in function 'KeccakF1600_StatePermute' (fips202.c:84:1)...70 expression(s) balanced.
INFO: [HLS 200-111] Finished Loop, function and other optimizations: CPU user time: 0.13 seconds. CPU system time: 0.03 seconds. Elapsed time: 0.15 seconds; current allocated memory: 373.020 MB.
INFO: [HLS 200-2061] Successfully converted nested loops 'VITIS_LOOP_790_1'(fips202.c:790:21) and 'VITIS_LOOP_44_1'(fips202.c:44:20) in function 'sha3_256_hw' into perfectly nested loops.
INFO: [XFORM 203-541] Flattening a loop nest 'VITIS_LOOP_790_1' (fips202.c:790:21) in function 'sha3_256_hw'.
INFO: [HLS 200-111] Finished Architecture Synthesis: CPU user time: 0.2 seconds. CPU system time: 0.02 seconds. Elapsed time: 0.22 seconds; current allocated memory: 403.801 MB.
INFO: [HLS 200-10] Starting hardware synthesis ...
INFO: [HLS 200-10] Synthesizing 'sha3_256_hw' ...
WARNING: [SYN 201-103] Legalizing function name 'keccak_absorb_once.1_Pipeline_VITIS_LOOP_477_1' to 'keccak_absorb_once_1_Pipeline_VITIS_LOOP_477_1'.
WARNING: [SYN 201-103] Legalizing function name 'keccak_absorb_once.1' to 'keccak_absorb_once_1'.
INFO: [HLS 200-10] ----------------------------------------------------------------
INFO: [HLS 200-42] -- Implementing module 'keccak_absorb_once_1_Pipeline_VITIS_LOOP_477_1' 
INFO: [HLS 200-10] ----------------------------------------------------------------
INFO: [SCHED 204-11] Starting scheduling ...
INFO: [SCHED 204-61] Pipelining loop 'VITIS_LOOP_477_1'.
INFO: [HLS 200-1470] Pipelining result : Target II = NA, Final II = 1, Depth = 1, loop 'VITIS_LOOP_477_1'
INFO: [SCHED 204-11] Finished scheduling.
INFO: [HLS 200-111] Finished Scheduling: CPU user time: 0.05 seconds. CPU system time: 0.01 seconds. Elapsed time: 0.07 seconds; current allocated memory: 404.578 MB.
INFO: [BIND 205-100] Starting micro-architecture generation ...
INFO: [BIND 205-101] Performing variable lifetime analysis.
INFO: [BIND 205-101] Exploring resource sharing.
INFO: [BIND 205-101] Binding ...
INFO: [BIND 205-100] Finished micro-architecture generation.
INFO: [HLS 200-111] Finished Binding: CPU user time: 0.01 seconds. CPU system time: 0 seconds. Elapsed time: 0.01 seconds; current allocated memory: 404.578 MB.
INFO: [HLS 200-10] ----------------------------------------------------------------
INFO: [HLS 200-42] -- Implementing module 'KeccakF1600_StatePermute_Pipeline_state_permute' 
INFO: [HLS 200-10] ----------------------------------------------------------------
INFO: [SCHED 204-11] Starting scheduling ...
INFO: [SCHED 204-61] Pipelining loop 'state_permute'.
INFO: [HLS 200-1470] Pipelining result : Target II = NA, Final II = 1, Depth = 3, loop 'state_permute'
INFO: [SCHED 204-11] Finished scheduling.
INFO: [HLS 200-111] Finished Scheduling: CPU user time: 0.81 seconds. CPU system time: 0.11 seconds. Elapsed time: 0.92 seconds; current allocated memory: 480.129 MB.
INFO: [BIND 205-100] Starting micro-architecture generation ...
INFO: [BIND 205-101] Performing variable lifetime analysis.
INFO: [BIND 205-101] Exploring resource sharing.
INFO: [BIND 205-101] Binding ...
INFO: [BIND 205-100] Finished micro-architecture generation.
INFO: [HLS 200-111] Finished Binding: CPU user time: 0.07 seconds. CPU system time: 0.01 seconds. Elapsed time: 0.06 seconds; current allocated memory: 480.129 MB.
INFO: [HLS 200-10] ----------------------------------------------------------------
INFO: [HLS 200-42] -- Implementing module 'KeccakF1600_StatePermute' 
INFO: [HLS 200-10] ----------------------------------------------------------------
INFO: [SCHED 204-11] Starting scheduling ...
INFO: [SCHED 204-11] Finished scheduling.
INFO: [HLS 200-111] Finished Scheduling: CPU user time: 0.08 seconds. CPU system time: 0 seconds. Elapsed time: 0.09 seconds; current allocated memory: 480.129 MB.
INFO: [BIND 205-100] Starting micro-architecture generation ...
INFO: [BIND 205-101] Performing variable lifetime analysis.
INFO: [BIND 205-101] Exploring resource sharing.
INFO: [BIND 205-101] Binding ...
INFO: [BIND 205-100] Finished micro-architecture generation.
INFO: [HLS 200-111] Finished Binding: CPU user time: 0.02 seconds. CPU system time: 0 seconds. Elapsed time: 0.02 seconds; current allocated memory: 480.129 MB.
INFO: [HLS 200-10] ----------------------------------------------------------------
INFO: [HLS 200-42] -- Implementing module 'keccak_absorb_once_1' 
INFO: [HLS 200-10] ----------------------------------------------------------------
INFO: [SCHED 204-11] Starting scheduling ...
INFO: [SCHED 204-11] Finished scheduling.
INFO: [HLS 200-111] Finished Scheduling: CPU user time: 0.08 seconds. CPU system time: 0.01 seconds. Elapsed time: 0.08 seconds; current allocated memory: 480.129 MB.
INFO: [BIND 205-100] Starting micro-architecture generation ...
INFO: [BIND 205-101] Performing variable lifetime analysis.
INFO: [BIND 205-101] Exploring resource sharing.
INFO: [BIND 205-101] Binding ...
INFO: [BIND 205-100] Finished micro-architecture generation.
INFO: [HLS 200-111] Finished Binding: CPU user time: 0.04 seconds. CPU system time: 0.01 seconds. Elapsed time: 0.04 seconds; current allocated memory: 480.129 MB.
INFO: [HLS 200-10] ----------------------------------------------------------------
INFO: [HLS 200-42] -- Implementing module 'sha3_256_hw' 
INFO: [HLS 200-10] ----------------------------------------------------------------
INFO: [SCHED 204-11] Starting scheduling ...
INFO: [SCHED 204-61] Pipelining loop 'VITIS_LOOP_790_1_VITIS_LOOP_44_1'.
INFO: [HLS 200-1470] Pipelining result : Target II = NA, Final II = 1, Depth = 4, loop 'VITIS_LOOP_790_1_VITIS_LOOP_44_1'
INFO: [SCHED 204-11] Finished scheduling.
INFO: [HLS 200-111] Finished Scheduling: CPU user time: 0.06 seconds. CPU system time: 0 seconds. Elapsed time: 0.07 seconds; current allocated memory: 480.129 MB.
INFO: [BIND 205-100] Starting micro-architecture generation ...
INFO: [BIND 205-101] Performing variable lifetime analysis.
INFO: [BIND 205-101] Exploring resource sharing.
INFO: [BIND 205-101] Binding ...
INFO: [BIND 205-100] Finished micro-architecture generation.
INFO: [HLS 200-111] Finished Binding: CPU user time: 0.02 seconds. CPU system time: 0 seconds. Elapsed time: 0.02 seconds; current allocated memory: 480.129 MB.
INFO: [HLS 200-10] ----------------------------------------------------------------
INFO: [HLS 200-10] -- Generating RTL for module 'keccak_absorb_once_1_Pipeline_VITIS_LOOP_477_1' 
INFO: [HLS 200-10] ----------------------------------------------------------------
INFO: [RTGEN 206-100] Finished creating RTL model for 'keccak_absorb_once_1_Pipeline_VITIS_LOOP_477_1'.
INFO: [HLS 200-111] Finished Creating RTL model: CPU user time: 0.04 seconds. CPU system time: 0 seconds. Elapsed time: 0.04 seconds; current allocated memory: 480.129 MB.
INFO: [HLS 200-10] ----------------------------------------------------------------
INFO: [HLS 200-10] -- Generating RTL for module 'KeccakF1600_StatePermute_Pipeline_state_permute' 
INFO: [HLS 200-10] ----------------------------------------------------------------
INFO: [SYN 201-210] Renamed object name 'KeccakF1600_StatePermute_Pipeline_state_permute_KeccakF_RoundConstants_ROM_AUTO_1R' to 'KeccakF1600_StatePermute_Pipeline_state_permute_KeccakF_RoundConstants_ROM_AUbkb' due to the length limit 80
INFO: [HLS 200-1030] Apply Unified Pipeline Control on module 'KeccakF1600_StatePermute_Pipeline_state_permute' pipeline 'state_permute' pipeline type 'loop pipeline'
INFO: [RTGEN 206-100] Finished creating RTL model for 'KeccakF1600_StatePermute_Pipeline_state_permute'.
INFO: [HLS 200-2168] Implementing memory 'sha3_256_hw_KeccakF1600_StatePermute_Pipeline_state_permute_KeccakF_RoundConstants_ROM_AUbkb' using auto ROMs with 2 copies to ensure enough ports to satisfy II or latency constraints.
INFO: [HLS 200-111] Finished Creating RTL model: CPU user time: 0.14 seconds. CPU system time: 0.01 seconds. Elapsed time: 0.19 seconds; current allocated memory: 480.129 MB.
INFO: [HLS 200-10] ----------------------------------------------------------------
INFO: [HLS 200-10] -- Generating RTL for module 'KeccakF1600_StatePermute' 
INFO: [HLS 200-10] ----------------------------------------------------------------
INFO: [RTGEN 206-100] Finished creating RTL model for 'KeccakF1600_StatePermute'.
INFO: [HLS 200-111] Finished Creating RTL model: CPU user time: 0.24 seconds. CPU system time: 0.02 seconds. Elapsed time: 0.27 seconds; current allocated memory: 480.129 MB.
INFO: [HLS 200-10] ----------------------------------------------------------------
INFO: [HLS 200-10] -- Generating RTL for module 'keccak_absorb_once_1' 
INFO: [HLS 200-10] ----------------------------------------------------------------
INFO: [RTGEN 206-100] Generating core module 'urem_64s_9ns_33_68_seq_1': 2 instance(s).
INFO: [RTGEN 206-100] Finished creating RTL model for 'keccak_absorb_once_1'.
INFO: [RTMG 210-278] Implementing memory 'sha3_256_hw_keccak_absorb_once_1_local_block_RAM_AUTO_1R1W' using auto RAMs.
INFO: [HLS 200-111] Finished Creating RTL model: CPU user time: 0.11 seconds. CPU system time: 0.01 seconds. Elapsed time: 0.15 seconds; current allocated memory: 480.129 MB.
INFO: [HLS 200-10] ----------------------------------------------------------------
INFO: [HLS 200-10] -- Generating RTL for module 'sha3_256_hw' 
INFO: [HLS 200-10] ----------------------------------------------------------------
WARNING: [RTGEN 206-101] Design contains AXI ports. Reset is fixed to synchronous and active low.
INFO: [RTGEN 206-500] Setting interface mode on port 'sha3_256_hw/gmem' to 'm_axi'.
INFO: [RTGEN 206-500] Setting interface mode on port 'sha3_256_hw/out_r' to 's_axilite & ap_none'.
INFO: [RTGEN 206-500] Setting interface mode on port 'sha3_256_hw/in_r' to 's_axilite & ap_none'.
INFO: [RTGEN 206-500] Setting interface mode on port 'sha3_256_hw/inlen' to 's_axilite & ap_none'.
INFO: [RTGEN 206-500] Setting interface mode on function 'sha3_256_hw' to 's_axilite & ap_ctrl_hs'.
INFO: [RTGEN 206-100] Bundling port 'inlen' and 'return' to AXI-Lite port control.
INFO: [RTGEN 206-100] Bundling port 'out_r' and 'in_r' to AXI-Lite port control_r.
INFO: [RTGEN 206-100] Finished creating RTL model for 'sha3_256_hw'.
INFO: [RTMG 210-278] Implementing memory 'sha3_256_hw_s_RAM_AUTO_1R1W' using auto RAMs.
INFO: [HLS 200-111] Finished Creating RTL model: CPU user time: 0.13 seconds. CPU system time: 0 seconds. Elapsed time: 0.14 seconds; current allocated memory: 480.129 MB.
INFO: [HLS 200-111] Finished Generating all RTL models: CPU user time: 0.22 seconds. CPU system time: 0.03 seconds. Elapsed time: 0.25 seconds; current allocated memory: 480.129 MB.
INFO: [HLS 200-1603] Design has inferred MAXI bursts and missed bursts, see Vitis HLS GUI synthesis summary report for detailed information.
INFO: [HLS 200-111] Finished Updating report files: CPU user time: 0.59 seconds. CPU system time: 0.04 seconds. Elapsed time: 0.63 seconds; current allocated memory: 480.129 MB.
INFO: [VHDL 208-304] Generating VHDL RTL for sha3_256_hw.
INFO: [VLOG 209-307] Generating Verilog RTL for sha3_256_hw.
INFO: [HLS 200-790] **** Loop Constraint Status: All loop constraints were satisfied.
INFO: [HLS 200-789] **** Estimated Fmax: 136.99 MHz
INFO: [HLS 200-2161] Finished Command csynth_design Elapsed time: 00:00:15; Allocated memory: 152.836 MB.
INFO: [HLS 200-1510] Running: cosim_design -trace_level all -tool xsim 
INFO: [COSIM 212-47] Using XSIM for RTL simulation.
INFO: [COSIM 212-14] Instrumenting C test bench ...
INFO: [COSIM 212-302] Starting C TB testing ... 
INFO: [COSIM 212-333] Generating C post check test bench ...
INFO: [COSIM 212-12] Generating RTL test bench ...
INFO: [COSIM 212-1] *** C/RTL co-simulation file generation completed. ***
INFO: [COSIM 212-323] Starting verilog simulation. 
INFO: [COSIM 212-15] Starting XSIM ...
INFO: [COSIM 212-316] Starting C post checking ...
INFO: [COSIM 212-1000] *** C/RTL co-simulation finished: PASS ***
INFO: [COSIM 212-211] II is measurable only when transaction number is greater than 1 in RTL simulation. Otherwise, they will be marked as all NA. If user wants to calculate them, please make sure there are at least 2 transactions in RTL simulation.
INFO: [HLS 200-2161] Finished Command cosim_design Elapsed time: 00:00:26; Allocated memory: 8.000 MB.
INFO: [HLS 200-1510] Running: export_design -format ip_catalog 
INFO: [IMPL 213-8] Exporting RTL as a Vivado IP.
INFO: [HLS 200-802] Generated output file sha3_hls_solution/hls/impl/export.zip
INFO: [HLS 200-2161] Finished Command export_design Elapsed time: 00:00:13; Allocated memory: 0.000 MB.
