

================================================================
== Vitis HLS Report for 'KeccakF1600_StatePermute'
================================================================
* Date:           Wed Jul 30 13:32:55 2025

* Version:        2024.2 (Build 5238294 on Nov  8 2024)
* Project:        sha3_hls_solution
* Solution:       hls (Vivado IP Flow Target)
* Product family: zynq
* Target device:  xc7z020-clg400-1


================================================================
== Performance Estimates
================================================================
+ Timing: 
    * Summary: 
    +--------+----------+----------+------------+
    |  Clock |  Target  | Estimated| Uncertainty|
    +--------+----------+----------+------------+
    |ap_clk  |  10.00 ns|  6.538 ns|     2.70 ns|
    +--------+----------+----------+------------+

+ Latency: 
    * Summary: 
    +---------+---------+----------+----------+-----+-----+---------+
    |  Latency (cycles) |  Latency (absolute) |  Interval | Pipeline|
    |   min   |   max   |    min   |    max   | min | max |   Type  |
    +---------+---------+----------+----------+-----+-----+---------+
    |       62|       62|  0.620 us|  0.620 us|   62|   62|       no|
    +---------+---------+----------+----------+-----+-----+---------+

    + Detail: 
        * Instance: 
        N/A

        * Loop: 
        +-----------------+---------+---------+----------+-----------+-----------+------+----------+
        |                 |  Latency (cycles) | Iteration|  Initiation Interval  | Trip |          |
        |    Loop Name    |   min   |   max   |  Latency |  achieved |   target  | Count| Pipelined|
        +-----------------+---------+---------+----------+-----------+-----------+------+----------+
        |- state_permute  |       36|       36|         3|          -|          -|    12|        no|
        +-----------------+---------+---------+----------+-----------+-----------+------+----------+



================================================================
== Utilization Estimates
================================================================
* Summary: 
+-----------------+---------+-----+--------+-------+-----+
|       Name      | BRAM_18K| DSP |   FF   |  LUT  | URAM|
+-----------------+---------+-----+--------+-------+-----+
|DSP              |        -|    -|       -|      -|    -|
|Expression       |        -|    -|       0|  16154|    -|
|FIFO             |        -|    -|       -|      -|    -|
|Instance         |        -|    -|       -|      -|    -|
|Memory           |        2|    -|       0|      0|    -|
|Multiplexer      |        -|    -|       0|    746|    -|
|Register         |        -|    -|    3238|      -|    -|
+-----------------+---------+-----+--------+-------+-----+
|Total            |        2|    0|    3238|  16900|    0|
+-----------------+---------+-----+--------+-------+-----+
|Available        |      280|  220|  106400|  53200|    0|
+-----------------+---------+-----+--------+-------+-----+
|Utilization (%)  |       ~0|    0|       3|     31|    0|
+-----------------+---------+-----+--------+-------+-----+

+ Detail: 
    * Instance: 
    N/A

    * DSP: 
    N/A

    * Memory: 
    +--------------------------+-------------------------------------------------------------+---------+---+----+-----+------+-----+------+-------------+
    |          Memory          |                            Module                           | BRAM_18K| FF| LUT| URAM| Words| Bits| Banks| W*Bits*Banks|
    +--------------------------+-------------------------------------------------------------+---------+---+----+-----+------+-----+------+-------------+
    |KeccakF_RoundConstants_U  |KeccakF1600_StatePermute_KeccakF_RoundConstants_ROM_AUTO_1R  |        2|  0|   0|    0|    24|   64|     1|         1536|
    +--------------------------+-------------------------------------------------------------+---------+---+----+-----+------+-----+------+-------------+
    |Total                     |                                                             |        2|  0|   0|    0|    24|   64|     1|         1536|
    +--------------------------+-------------------------------------------------------------+---------+---+----+-----+------+-----+------+-------------+

    * FIFO: 
    N/A

    * Expression: 
    +------------------------+----------+----+---+-----+------------+------------+
    |      Variable Name     | Operation| DSP| FF| LUT | Bitwidth P0| Bitwidth P1|
    +------------------------+----------+----+---+-----+------------+------------+
    |add_ln127_fu_841_p2     |         +|   0|  0|   13|           5|           2|
    |and_ln155_fu_1226_p2    |       and|   0|  0|   64|          64|          64|
    |and_ln156_fu_1250_p2    |       and|   0|  0|   64|          64|          64|
    |and_ln157_fu_1268_p2    |       and|   0|  0|   64|          64|          64|
    |and_ln158_fu_1286_p2    |       and|   0|  0|   64|          64|          64|
    |and_ln159_fu_1304_p2    |       and|   0|  0|   64|          64|          64|
    |and_ln171_fu_1762_p2    |       and|   0|  0|   64|          64|          64|
    |and_ln172_fu_1780_p2    |       and|   0|  0|   64|          64|          64|
    |and_ln173_fu_1798_p2    |       and|   0|  0|   64|          64|          64|
    |and_ln174_fu_1816_p2    |       and|   0|  0|   64|          64|          64|
    |and_ln175_fu_1834_p2    |       and|   0|  0|   64|          64|          64|
    |and_ln187_fu_1882_p2    |       and|   0|  0|   64|          64|          64|
    |and_ln188_fu_1900_p2    |       and|   0|  0|   64|          64|          64|
    |and_ln189_fu_1918_p2    |       and|   0|  0|   64|          64|          64|
    |and_ln190_fu_1936_p2    |       and|   0|  0|   64|          64|          64|
    |and_ln191_fu_1954_p2    |       and|   0|  0|   64|          64|          64|
    |and_ln203_fu_2002_p2    |       and|   0|  0|   64|          64|          64|
    |and_ln204_fu_2020_p2    |       and|   0|  0|   64|          64|          64|
    |and_ln205_fu_2038_p2    |       and|   0|  0|   64|          64|          64|
    |and_ln206_fu_2056_p2    |       and|   0|  0|   64|          64|          64|
    |and_ln207_fu_2074_p2    |       and|   0|  0|   64|          64|          64|
    |and_ln219_fu_2122_p2    |       and|   0|  0|   64|          64|          64|
    |and_ln220_fu_2140_p2    |       and|   0|  0|   64|          64|          64|
    |and_ln221_fu_2158_p2    |       and|   0|  0|   64|          64|          64|
    |and_ln222_fu_2176_p2    |       and|   0|  0|   64|          64|          64|
    |and_ln223_fu_2194_p2    |       and|   0|  0|   64|          64|          64|
    |and_ln250_fu_2574_p2    |       and|   0|  0|   64|          64|          64|
    |and_ln251_fu_2598_p2    |       and|   0|  0|   64|          64|          64|
    |and_ln252_fu_2616_p2    |       and|   0|  0|   64|          64|          64|
    |and_ln253_fu_2634_p2    |       and|   0|  0|   64|          64|          64|
    |and_ln254_fu_2652_p2    |       and|   0|  0|   64|          64|          64|
    |and_ln266_fu_2809_p2    |       and|   0|  0|   64|          64|          64|
    |and_ln267_fu_2827_p2    |       and|   0|  0|   64|          64|          64|
    |and_ln268_fu_2845_p2    |       and|   0|  0|   64|          64|          64|
    |and_ln269_fu_2863_p2    |       and|   0|  0|   64|          64|          64|
    |and_ln270_fu_2881_p2    |       and|   0|  0|   64|          64|          64|
    |and_ln282_fu_3036_p2    |       and|   0|  0|   64|          64|          64|
    |and_ln283_fu_3054_p2    |       and|   0|  0|   64|          64|          64|
    |and_ln284_fu_3072_p2    |       and|   0|  0|   64|          64|          64|
    |and_ln285_fu_3090_p2    |       and|   0|  0|   64|          64|          64|
    |and_ln286_fu_3108_p2    |       and|   0|  0|   64|          64|          64|
    |and_ln298_fu_3265_p2    |       and|   0|  0|   64|          64|          64|
    |and_ln299_fu_3283_p2    |       and|   0|  0|   64|          64|          64|
    |and_ln300_fu_3301_p2    |       and|   0|  0|   64|          64|          64|
    |and_ln301_fu_3319_p2    |       and|   0|  0|   64|          64|          64|
    |and_ln302_fu_3337_p2    |       and|   0|  0|   64|          64|          64|
    |and_ln314_fu_3494_p2    |       and|   0|  0|   64|          64|          64|
    |and_ln315_fu_3512_p2    |       and|   0|  0|   64|          64|          64|
    |and_ln316_fu_3530_p2    |       and|   0|  0|   64|          64|          64|
    |and_ln317_fu_3548_p2    |       and|   0|  0|   64|          64|          64|
    |and_ln318_fu_3566_p2    |       and|   0|  0|   64|          64|          64|
    |icmp_ln127_fu_820_p2    |      icmp|   0|  0|   13|           5|           5|
    |Aba_3_fu_2586_p2        |       xor|   0|  0|   64|          64|          64|
    |Aba_4_fu_1102_p2        |       xor|   0|  0|   64|          64|          64|
    |Abe_2_fu_1416_p2        |       xor|   0|  0|   64|          64|          64|
    |Abe_3_fu_2604_p2        |       xor|   0|  0|   64|          64|          64|
    |Abi_2_fu_1614_p2        |       xor|   0|  0|   64|          64|          64|
    |Abi_3_fu_2622_p2        |       xor|   0|  0|   64|          64|          64|
    |Abo_2_fu_1316_p2        |       xor|   0|  0|   64|          64|          64|
    |Abo_3_fu_2640_p2        |       xor|   0|  0|   64|          64|          64|
    |Abu_2_fu_1514_p2        |       xor|   0|  0|   64|          64|          64|
    |Abu_3_fu_2658_p2        |       xor|   0|  0|   64|          64|          64|
    |Aga_2_fu_1534_p2        |       xor|   0|  0|   64|          64|          64|
    |Aga_3_fu_2815_p2        |       xor|   0|  0|   64|          64|          64|
    |Age_2_fu_1108_p2        |       xor|   0|  0|   64|          64|          64|
    |Age_3_fu_2833_p2        |       xor|   0|  0|   64|          64|          64|
    |Agi_2_fu_1434_p2        |       xor|   0|  0|   64|          64|          64|
    |Agi_3_fu_2851_p2        |       xor|   0|  0|   64|          64|          64|
    |Ago_2_fu_1634_p2        |       xor|   0|  0|   64|          64|          64|
    |Ago_3_fu_2869_p2        |       xor|   0|  0|   64|          64|          64|
    |Agu_2_fu_1336_p2        |       xor|   0|  0|   64|          64|          64|
    |Agu_3_fu_2887_p2        |       xor|   0|  0|   64|          64|          64|
    |Aka_2_fu_1356_p2        |       xor|   0|  0|   64|          64|          64|
    |Aka_3_fu_3042_p2        |       xor|   0|  0|   64|          64|          64|
    |Ake_2_fu_1554_p2        |       xor|   0|  0|   64|          64|          64|
    |Ake_3_fu_3060_p2        |       xor|   0|  0|   64|          64|          64|
    |Aki_2_fu_1136_p2        |       xor|   0|  0|   64|          64|          64|
    |Aki_3_fu_3078_p2        |       xor|   0|  0|   64|          64|          64|
    |Ako_2_fu_1454_p2        |       xor|   0|  0|   64|          64|          64|
    |Ako_3_fu_3096_p2        |       xor|   0|  0|   64|          64|          64|
    |Aku_2_fu_1654_p2        |       xor|   0|  0|   64|          64|          64|
    |Aku_3_fu_3114_p2        |       xor|   0|  0|   64|          64|          64|
    |Ama_2_fu_1674_p2        |       xor|   0|  0|   64|          64|          64|
    |Ama_3_fu_3271_p2        |       xor|   0|  0|   64|          64|          64|
    |Ame_2_fu_1376_p2        |       xor|   0|  0|   64|          64|          64|
    |Ame_3_fu_3289_p2        |       xor|   0|  0|   64|          64|          64|
    |Ami_2_fu_1574_p2        |       xor|   0|  0|   64|          64|          64|
    |Ami_3_fu_3307_p2        |       xor|   0|  0|   64|          64|          64|
    |Amo_2_fu_1164_p2        |       xor|   0|  0|   64|          64|          64|
    |Amo_3_fu_3325_p2        |       xor|   0|  0|   64|          64|          64|
    |Amu_2_fu_1474_p2        |       xor|   0|  0|   64|          64|          64|
    |Amu_3_fu_3343_p2        |       xor|   0|  0|   64|          64|          64|
    |Asa_2_fu_1494_p2        |       xor|   0|  0|   64|          64|          64|
    |Asa_3_fu_3500_p2        |       xor|   0|  0|   64|          64|          64|
    |Ase_2_fu_1694_p2        |       xor|   0|  0|   64|          64|          64|
    |Ase_3_fu_3518_p2        |       xor|   0|  0|   64|          64|          64|
    |Asi_2_fu_1396_p2        |       xor|   0|  0|   64|          64|          64|
    |Asi_3_fu_3536_p2        |       xor|   0|  0|   64|          64|          64|
    |Aso_2_fu_1594_p2        |       xor|   0|  0|   64|          64|          64|
    |Aso_3_fu_3554_p2        |       xor|   0|  0|   64|          64|          64|
    |Asu_2_fu_1192_p2        |       xor|   0|  0|   64|          64|          64|
    |Asu_3_fu_3572_p2        |       xor|   0|  0|   64|          64|          64|
    |BCa_6_fu_2223_p2        |       xor|   0|  0|   64|          64|          64|
    |BCa_fu_870_p2           |       xor|   0|  0|   64|          64|          64|
    |BCe_6_fu_2246_p2        |       xor|   0|  0|   64|          64|          64|
    |BCe_fu_894_p2           |       xor|   0|  0|   64|          64|          64|
    |BCi_6_fu_2269_p2        |       xor|   0|  0|   64|          64|          64|
    |BCi_fu_918_p2           |       xor|   0|  0|   64|          64|          64|
    |BCo_6_fu_2292_p2        |       xor|   0|  0|   64|          64|          64|
    |BCo_fu_942_p2           |       xor|   0|  0|   64|          64|          64|
    |BCu_6_fu_2315_p2        |       xor|   0|  0|   64|          64|          64|
    |BCu_fu_966_p2           |       xor|   0|  0|   64|          64|          64|
    |Da_1_fu_2341_p2         |       xor|   0|  0|   64|          64|          64|
    |Da_fu_992_p2            |       xor|   0|  0|   64|          64|          64|
    |De_1_fu_2367_p2         |       xor|   0|  0|   64|          64|          64|
    |De_fu_1018_p2           |       xor|   0|  0|   64|          64|          64|
    |Di_1_fu_2393_p2         |       xor|   0|  0|   64|          64|          64|
    |Di_fu_1044_p2           |       xor|   0|  0|   64|          64|          64|
    |Do_1_fu_2419_p2         |       xor|   0|  0|   64|          64|          64|
    |Do_fu_1070_p2           |       xor|   0|  0|   64|          64|          64|
    |Du_1_fu_2445_p2         |       xor|   0|  0|   64|          64|          64|
    |Du_fu_1096_p2           |       xor|   0|  0|   64|          64|          64|
    |Eba_2_fu_2451_p2        |       xor|   0|  0|   64|          64|          64|
    |Eba_fu_1238_p2          |       xor|   0|  0|   64|          64|          64|
    |Ebe_1_fu_2893_p2        |       xor|   0|  0|   64|          64|          64|
    |Ebe_fu_1256_p2          |       xor|   0|  0|   64|          64|          64|
    |Ebi_1_fu_3349_p2        |       xor|   0|  0|   64|          64|          64|
    |Ebi_fu_1274_p2          |       xor|   0|  0|   64|          64|          64|
    |Ebo_1_fu_2664_p2        |       xor|   0|  0|   64|          64|          64|
    |Ebo_fu_1292_p2          |       xor|   0|  0|   64|          64|          64|
    |Ebu_1_fu_3120_p2        |       xor|   0|  0|   64|          64|          64|
    |Ebu_fu_1310_p2          |       xor|   0|  0|   64|          64|          64|
    |Ega_1_fu_3147_p2        |       xor|   0|  0|   64|          64|          64|
    |Ega_fu_1768_p2          |       xor|   0|  0|   64|          64|          64|
    |Ege_1_fu_2456_p2        |       xor|   0|  0|   64|          64|          64|
    |Ege_fu_1786_p2          |       xor|   0|  0|   64|          64|          64|
    |Egi_1_fu_2918_p2        |       xor|   0|  0|   64|          64|          64|
    |Egi_fu_1804_p2          |       xor|   0|  0|   64|          64|          64|
    |Ego_1_fu_3376_p2        |       xor|   0|  0|   64|          64|          64|
    |Ego_fu_1822_p2          |       xor|   0|  0|   64|          64|          64|
    |Egu_1_fu_2691_p2        |       xor|   0|  0|   64|          64|          64|
    |Egu_fu_1840_p2          |       xor|   0|  0|   64|          64|          64|
    |Eka_1_fu_2719_p2        |       xor|   0|  0|   64|          64|          64|
    |Eka_fu_1888_p2          |       xor|   0|  0|   64|          64|          64|
    |Eke_1_fu_3175_p2        |       xor|   0|  0|   64|          64|          64|
    |Eke_fu_1906_p2          |       xor|   0|  0|   64|          64|          64|
    |Eki_1_fu_2484_p2        |       xor|   0|  0|   64|          64|          64|
    |Eki_fu_1924_p2          |       xor|   0|  0|   64|          64|          64|
    |Eko_1_fu_2946_p2        |       xor|   0|  0|   64|          64|          64|
    |Eko_fu_1942_p2          |       xor|   0|  0|   64|          64|          64|
    |Eku_1_fu_3404_p2        |       xor|   0|  0|   64|          64|          64|
    |Eku_fu_1960_p2          |       xor|   0|  0|   64|          64|          64|
    |Ema_1_fu_3432_p2        |       xor|   0|  0|   64|          64|          64|
    |Ema_fu_2008_p2          |       xor|   0|  0|   64|          64|          64|
    |Eme_1_fu_2747_p2        |       xor|   0|  0|   64|          64|          64|
    |Eme_fu_2026_p2          |       xor|   0|  0|   64|          64|          64|
    |Emi_1_fu_3203_p2        |       xor|   0|  0|   64|          64|          64|
    |Emi_fu_2044_p2          |       xor|   0|  0|   64|          64|          64|
    |Emo_1_fu_2512_p2        |       xor|   0|  0|   64|          64|          64|
    |Emo_fu_2062_p2          |       xor|   0|  0|   64|          64|          64|
    |Emu_1_fu_2974_p2        |       xor|   0|  0|   64|          64|          64|
    |Emu_fu_2080_p2          |       xor|   0|  0|   64|          64|          64|
    |Esa_1_fu_3002_p2        |       xor|   0|  0|   64|          64|          64|
    |Esa_fu_2128_p2          |       xor|   0|  0|   64|          64|          64|
    |Ese_1_fu_3460_p2        |       xor|   0|  0|   64|          64|          64|
    |Ese_fu_2146_p2          |       xor|   0|  0|   64|          64|          64|
    |Esi_1_fu_2775_p2        |       xor|   0|  0|   64|          64|          64|
    |Esi_fu_2164_p2          |       xor|   0|  0|   64|          64|          64|
    |Eso_1_fu_3231_p2        |       xor|   0|  0|   64|          64|          64|
    |Eso_fu_2182_p2          |       xor|   0|  0|   64|          64|          64|
    |Esu_1_fu_2540_p2        |       xor|   0|  0|   64|          64|          64|
    |Esu_fu_2200_p2          |       xor|   0|  0|   64|          64|          64|
    |xor_ln131_1_fu_858_p2   |       xor|   0|  0|   64|          64|          64|
    |xor_ln131_2_fu_864_p2   |       xor|   0|  0|   64|          64|          64|
    |xor_ln131_fu_852_p2     |       xor|   0|  0|   64|          64|          64|
    |xor_ln132_1_fu_882_p2   |       xor|   0|  0|   64|          64|          64|
    |xor_ln132_2_fu_888_p2   |       xor|   0|  0|   64|          64|          64|
    |xor_ln132_fu_876_p2     |       xor|   0|  0|   64|          64|          64|
    |xor_ln133_1_fu_906_p2   |       xor|   0|  0|   64|          64|          64|
    |xor_ln133_2_fu_912_p2   |       xor|   0|  0|   64|          64|          64|
    |xor_ln133_fu_900_p2     |       xor|   0|  0|   64|          64|          64|
    |xor_ln134_1_fu_930_p2   |       xor|   0|  0|   64|          64|          64|
    |xor_ln134_2_fu_936_p2   |       xor|   0|  0|   64|          64|          64|
    |xor_ln134_fu_924_p2     |       xor|   0|  0|   64|          64|          64|
    |xor_ln135_1_fu_954_p2   |       xor|   0|  0|   64|          64|          64|
    |xor_ln135_2_fu_960_p2   |       xor|   0|  0|   64|          64|          64|
    |xor_ln135_fu_948_p2     |       xor|   0|  0|   64|          64|          64|
    |xor_ln155_1_fu_1232_p2  |       xor|   0|  0|   64|          64|          64|
    |xor_ln155_fu_1220_p2    |       xor|   0|  0|   64|           2|          64|
    |xor_ln156_fu_1244_p2    |       xor|   0|  0|   64|           2|          64|
    |xor_ln157_fu_1262_p2    |       xor|   0|  0|   64|           2|          64|
    |xor_ln158_fu_1280_p2    |       xor|   0|  0|   64|           2|          64|
    |xor_ln159_fu_1298_p2    |       xor|   0|  0|   64|           2|          64|
    |xor_ln171_fu_1756_p2    |       xor|   0|  0|   64|           2|          64|
    |xor_ln172_fu_1774_p2    |       xor|   0|  0|   64|           2|          64|
    |xor_ln173_fu_1792_p2    |       xor|   0|  0|   64|           2|          64|
    |xor_ln174_fu_1810_p2    |       xor|   0|  0|   64|           2|          64|
    |xor_ln175_fu_1828_p2    |       xor|   0|  0|   64|           2|          64|
    |xor_ln187_fu_1876_p2    |       xor|   0|  0|   64|           2|          64|
    |xor_ln188_fu_1894_p2    |       xor|   0|  0|   64|           2|          64|
    |xor_ln189_fu_1912_p2    |       xor|   0|  0|   64|           2|          64|
    |xor_ln190_fu_1930_p2    |       xor|   0|  0|   64|           2|          64|
    |xor_ln191_fu_1948_p2    |       xor|   0|  0|   64|           2|          64|
    |xor_ln203_fu_1996_p2    |       xor|   0|  0|   64|           2|          64|
    |xor_ln204_fu_2014_p2    |       xor|   0|  0|   64|           2|          64|
    |xor_ln205_fu_2032_p2    |       xor|   0|  0|   64|           2|          64|
    |xor_ln206_fu_2050_p2    |       xor|   0|  0|   64|           2|          64|
    |xor_ln207_fu_2068_p2    |       xor|   0|  0|   64|           2|          64|
    |xor_ln219_fu_2116_p2    |       xor|   0|  0|   64|           2|          64|
    |xor_ln220_fu_2134_p2    |       xor|   0|  0|   64|           2|          64|
    |xor_ln221_fu_2152_p2    |       xor|   0|  0|   64|           2|          64|
    |xor_ln222_fu_2170_p2    |       xor|   0|  0|   64|           2|          64|
    |xor_ln223_fu_2188_p2    |       xor|   0|  0|   64|           2|          64|
    |xor_ln226_1_fu_2212_p2  |       xor|   0|  0|   64|          64|          64|
    |xor_ln226_2_fu_2217_p2  |       xor|   0|  0|   64|          64|          64|
    |xor_ln226_fu_2206_p2    |       xor|   0|  0|   64|          64|          64|
    |xor_ln227_1_fu_2235_p2  |       xor|   0|  0|   64|          64|          64|
    |xor_ln227_2_fu_2240_p2  |       xor|   0|  0|   64|          64|          64|
    |xor_ln227_fu_2229_p2    |       xor|   0|  0|   64|          64|          64|
    |xor_ln228_1_fu_2257_p2  |       xor|   0|  0|   64|          64|          64|
    |xor_ln228_2_fu_2263_p2  |       xor|   0|  0|   64|          64|          64|
    |xor_ln228_fu_2252_p2    |       xor|   0|  0|   64|          64|          64|
    |xor_ln229_1_fu_2281_p2  |       xor|   0|  0|   64|          64|          64|
    |xor_ln229_2_fu_2287_p2  |       xor|   0|  0|   64|          64|          64|
    |xor_ln229_fu_2275_p2    |       xor|   0|  0|   64|          64|          64|
    |xor_ln230_1_fu_2303_p2  |       xor|   0|  0|   64|          64|          64|
    |xor_ln230_2_fu_2309_p2  |       xor|   0|  0|   64|          64|          64|
    |xor_ln230_fu_2298_p2    |       xor|   0|  0|   64|          64|          64|
    |xor_ln250_1_fu_2580_p2  |       xor|   0|  0|   64|          64|          64|
    |xor_ln250_fu_2568_p2    |       xor|   0|  0|   64|           2|          64|
    |xor_ln251_fu_2592_p2    |       xor|   0|  0|   64|           2|          64|
    |xor_ln252_fu_2610_p2    |       xor|   0|  0|   64|           2|          64|
    |xor_ln253_fu_2628_p2    |       xor|   0|  0|   64|           2|          64|
    |xor_ln254_fu_2646_p2    |       xor|   0|  0|   64|           2|          64|
    |xor_ln266_fu_2803_p2    |       xor|   0|  0|   64|           2|          64|
    |xor_ln267_fu_2821_p2    |       xor|   0|  0|   64|           2|          64|
    |xor_ln268_fu_2839_p2    |       xor|   0|  0|   64|           2|          64|
    |xor_ln269_fu_2857_p2    |       xor|   0|  0|   64|           2|          64|
    |xor_ln270_fu_2875_p2    |       xor|   0|  0|   64|           2|          64|
    |xor_ln282_fu_3030_p2    |       xor|   0|  0|   64|           2|          64|
    |xor_ln283_fu_3048_p2    |       xor|   0|  0|   64|           2|          64|
    |xor_ln284_fu_3066_p2    |       xor|   0|  0|   64|           2|          64|
    |xor_ln285_fu_3084_p2    |       xor|   0|  0|   64|           2|          64|
    |xor_ln286_fu_3102_p2    |       xor|   0|  0|   64|           2|          64|
    |xor_ln298_fu_3259_p2    |       xor|   0|  0|   64|           2|          64|
    |xor_ln299_fu_3277_p2    |       xor|   0|  0|   64|           2|          64|
    |xor_ln300_fu_3295_p2    |       xor|   0|  0|   64|           2|          64|
    |xor_ln301_fu_3313_p2    |       xor|   0|  0|   64|           2|          64|
    |xor_ln302_fu_3331_p2    |       xor|   0|  0|   64|           2|          64|
    |xor_ln314_fu_3488_p2    |       xor|   0|  0|   64|           2|          64|
    |xor_ln315_fu_3506_p2    |       xor|   0|  0|   64|           2|          64|
    |xor_ln316_fu_3524_p2    |       xor|   0|  0|   64|           2|          64|
    |xor_ln317_fu_3542_p2    |       xor|   0|  0|   64|           2|          64|
    |xor_ln318_fu_3560_p2    |       xor|   0|  0|   64|           2|          64|
    +------------------------+----------+----+---+-----+------------+------------+
    |Total                   |          |   0|  0|16154|       13038|       16135|
    +------------------------+----------+----+---+-----+------------+------------+

    * Multiplexer: 
    +---------------------------------------+-----+-----------+-----+-----------+
    |                  Name                 | LUT | Input Size| Bits| Total Bits|
    +---------------------------------------+-----+-----------+-----+-----------+
    |Aba_1_fu_320                           |    9|          2|   64|        128|
    |Abe_1_fu_316                           |    9|          2|   64|        128|
    |Abi_1_fu_312                           |    9|          2|   64|        128|
    |Abo_1_fu_308                           |    9|          2|   64|        128|
    |Abu_1_fu_304                           |    9|          2|   64|        128|
    |Aga_1_fu_300                           |    9|          2|   64|        128|
    |Age_1_fu_296                           |    9|          2|   64|        128|
    |Agi_1_fu_292                           |    9|          2|   64|        128|
    |Ago_1_fu_288                           |    9|          2|   64|        128|
    |Agu_1_fu_284                           |    9|          2|   64|        128|
    |Aka_1_fu_280                           |    9|          2|   64|        128|
    |Ake_1_fu_276                           |    9|          2|   64|        128|
    |Aki_1_fu_272                           |    9|          2|   64|        128|
    |Ako_1_fu_268                           |    9|          2|   64|        128|
    |Aku_1_fu_264                           |    9|          2|   64|        128|
    |Ama_1_fu_260                           |    9|          2|   64|        128|
    |Ame_1_fu_256                           |    9|          2|   64|        128|
    |Ami_1_fu_252                           |    9|          2|   64|        128|
    |Amo_1_fu_248                           |    9|          2|   64|        128|
    |Amu_1_fu_244                           |    9|          2|   64|        128|
    |Asa_1_fu_240                           |    9|          2|   64|        128|
    |Ase_1_fu_236                           |    9|          2|   64|        128|
    |Asi_1_fu_232                           |    9|          2|   64|        128|
    |Aso_1_fu_228                           |    9|          2|   64|        128|
    |Asu_1_fu_324                           |    9|          2|   64|        128|
    |KeccakF_RoundConstants_address0_local  |   14|          3|    5|         15|
    |ap_NS_fsm                              |  134|         30|    1|         30|
    |round_fu_328                           |    9|          2|    5|         10|
    |state_address0_local                   |  117|         26|    5|        130|
    |state_address1_local                   |  117|         26|    5|        130|
    |state_d0_local                         |   65|         13|   64|        832|
    |state_d1_local                         |   65|         14|   64|        896|
    +---------------------------------------+-----+-----------+-----+-----------+
    |Total                                  |  746|        164| 1749|       5243|
    +---------------------------------------+-----+-----------+-----+-----------+

    * Register: 
    +----------------------+----+----+-----+-----------+
    |         Name         | FF | LUT| Bits| Const Bits|
    +----------------------+----+----+-----+-----------+
    |Aba_1_fu_320          |  64|   0|   64|          0|
    |Abe_1_fu_316          |  64|   0|   64|          0|
    |Abi_1_fu_312          |  64|   0|   64|          0|
    |Abo_1_fu_308          |  64|   0|   64|          0|
    |Abu_1_fu_304          |  64|   0|   64|          0|
    |Aga_1_fu_300          |  64|   0|   64|          0|
    |Age_1_fu_296          |  64|   0|   64|          0|
    |Agi_1_fu_292          |  64|   0|   64|          0|
    |Ago_1_fu_288          |  64|   0|   64|          0|
    |Agu_1_fu_284          |  64|   0|   64|          0|
    |Aka_1_fu_280          |  64|   0|   64|          0|
    |Ake_1_fu_276          |  64|   0|   64|          0|
    |Aki_1_fu_272          |  64|   0|   64|          0|
    |Ako_1_fu_268          |  64|   0|   64|          0|
    |Aku_1_fu_264          |  64|   0|   64|          0|
    |Ama_1_fu_260          |  64|   0|   64|          0|
    |Ame_1_fu_256          |  64|   0|   64|          0|
    |Ami_1_fu_252          |  64|   0|   64|          0|
    |Amo_1_fu_248          |  64|   0|   64|          0|
    |Amu_1_fu_244          |  64|   0|   64|          0|
    |Asa_1_fu_240          |  64|   0|   64|          0|
    |Ase_1_fu_236          |  64|   0|   64|          0|
    |Asi_1_fu_232          |  64|   0|   64|          0|
    |Aso_1_fu_228          |  64|   0|   64|          0|
    |Asu_1_fu_324          |  64|   0|   64|          0|
    |Eba_reg_4044          |  64|   0|   64|          0|
    |Ebe_reg_4050          |  64|   0|   64|          0|
    |Ebi_reg_4056          |  64|   0|   64|          0|
    |Ebo_reg_4062          |  64|   0|   64|          0|
    |Ebu_reg_4068          |  64|   0|   64|          0|
    |ap_CS_fsm             |  29|   0|   29|          0|
    |lshr_ln10_reg_4149    |  25|   0|   25|          0|
    |lshr_ln11_reg_4159    |   8|   0|    8|          0|
    |lshr_ln12_reg_4169    |  18|   0|   18|          0|
    |lshr_ln13_reg_4179    |  27|   0|   27|          0|
    |lshr_ln14_reg_4189    |  36|   0|   36|          0|
    |lshr_ln15_reg_4199    |  10|   0|   10|          0|
    |lshr_ln16_reg_4209    |  15|   0|   15|          0|
    |lshr_ln17_reg_4219    |  56|   0|   56|          0|
    |lshr_ln18_reg_4229    |  62|   0|   62|          0|
    |lshr_ln19_reg_4239    |  55|   0|   55|          0|
    |lshr_ln1_reg_4089     |  20|   0|   20|          0|
    |lshr_ln20_reg_4249    |  39|   0|   39|          0|
    |lshr_ln21_reg_4259    |  41|   0|   41|          0|
    |lshr_ln22_reg_4269    |   2|   0|    2|          0|
    |lshr_ln2_reg_4099     |   3|   0|    3|          0|
    |lshr_ln3_reg_4109     |  45|   0|   45|          0|
    |lshr_ln4_reg_4119     |  61|   0|   61|          0|
    |lshr_ln5_reg_4139     |   6|   0|    6|          0|
    |lshr_ln_reg_4079      |  28|   0|   28|          0|
    |round_fu_328          |   5|   0|    5|          0|
    |tmp_7_reg_4129        |   1|   0|    1|          0|
    |tmp_s_reg_4039        |   4|   0|    4|          0|
    |trunc_ln162_reg_4074  |  36|   0|   36|          0|
    |trunc_ln164_reg_4084  |  44|   0|   44|          0|
    |trunc_ln166_reg_4094  |  61|   0|   61|          0|
    |trunc_ln168_reg_4104  |  19|   0|   19|          0|
    |trunc_ln170_reg_4114  |   3|   0|    3|          0|
    |trunc_ln178_reg_4124  |  63|   0|   63|          0|
    |trunc_ln180_reg_4134  |  58|   0|   58|          0|
    |trunc_ln182_reg_4144  |  39|   0|   39|          0|
    |trunc_ln184_reg_4154  |  56|   0|   56|          0|
    |trunc_ln186_reg_4164  |  46|   0|   46|          0|
    |trunc_ln194_reg_4174  |  37|   0|   37|          0|
    |trunc_ln196_reg_4184  |  28|   0|   28|          0|
    |trunc_ln198_reg_4194  |  54|   0|   54|          0|
    |trunc_ln200_reg_4204  |  49|   0|   49|          0|
    |trunc_ln202_reg_4214  |   8|   0|    8|          0|
    |trunc_ln210_reg_4224  |   2|   0|    2|          0|
    |trunc_ln212_reg_4234  |   9|   0|    9|          0|
    |trunc_ln214_reg_4244  |  25|   0|   25|          0|
    |trunc_ln216_reg_4254  |  23|   0|   23|          0|
    |trunc_ln218_reg_4264  |  62|   0|   62|          0|
    +----------------------+----+----+-----+-----------+
    |Total                 |3238|   0| 3238|          0|
    +----------------------+----+----+-----+-----------+



================================================================
== Interface
================================================================
* Summary: 
+----------------+-----+-----+------------+--------------------------+--------------+
|    RTL Ports   | Dir | Bits|  Protocol  |       Source Object      |    C Type    |
+----------------+-----+-----+------------+--------------------------+--------------+
|ap_clk          |   in|    1|  ap_ctrl_hs|  KeccakF1600_StatePermute|  return value|
|ap_rst          |   in|    1|  ap_ctrl_hs|  KeccakF1600_StatePermute|  return value|
|ap_start        |   in|    1|  ap_ctrl_hs|  KeccakF1600_StatePermute|  return value|
|ap_done         |  out|    1|  ap_ctrl_hs|  KeccakF1600_StatePermute|  return value|
|ap_idle         |  out|    1|  ap_ctrl_hs|  KeccakF1600_StatePermute|  return value|
|ap_ready        |  out|    1|  ap_ctrl_hs|  KeccakF1600_StatePermute|  return value|
|state_address0  |  out|    5|   ap_memory|                     state|         array|
|state_ce0       |  out|    1|   ap_memory|                     state|         array|
|state_we0       |  out|    1|   ap_memory|                     state|         array|
|state_d0        |  out|   64|   ap_memory|                     state|         array|
|state_q0        |   in|   64|   ap_memory|                     state|         array|
|state_address1  |  out|    5|   ap_memory|                     state|         array|
|state_ce1       |  out|    1|   ap_memory|                     state|         array|
|state_we1       |  out|    1|   ap_memory|                     state|         array|
|state_d1        |  out|   64|   ap_memory|                     state|         array|
|state_q1        |   in|   64|   ap_memory|                     state|         array|
+----------------+-----+-----+------------+--------------------------+--------------+

