

================================================================
== Vitis HLS Report for 'pqcrystals_kyber_fips202_ref_sha3_256_1_Pipeline_VITIS_LOOP_476_1'
================================================================
* Date:           Wed Aug  6 16:42:25 2025

* Version:        2024.2 (Build 5238294 on Nov  8 2024)
* Project:        sha3_hls_solution
* Solution:       hls (Vivado IP Flow Target)
* Product family: zynq
* Target device:  xc7z020-clg400-1


================================================================
== Performance Estimates
================================================================
+ Timing: 
    * Summary: 
    +--------+----------+----------+------------+
    |  Clock |  Target  | Estimated| Uncertainty|
    +--------+----------+----------+------------+
    |ap_clk  |  10.00 ns|  6.622 ns|     2.70 ns|
    +--------+----------+----------+------------+

+ Latency: 
    * Summary: 
    +---------+---------+----------+----------+-----+-----+------------------------------------------------+
    |  Latency (cycles) |  Latency (absolute) |  Interval |                    Pipeline                    |
    |   min   |   max   |    min   |    max   | min | max |                      Type                      |
    +---------+---------+----------+----------+-----+-----+------------------------------------------------+
    |       27|       27|  0.270 us|  0.270 us|   26|   26|  loop auto-rewind stp (delay=0 clock cycles(s))|
    +---------+---------+----------+----------+-----+-----+------------------------------------------------+

    + Detail: 
        * Instance: 
        N/A

        * Loop: 
        +--------------------+---------+---------+----------+-----------+-----------+------+----------+
        |                    |  Latency (cycles) | Iteration|  Initiation Interval  | Trip |          |
        |      Loop Name     |   min   |   max   |  Latency |  achieved |   target  | Count| Pipelined|
        +--------------------+---------+---------+----------+-----------+-----------+------+----------+
        |- VITIS_LOOP_476_1  |       25|       25|         1|          1|          1|    25|       yes|
        +--------------------+---------+---------+----------+-----------+-----------+------+----------+



================================================================
== Utilization Estimates
================================================================
* Summary: 
+-----------------+---------+-----+--------+-------+-----+
|       Name      | BRAM_18K| DSP |   FF   |  LUT  | URAM|
+-----------------+---------+-----+--------+-------+-----+
|DSP              |        -|    -|       -|      -|    -|
|Expression       |        -|    -|       0|     26|    -|
|FIFO             |        -|    -|       -|      -|    -|
|Instance         |        -|    -|       -|      -|    -|
|Memory           |        -|    -|       -|      -|    -|
|Multiplexer      |        -|    -|       0|     27|    -|
|Register         |        -|    -|       7|      -|    -|
+-----------------+---------+-----+--------+-------+-----+
|Total            |        0|    0|       7|     53|    0|
+-----------------+---------+-----+--------+-------+-----+
|Available        |      280|  220|  106400|  53200|    0|
+-----------------+---------+-----+--------+-------+-----+
|Utilization (%)  |        0|    0|      ~0|     ~0|    0|
+-----------------+---------+-----+--------+-------+-----+

+ Detail: 
    * Instance: 
    N/A

    * DSP: 
    N/A

    * Memory: 
    N/A

    * FIFO: 
    N/A

    * Expression: 
    +---------------------+----------+----+---+----+------------+------------+
    |    Variable Name    | Operation| DSP| FF| LUT| Bitwidth P0| Bitwidth P1|
    +---------------------+----------+----+---+----+------------+------------+
    |add_ln476_fu_60_p2   |         +|   0|  0|  13|           5|           1|
    |icmp_ln476_fu_54_p2  |      icmp|   0|  0|  13|           5|           4|
    +---------------------+----------+----+---+----+------------+------------+
    |Total                |          |   0|  0|  26|          10|           5|
    +---------------------+----------+----+---+----+------------+------------+

    * Multiplexer: 
    +----------------------+----+-----------+-----+-----------+
    |         Name         | LUT| Input Size| Bits| Total Bits|
    +----------------------+----+-----------+-----+-----------+
    |ap_done_int           |   9|          2|    1|          2|
    |ap_sig_allocacmp_i_1  |   9|          2|    5|         10|
    |i_fu_28               |   9|          2|    5|         10|
    +----------------------+----+-----------+-----+-----------+
    |Total                 |  27|          6|   11|         22|
    +----------------------+----+-----------+-----+-----------+

    * Register: 
    +-------------+---+----+-----+-----------+
    |     Name    | FF| LUT| Bits| Const Bits|
    +-------------+---+----+-----+-----------+
    |ap_CS_fsm    |  1|   0|    1|          0|
    |ap_done_reg  |  1|   0|    1|          0|
    |i_fu_28      |  5|   0|    5|          0|
    +-------------+---+----+-----+-----------+
    |Total        |  7|   0|    7|          0|
    +-------------+---+----+-----+-----------+



================================================================
== Interface
================================================================
* Summary: 
+------------+-----+-----+------------+-------------------------------------------------------------------+--------------+
|  RTL Ports | Dir | Bits|  Protocol  |                           Source Object                           |    C Type    |
+------------+-----+-----+------------+-------------------------------------------------------------------+--------------+
|ap_clk      |   in|    1|  ap_ctrl_hs|  pqcrystals_kyber_fips202_ref_sha3_256.1_Pipeline_VITIS_LOOP_476_1|  return value|
|ap_rst      |   in|    1|  ap_ctrl_hs|  pqcrystals_kyber_fips202_ref_sha3_256.1_Pipeline_VITIS_LOOP_476_1|  return value|
|ap_start    |   in|    1|  ap_ctrl_hs|  pqcrystals_kyber_fips202_ref_sha3_256.1_Pipeline_VITIS_LOOP_476_1|  return value|
|ap_done     |  out|    1|  ap_ctrl_hs|  pqcrystals_kyber_fips202_ref_sha3_256.1_Pipeline_VITIS_LOOP_476_1|  return value|
|ap_idle     |  out|    1|  ap_ctrl_hs|  pqcrystals_kyber_fips202_ref_sha3_256.1_Pipeline_VITIS_LOOP_476_1|  return value|
|ap_ready    |  out|    1|  ap_ctrl_hs|  pqcrystals_kyber_fips202_ref_sha3_256.1_Pipeline_VITIS_LOOP_476_1|  return value|
|s_address0  |  out|    5|   ap_memory|                                                                  s|         array|
|s_ce0       |  out|    1|   ap_memory|                                                                  s|         array|
|s_we0       |  out|    1|   ap_memory|                                                                  s|         array|
|s_d0        |  out|   64|   ap_memory|                                                                  s|         array|
+------------+-----+-----+------------+-------------------------------------------------------------------+--------------+

