

================================================================
== Vitis HLS Report for 'pqcrystals_kyber_fips202_ref_sha3_256_1'
================================================================
* Date:           Wed Aug  6 16:42:26 2025

* Version:        2024.2 (Build 5238294 on Nov  8 2024)
* Project:        sha3_hls_solution
* Solution:       hls (Vivado IP Flow Target)
* Product family: zynq
* Target device:  xc7z020-clg400-1


================================================================
== Performance Estimates
================================================================
+ Timing: 
    * Summary: 
    +--------+----------+----------+------------+
    |  Clock |  Target  | Estimated| Uncertainty|
    +--------+----------+----------+------------+
    |ap_clk  |  10.00 ns|  7.300 ns|     2.70 ns|
    +--------+----------+----------+------------+

+ Latency: 
    * Summary: 
    +---------+---------+----------+-----------+-----+------+---------+
    |  Latency (cycles) |  Latency (absolute)  |  Interval  | Pipeline|
    |   min   |   max   |    min   |    max    | min |  max |   Type  |
    +---------+---------+----------+-----------+-----+------+---------+
    |      195|     9145|  1.950 us|  91.450 us|  195|  9145|       no|
    +---------+---------+----------+-----------+-----+------+---------+

    + Detail: 
        * Instance: 
        +------------------------------------------------------------------------------+-------------------------------------------------------------------+---------+---------+----------+----------+-----+-----+------------------------------------------------+
        |                                                                              |                                                                   |  Latency (cycles) |  Latency (absolute) |  Interval |                    Pipeline                    |
        |                                   Instance                                   |                               Module                              |   min   |   max   |    min   |    max   | min | max |                      Type                      |
        +------------------------------------------------------------------------------+-------------------------------------------------------------------+---------+---------+----------+----------+-----+-----+------------------------------------------------+
        |grp_pqcrystals_kyber_fips202_ref_sha3_256_1_Pipeline_VITIS_LOOP_476_1_fu_258  |pqcrystals_kyber_fips202_ref_sha3_256_1_Pipeline_VITIS_LOOP_476_1  |       27|       27|  0.270 us|  0.270 us|   26|   26|  loop auto-rewind stp (delay=0 clock cycles(s))|
        |grp_KeccakF1600_StatePermute_fu_264                                           |KeccakF1600_StatePermute                                           |       42|       42|  0.420 us|  0.420 us|   42|   42|                                              no|
        |grp_KeccakF1600_StatePermute_1_fu_271                                         |KeccakF1600_StatePermute_1                                         |       42|       42|  0.420 us|  0.420 us|   42|   42|                                              no|
        +------------------------------------------------------------------------------+-------------------------------------------------------------------+---------+---------+----------+----------+-----+-----+------------------------------------------------+

        * Loop: 
        +------------------------------------+---------+---------+----------+-----------+-----------+---------+----------+
        |                                    |  Latency (cycles) | Iteration|  Initiation Interval  |   Trip  |          |
        |              Loop Name             |   min   |   max   |  Latency |  achieved |   target  |  Count  | Pipelined|
        +------------------------------------+---------+---------+----------+-----------+-----------+---------+----------+
        |- VITIS_LOOP_480_2                  |        0|     8370|        62|          -|          -|  0 ~ 135|        no|
        |- absorb_loop3                      |        0|      580|         4|          -|          -|  0 ~ 145|        no|
        |- VITIS_LOOP_764_1_VITIS_LOOP_44_1  |       34|       34|         4|          1|          1|       32|       yes|
        +------------------------------------+---------+---------+----------+-----------+-----------+---------+----------+



================================================================
== Utilization Estimates
================================================================
* Summary: 
+-----------------+---------+-----+--------+-------+-----+
|       Name      | BRAM_18K| DSP |   FF   |  LUT  | URAM|
+-----------------+---------+-----+--------+-------+-----+
|DSP              |        -|    -|       -|      -|    -|
|Expression       |        -|    -|       0|   1482|    -|
|FIFO             |        -|    -|       -|      -|    -|
|Instance         |        4|    -|   10594|  34794|    -|
|Memory           |        4|    -|       0|      0|    0|
|Multiplexer      |        -|    -|       0|    941|    -|
|Register         |        -|    -|    1167|      -|    -|
+-----------------+---------+-----+--------+-------+-----+
|Total            |        8|    0|   11761|  37217|    0|
+-----------------+---------+-----+--------+-------+-----+
|Available        |      280|  220|  106400|  53200|    0|
+-----------------+---------+-----+--------+-------+-----+
|Utilization (%)  |        2|    0|      11|     69|    0|
+-----------------+---------+-----+--------+-------+-----+

+ Detail: 
    * Instance: 
    +------------------------------------------------------------------------------+-------------------------------------------------------------------+---------+----+------+-------+-----+
    |                                   Instance                                   |                               Module                              | BRAM_18K| DSP|  FF  |  LUT  | URAM|
    +------------------------------------------------------------------------------+-------------------------------------------------------------------+---------+----+------+-------+-----+
    |grp_KeccakF1600_StatePermute_fu_264                                           |KeccakF1600_StatePermute                                           |        2|   0|  4904|  17136|    0|
    |grp_KeccakF1600_StatePermute_1_fu_271                                         |KeccakF1600_StatePermute_1                                         |        2|   0|  4904|  17136|    0|
    |grp_pqcrystals_kyber_fips202_ref_sha3_256_1_Pipeline_VITIS_LOOP_476_1_fu_258  |pqcrystals_kyber_fips202_ref_sha3_256_1_Pipeline_VITIS_LOOP_476_1  |        0|   0|     7|     53|    0|
    |urem_64s_9ns_33_68_seq_1_U105                                                 |urem_64s_9ns_33_68_seq_1                                           |        0|   0|   779|    469|    0|
    +------------------------------------------------------------------------------+-------------------------------------------------------------------+---------+----+------+-------+-----+
    |Total                                                                         |                                                                   |        4|   0| 10594|  34794|    0|
    +------------------------------------------------------------------------------+-------------------------------------------------------------------+---------+----+------+-------+-----+

    * DSP: 
    N/A

    * Memory: 
    +-------+---------------------------------------------------------+---------+---+----+-----+------+-----+------+-------------+
    | Memory|                          Module                         | BRAM_18K| FF| LUT| URAM| Words| Bits| Banks| W*Bits*Banks|
    +-------+---------------------------------------------------------+---------+---+----+-----+------+-----+------+-------------+
    |s_U    |pqcrystals_kyber_fips202_ref_sha3_256_1_s_RAM_AUTO_1R1W  |        4|  0|   0|    0|    25|   64|     1|         1600|
    +-------+---------------------------------------------------------+---------+---+----+-----+------+-----+------+-------------+
    |Total  |                                                         |        4|  0|   0|    0|    25|   64|     1|         1600|
    +-------+---------------------------------------------------------+---------+---+----+-----+------+-----+------+-------------+

    * FIFO: 
    N/A

    * Expression: 
    +---------------------------+----------+----+---+-----+------------+------------+
    |       Variable Name       | Operation| DSP| FF| LUT | Bitwidth P0| Bitwidth P1|
    +---------------------------+----------+----+---+-----+------------+------------+
    |add_ln44_fu_672_p2         |         +|   0|  0|   13|           4|           1|
    |add_ln480_fu_390_p2        |         +|   0|  0|   71|          64|           8|
    |add_ln484_1_fu_373_p2      |         +|   0|  0|   64|          64|          64|
    |add_ln484_fu_367_p2        |         +|   0|  0|   64|          64|           8|
    |add_ln486_fu_384_p2        |         +|   0|  0|   71|          64|           9|
    |add_ln490_fu_406_p2        |         +|   0|  0|   71|          64|          64|
    |add_ln764_1_fu_643_p2      |         +|   0|  0|   11|           3|           1|
    |add_ln764_fu_617_p2        |         +|   0|  0|   14|           6|           1|
    |i_2_fu_423_p2              |         +|   0|  0|    8|           8|           8|
    |i_6_fu_464_p2              |         +|   0|  0|   39|          32|           1|
    |sub_ln471_fu_345_p2        |         -|   0|  0|   41|          34|          34|
    |sub_ln480_fu_331_p2        |         -|   0|  0|   40|          33|          33|
    |sub_ln490_fu_416_p2        |         -|   0|  0|    8|           8|           8|
    |ap_block_pp0_stage0_11001  |       and|   0|  0|    2|           1|           1|
    |empty_27_fu_286_p2         |      icmp|   0|  0|   39|          32|           8|
    |first_iter_0_fu_657_p2     |      icmp|   0|  0|   13|           4|           1|
    |icmp_ln44_fu_629_p2        |      icmp|   0|  0|   13|           4|           5|
    |icmp_ln480_fu_358_p2       |      icmp|   0|  0|   71|          64|           8|
    |icmp_ln490_fu_459_p2       |      icmp|   0|  0|   41|          34|          34|
    |icmp_ln764_fu_611_p2       |      icmp|   0|  0|   14|           6|           7|
    |lshr_ln47_fu_712_p2        |      lshr|   0|  0|  182|          64|          64|
    |s_we0                      |        or|   0|  0|    2|           1|           1|
    |select_ln480_fu_302_p3     |    select|   0|  0|   32|           1|           8|
    |select_ln764_fu_649_p3     |    select|   0|  0|    3|           1|           3|
    |select_ln765_fu_635_p3     |    select|   0|  0|    4|           1|           1|
    |shl_ln493_fu_544_p2        |       shl|   0|  0|  182|          64|          64|
    |shl_ln495_fu_567_p2        |       shl|   0|  0|  171|           3|          59|
    |ap_enable_pp0              |       xor|   0|  0|    2|           1|           2|
    |ap_enable_reg_pp0_iter1    |       xor|   0|  0|    2|           2|           1|
    |xor_ln484_fu_446_p2        |       xor|   0|  0|   64|          64|          64|
    |xor_ln493_fu_550_p2        |       xor|   0|  0|   64|          64|          64|
    |xor_ln495_fu_577_p2        |       xor|   0|  0|   64|          64|          64|
    |xor_ln496_fu_595_p2        |       xor|   0|  0|    2|           1|           2|
    +---------------------------+----------+----+---+-----+------------+------------+
    |Total                      |          |   0|  0| 1482|         924|         701|
    +---------------------------+----------+----+---+-----+------------+------------+

    * Multiplexer: 
    +-------------------------+-----+-----------+-----+-----------+
    |           Name          | LUT | Input Size| Bits| Total Bits|
    +-------------------------+-----+-----------+-----+-----------+
    |ap_NS_fsm                |  587|        116|    1|        116|
    |ap_enable_reg_pp0_iter1  |    9|          2|    1|          2|
    |ap_enable_reg_pp0_iter3  |    9|          2|    1|          2|
    |gmem_blk_n_AR            |    9|          2|    1|          2|
    |gmem_blk_n_AW            |    9|          2|    1|          2|
    |gmem_blk_n_B             |    9|          2|    1|          2|
    |gmem_blk_n_R             |    9|          2|    1|          2|
    |gmem_blk_n_W             |    9|          2|    1|          2|
    |i_4_fu_148               |    9|          2|    3|          6|
    |i_5_fu_144               |    9|          2|    4|          8|
    |i_fu_140                 |    9|          2|   32|         64|
    |idx_fu_128               |    9|          2|   64|        128|
    |indvar_flatten_fu_152    |    9|          2|    6|         12|
    |inlen_assign_1_fu_132    |    9|          2|   64|        128|
    |m_axi_gmem_0_ARADDR      |   14|          3|   64|        192|
    |m_axi_gmem_0_ARLEN       |   14|          3|   32|         96|
    |s_address0               |   20|          4|    5|         20|
    |s_address0_local         |   48|          9|    5|         45|
    |s_address1               |   14|          3|    5|         15|
    |s_ce0                    |   20|          4|    1|          4|
    |s_ce1                    |   14|          3|    1|          3|
    |s_d0                     |   20|          4|   64|        256|
    |s_d0_local               |   25|          5|   64|        320|
    |s_d1                     |   14|          3|   64|        192|
    |s_we0                    |   20|          4|    1|          4|
    |s_we1                    |   14|          3|    1|          3|
    +-------------------------+-----+-----------+-----+-----------+
    |Total                    |  941|        190|  488|       1626|
    +-------------------------+-----+-----------+-----+-----------+

    * Register: 
    +-------------------------------------------------------------------------------------------+-----+----+-----+-----------+
    |                                            Name                                           |  FF | LUT| Bits| Const Bits|
    +-------------------------------------------------------------------------------------------+-----+----+-----+-----------+
    |ap_CS_fsm                                                                                  |  115|   0|  115|          0|
    |ap_enable_reg_pp0_iter0                                                                    |    1|   0|    1|          0|
    |ap_enable_reg_pp0_iter1                                                                    |    1|   0|    1|          0|
    |ap_enable_reg_pp0_iter2                                                                    |    1|   0|    1|          0|
    |ap_enable_reg_pp0_iter3                                                                    |    1|   0|    1|          0|
    |bit_sel_reg_958                                                                            |    1|   0|    1|          0|
    |empty_27_reg_747                                                                           |    1|   0|    1|          0|
    |empty_reg_742                                                                              |    8|   0|    8|          0|
    |first_iter_0_reg_971                                                                       |    1|   0|    1|          0|
    |gmem_addr_1_read_reg_933                                                                   |    8|   0|    8|          0|
    |gmem_addr_1_reg_820                                                                        |   64|   0|   64|          0|
    |gmem_addr_2_reg_927                                                                        |   64|   0|   64|          0|
    |gmem_addr_read_1_reg_837                                                                   |    8|   0|    8|          0|
    |gmem_addr_read_2_reg_842                                                                   |    8|   0|    8|          0|
    |gmem_addr_read_3_reg_847                                                                   |    8|   0|    8|          0|
    |gmem_addr_read_4_reg_852                                                                   |    8|   0|    8|          0|
    |gmem_addr_read_5_reg_857                                                                   |    8|   0|    8|          0|
    |gmem_addr_read_6_reg_862                                                                   |    8|   0|    8|          0|
    |gmem_addr_read_7_reg_867                                                                   |    8|   0|    8|          0|
    |gmem_addr_read_reg_832                                                                     |    8|   0|    8|          0|
    |gmem_addr_reg_807                                                                          |   64|   0|   64|          0|
    |grp_KeccakF1600_StatePermute_1_fu_271_ap_start_reg                                         |    1|   0|    1|          0|
    |grp_KeccakF1600_StatePermute_fu_264_ap_start_reg                                           |    1|   0|    1|          0|
    |grp_pqcrystals_kyber_fips202_ref_sha3_256_1_Pipeline_VITIS_LOOP_476_1_fu_258_ap_start_reg  |    1|   0|    1|          0|
    |i_2_reg_826                                                                                |    8|   0|    8|          0|
    |i_4_fu_148                                                                                 |    3|   0|    3|          0|
    |i_5_fu_144                                                                                 |    4|   0|    4|          0|
    |i_fu_140                                                                                   |   32|   0|   32|          0|
    |idx_fu_128                                                                                 |   64|   0|   64|          0|
    |indvar_flatten_fu_152                                                                      |    6|   0|    6|          0|
    |inlen_assign_1_fu_132                                                                      |   64|   0|   64|          0|
    |lshr_ln_reg_885                                                                            |    5|   0|    5|          0|
    |s_addr_1_reg_938                                                                           |    5|   0|    5|          0|
    |s_addr_2_reg_922                                                                           |    5|   0|    5|          0|
    |s_load_reg_872                                                                             |   64|   0|   64|          0|
    |select_ln480_reg_752                                                                       |   32|   0|   32|          0|
    |sext_ln471_2_reg_799                                                                       |   64|   0|   64|          0|
    |sext_ln471_reg_789                                                                         |   64|   0|   64|          0|
    |sub_ln471_reg_794                                                                          |   34|   0|   34|          0|
    |trunc_ln47_1_reg_985                                                                       |    8|   0|    8|          0|
    |trunc_ln47_reg_980                                                                         |    3|   0|    3|          0|
    |trunc_ln47_reg_980_pp0_iter1_reg                                                           |    3|   0|    3|          0|
    |trunc_ln480_reg_762                                                                        |    8|   0|    8|          0|
    |trunc_ln493_reg_880                                                                        |    3|   0|    3|          0|
    |trunc_ln495_reg_917                                                                        |    3|   0|    3|          0|
    |trunc_ln496_reg_963                                                                        |   63|   0|   63|          0|
    |u_assign1_fu_156                                                                           |   64|   0|   64|          0|
    |urem_ln480_reg_767                                                                         |   33|   0|   33|          0|
    |xor_ln493_reg_943                                                                          |   64|   0|   64|          0|
    |xor_ln495_reg_948                                                                          |   64|   0|   64|          0|
    +-------------------------------------------------------------------------------------------+-----+----+-----+-----------+
    |Total                                                                                      | 1167|   0| 1167|          0|
    +-------------------------------------------------------------------------------------------+-----+----+-----+-----------+



================================================================
== Interface
================================================================
* Summary: 
+-----------------------+-----+-----+------------+-----------------------------------------+--------------+
|       RTL Ports       | Dir | Bits|  Protocol  |              Source Object              |    C Type    |
+-----------------------+-----+-----+------------+-----------------------------------------+--------------+
|ap_clk                 |   in|    1|  ap_ctrl_hs|  pqcrystals_kyber_fips202_ref_sha3_256.1|  return value|
|ap_rst                 |   in|    1|  ap_ctrl_hs|  pqcrystals_kyber_fips202_ref_sha3_256.1|  return value|
|ap_start               |   in|    1|  ap_ctrl_hs|  pqcrystals_kyber_fips202_ref_sha3_256.1|  return value|
|ap_done                |  out|    1|  ap_ctrl_hs|  pqcrystals_kyber_fips202_ref_sha3_256.1|  return value|
|ap_idle                |  out|    1|  ap_ctrl_hs|  pqcrystals_kyber_fips202_ref_sha3_256.1|  return value|
|ap_ready               |  out|    1|  ap_ctrl_hs|  pqcrystals_kyber_fips202_ref_sha3_256.1|  return value|
|m_axi_gmem_0_AWVALID   |  out|    1|       m_axi|                                     gmem|       pointer|
|m_axi_gmem_0_AWREADY   |   in|    1|       m_axi|                                     gmem|       pointer|
|m_axi_gmem_0_AWADDR    |  out|   64|       m_axi|                                     gmem|       pointer|
|m_axi_gmem_0_AWID      |  out|    1|       m_axi|                                     gmem|       pointer|
|m_axi_gmem_0_AWLEN     |  out|   32|       m_axi|                                     gmem|       pointer|
|m_axi_gmem_0_AWSIZE    |  out|    3|       m_axi|                                     gmem|       pointer|
|m_axi_gmem_0_AWBURST   |  out|    2|       m_axi|                                     gmem|       pointer|
|m_axi_gmem_0_AWLOCK    |  out|    2|       m_axi|                                     gmem|       pointer|
|m_axi_gmem_0_AWCACHE   |  out|    4|       m_axi|                                     gmem|       pointer|
|m_axi_gmem_0_AWPROT    |  out|    3|       m_axi|                                     gmem|       pointer|
|m_axi_gmem_0_AWQOS     |  out|    4|       m_axi|                                     gmem|       pointer|
|m_axi_gmem_0_AWREGION  |  out|    4|       m_axi|                                     gmem|       pointer|
|m_axi_gmem_0_AWUSER    |  out|    1|       m_axi|                                     gmem|       pointer|
|m_axi_gmem_0_WVALID    |  out|    1|       m_axi|                                     gmem|       pointer|
|m_axi_gmem_0_WREADY    |   in|    1|       m_axi|                                     gmem|       pointer|
|m_axi_gmem_0_WDATA     |  out|    8|       m_axi|                                     gmem|       pointer|
|m_axi_gmem_0_WSTRB     |  out|    1|       m_axi|                                     gmem|       pointer|
|m_axi_gmem_0_WLAST     |  out|    1|       m_axi|                                     gmem|       pointer|
|m_axi_gmem_0_WID       |  out|    1|       m_axi|                                     gmem|       pointer|
|m_axi_gmem_0_WUSER     |  out|    1|       m_axi|                                     gmem|       pointer|
|m_axi_gmem_0_ARVALID   |  out|    1|       m_axi|                                     gmem|       pointer|
|m_axi_gmem_0_ARREADY   |   in|    1|       m_axi|                                     gmem|       pointer|
|m_axi_gmem_0_ARADDR    |  out|   64|       m_axi|                                     gmem|       pointer|
|m_axi_gmem_0_ARID      |  out|    1|       m_axi|                                     gmem|       pointer|
|m_axi_gmem_0_ARLEN     |  out|   32|       m_axi|                                     gmem|       pointer|
|m_axi_gmem_0_ARSIZE    |  out|    3|       m_axi|                                     gmem|       pointer|
|m_axi_gmem_0_ARBURST   |  out|    2|       m_axi|                                     gmem|       pointer|
|m_axi_gmem_0_ARLOCK    |  out|    2|       m_axi|                                     gmem|       pointer|
|m_axi_gmem_0_ARCACHE   |  out|    4|       m_axi|                                     gmem|       pointer|
|m_axi_gmem_0_ARPROT    |  out|    3|       m_axi|                                     gmem|       pointer|
|m_axi_gmem_0_ARQOS     |  out|    4|       m_axi|                                     gmem|       pointer|
|m_axi_gmem_0_ARREGION  |  out|    4|       m_axi|                                     gmem|       pointer|
|m_axi_gmem_0_ARUSER    |  out|    1|       m_axi|                                     gmem|       pointer|
|m_axi_gmem_0_RVALID    |   in|    1|       m_axi|                                     gmem|       pointer|
|m_axi_gmem_0_RREADY    |  out|    1|       m_axi|                                     gmem|       pointer|
|m_axi_gmem_0_RDATA     |   in|    8|       m_axi|                                     gmem|       pointer|
|m_axi_gmem_0_RLAST     |   in|    1|       m_axi|                                     gmem|       pointer|
|m_axi_gmem_0_RID       |   in|    1|       m_axi|                                     gmem|       pointer|
|m_axi_gmem_0_RFIFONUM  |   in|   11|       m_axi|                                     gmem|       pointer|
|m_axi_gmem_0_RUSER     |   in|    1|       m_axi|                                     gmem|       pointer|
|m_axi_gmem_0_RRESP     |   in|    2|       m_axi|                                     gmem|       pointer|
|m_axi_gmem_0_BVALID    |   in|    1|       m_axi|                                     gmem|       pointer|
|m_axi_gmem_0_BREADY    |  out|    1|       m_axi|                                     gmem|       pointer|
|m_axi_gmem_0_BRESP     |   in|    2|       m_axi|                                     gmem|       pointer|
|m_axi_gmem_0_BID       |   in|    1|       m_axi|                                     gmem|       pointer|
|m_axi_gmem_0_BUSER     |   in|    1|       m_axi|                                     gmem|       pointer|
|h                      |   in|   64|     ap_none|                                        h|        scalar|
|in_r                   |   in|   64|     ap_none|                                     in_r|        scalar|
|inlen                  |   in|   32|     ap_none|                                    inlen|        scalar|
+-----------------------+-----+-----+------------+-----------------------------------------+--------------+

