

================================================================
== Vitis HLS Report for 'sha3_256_hw'
================================================================
* Date:           Wed Aug  6 16:42:27 2025

* Version:        2024.2 (Build 5238294 on Nov  8 2024)
* Project:        sha3_hls_solution
* Solution:       hls (Vivado IP Flow Target)
* Product family: zynq
* Target device:  xc7z020-clg400-1


================================================================
== Performance Estimates
================================================================
+ Timing: 
    * Summary: 
    +--------+----------+----------+------------+
    |  Clock |  Target  | Estimated| Uncertainty|
    +--------+----------+----------+------------+
    |ap_clk  |  10.00 ns|  7.300 ns|     2.70 ns|
    +--------+----------+----------+------------+

+ Latency: 
    * Summary: 
    +---------+---------+----------+-----------+-----+------+---------+
    |  Latency (cycles) |  Latency (absolute)  |  Interval  | Pipeline|
    |   min   |   max   |    min   |    max    | min |  max |   Type  |
    +---------+---------+----------+-----------+-----+------+---------+
    |      196|     9146|  1.960 us|  91.460 us|  197|  9147|       no|
    +---------+---------+----------+-----------+-----+------+---------+

    + Detail: 
        * Instance: 
        +---------------------------------------------------+-----------------------------------------+---------+---------+----------+-----------+-----+------+---------+
        |                                                   |                                         |  Latency (cycles) |  Latency (absolute)  |  Interval  | Pipeline|
        |                      Instance                     |                  Module                 |   min   |   max   |    min   |    max    | min |  max |   Type  |
        +---------------------------------------------------+-----------------------------------------+---------+---------+----------+-----------+-----+------+---------+
        |grp_pqcrystals_kyber_fips202_ref_sha3_256_1_fu_74  |pqcrystals_kyber_fips202_ref_sha3_256_1  |      195|     9145|  1.950 us|  91.450 us|  195|  9145|       no|
        +---------------------------------------------------+-----------------------------------------+---------+---------+----------+-----------+-----+------+---------+

        * Loop: 
        N/A



================================================================
== Utilization Estimates
================================================================
* Summary: 
+-----------------+---------+-----+--------+-------+-----+
|       Name      | BRAM_18K| DSP |   FF   |  LUT  | URAM|
+-----------------+---------+-----+--------+-------+-----+
|DSP              |        -|    -|       -|      -|    -|
|Expression       |        -|    -|       -|      -|    -|
|FIFO             |        -|    -|       -|      -|    -|
|Instance         |       11|    -|   12869|  38468|    0|
|Memory           |        -|    -|       -|      -|    -|
|Multiplexer      |        -|    -|       0|     59|    -|
|Register         |        -|    -|     163|      -|    -|
+-----------------+---------+-----+--------+-------+-----+
|Total            |       11|    0|   13032|  38527|    0|
+-----------------+---------+-----+--------+-------+-----+
|Available        |      280|  220|  106400|  53200|    0|
+-----------------+---------+-----+--------+-------+-----+
|Utilization (%)  |        3|    0|      12|     72|    0|
+-----------------+---------+-----+--------+-------+-----+

+ Detail: 
    * Instance: 
    +---------------------------------------------------+-----------------------------------------+---------+----+-------+-------+-----+
    |                      Instance                     |                  Module                 | BRAM_18K| DSP|   FF  |  LUT  | URAM|
    +---------------------------------------------------+-----------------------------------------+---------+----+-------+-------+-----+
    |control_r_s_axi_U                                  |control_r_s_axi                          |        0|   0|    170|    296|    0|
    |control_s_axi_U                                    |control_s_axi                            |        0|   0|     74|    104|    0|
    |gmem_m_axi_U                                       |gmem_m_axi                               |        3|   0|    864|    851|    0|
    |grp_pqcrystals_kyber_fips202_ref_sha3_256_1_fu_74  |pqcrystals_kyber_fips202_ref_sha3_256_1  |        8|   0|  11761|  37217|    0|
    +---------------------------------------------------+-----------------------------------------+---------+----+-------+-------+-----+
    |Total                                              |                                         |       11|   0|  12869|  38468|    0|
    +---------------------------------------------------+-----------------------------------------+---------+----+-------+-------+-----+

    * DSP: 
    N/A

    * Memory: 
    N/A

    * FIFO: 
    N/A

    * Expression: 
    N/A

    * Multiplexer: 
    +----------------+----+-----------+-----+-----------+
    |      Name      | LUT| Input Size| Bits| Total Bits|
    +----------------+----+-----------+-----+-----------+
    |ap_NS_fsm       |  14|          3|    1|          3|
    |gmem_0_ARVALID  |   9|          2|    1|          2|
    |gmem_0_AWVALID  |   9|          2|    1|          2|
    |gmem_0_BREADY   |   9|          2|    1|          2|
    |gmem_0_RREADY   |   9|          2|    1|          2|
    |gmem_0_WVALID   |   9|          2|    1|          2|
    +----------------+----+-----------+-----+-----------+
    |Total           |  59|         13|    6|         13|
    +----------------+----+-----------+-----+-----------+

    * Register: 
    +----------------------------------------------------------------+----+----+-----+-----------+
    |                              Name                              | FF | LUT| Bits| Const Bits|
    +----------------------------------------------------------------+----+----+-----+-----------+
    |ap_CS_fsm                                                       |   2|   0|    2|          0|
    |grp_pqcrystals_kyber_fips202_ref_sha3_256_1_fu_74_ap_start_reg  |   1|   0|    1|          0|
    |in_r_read_reg_93                                                |  64|   0|   64|          0|
    |inlen_read_reg_88                                               |  32|   0|   32|          0|
    |out_r_read_reg_98                                               |  64|   0|   64|          0|
    +----------------------------------------------------------------+----+----+-----+-----------+
    |Total                                                           | 163|   0|  163|          0|
    +----------------------------------------------------------------+----+----+-----+-----------+



================================================================
== Interface
================================================================
* Summary: 
+-------------------------+-----+-----+------------+--------------+--------------+
|        RTL Ports        | Dir | Bits|  Protocol  | Source Object|    C Type    |
+-------------------------+-----+-----+------------+--------------+--------------+
|s_axi_control_AWVALID    |   in|    1|       s_axi|       control|        scalar|
|s_axi_control_AWREADY    |  out|    1|       s_axi|       control|        scalar|
|s_axi_control_AWADDR     |   in|    5|       s_axi|       control|        scalar|
|s_axi_control_WVALID     |   in|    1|       s_axi|       control|        scalar|
|s_axi_control_WREADY     |  out|    1|       s_axi|       control|        scalar|
|s_axi_control_WDATA      |   in|   32|       s_axi|       control|        scalar|
|s_axi_control_WSTRB      |   in|    4|       s_axi|       control|        scalar|
|s_axi_control_ARVALID    |   in|    1|       s_axi|       control|        scalar|
|s_axi_control_ARREADY    |  out|    1|       s_axi|       control|        scalar|
|s_axi_control_ARADDR     |   in|    5|       s_axi|       control|        scalar|
|s_axi_control_RVALID     |  out|    1|       s_axi|       control|        scalar|
|s_axi_control_RREADY     |   in|    1|       s_axi|       control|        scalar|
|s_axi_control_RDATA      |  out|   32|       s_axi|       control|        scalar|
|s_axi_control_RRESP      |  out|    2|       s_axi|       control|        scalar|
|s_axi_control_BVALID     |  out|    1|       s_axi|       control|        scalar|
|s_axi_control_BREADY     |   in|    1|       s_axi|       control|        scalar|
|s_axi_control_BRESP      |  out|    2|       s_axi|       control|        scalar|
|s_axi_control_r_AWVALID  |   in|    1|       s_axi|     control_r|        scalar|
|s_axi_control_r_AWREADY  |  out|    1|       s_axi|     control_r|        scalar|
|s_axi_control_r_AWADDR   |   in|    6|       s_axi|     control_r|        scalar|
|s_axi_control_r_WVALID   |   in|    1|       s_axi|     control_r|        scalar|
|s_axi_control_r_WREADY   |  out|    1|       s_axi|     control_r|        scalar|
|s_axi_control_r_WDATA    |   in|   32|       s_axi|     control_r|        scalar|
|s_axi_control_r_WSTRB    |   in|    4|       s_axi|     control_r|        scalar|
|s_axi_control_r_ARVALID  |   in|    1|       s_axi|     control_r|        scalar|
|s_axi_control_r_ARREADY  |  out|    1|       s_axi|     control_r|        scalar|
|s_axi_control_r_ARADDR   |   in|    6|       s_axi|     control_r|        scalar|
|s_axi_control_r_RVALID   |  out|    1|       s_axi|     control_r|        scalar|
|s_axi_control_r_RREADY   |   in|    1|       s_axi|     control_r|        scalar|
|s_axi_control_r_RDATA    |  out|   32|       s_axi|     control_r|        scalar|
|s_axi_control_r_RRESP    |  out|    2|       s_axi|     control_r|        scalar|
|s_axi_control_r_BVALID   |  out|    1|       s_axi|     control_r|        scalar|
|s_axi_control_r_BREADY   |   in|    1|       s_axi|     control_r|        scalar|
|s_axi_control_r_BRESP    |  out|    2|       s_axi|     control_r|        scalar|
|ap_clk                   |   in|    1|  ap_ctrl_hs|   sha3_256_hw|  return value|
|ap_rst_n                 |   in|    1|  ap_ctrl_hs|   sha3_256_hw|  return value|
|interrupt                |  out|    1|  ap_ctrl_hs|   sha3_256_hw|  return value|
|m_axi_gmem_AWVALID       |  out|    1|       m_axi|          gmem|       pointer|
|m_axi_gmem_AWREADY       |   in|    1|       m_axi|          gmem|       pointer|
|m_axi_gmem_AWADDR        |  out|   64|       m_axi|          gmem|       pointer|
|m_axi_gmem_AWID          |  out|    1|       m_axi|          gmem|       pointer|
|m_axi_gmem_AWLEN         |  out|    8|       m_axi|          gmem|       pointer|
|m_axi_gmem_AWSIZE        |  out|    3|       m_axi|          gmem|       pointer|
|m_axi_gmem_AWBURST       |  out|    2|       m_axi|          gmem|       pointer|
|m_axi_gmem_AWLOCK        |  out|    2|       m_axi|          gmem|       pointer|
|m_axi_gmem_AWCACHE       |  out|    4|       m_axi|          gmem|       pointer|
|m_axi_gmem_AWPROT        |  out|    3|       m_axi|          gmem|       pointer|
|m_axi_gmem_AWQOS         |  out|    4|       m_axi|          gmem|       pointer|
|m_axi_gmem_AWREGION      |  out|    4|       m_axi|          gmem|       pointer|
|m_axi_gmem_AWUSER        |  out|    1|       m_axi|          gmem|       pointer|
|m_axi_gmem_WVALID        |  out|    1|       m_axi|          gmem|       pointer|
|m_axi_gmem_WREADY        |   in|    1|       m_axi|          gmem|       pointer|
|m_axi_gmem_WDATA         |  out|   32|       m_axi|          gmem|       pointer|
|m_axi_gmem_WSTRB         |  out|    4|       m_axi|          gmem|       pointer|
|m_axi_gmem_WLAST         |  out|    1|       m_axi|          gmem|       pointer|
|m_axi_gmem_WID           |  out|    1|       m_axi|          gmem|       pointer|
|m_axi_gmem_WUSER         |  out|    1|       m_axi|          gmem|       pointer|
|m_axi_gmem_ARVALID       |  out|    1|       m_axi|          gmem|       pointer|
|m_axi_gmem_ARREADY       |   in|    1|       m_axi|          gmem|       pointer|
|m_axi_gmem_ARADDR        |  out|   64|       m_axi|          gmem|       pointer|
|m_axi_gmem_ARID          |  out|    1|       m_axi|          gmem|       pointer|
|m_axi_gmem_ARLEN         |  out|    8|       m_axi|          gmem|       pointer|
|m_axi_gmem_ARSIZE        |  out|    3|       m_axi|          gmem|       pointer|
|m_axi_gmem_ARBURST       |  out|    2|       m_axi|          gmem|       pointer|
|m_axi_gmem_ARLOCK        |  out|    2|       m_axi|          gmem|       pointer|
|m_axi_gmem_ARCACHE       |  out|    4|       m_axi|          gmem|       pointer|
|m_axi_gmem_ARPROT        |  out|    3|       m_axi|          gmem|       pointer|
|m_axi_gmem_ARQOS         |  out|    4|       m_axi|          gmem|       pointer|
|m_axi_gmem_ARREGION      |  out|    4|       m_axi|          gmem|       pointer|
|m_axi_gmem_ARUSER        |  out|    1|       m_axi|          gmem|       pointer|
|m_axi_gmem_RVALID        |   in|    1|       m_axi|          gmem|       pointer|
|m_axi_gmem_RREADY        |  out|    1|       m_axi|          gmem|       pointer|
|m_axi_gmem_RDATA         |   in|   32|       m_axi|          gmem|       pointer|
|m_axi_gmem_RLAST         |   in|    1|       m_axi|          gmem|       pointer|
|m_axi_gmem_RID           |   in|    1|       m_axi|          gmem|       pointer|
|m_axi_gmem_RUSER         |   in|    1|       m_axi|          gmem|       pointer|
|m_axi_gmem_RRESP         |   in|    2|       m_axi|          gmem|       pointer|
|m_axi_gmem_BVALID        |   in|    1|       m_axi|          gmem|       pointer|
|m_axi_gmem_BREADY        |  out|    1|       m_axi|          gmem|       pointer|
|m_axi_gmem_BRESP         |   in|    2|       m_axi|          gmem|       pointer|
|m_axi_gmem_BID           |   in|    1|       m_axi|          gmem|       pointer|
|m_axi_gmem_BUSER         |   in|    1|       m_axi|          gmem|       pointer|
+-------------------------+-----+-----+------------+--------------+--------------+

