================================================================
== Design Size Report
================================================================

* Total Instructions per Compilation Phase
+---------------+-----------------------------+--------------+----------------------------------------------------------------------------------------+
| Phase         | Step                        | Instructions | Description                                                                            |
+---------------+-----------------------------+--------------+----------------------------------------------------------------------------------------+
| Compile/Link  |                             | 1,281        | After all functions are compiled and linked into a single design                       |
|               |                             |              |                                                                                        |
| Unroll/Inline |                             |              | After user unroll and inline pragmas are applied                                       |
|               | (1) unroll                  | 1,314        | user unroll pragmas are applied                                                        |
|               | (2) simplification          | 1,196        | simplification of applied user unroll pragmas                                          |
|               | (3) inline                  | 1,179        | user inline pragmas are applied                                                        |
|               | (4) simplification          | 1,179        | simplification of applied user inline pragmas                                          |
|               |                             |              |                                                                                        |
| Array/Struct  |                             |              | After user array partition and struct aggregate/disaggregate pragmas are applied       |
|               | (1) array partition         | 1,180        | user array partition pragmas are applied                                               |
|               | (2) simplification          | 1,180        | simplification of applied user array partition & struct aggregate/disaggregate pragmas |
|               | (3) aggregate/disaggregate  | 1,180        | user struct aggregate/disaggregate pragmas are applied                                 |
|               | (4) array reshape           | 1,180        | apply array reshape pragmas                                                            |
|               | (5) access patterns         | 1,236        | array access pattern optmizations                                                      |
|               |                             |              |                                                                                        |
| Performance   |                             |              | After transformations are applied to meet performance pragma targets                   |
|               | (1) loop simplification     | 1,236        | loop and instruction simplification                                                    |
|               | (2) parallelization         | 1,182        | loops are unrolled or pipelined to meet performance targets                            |
|               | (3) array partition         | 1,180        | arrays are partitioned to meet performance targets                                     |
|               | (4) simplification          | 1,180        | simplification of design after performance transformations                             |
|               |                             |              |                                                                                        |
| HW Transforms |                             |              | After hardware transfomations                                                          |
|               | (1) lowering                | 1,176        | initial conversion to HW specific instructions                                         |
|               | (2) optimizations           | 1,202        | high level synthesis optimizations                                                     |
+---------------+-----------------------------+--------------+----------------------------------------------------------------------------------------+

* Instructions per Function for each Compilation Phase
+------------------------------+------------+--------------+-----------------+-----------------+-----------------+-----------------+
| Function                     | Location   | Compile/Link | Unroll/Inline   | Array/Struct    | Performance     | HW Transforms   |
+------------------------------+------------+--------------+-----------------+-----------------+-----------------+-----------------+
| + sha3_256_hw                | fips.c:754 | 1,281        | 1,179           | 1,236           | 1,180           | 1,202           |
|  + keccak_absorb_once        | fips.c:464 |  673         |                 |                 |                 |                 |
|     load64                   | fips.c:22  |   18         |                 |                 |                 |                 |
|     KeccakF1600_StatePermute | fips.c:83  |  567         |                 |                 |                 |                 |
|    KeccakF1600_StatePermute  | fips.c:83  |  567         | 1,072 (2 calls) | 1,124 (2 calls) | 1,074 (2 calls) | 1,082 (2 calls) |
|    store64                   | fips.c:40  |   16         |                 |                 |                 |                 |
+------------------------------+------------+--------------+-----------------+-----------------+-----------------+-----------------+

* Design Size Message Settings
+---------------------------------------------+--------+------------------------------------------------------------------+
| Message Setting                             | Value  | Description                                                      |
+---------------------------------------------+--------+------------------------------------------------------------------+
| config_compile -design_size_maximum_warning | 100000 | Show a warning when total design instructions exceeds this value |
+---------------------------------------------+--------+------------------------------------------------------------------+


