

================================================================
== Vitis HLS Report for 'sha3_256_hw'
================================================================
* Date:           Wed Jul 30 15:04:44 2025

* Version:        2024.2 (Build 5238294 on Nov  8 2024)
* Project:        sha3_256_hls2_solution2
* Solution:       hls (Vivado IP Flow Target)
* Product family: zynq
* Target device:  xc7z020-clg400-1


================================================================
== Performance Estimates
================================================================
+ Timing: 
    * Summary: 
    +--------+----------+----------+------------+
    |  Clock |  Target  | Estimated| Uncertainty|
    +--------+----------+----------+------------+
    |ap_clk  |  10.00 ns|  6.917 ns|     2.70 ns|
    +--------+----------+----------+------------+

+ Latency: 
    * Summary: 
    +---------+---------+----------+----------+-----+-----+---------+
    |  Latency (cycles) |  Latency (absolute) |  Interval | Pipeline|
    |   min   |   max   |    min   |    max   | min | max |   Type  |
    +---------+---------+----------+----------+-----+-----+---------+
    |        ?|        ?|         ?|         ?|    ?|    ?|       no|
    +---------+---------+----------+----------+-----+-----+---------+

    + Detail: 
        * Instance: 
        +------------------------------------------------------------------+-------------------------------------------------------+---------+---------+----------+----------+-----+-----+------------------------------------------------+
        |                                                                  |                                                       |  Latency (cycles) |  Latency (absolute) |  Interval |                    Pipeline                    |
        |                             Instance                             |                         Module                        |   min   |   max   |    min   |    max   | min | max |                      Type                      |
        +------------------------------------------------------------------+-------------------------------------------------------+---------+---------+----------+----------+-----+-----+------------------------------------------------+
        |grp_sha3_256_hw_Pipeline_VITIS_LOOP_472_1_fu_228                  |sha3_256_hw_Pipeline_VITIS_LOOP_472_1                  |       27|       27|  0.270 us|  0.270 us|   26|   26|  loop auto-rewind stp (delay=0 clock cycles(s))|
        |grp_KeccakF1600_StatePermute_fu_234                               |KeccakF1600_StatePermute                               |       62|       62|  0.620 us|  0.620 us|   62|   62|                                              no|
        |grp_sha3_256_hw_Pipeline_VITIS_LOOP_761_1_VITIS_LOOP_43_1_fu_241  |sha3_256_hw_Pipeline_VITIS_LOOP_761_1_VITIS_LOOP_43_1  |       36|       36|  0.360 us|  0.360 us|   33|   33|  loop auto-rewind stp (delay=0 clock cycles(s))|
        +------------------------------------------------------------------+-------------------------------------------------------+---------+---------+----------+----------+-----+-----+------------------------------------------------+

        * Loop: 
        +---------------------------------+---------+------------+----------+-----------+-----------+--------------+----------+
        |                                 |   Latency (cycles)   | Iteration|  Initiation Interval  |     Trip     |          |
        |            Loop Name            |   min   |     max    |  Latency |  achieved |   target  |     Count    | Pipelined|
        +---------------------------------+---------+------------+----------+-----------+-----------+--------------+----------+
        |- VITIS_LOOP_479_2               |      203|  6410870326|       203|          -|          -|  1 ~ 31580642|        no|
        | + absorb_loop2_VITIS_LOOP_26_1  |      137|         137|         3|          1|          1|           136|       yes|
        |- absorb_loop3                   |        ?|           ?|         3|          -|          -|             ?|        no|
        +---------------------------------+---------+------------+----------+-----------+-----------+--------------+----------+



================================================================
== Utilization Estimates
================================================================
* Summary: 
+-----------------+---------+-----+--------+-------+-----+
|       Name      | BRAM_18K| DSP |   FF   |  LUT  | URAM|
+-----------------+---------+-----+--------+-------+-----+
|DSP              |        -|    -|       -|      -|    -|
|Expression       |        -|    -|       0|   1345|    -|
|FIFO             |        -|    -|       -|      -|    -|
|Instance         |        2|    4|    3518|  17330|    -|
|Memory           |        4|    -|       0|      0|    0|
|Multiplexer      |        -|    -|       0|    391|    -|
|Register         |        -|    -|     760|      -|    -|
+-----------------+---------+-----+--------+-------+-----+
|Total            |        6|    4|    4278|  19066|    0|
+-----------------+---------+-----+--------+-------+-----+
|Available        |      280|  220|  106400|  53200|    0|
+-----------------+---------+-----+--------+-------+-----+
|Utilization (%)  |        2|    1|       4|     35|    0|
+-----------------+---------+-----+--------+-------+-----+

+ Detail: 
    * Instance: 
    +------------------------------------------------------------------+-------------------------------------------------------+---------+----+------+-------+-----+
    |                             Instance                             |                         Module                        | BRAM_18K| DSP|  FF  |  LUT  | URAM|
    +------------------------------------------------------------------+-------------------------------------------------------+---------+----+------+-------+-----+
    |grp_KeccakF1600_StatePermute_fu_234                               |KeccakF1600_StatePermute                               |        2|   0|  3238|  16900|    0|
    |mul_32ns_34ns_65_2_1_U6                                           |mul_32ns_34ns_65_2_1                                   |        0|   4|   173|     54|    0|
    |grp_sha3_256_hw_Pipeline_VITIS_LOOP_472_1_fu_228                  |sha3_256_hw_Pipeline_VITIS_LOOP_472_1                  |        0|   0|     7|     53|    0|
    |grp_sha3_256_hw_Pipeline_VITIS_LOOP_761_1_VITIS_LOOP_43_1_fu_241  |sha3_256_hw_Pipeline_VITIS_LOOP_761_1_VITIS_LOOP_43_1  |        0|   0|   100|    323|    0|
    +------------------------------------------------------------------+-------------------------------------------------------+---------+----+------+-------+-----+
    |Total                                                             |                                                       |        2|   4|  3518|  17330|    0|
    +------------------------------------------------------------------+-------------------------------------------------------+---------+----+------+-------+-----+

    * DSP: 
    N/A

    * Memory: 
    +-------+-----------------+---------+---+----+-----+------+-----+------+-------------+
    | Memory|      Module     | BRAM_18K| FF| LUT| URAM| Words| Bits| Banks| W*Bits*Banks|
    +-------+-----------------+---------+---+----+-----+------+-----+------+-------------+
    |s_U    |s_RAM_AUTO_1R1W  |        4|  0|   0|    0|    25|   64|     1|         1600|
    +-------+-----------------+---------+---+----+-----+------+-----+------+-------------+
    |Total  |                 |        4|  0|   0|    0|    25|   64|     1|         1600|
    +-------+-----------------+---------+---+----+-----+------+-----+------+-------------+

    * FIFO: 
    N/A

    * Expression: 
    +--------------------------+----------+----+---+-----+------------+------------+
    |       Variable Name      | Operation| DSP| FF| LUT | Bitwidth P0| Bitwidth P1|
    +--------------------------+----------+----+---+-----+------------+------------+
    |add_ln26_fu_399_p2        |         +|   0|  0|   13|           4|           1|
    |add_ln467_fu_331_p2       |         +|   0|  0|   71|          64|          64|
    |add_ln480_1_fu_376_p2     |         +|   0|  0|   13|           5|           1|
    |add_ln480_fu_356_p2       |         +|   0|  0|   15|           8|           1|
    |i_4_fu_468_p2             |         +|   0|  0|   39|          32|           1|
    |j_4_fu_446_p2             |         +|   0|  0|   39|          32|           9|
    |sub_ln467_1_fu_318_p2     |         -|   0|  0|   34|          34|          34|
    |sub_ln467_fu_300_p2       |         -|   0|  0|   34|           1|          34|
    |empty_fu_257_p2           |      icmp|   0|  0|   39|          32|           8|
    |icmp_ln26_1_fu_405_p2     |      icmp|   0|  0|   13|           4|           5|
    |icmp_ln26_fu_362_p2       |      icmp|   0|  0|   13|           4|           5|
    |icmp_ln479_fu_339_p2      |      icmp|   0|  0|   39|          32|           8|
    |icmp_ln480_fu_350_p2      |      icmp|   0|  0|   15|           8|           8|
    |icmp_ln488_fu_463_p2      |      icmp|   0|  0|   71|          64|          64|
    |r_1_fu_434_p2             |        or|   0|  0|   64|          64|          64|
    |s_we0                     |        or|   0|  0|    2|           1|           1|
    |s_we1                     |        or|   0|  0|    2|           1|           1|
    |select_ln479_fu_282_p3    |    select|   0|  0|   25|           1|           1|
    |select_ln480_fu_382_p3    |    select|   0|  0|    5|           1|           5|
    |select_ln481_1_fu_411_p3  |    select|   0|  0|   64|           1|           1|
    |select_ln481_fu_368_p3    |    select|   0|  0|    4|           1|           1|
    |shl_ln27_fu_429_p2        |       shl|   0|  0|  182|          64|          64|
    |shl_ln490_fu_526_p2       |       shl|   0|  0|  182|          64|          64|
    |shl_ln492_fu_548_p2       |       shl|   0|  0|  171|           3|          59|
    |ap_enable_pp0             |       xor|   0|  0|    2|           1|           2|
    |xor_ln482_fu_440_p2       |       xor|   0|  0|   64|          64|          64|
    |xor_ln490_fu_531_p2       |       xor|   0|  0|   64|          64|          64|
    |xor_ln492_fu_558_p2       |       xor|   0|  0|   64|          64|          64|
    |xor_ln493_fu_576_p2       |       xor|   0|  0|    2|           1|           2|
    +--------------------------+----------+----+---+-----+------------+------------+
    |Total                     |          |   0|  0| 1345|         719|         700|
    +--------------------------+----------+----+---+-----+------------+------------+

    * Multiplexer: 
    +------------------------------+-----+-----------+-----+-----------+
    |             Name             | LUT | Input Size| Bits| Total Bits|
    +------------------------------+-----+-----------+-----+-----------+
    |ap_NS_fsm                     |  113|         22|    1|         22|
    |ap_enable_reg_pp0_iter1       |    9|          2|    1|          2|
    |ap_enable_reg_pp0_iter2       |   14|          3|    1|          3|
    |ap_phi_mux_i_1_phi_fu_199_p4  |    9|          2|    5|         10|
    |ap_phi_mux_i_2_phi_fu_210_p4  |    9|          2|    4|          8|
    |ap_phi_mux_r_phi_fu_221_p4    |    9|          2|   64|        128|
    |i_1_reg_195                   |    9|          2|    5|         10|
    |i_2_reg_206                   |    9|          2|    4|          8|
    |i_fu_130                      |    9|          2|   32|         64|
    |indvar_flatten_reg_184        |    9|          2|    8|         16|
    |j_fu_122                      |    9|          2|   32|         64|
    |r_reg_217                     |    9|          2|   64|        128|
    |s_address0                    |   20|          4|    5|         20|
    |s_address0_local              |   25|          5|    5|         25|
    |s_address1                    |    9|          2|    5|         10|
    |s_address1_local              |   25|          5|    5|         25|
    |s_ce0                         |   20|          4|    1|          4|
    |s_ce1                         |    9|          2|    1|          2|
    |s_d0                          |   14|          3|   64|        192|
    |s_d1                          |    9|          2|   64|        128|
    |s_d1_local                    |   20|          4|   64|        256|
    |s_we0                         |   14|          3|    1|          3|
    |s_we1                         |    9|          2|    1|          2|
    +------------------------------+-----+-----------+-----+-----------+
    |Total                         |  391|         81|  437|       1130|
    +------------------------------+-----+-----------+-----+-----------+

    * Register: 
    +-------------------------------------------------------------------------------+----+----+-----+-----------+
    |                                      Name                                     | FF | LUT| Bits| Const Bits|
    +-------------------------------------------------------------------------------+----+----+-----+-----------+
    |add_ln26_reg_677                                                               |   4|   0|    4|          0|
    |add_ln467_reg_632                                                              |  64|   0|   64|          0|
    |ap_CS_fsm                                                                      |  21|   0|   21|          0|
    |ap_enable_reg_pp0_iter0                                                        |   1|   0|    1|          0|
    |ap_enable_reg_pp0_iter1                                                        |   1|   0|    1|          0|
    |ap_enable_reg_pp0_iter2                                                        |   1|   0|    1|          0|
    |bit_sel_reg_743                                                                |   1|   0|    1|          0|
    |conv_i_i_reg_626                                                               |   8|   0|   64|         56|
    |empty_reg_606                                                                  |   1|   0|    1|          0|
    |grp_KeccakF1600_StatePermute_fu_234_ap_start_reg                               |   1|   0|    1|          0|
    |grp_sha3_256_hw_Pipeline_VITIS_LOOP_472_1_fu_228_ap_start_reg                  |   1|   0|    1|          0|
    |grp_sha3_256_hw_Pipeline_VITIS_LOOP_761_1_VITIS_LOOP_43_1_fu_241_ap_start_reg  |   1|   0|    1|          0|
    |i_1_reg_195                                                                    |   5|   0|    5|          0|
    |i_2_reg_206                                                                    |   4|   0|    4|          0|
    |i_fu_130                                                                       |  32|   0|   32|          0|
    |icmp_ln26_1_reg_682                                                            |   1|   0|    1|          0|
    |icmp_ln26_1_reg_682_pp0_iter1_reg                                              |   1|   0|    1|          0|
    |icmp_ln26_reg_662                                                              |   1|   0|    1|          0|
    |icmp_ln480_reg_653                                                             |   1|   0|    1|          0|
    |icmp_ln480_reg_653_pp0_iter1_reg                                               |   1|   0|    1|          0|
    |indvar_flatten_reg_184                                                         |   8|   0|    8|          0|
    |inlen_read_reg_596                                                             |  64|   0|   64|          0|
    |j_1_reg_601                                                                    |  32|   0|   32|          0|
    |j_fu_122                                                                       |  32|   0|   32|          0|
    |r_1_reg_692                                                                    |  64|   0|   64|          0|
    |r_reg_217                                                                      |  64|   0|   64|          0|
    |s_addr_1_reg_710                                                               |   5|   0|    5|          0|
    |s_addr_2_reg_721                                                               |   5|   0|    5|          0|
    |s_addr_reg_686                                                                 |   5|   0|    5|          0|
    |s_addr_reg_686_pp0_iter1_reg                                                   |   5|   0|    5|          0|
    |select_ln480_reg_667                                                           |   5|   0|    5|          0|
    |sub_ln467_1_reg_621                                                            |  31|   0|   34|          3|
    |trunc_ln27_reg_672                                                             |   3|   0|    3|          0|
    |trunc_ln490_reg_705                                                            |   3|   0|    3|          0|
    |trunc_ln492_reg_716                                                            |   3|   0|    3|          0|
    |trunc_ln493_reg_748                                                            |  63|   0|   63|          0|
    |trunc_ln_reg_616                                                               |  25|   0|   25|          0|
    |xor_ln482_reg_697                                                              |  64|   0|   64|          0|
    |xor_ln490_reg_727                                                              |  64|   0|   64|          0|
    |xor_ln492_reg_732                                                              |  64|   0|   64|          0|
    +-------------------------------------------------------------------------------+----+----+-----+-----------+
    |Total                                                                          | 760|   0|  819|         59|
    +-------------------------------------------------------------------------------+----+----+-----+-----------+



================================================================
== Interface
================================================================
* Summary: 
+------------+-----+-----+------------+--------------+--------------+
|  RTL Ports | Dir | Bits|  Protocol  | Source Object|    C Type    |
+------------+-----+-----+------------+--------------+--------------+
|ap_clk      |   in|    1|  ap_ctrl_hs|   sha3_256_hw|  return value|
|ap_rst      |   in|    1|  ap_ctrl_hs|   sha3_256_hw|  return value|
|ap_start    |   in|    1|  ap_ctrl_hs|   sha3_256_hw|  return value|
|ap_done     |  out|    1|  ap_ctrl_hs|   sha3_256_hw|  return value|
|ap_idle     |  out|    1|  ap_ctrl_hs|   sha3_256_hw|  return value|
|ap_ready    |  out|    1|  ap_ctrl_hs|   sha3_256_hw|  return value|
|h_address0  |  out|    5|   ap_memory|             h|         array|
|h_ce0       |  out|    1|   ap_memory|             h|         array|
|h_we0       |  out|    1|   ap_memory|             h|         array|
|h_d0        |  out|    8|   ap_memory|             h|         array|
|in_r        |   in|    8|     ap_none|          in_r|       pointer|
|inlen       |   in|   64|     ap_none|         inlen|        scalar|
+------------+-----+-----+------------+--------------+--------------+

