Wed Jul 23 16:03:28 2025: Running xcd server. This server was built by gradle.
Wed Jul 23 16:03:28 2025: Server was asked to start on port: '36765'
Wed Jul 23 16:03:28 2025: Server is using token UUID: '7a248bcb-03c4-4495-83c8-8a005566d4fc'
Wed Jul 23 16:03:28 2025: SESSION_MGR: creating session with session uuid: '6d04a3e9-ade5-4ab9-8d63-1f78fcd2ec76' and name 'default'
Wed Jul 23 16:03:28 2025: Attempting to start server on port '36765'
Wed Jul 23 16:03:28 2025: XCD main fifo: created main fifo '/tmp/xcdmain7a248bcb-03c4-4495-83c8-8a005566d4fc', fd read = 14
Wed Jul 23 16:03:28 2025: Running Dispatch Server
Wed Jul 23 16:03:28 2025: Version 2.2.0
Wed Jul 23 16:03:29 2025: Dispatch Server: Accepted socket connection from client
Wed Jul 23 16:03:29 2025: Starting Socket connection
Wed Jul 23 16:03:29 2025: EXCHANGE_TOKEN received, server token: 7a248bcb-03c4-4495-83c8-8a005566d4fc, passed token: 7a248bcb-03c4-4495-83c8-8a005566d4fc
Wed Jul 23 16:03:29 2025: SESSION_MGR: creating session with session uuid: 'df2f99a1-70fb-4bca-870a-5e29c526fec7' and name 'vitis_hls'
Wed Jul 23 16:03:29 2025: KERNEL_SVC: creating session with uuid: 'df2f99a1-70fb-4bca-870a-5e29c526fec7' and name 'vitis_hls'
Wed Jul 23 16:03:29 2025: GUIDANCE_SMGR: creating guidance session with uuid: 'df2f99a1-70fb-4bca-870a-5e29c526fec7' and name 'vitis_hls'
Wed Jul 23 16:03:43 2025: Running xcd server. This server was built by gradle.
Wed Jul 23 16:03:43 2025: Server was asked to start on port: '37201'
Wed Jul 23 16:03:43 2025: Server is using token UUID: 'e4e5cb12-b8c4-4054-bdb4-81e461bf5836'
Wed Jul 23 16:03:43 2025: SESSION_MGR: creating session with session uuid: '6d04a3e9-ade5-4ab9-8d63-1f78fcd2ec76' and name 'default'
Wed Jul 23 16:03:43 2025: Attempting to start server on port '37201'
Wed Jul 23 16:03:43 2025: XCD main fifo: created main fifo '/tmp/xcdmaine4e5cb12-b8c4-4054-bdb4-81e461bf5836', fd read = 15
Wed Jul 23 16:03:43 2025: Running Dispatch Server
Wed Jul 23 16:03:43 2025: Version 2.2.0
Wed Jul 23 16:03:44 2025: Dispatch Server: Accepted socket connection from client
Wed Jul 23 16:03:44 2025: Starting Socket connection
Wed Jul 23 16:03:44 2025: EXCHANGE_TOKEN received, server token: e4e5cb12-b8c4-4054-bdb4-81e461bf5836, passed token: e4e5cb12-b8c4-4054-bdb4-81e461bf5836
Wed Jul 23 16:03:44 2025: SESSION_MGR: creating session with session uuid: '26a50384-29c7-46b9-8f0b-ee3125a484e0' and name 'vitis_hls'
Wed Jul 23 16:03:44 2025: KERNEL_SVC: creating session with uuid: '26a50384-29c7-46b9-8f0b-ee3125a484e0' and name 'vitis_hls'
Wed Jul 23 16:03:44 2025: GUIDANCE_SMGR: creating guidance session with uuid: '26a50384-29c7-46b9-8f0b-ee3125a484e0' and name 'vitis_hls'
Wed Jul 23 16:03:44 2025: STOP_SERVER received, server token: 7a248bcb-03c4-4495-83c8-8a005566d4fc, passed token: 7a248bcb-03c4-4495-83c8-8a005566d4fc
Wed Jul 23 16:03:44 2025: Socket received request to stop server.
Wed Jul 23 16:03:44 2025: Dispatch Server: do_await_stop
Wed Jul 23 16:03:44 2025: Dispatch Server: stopping mainFifo_
Wed Jul 23 16:03:44 2025: XCD main fifo: Stopping
Wed Jul 23 16:03:44 2025: XCD main fifo: do_read error code: Operation canceled
Wed Jul 23 16:03:44 2025: XCD main fifo: bytes_transferred: 0
Wed Jul 23 16:03:44 2025: SERVER: destructor for server bound to port 36765
Wed Jul 23 16:03:44 2025: XCD main fifo: Good unlink of /tmp/xcdmain7a248bcb-03c4-4495-83c8-8a005566d4fc
Wed Jul 23 16:03:44 2025: Server exiting with status 0.
Wed Jul 23 16:03:44 2025: Closing log file.
Wed Jul 23 16:04:03 2025: Running xcd server. This server was built by gradle.
Wed Jul 23 16:04:03 2025: Server was asked to start on port: '44463'
Wed Jul 23 16:04:03 2025: Server is using token UUID: '37127d50-32a8-4ce3-8df9-acf386439dd3'
Wed Jul 23 16:04:03 2025: SESSION_MGR: creating session with session uuid: '6d04a3e9-ade5-4ab9-8d63-1f78fcd2ec76' and name 'default'
Wed Jul 23 16:04:03 2025: Attempting to start server on port '44463'
Wed Jul 23 16:04:03 2025: XCD main fifo: created main fifo '/tmp/xcdmain37127d50-32a8-4ce3-8df9-acf386439dd3', fd read = 14
Wed Jul 23 16:04:03 2025: Running Dispatch Server
Wed Jul 23 16:04:03 2025: Version 2.2.0
Wed Jul 23 16:04:04 2025: Dispatch Server: Accepted socket connection from client
Wed Jul 23 16:04:04 2025: Starting Socket connection
Wed Jul 23 16:04:04 2025: EXCHANGE_TOKEN received, server token: 37127d50-32a8-4ce3-8df9-acf386439dd3, passed token: 37127d50-32a8-4ce3-8df9-acf386439dd3
Wed Jul 23 16:04:04 2025: SESSION_MGR: creating session with session uuid: '6e6f29db-099c-481d-bd11-5b966662a183' and name 'vitis_hls'
Wed Jul 23 16:04:04 2025: KERNEL_SVC: creating session with uuid: '6e6f29db-099c-481d-bd11-5b966662a183' and name 'vitis_hls'
Wed Jul 23 16:04:04 2025: GUIDANCE_SMGR: creating guidance session with uuid: '6e6f29db-099c-481d-bd11-5b966662a183' and name 'vitis_hls'
Wed Jul 23 16:04:04 2025: STOP_SERVER received, server token: e4e5cb12-b8c4-4054-bdb4-81e461bf5836, passed token: e4e5cb12-b8c4-4054-bdb4-81e461bf5836
Wed Jul 23 16:04:04 2025: Socket received request to stop server.
Wed Jul 23 16:04:04 2025: Dispatch Server: do_await_stop
Wed Jul 23 16:04:04 2025: Dispatch Server: stopping mainFifo_
Wed Jul 23 16:04:04 2025: XCD main fifo: Stopping
Wed Jul 23 16:04:04 2025: XCD main fifo: do_read error code: Operation canceled
Wed Jul 23 16:04:04 2025: XCD main fifo: bytes_transferred: 0
Wed Jul 23 16:04:04 2025: SERVER: destructor for server bound to port 37201
Wed Jul 23 16:04:04 2025: XCD main fifo: Good unlink of /tmp/xcdmaine4e5cb12-b8c4-4054-bdb4-81e461bf5836
Wed Jul 23 16:04:04 2025: Server exiting with status 0.
Wed Jul 23 16:04:04 2025: Closing log file.
Wed Jul 23 16:04:47 2025: Running xcd server. This server was built by gradle.
Wed Jul 23 16:04:47 2025: Server was asked to start on port: '45817'
Wed Jul 23 16:04:47 2025: Server is using token UUID: '629e9be8-b736-43c8-861c-c6ebc9273dd2'
Wed Jul 23 16:04:47 2025: SESSION_MGR: creating session with session uuid: '6d04a3e9-ade5-4ab9-8d63-1f78fcd2ec76' and name 'default'
Wed Jul 23 16:04:47 2025: Attempting to start server on port '45817'
Wed Jul 23 16:04:47 2025: XCD main fifo: created main fifo '/tmp/xcdmain629e9be8-b736-43c8-861c-c6ebc9273dd2', fd read = 14
Wed Jul 23 16:04:47 2025: Running Dispatch Server
Wed Jul 23 16:04:47 2025: Version 2.2.0
Wed Jul 23 16:04:48 2025: Dispatch Server: Accepted socket connection from client
Wed Jul 23 16:04:48 2025: Starting Socket connection
Wed Jul 23 16:04:48 2025: EXCHANGE_TOKEN received, server token: 629e9be8-b736-43c8-861c-c6ebc9273dd2, passed token: 629e9be8-b736-43c8-861c-c6ebc9273dd2
Wed Jul 23 16:04:48 2025: SESSION_MGR: creating session with session uuid: 'a23c8e73-0a2f-45a5-9767-9813ae3d7203' and name 'vitis_hls'
Wed Jul 23 16:04:48 2025: KERNEL_SVC: creating session with uuid: 'a23c8e73-0a2f-45a5-9767-9813ae3d7203' and name 'vitis_hls'
Wed Jul 23 16:04:48 2025: GUIDANCE_SMGR: creating guidance session with uuid: 'a23c8e73-0a2f-45a5-9767-9813ae3d7203' and name 'vitis_hls'
Wed Jul 23 16:04:48 2025: STOP_SERVER received, server token: 37127d50-32a8-4ce3-8df9-acf386439dd3, passed token: 37127d50-32a8-4ce3-8df9-acf386439dd3
Wed Jul 23 16:04:48 2025: Socket received request to stop server.
Wed Jul 23 16:04:48 2025: Dispatch Server: do_await_stop
Wed Jul 23 16:04:48 2025: Dispatch Server: stopping mainFifo_
Wed Jul 23 16:04:48 2025: XCD main fifo: Stopping
Wed Jul 23 16:04:48 2025: XCD main fifo: do_read error code: Operation canceled
Wed Jul 23 16:04:48 2025: XCD main fifo: bytes_transferred: 0
Wed Jul 23 16:04:48 2025: SERVER: destructor for server bound to port 44463
Wed Jul 23 16:04:48 2025: XCD main fifo: Good unlink of /tmp/xcdmain37127d50-32a8-4ce3-8df9-acf386439dd3
Wed Jul 23 16:04:48 2025: Server exiting with status 0.
Wed Jul 23 16:04:48 2025: Closing log file.
Wed Jul 23 16:05:00 2025: STOP_SERVER received, server token: 629e9be8-b736-43c8-861c-c6ebc9273dd2, passed token: 629e9be8-b736-43c8-861c-c6ebc9273dd2
Wed Jul 23 16:05:00 2025: Socket received request to stop server.
Wed Jul 23 16:05:00 2025: Dispatch Server: do_await_stop
Wed Jul 23 16:05:00 2025: Dispatch Server: stopping mainFifo_
Wed Jul 23 16:05:00 2025: XCD main fifo: Stopping
Wed Jul 23 16:05:00 2025: XCD main fifo: do_read error code: Operation canceled
Wed Jul 23 16:05:00 2025: XCD main fifo: bytes_transferred: 0
Wed Jul 23 16:05:00 2025: SERVER: destructor for server bound to port 45817
Wed Jul 23 16:05:00 2025: XCD main fifo: Good unlink of /tmp/xcdmain629e9be8-b736-43c8-861c-c6ebc9273dd2
Wed Jul 23 16:05:00 2025: Server exiting with status 0.
Wed Jul 23 16:05:00 2025: Closing log file.
