  **** HLS Build v2024.2 5238294
INFO: [HLS 200-2005] Using work_dir /home/hyeon/vitis_hls/workspace/sha3_opt/sha3_hls 
INFO: [HLS 200-1505] Using default flow_target 'vivado'
Resolution: For help on HLS 200-1505 see docs.xilinx.com/access/sources/dita/topic?Doc_Version=2024.2%20English&url=ug1448-hls-guidance&resourceid=200-1505.html
INFO: [HLS 200-1465] Applying ini 'syn.file=/home/hyeon/vitis_hls/workspace/sha3_opt/fips202.c' from /home/hyeon/vitis_hls/workspace/sha3_opt/sha3_hls/hls_config.cfg(5)
INFO: [HLS 200-10] Adding design file '/home/hyeon/vitis_hls/workspace/sha3_opt/fips202.c' to the project
INFO: [HLS 200-1465] Applying ini 'syn.file=/home/hyeon/vitis_hls/workspace/sha3_opt/fips202.h' from /home/hyeon/vitis_hls/workspace/sha3_opt/sha3_hls/hls_config.cfg(6)
INFO: [HLS 200-10] Adding design file '/home/hyeon/vitis_hls/workspace/sha3_opt/fips202.h' to the project
INFO: [HLS 200-1465] Applying ini 'syn.file=/home/hyeon/vitis_hls/workspace/sha3_opt/sha3_256.c' from /home/hyeon/vitis_hls/workspace/sha3_opt/sha3_hls/hls_config.cfg(7)
INFO: [HLS 200-10] Adding design file '/home/hyeon/vitis_hls/workspace/sha3_opt/sha3_256.c' to the project
INFO: [HLS 200-1465] Applying ini 'tb.file=/home/hyeon/vitis_hls/workspace/sha3_opt/sha3_256_tb.c' from /home/hyeon/vitis_hls/workspace/sha3_opt/sha3_hls/hls_config.cfg(8)
INFO: [HLS 200-10] Adding test bench file '/home/hyeon/vitis_hls/workspace/sha3_opt/sha3_256_tb.c' to the project
INFO: [HLS 200-1465] Applying ini 'flow_target=vivado' from /home/hyeon/vitis_hls/workspace/sha3_opt/sha3_hls/hls_config.cfg(4)
INFO: [HLS 200-1505] Using flow_target 'vivado'
Resolution: For help on HLS 200-1505 see docs.xilinx.com/access/sources/dita/topic?Doc_Version=2024.2%20English&url=ug1448-hls-guidance&resourceid=200-1505.html
INFO: [HLS 200-1465] Applying ini 'part=xa7z010clg400-1I' from /home/hyeon/vitis_hls/workspace/sha3_opt/sha3_hls/hls_config.cfg(1)
INFO: [HLS 200-1611] Setting target device to 'xa7z010-clg400-1I'
INFO: [HLS 200-1465] Applying ini 'cosim.trace_level=all' from /home/hyeon/vitis_hls/workspace/sha3_opt/sha3_hls/hls_config.cfg(9)
INFO: [HLS 200-1465] Applying ini 'cosim.wave_debug=1' from /home/hyeon/vitis_hls/workspace/sha3_opt/sha3_hls/hls_config.cfg(10)
INFO: [HLS 200-1465] Applying ini 'csim.code_analyzer=1' from /home/hyeon/vitis_hls/workspace/sha3_opt/sha3_hls/hls_config.cfg(11)
INFO: [SIM 211-200] Executing Code Analyzer instead of classic HLS C simulation
slxcmd:0:0: error: No top-level hardware function has been defined
ERROR: [SIM 211-200] Code Analyzer execution failed. Consider running the classic C simulation instead by disabling the hls.csim.code_analyzer option in the config file.
ERROR: Problem running csim: child process exited abnormally
INFO: [HLS 200-112] Total CPU user time: 6.84 seconds. Total CPU system time: 2.69 seconds. Total elapsed time: 12.88 seconds; peak allocated memory: 322.965 MB.
