Tue Aug  5 20:50:09 2025: Running xcd server. This server was built by gradle.
Tue Aug  5 20:50:09 2025: Server was asked to start on port: '44507'
Tue Aug  5 20:50:09 2025: Server is using token UUID: 'a9331d2e-ef2c-452f-b27a-f023a9e43d1d'
Tue Aug  5 20:50:09 2025: SESSION_MGR: creating session with session uuid: '6d04a3e9-ade5-4ab9-8d63-1f78fcd2ec76' and name 'default'
Tue Aug  5 20:50:09 2025: Attempting to start server on port '44507'
Tue Aug  5 20:50:09 2025: XCD main fifo: created main fifo '/tmp/xcdmaina9331d2e-ef2c-452f-b27a-f023a9e43d1d', fd read = 13
Tue Aug  5 20:50:09 2025: Running Dispatch Server
Tue Aug  5 20:50:09 2025: Version 2.2.0
Tue Aug  5 20:50:11 2025: Dispatch Server: Accepted socket connection from client
Tue Aug  5 20:50:11 2025: Starting Socket connection
Tue Aug  5 20:50:11 2025: EXCHANGE_TOKEN received, server token: a9331d2e-ef2c-452f-b27a-f023a9e43d1d, passed token: a9331d2e-ef2c-452f-b27a-f023a9e43d1d
Tue Aug  5 20:50:11 2025: DISPATCH_HANDLER: Adding handler from function makeHandler in library libxv_system_diagram
Tue Aug  5 20:50:11 2025: SESSION_MGR: creating session with session uuid: '99581ba8-649d-4530-bf70-ed69371768a7' and name 'vitis-run_compile_sha3_hls'
Tue Aug  5 20:50:11 2025: KERNEL_SVC: creating session with uuid: '99581ba8-649d-4530-bf70-ed69371768a7' and name 'vitis-run_compile_sha3_hls'
Tue Aug  5 20:50:11 2025: GUIDANCE_SMGR: creating guidance session with uuid: '99581ba8-649d-4530-bf70-ed69371768a7' and name 'vitis-run_compile_sha3_hls'
Tue Aug  5 20:50:11 2025: SYSTEM_DIAGRAM: creating session with uuid: '99581ba8-649d-4530-bf70-ed69371768a7' and name 'vitis-run_compile_sha3_hls'
Tue Aug  5 20:50:21 2025: Dispatch Server: Accepted socket connection from client
Tue Aug  5 20:50:21 2025: Starting Socket connection
Tue Aug  5 20:50:26 2025: SESSION_MGR: closing session for UUID '99581ba8-649d-4530-bf70-ed69371768a7' with name 'vitis-run_compile_sha3_hls'
Tue Aug  5 20:50:26 2025: KERNEL_SVC: closing session for UUID '99581ba8-649d-4530-bf70-ed69371768a7' with name 'vitis-run_compile_sha3_hls'
Tue Aug  5 20:50:26 2025: GUIDANCE_SMGR: closing session for UUID '99581ba8-649d-4530-bf70-ed69371768a7' with name 'vitis-run_compile_sha3_hls'
Tue Aug  5 20:50:26 2025: SYSTEM_DIAGRAM: closing session for UUID '99581ba8-649d-4530-bf70-ed69371768a7' with name 'vitis-run_compile_sha3_hls'
Tue Aug  5 20:50:26 2025: STOP_SERVER received, server token: a9331d2e-ef2c-452f-b27a-f023a9e43d1d, passed token: a9331d2e-ef2c-452f-b27a-f023a9e43d1d
Tue Aug  5 20:50:26 2025: Socket received request to stop server.
Tue Aug  5 20:50:26 2025: Dispatch Server: do_await_stop
Tue Aug  5 20:50:26 2025: Dispatch Server: stopping mainFifo_
Tue Aug  5 20:50:26 2025: XCD main fifo: Stopping
Tue Aug  5 20:50:26 2025: XCD main fifo: do_read error code: Operation canceled
Tue Aug  5 20:50:26 2025: XCD main fifo: bytes_transferred: 0
Tue Aug  5 20:50:26 2025: SERVER: destructor for server bound to port 44507
Tue Aug  5 20:50:26 2025: XCD main fifo: Good unlink of /tmp/xcdmaina9331d2e-ef2c-452f-b27a-f023a9e43d1d
Tue Aug  5 20:50:26 2025: Server exiting with status 0.
Tue Aug  5 20:50:26 2025: Closing log file.
Tue Aug  5 20:51:26 2025: Running xcd server. This server was built by gradle.
Tue Aug  5 20:51:26 2025: Server was asked to start on port: '43987'
Tue Aug  5 20:51:26 2025: Server is using token UUID: 'aa647da7-8eec-4a91-b967-73fc0aa33619'
Tue Aug  5 20:51:26 2025: SESSION_MGR: creating session with session uuid: '6d04a3e9-ade5-4ab9-8d63-1f78fcd2ec76' and name 'default'
Tue Aug  5 20:51:26 2025: Attempting to start server on port '43987'
Tue Aug  5 20:51:26 2025: XCD main fifo: created main fifo '/tmp/xcdmainaa647da7-8eec-4a91-b967-73fc0aa33619', fd read = 13
Tue Aug  5 20:51:26 2025: Running Dispatch Server
Tue Aug  5 20:51:26 2025: Version 2.2.0
Tue Aug  5 20:51:27 2025: Dispatch Server: Accepted socket connection from client
Tue Aug  5 20:51:27 2025: Starting Socket connection
Tue Aug  5 20:51:27 2025: EXCHANGE_TOKEN received, server token: aa647da7-8eec-4a91-b967-73fc0aa33619, passed token: aa647da7-8eec-4a91-b967-73fc0aa33619
Tue Aug  5 20:51:28 2025: DISPATCH_HANDLER: Adding handler from function makeHandler in library libxv_system_diagram
Tue Aug  5 20:51:28 2025: SESSION_MGR: creating session with session uuid: '768b2e24-d571-42bf-88b5-ea38a6ffd160' and name 'vitis-run_compile_sha3_hls'
Tue Aug  5 20:51:28 2025: KERNEL_SVC: creating session with uuid: '768b2e24-d571-42bf-88b5-ea38a6ffd160' and name 'vitis-run_compile_sha3_hls'
Tue Aug  5 20:51:28 2025: GUIDANCE_SMGR: creating guidance session with uuid: '768b2e24-d571-42bf-88b5-ea38a6ffd160' and name 'vitis-run_compile_sha3_hls'
Tue Aug  5 20:51:28 2025: SYSTEM_DIAGRAM: creating session with uuid: '768b2e24-d571-42bf-88b5-ea38a6ffd160' and name 'vitis-run_compile_sha3_hls'
Tue Aug  5 20:51:34 2025: Dispatch Server: Accepted socket connection from client
Tue Aug  5 20:51:34 2025: Starting Socket connection
Tue Aug  5 20:51:45 2025: SESSION_MGR: closing session for UUID '768b2e24-d571-42bf-88b5-ea38a6ffd160' with name 'vitis-run_compile_sha3_hls'
Tue Aug  5 20:51:45 2025: KERNEL_SVC: closing session for UUID '768b2e24-d571-42bf-88b5-ea38a6ffd160' with name 'vitis-run_compile_sha3_hls'
Tue Aug  5 20:51:45 2025: GUIDANCE_SMGR: closing session for UUID '768b2e24-d571-42bf-88b5-ea38a6ffd160' with name 'vitis-run_compile_sha3_hls'
Tue Aug  5 20:51:45 2025: SYSTEM_DIAGRAM: closing session for UUID '768b2e24-d571-42bf-88b5-ea38a6ffd160' with name 'vitis-run_compile_sha3_hls'
Tue Aug  5 20:51:45 2025: STOP_SERVER received, server token: aa647da7-8eec-4a91-b967-73fc0aa33619, passed token: aa647da7-8eec-4a91-b967-73fc0aa33619
Tue Aug  5 20:51:45 2025: Socket received request to stop server.
Tue Aug  5 20:51:45 2025: Dispatch Server: do_await_stop
Tue Aug  5 20:51:45 2025: Dispatch Server: stopping mainFifo_
Tue Aug  5 20:51:45 2025: XCD main fifo: Stopping
Tue Aug  5 20:51:45 2025: XCD main fifo: do_read error code: Operation canceled
Tue Aug  5 20:51:45 2025: XCD main fifo: bytes_transferred: 0
Tue Aug  5 20:51:45 2025: SERVER: destructor for server bound to port 43987
Tue Aug  5 20:51:45 2025: XCD main fifo: Good unlink of /tmp/xcdmainaa647da7-8eec-4a91-b967-73fc0aa33619
Tue Aug  5 20:51:45 2025: Server exiting with status 0.
Tue Aug  5 20:51:45 2025: Closing log file.
Tue Aug  5 20:51:59 2025: Running xcd server. This server was built by gradle.
Tue Aug  5 20:51:59 2025: Server was asked to start on port: '42713'
Tue Aug  5 20:51:59 2025: Server is using token UUID: '3c0b21cd-720c-43f3-8ffb-58efcfba7e19'
Tue Aug  5 20:51:59 2025: SESSION_MGR: creating session with session uuid: '6d04a3e9-ade5-4ab9-8d63-1f78fcd2ec76' and name 'default'
Tue Aug  5 20:51:59 2025: Attempting to start server on port '42713'
Tue Aug  5 20:51:59 2025: XCD main fifo: created main fifo '/tmp/xcdmain3c0b21cd-720c-43f3-8ffb-58efcfba7e19', fd read = 13
Tue Aug  5 20:51:59 2025: Running Dispatch Server
Tue Aug  5 20:51:59 2025: Version 2.2.0
Tue Aug  5 20:52:00 2025: Dispatch Server: Accepted socket connection from client
Tue Aug  5 20:52:00 2025: Starting Socket connection
Tue Aug  5 20:52:00 2025: EXCHANGE_TOKEN received, server token: 3c0b21cd-720c-43f3-8ffb-58efcfba7e19, passed token: 3c0b21cd-720c-43f3-8ffb-58efcfba7e19
Tue Aug  5 20:52:01 2025: DISPATCH_HANDLER: Adding handler from function makeHandler in library libxv_system_diagram
Tue Aug  5 20:52:01 2025: SESSION_MGR: creating session with session uuid: '2f88d045-71f0-4e5a-a4ff-0b462c7c32b8' and name 'v++_compile_sha3_hls'
Tue Aug  5 20:52:01 2025: KERNEL_SVC: creating session with uuid: '2f88d045-71f0-4e5a-a4ff-0b462c7c32b8' and name 'v++_compile_sha3_hls'
Tue Aug  5 20:52:01 2025: GUIDANCE_SMGR: creating guidance session with uuid: '2f88d045-71f0-4e5a-a4ff-0b462c7c32b8' and name 'v++_compile_sha3_hls'
Tue Aug  5 20:52:01 2025: SYSTEM_DIAGRAM: creating session with uuid: '2f88d045-71f0-4e5a-a4ff-0b462c7c32b8' and name 'v++_compile_sha3_hls'
Tue Aug  5 20:52:07 2025: Dispatch Server: Accepted socket connection from client
Tue Aug  5 20:52:07 2025: Starting Socket connection
Tue Aug  5 20:53:09 2025: SESSION_MGR: closing session for UUID '2f88d045-71f0-4e5a-a4ff-0b462c7c32b8' with name 'v++_compile_sha3_hls'
Tue Aug  5 20:53:09 2025: KERNEL_SVC: closing session for UUID '2f88d045-71f0-4e5a-a4ff-0b462c7c32b8' with name 'v++_compile_sha3_hls'
Tue Aug  5 20:53:09 2025: GUIDANCE_SMGR: closing session for UUID '2f88d045-71f0-4e5a-a4ff-0b462c7c32b8' with name 'v++_compile_sha3_hls'
Tue Aug  5 20:53:09 2025: SYSTEM_DIAGRAM: closing session for UUID '2f88d045-71f0-4e5a-a4ff-0b462c7c32b8' with name 'v++_compile_sha3_hls'
Tue Aug  5 20:53:09 2025: STOP_SERVER received, server token: 3c0b21cd-720c-43f3-8ffb-58efcfba7e19, passed token: 3c0b21cd-720c-43f3-8ffb-58efcfba7e19
Tue Aug  5 20:53:09 2025: Socket received request to stop server.
Tue Aug  5 20:53:09 2025: Dispatch Server: do_await_stop
Tue Aug  5 20:53:09 2025: Dispatch Server: stopping mainFifo_
Tue Aug  5 20:53:09 2025: XCD main fifo: Stopping
Tue Aug  5 20:53:09 2025: XCD main fifo: do_read error code: Operation canceled
Tue Aug  5 20:53:09 2025: XCD main fifo: bytes_transferred: 0
Tue Aug  5 20:53:09 2025: SERVER: destructor for server bound to port 42713
Tue Aug  5 20:53:09 2025: XCD main fifo: Good unlink of /tmp/xcdmain3c0b21cd-720c-43f3-8ffb-58efcfba7e19
Tue Aug  5 20:53:09 2025: Server exiting with status 0.
Tue Aug  5 20:53:09 2025: Closing log file.
Wed Aug  6 13:46:12 2025: Running xcd server. This server was built by gradle.
Wed Aug  6 13:46:12 2025: Server was asked to start on port: '42045'
Wed Aug  6 13:46:12 2025: Server is using token UUID: '4729a9ef-9bad-4eae-8c65-bda0b2f8a4d5'
Wed Aug  6 13:46:12 2025: SESSION_MGR: creating session with session uuid: '6d04a3e9-ade5-4ab9-8d63-1f78fcd2ec76' and name 'default'
Wed Aug  6 13:46:12 2025: Attempting to start server on port '42045'
Wed Aug  6 13:46:12 2025: XCD main fifo: created main fifo '/tmp/xcdmain4729a9ef-9bad-4eae-8c65-bda0b2f8a4d5', fd read = 13
Wed Aug  6 13:46:12 2025: Running Dispatch Server
Wed Aug  6 13:46:12 2025: Version 2.2.0
Wed Aug  6 13:46:13 2025: Dispatch Server: Accepted socket connection from client
Wed Aug  6 13:46:13 2025: Starting Socket connection
Wed Aug  6 13:46:13 2025: EXCHANGE_TOKEN received, server token: 4729a9ef-9bad-4eae-8c65-bda0b2f8a4d5, passed token: 4729a9ef-9bad-4eae-8c65-bda0b2f8a4d5
Wed Aug  6 13:46:14 2025: DISPATCH_HANDLER: Adding handler from function makeHandler in library libxv_system_diagram
Wed Aug  6 13:46:14 2025: SESSION_MGR: creating session with session uuid: 'da74095e-32ce-4302-9f6a-cdd0941f3cd1' and name 'vitis-run_compile_sha3_hls'
Wed Aug  6 13:46:14 2025: KERNEL_SVC: creating session with uuid: 'da74095e-32ce-4302-9f6a-cdd0941f3cd1' and name 'vitis-run_compile_sha3_hls'
Wed Aug  6 13:46:14 2025: GUIDANCE_SMGR: creating guidance session with uuid: 'da74095e-32ce-4302-9f6a-cdd0941f3cd1' and name 'vitis-run_compile_sha3_hls'
Wed Aug  6 13:46:14 2025: SYSTEM_DIAGRAM: creating session with uuid: 'da74095e-32ce-4302-9f6a-cdd0941f3cd1' and name 'vitis-run_compile_sha3_hls'
Wed Aug  6 13:46:22 2025: Dispatch Server: Accepted socket connection from client
Wed Aug  6 13:46:22 2025: Starting Socket connection
Wed Aug  6 13:46:35 2025: SESSION_MGR: closing session for UUID 'da74095e-32ce-4302-9f6a-cdd0941f3cd1' with name 'vitis-run_compile_sha3_hls'
Wed Aug  6 13:46:35 2025: KERNEL_SVC: closing session for UUID 'da74095e-32ce-4302-9f6a-cdd0941f3cd1' with name 'vitis-run_compile_sha3_hls'
Wed Aug  6 13:46:35 2025: GUIDANCE_SMGR: closing session for UUID 'da74095e-32ce-4302-9f6a-cdd0941f3cd1' with name 'vitis-run_compile_sha3_hls'
Wed Aug  6 13:46:35 2025: SYSTEM_DIAGRAM: closing session for UUID 'da74095e-32ce-4302-9f6a-cdd0941f3cd1' with name 'vitis-run_compile_sha3_hls'
Wed Aug  6 13:46:35 2025: STOP_SERVER received, server token: 4729a9ef-9bad-4eae-8c65-bda0b2f8a4d5, passed token: 4729a9ef-9bad-4eae-8c65-bda0b2f8a4d5
Wed Aug  6 13:46:35 2025: Socket received request to stop server.
Wed Aug  6 13:46:35 2025: Dispatch Server: do_await_stop
Wed Aug  6 13:46:35 2025: Dispatch Server: stopping mainFifo_
Wed Aug  6 13:46:35 2025: XCD main fifo: Stopping
Wed Aug  6 13:46:35 2025: XCD main fifo: do_read error code: Operation canceled
Wed Aug  6 13:46:35 2025: XCD main fifo: bytes_transferred: 0
Wed Aug  6 13:46:35 2025: SERVER: destructor for server bound to port 42045
Wed Aug  6 13:46:35 2025: XCD main fifo: Good unlink of /tmp/xcdmain4729a9ef-9bad-4eae-8c65-bda0b2f8a4d5
Wed Aug  6 13:46:35 2025: Server exiting with status 0.
Wed Aug  6 13:46:35 2025: Closing log file.
Wed Aug  6 13:46:53 2025: Running xcd server. This server was built by gradle.
Wed Aug  6 13:46:53 2025: Server was asked to start on port: '45751'
Wed Aug  6 13:46:53 2025: Server is using token UUID: '149a1ef1-0427-4002-ae1e-86809b0f12e5'
Wed Aug  6 13:46:53 2025: SESSION_MGR: creating session with session uuid: '6d04a3e9-ade5-4ab9-8d63-1f78fcd2ec76' and name 'default'
Wed Aug  6 13:46:53 2025: Attempting to start server on port '45751'
Wed Aug  6 13:46:53 2025: XCD main fifo: created main fifo '/tmp/xcdmain149a1ef1-0427-4002-ae1e-86809b0f12e5', fd read = 13
Wed Aug  6 13:46:53 2025: Running Dispatch Server
Wed Aug  6 13:46:53 2025: Version 2.2.0
Wed Aug  6 13:46:55 2025: Dispatch Server: Accepted socket connection from client
Wed Aug  6 13:46:55 2025: Starting Socket connection
Wed Aug  6 13:46:55 2025: EXCHANGE_TOKEN received, server token: 149a1ef1-0427-4002-ae1e-86809b0f12e5, passed token: 149a1ef1-0427-4002-ae1e-86809b0f12e5
Wed Aug  6 13:46:55 2025: DISPATCH_HANDLER: Adding handler from function makeHandler in library libxv_system_diagram
Wed Aug  6 13:46:55 2025: SESSION_MGR: creating session with session uuid: '73baf8ee-0861-4fbc-a1b0-97b96c63e4c3' and name 'v++_compile_sha3_hls'
Wed Aug  6 13:46:55 2025: KERNEL_SVC: creating session with uuid: '73baf8ee-0861-4fbc-a1b0-97b96c63e4c3' and name 'v++_compile_sha3_hls'
Wed Aug  6 13:46:55 2025: GUIDANCE_SMGR: creating guidance session with uuid: '73baf8ee-0861-4fbc-a1b0-97b96c63e4c3' and name 'v++_compile_sha3_hls'
Wed Aug  6 13:46:55 2025: SYSTEM_DIAGRAM: creating session with uuid: '73baf8ee-0861-4fbc-a1b0-97b96c63e4c3' and name 'v++_compile_sha3_hls'
Wed Aug  6 13:47:01 2025: Dispatch Server: Accepted socket connection from client
Wed Aug  6 13:47:01 2025: Starting Socket connection
Wed Aug  6 13:48:15 2025: SESSION_MGR: closing session for UUID '73baf8ee-0861-4fbc-a1b0-97b96c63e4c3' with name 'v++_compile_sha3_hls'
Wed Aug  6 13:48:15 2025: KERNEL_SVC: closing session for UUID '73baf8ee-0861-4fbc-a1b0-97b96c63e4c3' with name 'v++_compile_sha3_hls'
Wed Aug  6 13:48:15 2025: GUIDANCE_SMGR: closing session for UUID '73baf8ee-0861-4fbc-a1b0-97b96c63e4c3' with name 'v++_compile_sha3_hls'
Wed Aug  6 13:48:16 2025: SYSTEM_DIAGRAM: closing session for UUID '73baf8ee-0861-4fbc-a1b0-97b96c63e4c3' with name 'v++_compile_sha3_hls'
Wed Aug  6 13:48:16 2025: STOP_SERVER received, server token: 149a1ef1-0427-4002-ae1e-86809b0f12e5, passed token: 149a1ef1-0427-4002-ae1e-86809b0f12e5
Wed Aug  6 13:48:16 2025: Socket received request to stop server.
Wed Aug  6 13:48:16 2025: Dispatch Server: do_await_stop
Wed Aug  6 13:48:16 2025: Dispatch Server: stopping mainFifo_
Wed Aug  6 13:48:16 2025: XCD main fifo: Stopping
Wed Aug  6 13:48:16 2025: XCD main fifo: do_read error code: Operation canceled
Wed Aug  6 13:48:16 2025: XCD main fifo: bytes_transferred: 0
Wed Aug  6 13:48:16 2025: SERVER: destructor for server bound to port 45751
Wed Aug  6 13:48:16 2025: XCD main fifo: Good unlink of /tmp/xcdmain149a1ef1-0427-4002-ae1e-86809b0f12e5
Wed Aug  6 13:48:16 2025: Server exiting with status 0.
Wed Aug  6 13:48:16 2025: Closing log file.
Wed Aug  6 13:51:35 2025: Running xcd server. This server was built by gradle.
Wed Aug  6 13:51:35 2025: Server was asked to start on port: '36435'
Wed Aug  6 13:51:35 2025: Server is using token UUID: 'e90a4a83-1569-424e-8a7e-89df0cd90baf'
Wed Aug  6 13:51:35 2025: SESSION_MGR: creating session with session uuid: '6d04a3e9-ade5-4ab9-8d63-1f78fcd2ec76' and name 'default'
Wed Aug  6 13:51:35 2025: Attempting to start server on port '36435'
Wed Aug  6 13:51:35 2025: XCD main fifo: created main fifo '/tmp/xcdmaine90a4a83-1569-424e-8a7e-89df0cd90baf', fd read = 13
Wed Aug  6 13:51:35 2025: Running Dispatch Server
Wed Aug  6 13:51:35 2025: Version 2.2.0
Wed Aug  6 13:51:36 2025: Dispatch Server: Accepted socket connection from client
Wed Aug  6 13:51:36 2025: Starting Socket connection
Wed Aug  6 13:51:36 2025: EXCHANGE_TOKEN received, server token: e90a4a83-1569-424e-8a7e-89df0cd90baf, passed token: e90a4a83-1569-424e-8a7e-89df0cd90baf
Wed Aug  6 13:51:37 2025: DISPATCH_HANDLER: Adding handler from function makeHandler in library libxv_system_diagram
Wed Aug  6 13:51:37 2025: SESSION_MGR: creating session with session uuid: '7f8edb43-1825-483c-a1e3-5acc4a4f662a' and name 'vitis-run_compile_sha3_hls'
Wed Aug  6 13:51:37 2025: KERNEL_SVC: creating session with uuid: '7f8edb43-1825-483c-a1e3-5acc4a4f662a' and name 'vitis-run_compile_sha3_hls'
Wed Aug  6 13:51:37 2025: GUIDANCE_SMGR: creating guidance session with uuid: '7f8edb43-1825-483c-a1e3-5acc4a4f662a' and name 'vitis-run_compile_sha3_hls'
Wed Aug  6 13:51:37 2025: SYSTEM_DIAGRAM: creating session with uuid: '7f8edb43-1825-483c-a1e3-5acc4a4f662a' and name 'vitis-run_compile_sha3_hls'
Wed Aug  6 13:51:47 2025: Dispatch Server: Accepted socket connection from client
Wed Aug  6 13:51:47 2025: Starting Socket connection
Wed Aug  6 13:54:29 2025: SESSION_MGR: closing session for UUID '7f8edb43-1825-483c-a1e3-5acc4a4f662a' with name 'vitis-run_compile_sha3_hls'
Wed Aug  6 13:54:29 2025: KERNEL_SVC: closing session for UUID '7f8edb43-1825-483c-a1e3-5acc4a4f662a' with name 'vitis-run_compile_sha3_hls'
Wed Aug  6 13:54:29 2025: GUIDANCE_SMGR: closing session for UUID '7f8edb43-1825-483c-a1e3-5acc4a4f662a' with name 'vitis-run_compile_sha3_hls'
Wed Aug  6 13:54:29 2025: SYSTEM_DIAGRAM: closing session for UUID '7f8edb43-1825-483c-a1e3-5acc4a4f662a' with name 'vitis-run_compile_sha3_hls'
Wed Aug  6 13:54:29 2025: STOP_SERVER received, server token: e90a4a83-1569-424e-8a7e-89df0cd90baf, passed token: e90a4a83-1569-424e-8a7e-89df0cd90baf
Wed Aug  6 13:54:29 2025: Socket received request to stop server.
Wed Aug  6 13:54:29 2025: Dispatch Server: do_await_stop
Wed Aug  6 13:54:29 2025: Dispatch Server: stopping mainFifo_
Wed Aug  6 13:54:29 2025: XCD main fifo: Stopping
Wed Aug  6 13:54:29 2025: XCD main fifo: do_read error code: Operation canceled
Wed Aug  6 13:54:29 2025: XCD main fifo: bytes_transferred: 0
Wed Aug  6 13:54:29 2025: SERVER: destructor for server bound to port 36435
Wed Aug  6 13:54:29 2025: XCD main fifo: Good unlink of /tmp/xcdmaine90a4a83-1569-424e-8a7e-89df0cd90baf
Wed Aug  6 13:54:29 2025: Server exiting with status 0.
Wed Aug  6 13:54:30 2025: Closing log file.
Wed Aug  6 15:36:55 2025: Running xcd server. This server was built by gradle.
Wed Aug  6 15:36:55 2025: Server was asked to start on port: '41461'
Wed Aug  6 15:36:55 2025: Server is using token UUID: 'cfd48b42-a270-4213-afe3-e40ebdd05ce2'
Wed Aug  6 15:36:55 2025: SESSION_MGR: creating session with session uuid: '6d04a3e9-ade5-4ab9-8d63-1f78fcd2ec76' and name 'default'
Wed Aug  6 15:36:55 2025: Attempting to start server on port '41461'
Wed Aug  6 15:36:55 2025: XCD main fifo: created main fifo '/tmp/xcdmaincfd48b42-a270-4213-afe3-e40ebdd05ce2', fd read = 13
Wed Aug  6 15:36:55 2025: Running Dispatch Server
Wed Aug  6 15:36:55 2025: Version 2.2.0
Wed Aug  6 15:36:56 2025: Dispatch Server: Accepted socket connection from client
Wed Aug  6 15:36:56 2025: Starting Socket connection
Wed Aug  6 15:36:56 2025: EXCHANGE_TOKEN received, server token: cfd48b42-a270-4213-afe3-e40ebdd05ce2, passed token: cfd48b42-a270-4213-afe3-e40ebdd05ce2
Wed Aug  6 15:36:57 2025: DISPATCH_HANDLER: Adding handler from function makeHandler in library libxv_system_diagram
Wed Aug  6 15:36:57 2025: SESSION_MGR: creating session with session uuid: '760803c0-f3df-40e7-a66b-764417594e0a' and name 'vitis-run_compile_sha3_hls'
Wed Aug  6 15:36:57 2025: KERNEL_SVC: creating session with uuid: '760803c0-f3df-40e7-a66b-764417594e0a' and name 'vitis-run_compile_sha3_hls'
Wed Aug  6 15:36:57 2025: GUIDANCE_SMGR: creating guidance session with uuid: '760803c0-f3df-40e7-a66b-764417594e0a' and name 'vitis-run_compile_sha3_hls'
Wed Aug  6 15:36:57 2025: SYSTEM_DIAGRAM: creating session with uuid: '760803c0-f3df-40e7-a66b-764417594e0a' and name 'vitis-run_compile_sha3_hls'
Wed Aug  6 15:37:05 2025: Dispatch Server: Accepted socket connection from client
Wed Aug  6 15:37:05 2025: Starting Socket connection
Wed Aug  6 15:37:17 2025: SESSION_MGR: closing session for UUID '760803c0-f3df-40e7-a66b-764417594e0a' with name 'vitis-run_compile_sha3_hls'
Wed Aug  6 15:37:17 2025: KERNEL_SVC: closing session for UUID '760803c0-f3df-40e7-a66b-764417594e0a' with name 'vitis-run_compile_sha3_hls'
Wed Aug  6 15:37:17 2025: GUIDANCE_SMGR: closing session for UUID '760803c0-f3df-40e7-a66b-764417594e0a' with name 'vitis-run_compile_sha3_hls'
Wed Aug  6 15:37:17 2025: SYSTEM_DIAGRAM: closing session for UUID '760803c0-f3df-40e7-a66b-764417594e0a' with name 'vitis-run_compile_sha3_hls'
Wed Aug  6 15:37:17 2025: STOP_SERVER received, server token: cfd48b42-a270-4213-afe3-e40ebdd05ce2, passed token: cfd48b42-a270-4213-afe3-e40ebdd05ce2
Wed Aug  6 15:37:17 2025: Socket received request to stop server.
Wed Aug  6 15:37:17 2025: Dispatch Server: do_await_stop
Wed Aug  6 15:37:17 2025: Dispatch Server: stopping mainFifo_
Wed Aug  6 15:37:17 2025: XCD main fifo: Stopping
Wed Aug  6 15:37:17 2025: XCD main fifo: do_read error code: Operation canceled
Wed Aug  6 15:37:17 2025: XCD main fifo: bytes_transferred: 0
Wed Aug  6 15:37:17 2025: SERVER: destructor for server bound to port 41461
Wed Aug  6 15:37:17 2025: XCD main fifo: Good unlink of /tmp/xcdmaincfd48b42-a270-4213-afe3-e40ebdd05ce2
Wed Aug  6 15:37:17 2025: Server exiting with status 0.
Wed Aug  6 15:37:17 2025: Closing log file.
Wed Aug  6 15:37:23 2025: Running xcd server. This server was built by gradle.
Wed Aug  6 15:37:23 2025: Server was asked to start on port: '42277'
Wed Aug  6 15:37:23 2025: Server is using token UUID: '572bd5aa-495a-4366-9334-541306411b52'
Wed Aug  6 15:37:23 2025: SESSION_MGR: creating session with session uuid: '6d04a3e9-ade5-4ab9-8d63-1f78fcd2ec76' and name 'default'
Wed Aug  6 15:37:23 2025: Attempting to start server on port '42277'
Wed Aug  6 15:37:23 2025: XCD main fifo: created main fifo '/tmp/xcdmain572bd5aa-495a-4366-9334-541306411b52', fd read = 13
Wed Aug  6 15:37:23 2025: Running Dispatch Server
Wed Aug  6 15:37:23 2025: Version 2.2.0
Wed Aug  6 15:37:25 2025: Dispatch Server: Accepted socket connection from client
Wed Aug  6 15:37:25 2025: Starting Socket connection
Wed Aug  6 15:37:25 2025: EXCHANGE_TOKEN received, server token: 572bd5aa-495a-4366-9334-541306411b52, passed token: 572bd5aa-495a-4366-9334-541306411b52
Wed Aug  6 15:37:25 2025: DISPATCH_HANDLER: Adding handler from function makeHandler in library libxv_system_diagram
Wed Aug  6 15:37:25 2025: SESSION_MGR: creating session with session uuid: 'ac867799-7a30-4b38-94f7-b71996584c94' and name 'v++_compile_sha3_hls'
Wed Aug  6 15:37:25 2025: KERNEL_SVC: creating session with uuid: 'ac867799-7a30-4b38-94f7-b71996584c94' and name 'v++_compile_sha3_hls'
Wed Aug  6 15:37:25 2025: GUIDANCE_SMGR: creating guidance session with uuid: 'ac867799-7a30-4b38-94f7-b71996584c94' and name 'v++_compile_sha3_hls'
Wed Aug  6 15:37:25 2025: SYSTEM_DIAGRAM: creating session with uuid: 'ac867799-7a30-4b38-94f7-b71996584c94' and name 'v++_compile_sha3_hls'
Wed Aug  6 15:37:31 2025: Dispatch Server: Accepted socket connection from client
Wed Aug  6 15:37:31 2025: Starting Socket connection
Wed Aug  6 15:38:42 2025: SESSION_MGR: closing session for UUID 'ac867799-7a30-4b38-94f7-b71996584c94' with name 'v++_compile_sha3_hls'
Wed Aug  6 15:38:42 2025: KERNEL_SVC: closing session for UUID 'ac867799-7a30-4b38-94f7-b71996584c94' with name 'v++_compile_sha3_hls'
Wed Aug  6 15:38:42 2025: GUIDANCE_SMGR: closing session for UUID 'ac867799-7a30-4b38-94f7-b71996584c94' with name 'v++_compile_sha3_hls'
Wed Aug  6 15:38:43 2025: SYSTEM_DIAGRAM: closing session for UUID 'ac867799-7a30-4b38-94f7-b71996584c94' with name 'v++_compile_sha3_hls'
Wed Aug  6 15:38:43 2025: STOP_SERVER received, server token: 572bd5aa-495a-4366-9334-541306411b52, passed token: 572bd5aa-495a-4366-9334-541306411b52
Wed Aug  6 15:38:43 2025: Socket received request to stop server.
Wed Aug  6 15:38:43 2025: Dispatch Server: do_await_stop
Wed Aug  6 15:38:43 2025: Dispatch Server: stopping mainFifo_
Wed Aug  6 15:38:43 2025: XCD main fifo: Stopping
Wed Aug  6 15:38:43 2025: XCD main fifo: do_read error code: Operation canceled
Wed Aug  6 15:38:43 2025: XCD main fifo: bytes_transferred: 0
Wed Aug  6 15:38:43 2025: SERVER: destructor for server bound to port 42277
Wed Aug  6 15:38:43 2025: XCD main fifo: Good unlink of /tmp/xcdmain572bd5aa-495a-4366-9334-541306411b52
Wed Aug  6 15:38:43 2025: Server exiting with status 0.
Wed Aug  6 15:38:44 2025: Closing log file.
