================================================================
== Design Size Report
================================================================

* Total Instructions per Compilation Phase
+---------------+-----------------------------+--------------+----------------------------------------------------------------------------------------+
| Phase         | Step                        | Instructions | Description                                                                            |
+---------------+-----------------------------+--------------+----------------------------------------------------------------------------------------+
| Compile/Link  |                             | 1,303        | After all functions are compiled and linked into a single design                       |
|               |                             |              |                                                                                        |
| Unroll/Inline |                             |              | After user unroll and inline pragmas are applied                                       |
|               | (1) unroll                  | 1,356        | user unroll pragmas are applied                                                        |
|               | (2) simplification          | 1,237        | simplification of applied user unroll pragmas                                          |
|               | (3) inline                  | 1,227        | user inline pragmas are applied                                                        |
|               | (4) simplification          | 1,233        | simplification of applied user inline pragmas                                          |
|               |                             |              |                                                                                        |
| Array/Struct  |                             |              | After user array partition and struct aggregate/disaggregate pragmas are applied       |
|               | (1) array partition         | 1,244        | user array partition pragmas are applied                                               |
|               | (2) simplification          | 1,244        | simplification of applied user array partition & struct aggregate/disaggregate pragmas |
|               | (3) aggregate/disaggregate  | 1,244        | user struct aggregate/disaggregate pragmas are applied                                 |
|               | (4) array reshape           | 1,244        | apply array reshape pragmas                                                            |
|               | (5) access patterns         | 1,302        | array access pattern optmizations                                                      |
|               |                             |              |                                                                                        |
| Performance   |                             |              | After transformations are applied to meet performance pragma targets                   |
|               | (1) loop simplification     | 1,301        | loop and instruction simplification                                                    |
|               | (2) parallelization         | 1,248        | loops are unrolled or pipelined to meet performance targets                            |
|               | (3) array partition         | 1,248        | arrays are partitioned to meet performance targets                                     |
|               | (4) simplification          | 1,248        | simplification of design after performance transformations                             |
|               |                             |              |                                                                                        |
| HW Transforms |                             |              | After hardware transfomations                                                          |
|               | (1) lowering                | 1,252        | initial conversion to HW specific instructions                                         |
|               | (2) optimizations           | 1,255        | high level synthesis optimizations                                                     |
+---------------+-----------------------------+--------------+----------------------------------------------------------------------------------------+

* Instructions per Function for each Compilation Phase
+------------------------------------+---------------+--------------+---------------+--------------+-------------+---------------+
| Function                           | Location      | Compile/Link | Unroll/Inline | Array/Struct | Performance | HW Transforms |
+------------------------------------+---------------+--------------+---------------+--------------+-------------+---------------+
| + sha3_256_hw                      | sha3_256.c:4  | 1,303        | 1,233         | 1,302        | 1,248       | 1,255         |
|  + pqcrystals_kyber_fips202_ref... | fips202.c:782 | 1,296        |               |              |             |               |
|   + keccak_absorb_once             | fips202.c:468 |  688         |               |              |             |               |
|      load64                        | fips202.c:22  |   18         |               |              |             |               |
|      KeccakF1600_StatePermute      | fips202.c:84  |  567         |               |              |             |               |
|     KeccakF1600_StatePermute       | fips202.c:84  |  567         |               |              |             |               |
|     store64                        | fips202.c:41  |   16         |               |              |             |               |
|  + keccak_absorb_once              | fips202.c:468 |              |  663          |  703         |  675        |  671          |
|     KeccakF1600_StatePermute       | fips202.c:84  |              |  536          |  562         |  537        |  541          |
|    KeccakF1600_StatePermute        | fips202.c:84  |              |  536          |  562         |  537        |  541          |
+------------------------------------+---------------+--------------+---------------+--------------+-------------+---------------+

* Design Size Message Settings
+---------------------------------------------+--------+------------------------------------------------------------------+
| Message Setting                             | Value  | Description                                                      |
+---------------------------------------------+--------+------------------------------------------------------------------+
| config_compile -design_size_maximum_warning | 100000 | Show a warning when total design instructions exceeds this value |
+---------------------------------------------+--------+------------------------------------------------------------------+


