

================================================================
== Vitis HLS Report for 'keccak_absorb_once_1'
================================================================
* Date:           Wed Aug  6 15:37:51 2025

* Version:        2024.2 (Build 5238294 on Nov  8 2024)
* Project:        sha3_hls
* Solution:       hls (Vivado IP Flow Target)
* Product family: azynq
* Target device:  xa7z010-clg400-1I


================================================================
== Performance Estimates
================================================================
+ Timing: 
    * Summary: 
    +--------+----------+----------+------------+
    |  Clock |  Target  | Estimated| Uncertainty|
    +--------+----------+----------+------------+
    |ap_clk  |  10.00 ns|  7.300 ns|     2.70 ns|
    +--------+----------+----------+------------+

+ Latency: 
    * Summary: 
    +---------+---------+----------+----------+-----+-------+---------+
    |  Latency (cycles) |  Latency (absolute) |   Interval  | Pipeline|
    |   min   |   max   |    min   |    max   | min |  max  |   Type  |
    +---------+---------+----------+----------+-----+-------+---------+
    |      119|    37188|  1.190 us|  0.372 ms|  119|  37188|       no|
    +---------+---------+----------+----------+-----+-------+---------+

    + Detail: 
        * Instance: 
        +-----------------------------------------------------------+------------------------------------------------+---------+---------+----------+----------+-----+-----+------------------------------------------------+
        |                                                           |                                                |  Latency (cycles) |  Latency (absolute) |  Interval |                    Pipeline                    |
        |                          Instance                         |                     Module                     |   min   |   max   |    min   |    max   | min | max |                      Type                      |
        +-----------------------------------------------------------+------------------------------------------------+---------+---------+----------+----------+-----+-----+------------------------------------------------+
        |grp_keccak_absorb_once_1_Pipeline_VITIS_LOOP_477_1_fu_238  |keccak_absorb_once_1_Pipeline_VITIS_LOOP_477_1  |       27|       27|  0.270 us|  0.270 us|   26|   26|  loop auto-rewind stp (delay=0 clock cycles(s))|
        |grp_KeccakF1600_StatePermute_fu_244                        |KeccakF1600_StatePermute                        |       42|       42|  0.420 us|  0.420 us|   42|   42|                                              no|
        +-----------------------------------------------------------+------------------------------------------------+---------+---------+----------+----------+-----+-----+------------------------------------------------+

        * Loop: 
        +---------------------------+---------+---------+----------+-----------+-----------+---------+----------+
        |                           |  Latency (cycles) | Iteration|  Initiation Interval  |   Trip  |          |
        |         Loop Name         |   min   |   max   |  Latency |  achieved |   target  |  Count  | Pipelined|
        +---------------------------+---------+---------+----------+-----------+-----------+---------+----------+
        |- process_blocks_loop      |        0|    36045|       267|          -|          -|  0 ~ 135|        no|
        | + copy_to_local_loop      |      170|      170|        10|          -|          -|       17|        no|
        | + absorb_from_local_loop  |       51|       51|         3|          -|          -|       17|        no|
        |- absorb_loop3             |        0|     1024|         4|          -|          -|  0 ~ 256|        no|
        +---------------------------+---------+---------+----------+-----------+-----------+---------+----------+



================================================================
== Utilization Estimates
================================================================
* Summary: 
+-----------------+---------+----+-------+-------+-----+
|       Name      | BRAM_18K| DSP|   FF  |  LUT  | URAM|
+-----------------+---------+----+-------+-------+-----+
|DSP              |        -|   -|      -|      -|    -|
|Expression       |        -|   -|      0|   1214|    -|
|FIFO             |        -|   -|      -|      -|    -|
|Instance         |        2|   -|   6469|  18127|    -|
|Memory           |        2|   -|      0|      0|    0|
|Multiplexer      |        -|   -|      0|    795|    -|
|Register         |        -|   -|   1030|      -|    -|
+-----------------+---------+----+-------+-------+-----+
|Total            |        4|   0|   7499|  20136|    0|
+-----------------+---------+----+-------+-------+-----+
|Available        |      120|  80|  35200|  17600|    0|
+-----------------+---------+----+-------+-------+-----+
|Utilization (%)  |        3|   0|     21|    114|    0|
+-----------------+---------+----+-------+-------+-----+

+ Detail: 
    * Instance: 
    +-----------------------------------------------------------+------------------------------------------------+---------+----+------+-------+-----+
    |                          Instance                         |                     Module                     | BRAM_18K| DSP|  FF  |  LUT  | URAM|
    +-----------------------------------------------------------+------------------------------------------------+---------+----+------+-------+-----+
    |grp_KeccakF1600_StatePermute_fu_244                        |KeccakF1600_StatePermute                        |        2|   0|  4904|  17136|    0|
    |grp_keccak_absorb_once_1_Pipeline_VITIS_LOOP_477_1_fu_238  |keccak_absorb_once_1_Pipeline_VITIS_LOOP_477_1  |        0|   0|     7|     53|    0|
    |urem_64s_9ns_33_68_seq_1_U54                               |urem_64s_9ns_33_68_seq_1                        |        0|   0|   779|    469|    0|
    |urem_64s_9ns_33_68_seq_1_U55                               |urem_64s_9ns_33_68_seq_1                        |        0|   0|   779|    469|    0|
    +-----------------------------------------------------------+------------------------------------------------+---------+----+------+-------+-----+
    |Total                                                      |                                                |        2|   0|  6469|  18127|    0|
    +-----------------------------------------------------------+------------------------------------------------+---------+----+------+-------+-----+

    * DSP: 
    N/A

    * Memory: 
    +---------------+------------------------------------------------+---------+---+----+-----+------+-----+------+-------------+
    |     Memory    |                     Module                     | BRAM_18K| FF| LUT| URAM| Words| Bits| Banks| W*Bits*Banks|
    +---------------+------------------------------------------------+---------+---+----+-----+------+-----+------+-------------+
    |local_block_U  |keccak_absorb_once_1_local_block_RAM_AUTO_1R1W  |        2|  0|   0|    0|    17|   64|     1|         1088|
    +---------------+------------------------------------------------+---------+---+----+-----+------+-----+------+-------------+
    |Total          |                                                |        2|  0|   0|    0|    17|   64|     1|         1088|
    +---------------+------------------------------------------------+---------+---+----+-----+------+-----+------+-------------+

    * FIFO: 
    N/A

    * Expression: 
    +------------------------+----------+----+---+-----+------------+------------+
    |      Variable Name     | Operation| DSP| FF| LUT | Bitwidth P0| Bitwidth P1|
    +------------------------+----------+----+---+-----+------------+------------+
    |add_ln482_fu_264_p2     |         +|   0|  0|   40|          33|           9|
    |add_ln487_fu_417_p2     |         +|   0|  0|   13|           5|           1|
    |add_ln494_fu_447_p2     |         +|   0|  0|   13|           5|           1|
    |add_ln502_fu_459_p2     |         +|   0|  0|   71|          64|           9|
    |add_ln515_fu_383_p2     |         +|   0|  0|   71|          64|          64|
    |i_4_fu_400_p2           |         +|   0|  0|    8|           8|           8|
    |i_7_fu_487_p2           |         +|   0|  0|   39|          32|           1|
    |sub_ln471_fu_364_p2     |         -|   0|  0|   41|          34|          34|
    |sub_ln482_1_fu_350_p2   |         -|   0|  0|   40|          33|          33|
    |sub_ln482_fu_317_p2     |         -|   0|  0|   40|          33|          33|
    |sub_ln515_fu_393_p2     |         -|   0|  0|    8|           8|           8|
    |empty_32_fu_284_p2      |      icmp|   0|  0|   39|          32|           8|
    |icmp_ln482_1_fu_377_p2  |      icmp|   0|  0|   71|          64|           8|
    |icmp_ln482_fu_309_p2    |      icmp|   0|  0|   39|          32|           8|
    |icmp_ln487_fu_411_p2    |      icmp|   0|  0|   13|           5|           5|
    |icmp_ln494_fu_441_p2    |      icmp|   0|  0|   13|           5|           5|
    |icmp_ln515_fu_482_p2    |      icmp|   0|  0|   41|          34|          34|
    |s_we0                   |        or|   0|  0|    2|           1|           1|
    |empty_30_fu_322_p3      |    select|   0|  0|   33|           1|          33|
    |select_ln482_fu_289_p3  |    select|   0|  0|   32|           1|           8|
    |shl_ln518_fu_547_p2     |       shl|   0|  0|  182|          64|          64|
    |shl_ln520_fu_570_p2     |       shl|   0|  0|  171|           3|          59|
    |xor_ln496_fu_469_p2     |       xor|   0|  0|   64|          64|          64|
    |xor_ln518_fu_553_p2     |       xor|   0|  0|   64|          64|          64|
    |xor_ln520_fu_580_p2     |       xor|   0|  0|   64|          64|          64|
    |xor_ln521_fu_598_p2     |       xor|   0|  0|    2|           1|           2|
    +------------------------+----------+----+---+-----+------------+------------+
    |Total                   |          |   0|  0| 1214|         754|         628|
    +------------------------+----------+----+---+-----+------------+------------+

    * Multiplexer: 
    +----------------------------+-----+-----------+-----+-----------+
    |            Name            | LUT | Input Size| Bits| Total Bits|
    +----------------------------+-----+-----------+-----+-----------+
    |ap_NS_fsm                   |  552|        111|    1|        111|
    |gmem_blk_n_AR               |    9|          2|    1|          2|
    |gmem_blk_n_R                |    9|          2|    1|          2|
    |i_3_reg_215                 |    9|          2|    5|         10|
    |i_6_reg_227                 |    9|          2|    5|         10|
    |i_fu_120                    |    9|          2|   32|         64|
    |inlen_assign_1_fu_112       |    9|          2|   64|        128|
    |local_block_address0_local  |   14|          3|    5|         15|
    |m_axi_gmem_0_ARADDR         |   14|          3|   64|        192|
    |m_axi_gmem_0_ARLEN          |   14|          3|   32|         96|
    |s_address0                  |   14|          3|    5|         15|
    |s_address0_local            |   48|          9|    5|         45|
    |s_ce0                       |   14|          3|    1|          3|
    |s_ce1                       |    9|          2|    1|          2|
    |s_d0                        |   14|          3|   64|        192|
    |s_d0_local                  |   25|          5|   64|        320|
    |s_we0                       |   14|          3|    1|          3|
    |s_we1                       |    9|          2|    1|          2|
    +----------------------------+-----+-----------+-----+-----------+
    |Total                       |  795|        162|  352|       1212|
    +----------------------------+-----+-----------+-----+-----------+

    * Register: 
    +------------------------------------------------------------------------+-----+----+-----+-----------+
    |                                  Name                                  |  FF | LUT| Bits| Const Bits|
    +------------------------------------------------------------------------+-----+----+-----+-----------+
    |add_ln482_reg_636                                                       |   33|   0|   33|          0|
    |add_ln487_reg_741                                                       |    5|   0|    5|          0|
    |add_ln494_reg_789                                                       |    5|   0|    5|          0|
    |ap_CS_fsm                                                               |  110|   0|  110|          0|
    |bit_sel_reg_857                                                         |    1|   0|    1|          0|
    |empty_30_reg_671                                                        |   33|   0|   33|          0|
    |empty_32_reg_646                                                        |    1|   0|    1|          0|
    |empty_reg_626                                                           |    8|   0|    8|          0|
    |gmem_addr_1_read_reg_832                                                |    8|   0|    8|          0|
    |gmem_addr_1_reg_726                                                     |   64|   0|   64|          0|
    |gmem_addr_read_1_reg_751                                                |    8|   0|    8|          0|
    |gmem_addr_read_2_reg_756                                                |    8|   0|    8|          0|
    |gmem_addr_read_3_reg_761                                                |    8|   0|    8|          0|
    |gmem_addr_read_4_reg_766                                                |    8|   0|    8|          0|
    |gmem_addr_read_5_reg_771                                                |    8|   0|    8|          0|
    |gmem_addr_read_6_reg_776                                                |    8|   0|    8|          0|
    |gmem_addr_read_7_reg_781                                                |    8|   0|    8|          0|
    |gmem_addr_read_reg_746                                                  |    8|   0|    8|          0|
    |grp_KeccakF1600_StatePermute_fu_244_ap_start_reg                        |    1|   0|    1|          0|
    |grp_keccak_absorb_once_1_Pipeline_VITIS_LOOP_477_1_fu_238_ap_start_reg  |    1|   0|    1|          0|
    |i_3_reg_215                                                             |    5|   0|    5|          0|
    |i_4_reg_732                                                             |    8|   0|    8|          0|
    |i_6_reg_227                                                             |    5|   0|    5|          0|
    |i_fu_120                                                                |   32|   0|   32|          0|
    |inlen_assign_1_fu_112                                                   |   64|   0|   64|          0|
    |inlen_cast_reg_631                                                      |   33|   0|   33|          0|
    |lshr_ln_reg_817                                                         |    5|   0|    5|          0|
    |s_addr_1_reg_827                                                        |    5|   0|    5|          0|
    |s_addr_3_reg_799                                                        |    5|   0|    5|          0|
    |s_addr_reg_837                                                          |    5|   0|    5|          0|
    |select_ln482_reg_651                                                    |   32|   0|   32|          0|
    |sext_ln471_2_reg_708                                                    |   64|   0|   64|          0|
    |sext_ln471_reg_698                                                      |   64|   0|   64|          0|
    |sub_ln471_reg_703                                                       |   34|   0|   34|          0|
    |trunc_ln482_1_reg_661                                                   |    8|   0|    8|          0|
    |trunc_ln518_reg_812                                                     |    3|   0|    3|          0|
    |trunc_ln520_reg_822                                                     |    3|   0|    3|          0|
    |trunc_ln521_reg_862                                                     |   63|   0|   63|          0|
    |urem_ln482_1_reg_692                                                    |   33|   0|   33|          0|
    |urem_ln482_reg_666                                                      |   33|   0|   33|          0|
    |xor_ln496_reg_804                                                       |   64|   0|   64|          0|
    |xor_ln518_reg_842                                                       |   64|   0|   64|          0|
    |xor_ln520_reg_847                                                       |   64|   0|   64|          0|
    +------------------------------------------------------------------------+-----+----+-----+-----------+
    |Total                                                                   | 1030|   0| 1030|          0|
    +------------------------------------------------------------------------+-----+----+-----+-----------+



================================================================
== Interface
================================================================
* Summary: 
+-----------------------+-----+-----+------------+----------------------+--------------+
|       RTL Ports       | Dir | Bits|  Protocol  |     Source Object    |    C Type    |
+-----------------------+-----+-----+------------+----------------------+--------------+
|ap_clk                 |   in|    1|  ap_ctrl_hs|  keccak_absorb_once.1|  return value|
|ap_rst                 |   in|    1|  ap_ctrl_hs|  keccak_absorb_once.1|  return value|
|ap_start               |   in|    1|  ap_ctrl_hs|  keccak_absorb_once.1|  return value|
|ap_done                |  out|    1|  ap_ctrl_hs|  keccak_absorb_once.1|  return value|
|ap_idle                |  out|    1|  ap_ctrl_hs|  keccak_absorb_once.1|  return value|
|ap_ready               |  out|    1|  ap_ctrl_hs|  keccak_absorb_once.1|  return value|
|s_address0             |  out|    5|   ap_memory|                     s|         array|
|s_ce0                  |  out|    1|   ap_memory|                     s|         array|
|s_we0                  |  out|    1|   ap_memory|                     s|         array|
|s_d0                   |  out|   64|   ap_memory|                     s|         array|
|s_q0                   |   in|   64|   ap_memory|                     s|         array|
|s_address1             |  out|    5|   ap_memory|                     s|         array|
|s_ce1                  |  out|    1|   ap_memory|                     s|         array|
|s_we1                  |  out|    1|   ap_memory|                     s|         array|
|s_d1                   |  out|   64|   ap_memory|                     s|         array|
|s_q1                   |   in|   64|   ap_memory|                     s|         array|
|m_axi_gmem_0_AWVALID   |  out|    1|       m_axi|                  gmem|       pointer|
|m_axi_gmem_0_AWREADY   |   in|    1|       m_axi|                  gmem|       pointer|
|m_axi_gmem_0_AWADDR    |  out|   64|       m_axi|                  gmem|       pointer|
|m_axi_gmem_0_AWID      |  out|    1|       m_axi|                  gmem|       pointer|
|m_axi_gmem_0_AWLEN     |  out|   32|       m_axi|                  gmem|       pointer|
|m_axi_gmem_0_AWSIZE    |  out|    3|       m_axi|                  gmem|       pointer|
|m_axi_gmem_0_AWBURST   |  out|    2|       m_axi|                  gmem|       pointer|
|m_axi_gmem_0_AWLOCK    |  out|    2|       m_axi|                  gmem|       pointer|
|m_axi_gmem_0_AWCACHE   |  out|    4|       m_axi|                  gmem|       pointer|
|m_axi_gmem_0_AWPROT    |  out|    3|       m_axi|                  gmem|       pointer|
|m_axi_gmem_0_AWQOS     |  out|    4|       m_axi|                  gmem|       pointer|
|m_axi_gmem_0_AWREGION  |  out|    4|       m_axi|                  gmem|       pointer|
|m_axi_gmem_0_AWUSER    |  out|    1|       m_axi|                  gmem|       pointer|
|m_axi_gmem_0_WVALID    |  out|    1|       m_axi|                  gmem|       pointer|
|m_axi_gmem_0_WREADY    |   in|    1|       m_axi|                  gmem|       pointer|
|m_axi_gmem_0_WDATA     |  out|    8|       m_axi|                  gmem|       pointer|
|m_axi_gmem_0_WSTRB     |  out|    1|       m_axi|                  gmem|       pointer|
|m_axi_gmem_0_WLAST     |  out|    1|       m_axi|                  gmem|       pointer|
|m_axi_gmem_0_WID       |  out|    1|       m_axi|                  gmem|       pointer|
|m_axi_gmem_0_WUSER     |  out|    1|       m_axi|                  gmem|       pointer|
|m_axi_gmem_0_ARVALID   |  out|    1|       m_axi|                  gmem|       pointer|
|m_axi_gmem_0_ARREADY   |   in|    1|       m_axi|                  gmem|       pointer|
|m_axi_gmem_0_ARADDR    |  out|   64|       m_axi|                  gmem|       pointer|
|m_axi_gmem_0_ARID      |  out|    1|       m_axi|                  gmem|       pointer|
|m_axi_gmem_0_ARLEN     |  out|   32|       m_axi|                  gmem|       pointer|
|m_axi_gmem_0_ARSIZE    |  out|    3|       m_axi|                  gmem|       pointer|
|m_axi_gmem_0_ARBURST   |  out|    2|       m_axi|                  gmem|       pointer|
|m_axi_gmem_0_ARLOCK    |  out|    2|       m_axi|                  gmem|       pointer|
|m_axi_gmem_0_ARCACHE   |  out|    4|       m_axi|                  gmem|       pointer|
|m_axi_gmem_0_ARPROT    |  out|    3|       m_axi|                  gmem|       pointer|
|m_axi_gmem_0_ARQOS     |  out|    4|       m_axi|                  gmem|       pointer|
|m_axi_gmem_0_ARREGION  |  out|    4|       m_axi|                  gmem|       pointer|
|m_axi_gmem_0_ARUSER    |  out|    1|       m_axi|                  gmem|       pointer|
|m_axi_gmem_0_RVALID    |   in|    1|       m_axi|                  gmem|       pointer|
|m_axi_gmem_0_RREADY    |  out|    1|       m_axi|                  gmem|       pointer|
|m_axi_gmem_0_RDATA     |   in|    8|       m_axi|                  gmem|       pointer|
|m_axi_gmem_0_RLAST     |   in|    1|       m_axi|                  gmem|       pointer|
|m_axi_gmem_0_RID       |   in|    1|       m_axi|                  gmem|       pointer|
|m_axi_gmem_0_RFIFONUM  |   in|   11|       m_axi|                  gmem|       pointer|
|m_axi_gmem_0_RUSER     |   in|    1|       m_axi|                  gmem|       pointer|
|m_axi_gmem_0_RRESP     |   in|    2|       m_axi|                  gmem|       pointer|
|m_axi_gmem_0_BVALID    |   in|    1|       m_axi|                  gmem|       pointer|
|m_axi_gmem_0_BREADY    |  out|    1|       m_axi|                  gmem|       pointer|
|m_axi_gmem_0_BRESP     |   in|    2|       m_axi|                  gmem|       pointer|
|m_axi_gmem_0_BID       |   in|    1|       m_axi|                  gmem|       pointer|
|m_axi_gmem_0_BUSER     |   in|    1|       m_axi|                  gmem|       pointer|
|in_r                   |   in|   64|     ap_none|                  in_r|        scalar|
|inlen                  |   in|   32|     ap_none|                 inlen|        scalar|
+-----------------------+-----+-----+------------+----------------------+--------------+

